[1.967s] DEBUG:colcon:Command line arguments: ['/usr/bin/colcon', 'build', '--packages-up-to', 'micro_ros_agent', '--cmake-args', '-DUAGENT_BUILD_EXECUTABLE=OFF', '-DUAGENT_P2P_PROFILE=OFF', '--no-warn-unused-cli']
[1.968s] DEBUG:colcon:Parsed command line arguments: Namespace(log_base=None, log_level=None, verb_name='build', build_base='build', install_base='install', merge_install=False, symlink_install=False, test_result_base=None, continue_on_error=False, executor='parallel', parallel_workers=4, event_handlers=None, ignore_user_meta=False, metas=['./colcon.meta'], base_paths=['.'], packages_ignore=None, packages_ignore_regex=None, paths=None, packages_up_to=['micro_ros_agent'], packages_up_to_regex=None, packages_above=None, packages_above_and_dependencies=None, packages_above_depth=None, packages_select_by_dep=None, packages_skip_by_dep=None, packages_skip_up_to=None, packages_select_build_failed=False, packages_skip_build_finished=False, packages_select_test_failures=False, packages_skip_test_passed=False, packages_select=None, packages_skip=None, packages_select_regex=None, packages_skip_regex=None, packages_start=None, packages_end=None, allow_overriding=[], cmake_args=['-DUAGENT_BUILD_EXECUTABLE=OFF', '-DUAGENT_P2P_PROFILE=OFF', '--no-warn-unused-cli'], cmake_target=None, cmake_target_skip_unavailable=False, cmake_clean_cache=False, cmake_clean_first=False, cmake_force_configure=False, ament_cmake_args=None, catkin_cmake_args=None, catkin_skip_building_tests=False, mixin_files=None, mixin=None, verb_parser=<colcon_mixin.mixin.mixin_argument.MixinArgumentDecorator object at 0x791eec84a020>, verb_extension=<colcon_core.verb.build.BuildVerb object at 0x791eec849960>, main=<bound method BuildVerb.main of <colcon_core.verb.build.BuildVerb object at 0x791eec849960>>, mixin_verb=('build',))
[7.815s] Level 1:colcon.colcon_core.package_discovery:discover_packages(colcon_meta) check parameters
[7.815s] Level 1:colcon.colcon_core.package_discovery:discover_packages(recursive) check parameters
[7.815s] Level 1:colcon.colcon_core.package_discovery:discover_packages(ignore) check parameters
[7.815s] Level 1:colcon.colcon_core.package_discovery:discover_packages(path) check parameters
[7.816s] Level 1:colcon.colcon_core.package_discovery:discover_packages(colcon_meta) discover
[7.816s] Level 1:colcon.colcon_core.package_discovery:discover_packages(recursive) discover
[7.816s] INFO:colcon.colcon_core.package_discovery:Crawling recursively for packages in '/home/joaoferreira/microros_ws'
[7.816s] Level 1:colcon.colcon_core.package_identification:_identify(.) by extensions ['ignore', 'ignore_ament_install']
[7.816s] Level 1:colcon.colcon_core.package_identification:_identify(.) by extension 'ignore'
[7.817s] Level 1:colcon.colcon_core.package_identification:_identify(.) by extension 'ignore_ament_install'
[7.817s] Level 1:colcon.colcon_core.package_identification:_identify(.) by extensions ['colcon_pkg']
[7.817s] Level 1:colcon.colcon_core.package_identification:_identify(.) by extension 'colcon_pkg'
[7.817s] Level 1:colcon.colcon_core.package_identification:_identify(.) by extensions ['colcon_meta']
[7.817s] Level 1:colcon.colcon_core.package_identification:_identify(.) by extension 'colcon_meta'
[7.817s] Level 1:colcon.colcon_core.package_identification:_identify(.) by extensions ['ros']
[7.817s] Level 1:colcon.colcon_core.package_identification:_identify(.) by extension 'ros'
[7.940s] Level 1:colcon.colcon_core.package_identification:_identify(.) by extensions ['cmake', 'python']
[7.940s] Level 1:colcon.colcon_core.package_identification:_identify(.) by extension 'cmake'
[7.940s] Level 1:colcon.colcon_core.package_identification:_identify(.) by extension 'python'
[7.940s] Level 1:colcon.colcon_core.package_identification:_identify(.) by extensions ['python_setup_py']
[7.940s] Level 1:colcon.colcon_core.package_identification:_identify(.) by extension 'python_setup_py'
[7.941s] Level 1:colcon.colcon_core.package_identification:_identify(build) by extensions ['ignore', 'ignore_ament_install']
[7.941s] Level 1:colcon.colcon_core.package_identification:_identify(build) by extension 'ignore'
[7.941s] Level 1:colcon.colcon_core.package_identification:_identify(build) ignored
[7.984s] Level 1:colcon.colcon_core.package_identification:_identify(install) by extensions ['ignore', 'ignore_ament_install']
[7.984s] Level 1:colcon.colcon_core.package_identification:_identify(install) by extension 'ignore'
[7.985s] Level 1:colcon.colcon_core.package_identification:_identify(install) ignored
[7.985s] Level 1:colcon.colcon_core.package_identification:_identify(log) by extensions ['ignore', 'ignore_ament_install']
[7.985s] Level 1:colcon.colcon_core.package_identification:_identify(log) by extension 'ignore'
[7.985s] Level 1:colcon.colcon_core.package_identification:_identify(log) ignored
[7.991s] Level 1:colcon.colcon_core.package_identification:_identify(src) by extensions ['ignore', 'ignore_ament_install']
[7.992s] Level 1:colcon.colcon_core.package_identification:_identify(src) by extension 'ignore'
[7.992s] Level 1:colcon.colcon_core.package_identification:_identify(src) by extension 'ignore_ament_install'
[7.992s] Level 1:colcon.colcon_core.package_identification:_identify(src) by extensions ['colcon_pkg']
[7.993s] Level 1:colcon.colcon_core.package_identification:_identify(src) by extension 'colcon_pkg'
[7.993s] Level 1:colcon.colcon_core.package_identification:_identify(src) by extensions ['colcon_meta']
[7.993s] Level 1:colcon.colcon_core.package_identification:_identify(src) by extension 'colcon_meta'
[7.993s] Level 1:colcon.colcon_core.package_identification:_identify(src) by extensions ['ros']
[7.993s] Level 1:colcon.colcon_core.package_identification:_identify(src) by extension 'ros'
[7.994s] Level 1:colcon.colcon_core.package_identification:_identify(src) by extensions ['cmake', 'python']
[7.994s] Level 1:colcon.colcon_core.package_identification:_identify(src) by extension 'cmake'
[7.994s] Level 1:colcon.colcon_core.package_identification:_identify(src) by extension 'python'
[7.994s] Level 1:colcon.colcon_core.package_identification:_identify(src) by extensions ['python_setup_py']
[7.994s] Level 1:colcon.colcon_core.package_identification:_identify(src) by extension 'python_setup_py'
[7.995s] Level 1:colcon.colcon_core.package_identification:_identify(src/micro_ros_setup) by extensions ['ignore', 'ignore_ament_install']
[7.995s] Level 1:colcon.colcon_core.package_identification:_identify(src/micro_ros_setup) by extension 'ignore'
[7.995s] Level 1:colcon.colcon_core.package_identification:_identify(src/micro_ros_setup) by extension 'ignore_ament_install'
[7.996s] Level 1:colcon.colcon_core.package_identification:_identify(src/micro_ros_setup) by extensions ['colcon_pkg']
[7.996s] Level 1:colcon.colcon_core.package_identification:_identify(src/micro_ros_setup) by extension 'colcon_pkg'
[7.996s] Level 1:colcon.colcon_core.package_identification:_identify(src/micro_ros_setup) by extensions ['colcon_meta']
[7.996s] Level 1:colcon.colcon_core.package_identification:_identify(src/micro_ros_setup) by extension 'colcon_meta'
[7.996s] Level 1:colcon.colcon_core.package_identification:_identify(src/micro_ros_setup) by extensions ['ros']
[7.996s] Level 1:colcon.colcon_core.package_identification:_identify(src/micro_ros_setup) by extension 'ros'
[8.047s] DEBUG:colcon.colcon_core.package_identification:Package 'src/micro_ros_setup' with type 'ros.ament_cmake' and name 'micro_ros_setup'
[8.074s] Level 1:colcon.colcon_core.package_identification:_identify(src/uros) by extensions ['ignore', 'ignore_ament_install']
[8.074s] Level 1:colcon.colcon_core.package_identification:_identify(src/uros) by extension 'ignore'
[8.075s] Level 1:colcon.colcon_core.package_identification:_identify(src/uros) by extension 'ignore_ament_install'
[8.075s] Level 1:colcon.colcon_core.package_identification:_identify(src/uros) by extensions ['colcon_pkg']
[8.075s] Level 1:colcon.colcon_core.package_identification:_identify(src/uros) by extension 'colcon_pkg'
[8.075s] Level 1:colcon.colcon_core.package_identification:_identify(src/uros) by extensions ['colcon_meta']
[8.075s] Level 1:colcon.colcon_core.package_identification:_identify(src/uros) by extension 'colcon_meta'
[8.075s] Level 1:colcon.colcon_core.package_identification:_identify(src/uros) by extensions ['ros']
[8.075s] Level 1:colcon.colcon_core.package_identification:_identify(src/uros) by extension 'ros'
[8.076s] Level 1:colcon.colcon_core.package_identification:_identify(src/uros) by extensions ['cmake', 'python']
[8.076s] Level 1:colcon.colcon_core.package_identification:_identify(src/uros) by extension 'cmake'
[8.076s] Level 1:colcon.colcon_core.package_identification:_identify(src/uros) by extension 'python'
[8.076s] Level 1:colcon.colcon_core.package_identification:_identify(src/uros) by extensions ['python_setup_py']
[8.076s] Level 1:colcon.colcon_core.package_identification:_identify(src/uros) by extension 'python_setup_py'
[8.077s] Level 1:colcon.colcon_core.package_identification:_identify(src/uros/micro-ROS-Agent) by extensions ['ignore', 'ignore_ament_install']
[8.077s] Level 1:colcon.colcon_core.package_identification:_identify(src/uros/micro-ROS-Agent) by extension 'ignore'
[8.077s] Level 1:colcon.colcon_core.package_identification:_identify(src/uros/micro-ROS-Agent) by extension 'ignore_ament_install'
[8.078s] Level 1:colcon.colcon_core.package_identification:_identify(src/uros/micro-ROS-Agent) by extensions ['colcon_pkg']
[8.078s] Level 1:colcon.colcon_core.package_identification:_identify(src/uros/micro-ROS-Agent) by extension 'colcon_pkg'
[8.078s] Level 1:colcon.colcon_core.package_identification:_identify(src/uros/micro-ROS-Agent) by extensions ['colcon_meta']
[8.078s] Level 1:colcon.colcon_core.package_identification:_identify(src/uros/micro-ROS-Agent) by extension 'colcon_meta'
[8.078s] Level 1:colcon.colcon_core.package_identification:_identify(src/uros/micro-ROS-Agent) by extensions ['ros']
[8.078s] Level 1:colcon.colcon_core.package_identification:_identify(src/uros/micro-ROS-Agent) by extension 'ros'
[8.078s] Level 1:colcon.colcon_core.package_identification:_identify(src/uros/micro-ROS-Agent) by extensions ['cmake', 'python']
[8.079s] Level 1:colcon.colcon_core.package_identification:_identify(src/uros/micro-ROS-Agent) by extension 'cmake'
[8.079s] Level 1:colcon.colcon_core.package_identification:_identify(src/uros/micro-ROS-Agent) by extension 'python'
[8.079s] Level 1:colcon.colcon_core.package_identification:_identify(src/uros/micro-ROS-Agent) by extensions ['python_setup_py']
[8.079s] Level 1:colcon.colcon_core.package_identification:_identify(src/uros/micro-ROS-Agent) by extension 'python_setup_py'
[8.080s] Level 1:colcon.colcon_core.package_identification:_identify(src/uros/micro-ROS-Agent/micro_ros_agent) by extensions ['ignore', 'ignore_ament_install']
[8.080s] Level 1:colcon.colcon_core.package_identification:_identify(src/uros/micro-ROS-Agent/micro_ros_agent) by extension 'ignore'
[8.080s] Level 1:colcon.colcon_core.package_identification:_identify(src/uros/micro-ROS-Agent/micro_ros_agent) by extension 'ignore_ament_install'
[8.080s] Level 1:colcon.colcon_core.package_identification:_identify(src/uros/micro-ROS-Agent/micro_ros_agent) by extensions ['colcon_pkg']
[8.080s] Level 1:colcon.colcon_core.package_identification:_identify(src/uros/micro-ROS-Agent/micro_ros_agent) by extension 'colcon_pkg'
[8.080s] Level 1:colcon.colcon_core.package_identification:_identify(src/uros/micro-ROS-Agent/micro_ros_agent) by extensions ['colcon_meta']
[8.081s] Level 1:colcon.colcon_core.package_identification:_identify(src/uros/micro-ROS-Agent/micro_ros_agent) by extension 'colcon_meta'
[8.081s] Level 1:colcon.colcon_core.package_identification:_identify(src/uros/micro-ROS-Agent/micro_ros_agent) by extensions ['ros']
[8.081s] Level 1:colcon.colcon_core.package_identification:_identify(src/uros/micro-ROS-Agent/micro_ros_agent) by extension 'ros'
[8.097s] DEBUG:colcon.colcon_core.package_identification:Package 'src/uros/micro-ROS-Agent/micro_ros_agent' with type 'ros.ament_cmake' and name 'micro_ros_agent'
[8.097s] Level 1:colcon.colcon_core.package_identification:_identify(src/uros/micro-ROS-Agent/snap) by extensions ['ignore', 'ignore_ament_install']
[8.097s] Level 1:colcon.colcon_core.package_identification:_identify(src/uros/micro-ROS-Agent/snap) by extension 'ignore'
[8.098s] Level 1:colcon.colcon_core.package_identification:_identify(src/uros/micro-ROS-Agent/snap) by extension 'ignore_ament_install'
[8.098s] Level 1:colcon.colcon_core.package_identification:_identify(src/uros/micro-ROS-Agent/snap) by extensions ['colcon_pkg']
[8.098s] Level 1:colcon.colcon_core.package_identification:_identify(src/uros/micro-ROS-Agent/snap) by extension 'colcon_pkg'
[8.098s] Level 1:colcon.colcon_core.package_identification:_identify(src/uros/micro-ROS-Agent/snap) by extensions ['colcon_meta']
[8.098s] Level 1:colcon.colcon_core.package_identification:_identify(src/uros/micro-ROS-Agent/snap) by extension 'colcon_meta'
[8.098s] Level 1:colcon.colcon_core.package_identification:_identify(src/uros/micro-ROS-Agent/snap) by extensions ['ros']
[8.098s] Level 1:colcon.colcon_core.package_identification:_identify(src/uros/micro-ROS-Agent/snap) by extension 'ros'
[8.099s] Level 1:colcon.colcon_core.package_identification:_identify(src/uros/micro-ROS-Agent/snap) by extensions ['cmake', 'python']
[8.099s] Level 1:colcon.colcon_core.package_identification:_identify(src/uros/micro-ROS-Agent/snap) by extension 'cmake'
[8.099s] Level 1:colcon.colcon_core.package_identification:_identify(src/uros/micro-ROS-Agent/snap) by extension 'python'
[8.099s] Level 1:colcon.colcon_core.package_identification:_identify(src/uros/micro-ROS-Agent/snap) by extensions ['python_setup_py']
[8.099s] Level 1:colcon.colcon_core.package_identification:_identify(src/uros/micro-ROS-Agent/snap) by extension 'python_setup_py'
[8.100s] Level 1:colcon.colcon_core.package_identification:_identify(src/uros/micro-ROS-Agent/snap/hooks) by extensions ['ignore', 'ignore_ament_install']
[8.100s] Level 1:colcon.colcon_core.package_identification:_identify(src/uros/micro-ROS-Agent/snap/hooks) by extension 'ignore'
[8.100s] Level 1:colcon.colcon_core.package_identification:_identify(src/uros/micro-ROS-Agent/snap/hooks) by extension 'ignore_ament_install'
[8.100s] Level 1:colcon.colcon_core.package_identification:_identify(src/uros/micro-ROS-Agent/snap/hooks) by extensions ['colcon_pkg']
[8.101s] Level 1:colcon.colcon_core.package_identification:_identify(src/uros/micro-ROS-Agent/snap/hooks) by extension 'colcon_pkg'
[8.101s] Level 1:colcon.colcon_core.package_identification:_identify(src/uros/micro-ROS-Agent/snap/hooks) by extensions ['colcon_meta']
[8.101s] Level 1:colcon.colcon_core.package_identification:_identify(src/uros/micro-ROS-Agent/snap/hooks) by extension 'colcon_meta'
[8.101s] Level 1:colcon.colcon_core.package_identification:_identify(src/uros/micro-ROS-Agent/snap/hooks) by extensions ['ros']
[8.101s] Level 1:colcon.colcon_core.package_identification:_identify(src/uros/micro-ROS-Agent/snap/hooks) by extension 'ros'
[8.101s] Level 1:colcon.colcon_core.package_identification:_identify(src/uros/micro-ROS-Agent/snap/hooks) by extensions ['cmake', 'python']
[8.102s] Level 1:colcon.colcon_core.package_identification:_identify(src/uros/micro-ROS-Agent/snap/hooks) by extension 'cmake'
[8.102s] Level 1:colcon.colcon_core.package_identification:_identify(src/uros/micro-ROS-Agent/snap/hooks) by extension 'python'
[8.102s] Level 1:colcon.colcon_core.package_identification:_identify(src/uros/micro-ROS-Agent/snap/hooks) by extensions ['python_setup_py']
[8.102s] Level 1:colcon.colcon_core.package_identification:_identify(src/uros/micro-ROS-Agent/snap/hooks) by extension 'python_setup_py'
[8.103s] Level 1:colcon.colcon_core.package_identification:_identify(src/uros/micro-ROS-Agent/snap/local) by extensions ['ignore', 'ignore_ament_install']
[8.103s] Level 1:colcon.colcon_core.package_identification:_identify(src/uros/micro-ROS-Agent/snap/local) by extension 'ignore'
[8.103s] Level 1:colcon.colcon_core.package_identification:_identify(src/uros/micro-ROS-Agent/snap/local) by extension 'ignore_ament_install'
[8.103s] Level 1:colcon.colcon_core.package_identification:_identify(src/uros/micro-ROS-Agent/snap/local) by extensions ['colcon_pkg']
[8.103s] Level 1:colcon.colcon_core.package_identification:_identify(src/uros/micro-ROS-Agent/snap/local) by extension 'colcon_pkg'
[8.103s] Level 1:colcon.colcon_core.package_identification:_identify(src/uros/micro-ROS-Agent/snap/local) by extensions ['colcon_meta']
[8.104s] Level 1:colcon.colcon_core.package_identification:_identify(src/uros/micro-ROS-Agent/snap/local) by extension 'colcon_meta'
[8.104s] Level 1:colcon.colcon_core.package_identification:_identify(src/uros/micro-ROS-Agent/snap/local) by extensions ['ros']
[8.104s] Level 1:colcon.colcon_core.package_identification:_identify(src/uros/micro-ROS-Agent/snap/local) by extension 'ros'
[8.104s] Level 1:colcon.colcon_core.package_identification:_identify(src/uros/micro-ROS-Agent/snap/local) by extensions ['cmake', 'python']
[8.104s] Level 1:colcon.colcon_core.package_identification:_identify(src/uros/micro-ROS-Agent/snap/local) by extension 'cmake'
[8.104s] Level 1:colcon.colcon_core.package_identification:_identify(src/uros/micro-ROS-Agent/snap/local) by extension 'python'
[8.105s] Level 1:colcon.colcon_core.package_identification:_identify(src/uros/micro-ROS-Agent/snap/local) by extensions ['python_setup_py']
[8.105s] Level 1:colcon.colcon_core.package_identification:_identify(src/uros/micro-ROS-Agent/snap/local) by extension 'python_setup_py'
[8.105s] Level 1:colcon.colcon_core.package_identification:_identify(src/uros/micro_ros_msgs) by extensions ['ignore', 'ignore_ament_install']
[8.105s] Level 1:colcon.colcon_core.package_identification:_identify(src/uros/micro_ros_msgs) by extension 'ignore'
[8.106s] Level 1:colcon.colcon_core.package_identification:_identify(src/uros/micro_ros_msgs) by extension 'ignore_ament_install'
[8.106s] Level 1:colcon.colcon_core.package_identification:_identify(src/uros/micro_ros_msgs) by extensions ['colcon_pkg']
[8.106s] Level 1:colcon.colcon_core.package_identification:_identify(src/uros/micro_ros_msgs) by extension 'colcon_pkg'
[8.106s] Level 1:colcon.colcon_core.package_identification:_identify(src/uros/micro_ros_msgs) by extensions ['colcon_meta']
[8.106s] Level 1:colcon.colcon_core.package_identification:_identify(src/uros/micro_ros_msgs) by extension 'colcon_meta'
[8.106s] Level 1:colcon.colcon_core.package_identification:_identify(src/uros/micro_ros_msgs) by extensions ['ros']
[8.106s] Level 1:colcon.colcon_core.package_identification:_identify(src/uros/micro_ros_msgs) by extension 'ros'
[8.108s] DEBUG:colcon.colcon_core.package_identification:Package 'src/uros/micro_ros_msgs' with type 'ros.ament_cmake' and name 'micro_ros_msgs'
[8.109s] Level 1:colcon.colcon_core.package_discovery:discover_packages(recursive) using defaults
[8.109s] Level 1:colcon.colcon_core.package_discovery:discover_packages(ignore) discover
[8.109s] Level 1:colcon.colcon_core.package_discovery:discover_packages(ignore) using defaults
[8.109s] Level 1:colcon.colcon_core.package_discovery:discover_packages(path) discover
[8.109s] Level 1:colcon.colcon_core.package_discovery:discover_packages(path) using defaults
[8.588s] INFO:colcon.colcon_core.package_selection:Skipping package 'micro_ros_setup' in 'src/micro_ros_setup'
[8.589s] Level 1:colcon.colcon_core.package_discovery:discover_packages(prefix_path) check parameters
[8.590s] Level 1:colcon.colcon_core.package_discovery:discover_packages(prefix_path) discover
[8.632s] DEBUG:colcon.colcon_installed_package_information.package_discovery:Found 3 installed packages in /home/joaoferreira/microros_ws/install
[8.636s] DEBUG:colcon.colcon_installed_package_information.package_discovery:Found 294 installed packages in /opt/ros/humble
[8.641s] Level 1:colcon.colcon_core.package_discovery:discover_packages(prefix_path) using defaults
[12.707s] Level 5:colcon.colcon_core.verb:set package 'micro_ros_msgs' build argument 'cmake_args' from command line to '['-DUAGENT_BUILD_EXECUTABLE=OFF', '-DUAGENT_P2P_PROFILE=OFF', '--no-warn-unused-cli']'
[12.707s] Level 5:colcon.colcon_core.verb:set package 'micro_ros_msgs' build argument 'cmake_target' from command line to 'None'
[12.707s] Level 5:colcon.colcon_core.verb:set package 'micro_ros_msgs' build argument 'cmake_target_skip_unavailable' from command line to 'False'
[12.707s] Level 5:colcon.colcon_core.verb:set package 'micro_ros_msgs' build argument 'cmake_clean_cache' from command line to 'False'
[12.707s] Level 5:colcon.colcon_core.verb:set package 'micro_ros_msgs' build argument 'cmake_clean_first' from command line to 'False'
[12.707s] Level 5:colcon.colcon_core.verb:set package 'micro_ros_msgs' build argument 'cmake_force_configure' from command line to 'False'
[12.707s] Level 5:colcon.colcon_core.verb:set package 'micro_ros_msgs' build argument 'ament_cmake_args' from command line to 'None'
[12.707s] Level 5:colcon.colcon_core.verb:set package 'micro_ros_msgs' build argument 'catkin_cmake_args' from command line to 'None'
[12.707s] Level 5:colcon.colcon_core.verb:set package 'micro_ros_msgs' build argument 'catkin_skip_building_tests' from command line to 'False'
[12.707s] DEBUG:colcon.colcon_core.verb:Building package 'micro_ros_msgs' with the following arguments: {'ament_cmake_args': None, 'build_base': '/home/joaoferreira/microros_ws/build/micro_ros_msgs', 'catkin_cmake_args': None, 'catkin_skip_building_tests': False, 'cmake_args': ['-DUAGENT_BUILD_EXECUTABLE=OFF', '-DUAGENT_P2P_PROFILE=OFF', '--no-warn-unused-cli'], 'cmake_clean_cache': False, 'cmake_clean_first': False, 'cmake_force_configure': False, 'cmake_target': None, 'cmake_target_skip_unavailable': False, 'install_base': '/home/joaoferreira/microros_ws/install/micro_ros_msgs', 'merge_install': False, 'path': '/home/joaoferreira/microros_ws/src/uros/micro_ros_msgs', 'symlink_install': False, 'test_result_base': None}
[12.707s] Level 5:colcon.colcon_core.verb:set package 'micro_ros_agent' build argument 'cmake_args' from command line to '['-DUAGENT_BUILD_EXECUTABLE=OFF', '-DUAGENT_P2P_PROFILE=OFF', '--no-warn-unused-cli']'
[12.708s] Level 5:colcon.colcon_core.verb:set package 'micro_ros_agent' build argument 'cmake_target' from command line to 'None'
[12.708s] Level 5:colcon.colcon_core.verb:set package 'micro_ros_agent' build argument 'cmake_target_skip_unavailable' from command line to 'False'
[12.708s] Level 5:colcon.colcon_core.verb:set package 'micro_ros_agent' build argument 'cmake_clean_cache' from command line to 'False'
[12.708s] Level 5:colcon.colcon_core.verb:set package 'micro_ros_agent' build argument 'cmake_clean_first' from command line to 'False'
[12.708s] Level 5:colcon.colcon_core.verb:set package 'micro_ros_agent' build argument 'cmake_force_configure' from command line to 'False'
[12.708s] Level 5:colcon.colcon_core.verb:set package 'micro_ros_agent' build argument 'ament_cmake_args' from command line to 'None'
[12.708s] Level 5:colcon.colcon_core.verb:set package 'micro_ros_agent' build argument 'catkin_cmake_args' from command line to 'None'
[12.708s] Level 5:colcon.colcon_core.verb:set package 'micro_ros_agent' build argument 'catkin_skip_building_tests' from command line to 'False'
[12.708s] DEBUG:colcon.colcon_core.verb:Building package 'micro_ros_agent' with the following arguments: {'ament_cmake_args': None, 'build_base': '/home/joaoferreira/microros_ws/build/micro_ros_agent', 'catkin_cmake_args': None, 'catkin_skip_building_tests': False, 'cmake_args': ['-DUAGENT_BUILD_EXECUTABLE=OFF', '-DUAGENT_P2P_PROFILE=OFF', '--no-warn-unused-cli'], 'cmake_clean_cache': False, 'cmake_clean_first': False, 'cmake_force_configure': False, 'cmake_target': None, 'cmake_target_skip_unavailable': False, 'install_base': '/home/joaoferreira/microros_ws/install/micro_ros_agent', 'merge_install': False, 'path': '/home/joaoferreira/microros_ws/src/uros/micro-ROS-Agent/micro_ros_agent', 'symlink_install': False, 'test_result_base': None}
[12.708s] INFO:colcon.colcon_core.executor:Executing jobs using 'parallel' executor
[12.709s] DEBUG:colcon.colcon_parallel_executor.executor.parallel:run_until_complete
[12.710s] INFO:colcon.colcon_ros.task.ament_cmake.build:Building ROS package in '/home/joaoferreira/microros_ws/src/uros/micro_ros_msgs' with build type 'ament_cmake'
[12.710s] INFO:colcon.colcon_cmake.task.cmake.build:Building CMake package in '/home/joaoferreira/microros_ws/src/uros/micro_ros_msgs'
[12.890s] INFO:colcon.colcon_core.plugin_system:Skipping extension 'colcon_core.shell.bat': Not used on non-Windows systems
[12.891s] INFO:colcon.colcon_core.shell:Skip shell extension 'powershell' for command environment: Not usable outside of PowerShell
[12.891s] DEBUG:colcon.colcon_core.shell:Skip shell extension 'dsv' for command environment
[13.237s] DEBUG:colcon.colcon_core.event_handler.log_command:Invoking command in '/home/joaoferreira/microros_ws/build/micro_ros_msgs': CMAKE_PREFIX_PATH=${CMAKE_PREFIX_PATH}:/opt/ros/humble /usr/bin/cmake --build /home/joaoferreira/microros_ws/build/micro_ros_msgs -- -j4 -l4
[16.674s] DEBUG:colcon.colcon_core.event_handler.log_command:Invoked command in '/home/joaoferreira/microros_ws/build/micro_ros_msgs' returned '0': CMAKE_PREFIX_PATH=${CMAKE_PREFIX_PATH}:/opt/ros/humble /usr/bin/cmake --build /home/joaoferreira/microros_ws/build/micro_ros_msgs -- -j4 -l4
[16.689s] DEBUG:colcon.colcon_core.event_handler.log_command:Invoking command in '/home/joaoferreira/microros_ws/build/micro_ros_msgs': CMAKE_PREFIX_PATH=${CMAKE_PREFIX_PATH}:/opt/ros/humble /usr/bin/cmake --install /home/joaoferreira/microros_ws/build/micro_ros_msgs
[16.956s] Level 1:colcon.colcon_core.environment:create_environment_scripts_only(micro_ros_msgs)
[16.957s] DEBUG:colcon.colcon_core.event_handler.log_command:Invoked command in '/home/joaoferreira/microros_ws/build/micro_ros_msgs' returned '0': CMAKE_PREFIX_PATH=${CMAKE_PREFIX_PATH}:/opt/ros/humble /usr/bin/cmake --install /home/joaoferreira/microros_ws/build/micro_ros_msgs
[17.049s] Level 1:colcon.colcon_core.environment:checking '/home/joaoferreira/microros_ws/install/micro_ros_msgs' for CMake module files
[17.051s] Level 1:colcon.colcon_core.environment:checking '/home/joaoferreira/microros_ws/install/micro_ros_msgs' for CMake config files
[17.054s] Level 1:colcon.colcon_core.shell:create_environment_hook('micro_ros_msgs', 'cmake_prefix_path')
[17.055s] INFO:colcon.colcon_core.shell:Creating environment hook '/home/joaoferreira/microros_ws/install/micro_ros_msgs/share/micro_ros_msgs/hook/cmake_prefix_path.ps1'
[17.065s] INFO:colcon.colcon_core.shell:Creating environment descriptor '/home/joaoferreira/microros_ws/install/micro_ros_msgs/share/micro_ros_msgs/hook/cmake_prefix_path.dsv'
[17.081s] INFO:colcon.colcon_core.shell:Creating environment hook '/home/joaoferreira/microros_ws/install/micro_ros_msgs/share/micro_ros_msgs/hook/cmake_prefix_path.sh'
[17.084s] Level 1:colcon.colcon_core.environment:checking '/home/joaoferreira/microros_ws/install/micro_ros_msgs/lib'
[17.085s] Level 1:colcon.colcon_core.shell:create_environment_hook('micro_ros_msgs', 'ld_library_path_lib')
[17.086s] INFO:colcon.colcon_core.shell:Creating environment hook '/home/joaoferreira/microros_ws/install/micro_ros_msgs/share/micro_ros_msgs/hook/ld_library_path_lib.ps1'
[17.087s] INFO:colcon.colcon_core.shell:Creating environment descriptor '/home/joaoferreira/microros_ws/install/micro_ros_msgs/share/micro_ros_msgs/hook/ld_library_path_lib.dsv'
[17.088s] INFO:colcon.colcon_core.shell:Creating environment hook '/home/joaoferreira/microros_ws/install/micro_ros_msgs/share/micro_ros_msgs/hook/ld_library_path_lib.sh'
[17.089s] Level 1:colcon.colcon_core.environment:checking '/home/joaoferreira/microros_ws/install/micro_ros_msgs/bin'
[17.090s] Level 1:colcon.colcon_core.environment:checking '/home/joaoferreira/microros_ws/install/micro_ros_msgs/lib/pkgconfig/micro_ros_msgs.pc'
[17.090s] Level 1:colcon.colcon_core.environment:checking '/home/joaoferreira/microros_ws/install/micro_ros_msgs/lib/python3.10/site-packages'
[17.091s] Level 1:colcon.colcon_core.environment:checking '/home/joaoferreira/microros_ws/install/micro_ros_msgs/bin'
[17.092s] INFO:colcon.colcon_core.shell:Creating package script '/home/joaoferreira/microros_ws/install/micro_ros_msgs/share/micro_ros_msgs/package.ps1'
[17.094s] INFO:colcon.colcon_core.shell:Creating package descriptor '/home/joaoferreira/microros_ws/install/micro_ros_msgs/share/micro_ros_msgs/package.dsv'
[17.096s] INFO:colcon.colcon_core.shell:Creating package script '/home/joaoferreira/microros_ws/install/micro_ros_msgs/share/micro_ros_msgs/package.sh'
[17.098s] INFO:colcon.colcon_core.shell:Creating package script '/home/joaoferreira/microros_ws/install/micro_ros_msgs/share/micro_ros_msgs/package.bash'
[17.144s] INFO:colcon.colcon_core.shell:Creating package script '/home/joaoferreira/microros_ws/install/micro_ros_msgs/share/micro_ros_msgs/package.zsh'
[17.166s] Level 1:colcon.colcon_core.environment:create_file_with_runtime_dependencies(/home/joaoferreira/microros_ws/install/micro_ros_msgs/share/colcon-core/packages/micro_ros_msgs)
[17.168s] Level 1:colcon.colcon_core.environment:create_environment_scripts_only(micro_ros_msgs)
[17.168s] Level 1:colcon.colcon_core.environment:checking '/home/joaoferreira/microros_ws/install/micro_ros_msgs' for CMake module files
[17.170s] Level 1:colcon.colcon_core.environment:checking '/home/joaoferreira/microros_ws/install/micro_ros_msgs' for CMake config files
[17.172s] Level 1:colcon.colcon_core.shell:create_environment_hook('micro_ros_msgs', 'cmake_prefix_path')
[17.172s] INFO:colcon.colcon_core.shell:Creating environment hook '/home/joaoferreira/microros_ws/install/micro_ros_msgs/share/micro_ros_msgs/hook/cmake_prefix_path.ps1'
[17.173s] INFO:colcon.colcon_core.shell:Creating environment descriptor '/home/joaoferreira/microros_ws/install/micro_ros_msgs/share/micro_ros_msgs/hook/cmake_prefix_path.dsv'
[17.174s] INFO:colcon.colcon_core.shell:Creating environment hook '/home/joaoferreira/microros_ws/install/micro_ros_msgs/share/micro_ros_msgs/hook/cmake_prefix_path.sh'
[17.176s] Level 1:colcon.colcon_core.environment:checking '/home/joaoferreira/microros_ws/install/micro_ros_msgs/lib'
[17.176s] Level 1:colcon.colcon_core.shell:create_environment_hook('micro_ros_msgs', 'ld_library_path_lib')
[17.177s] INFO:colcon.colcon_core.shell:Creating environment hook '/home/joaoferreira/microros_ws/install/micro_ros_msgs/share/micro_ros_msgs/hook/ld_library_path_lib.ps1'
[17.178s] INFO:colcon.colcon_core.shell:Creating environment descriptor '/home/joaoferreira/microros_ws/install/micro_ros_msgs/share/micro_ros_msgs/hook/ld_library_path_lib.dsv'
[17.179s] INFO:colcon.colcon_core.shell:Creating environment hook '/home/joaoferreira/microros_ws/install/micro_ros_msgs/share/micro_ros_msgs/hook/ld_library_path_lib.sh'
[17.180s] Level 1:colcon.colcon_core.environment:checking '/home/joaoferreira/microros_ws/install/micro_ros_msgs/bin'
[17.181s] Level 1:colcon.colcon_core.environment:checking '/home/joaoferreira/microros_ws/install/micro_ros_msgs/lib/pkgconfig/micro_ros_msgs.pc'
[17.181s] Level 1:colcon.colcon_core.environment:checking '/home/joaoferreira/microros_ws/install/micro_ros_msgs/lib/python3.10/site-packages'
[17.182s] Level 1:colcon.colcon_core.environment:checking '/home/joaoferreira/microros_ws/install/micro_ros_msgs/bin'
[17.183s] INFO:colcon.colcon_core.shell:Creating package script '/home/joaoferreira/microros_ws/install/micro_ros_msgs/share/micro_ros_msgs/package.ps1'
[17.184s] INFO:colcon.colcon_core.shell:Creating package descriptor '/home/joaoferreira/microros_ws/install/micro_ros_msgs/share/micro_ros_msgs/package.dsv'
[17.185s] INFO:colcon.colcon_core.shell:Creating package script '/home/joaoferreira/microros_ws/install/micro_ros_msgs/share/micro_ros_msgs/package.sh'
[17.187s] INFO:colcon.colcon_core.shell:Creating package script '/home/joaoferreira/microros_ws/install/micro_ros_msgs/share/micro_ros_msgs/package.bash'
[17.188s] INFO:colcon.colcon_core.shell:Creating package script '/home/joaoferreira/microros_ws/install/micro_ros_msgs/share/micro_ros_msgs/package.zsh'
[17.189s] Level 1:colcon.colcon_core.environment:create_file_with_runtime_dependencies(/home/joaoferreira/microros_ws/install/micro_ros_msgs/share/colcon-core/packages/micro_ros_msgs)
[17.190s] INFO:colcon.colcon_ros.task.ament_cmake.build:Building ROS package in '/home/joaoferreira/microros_ws/src/uros/micro-ROS-Agent/micro_ros_agent' with build type 'ament_cmake'
[17.191s] INFO:colcon.colcon_cmake.task.cmake.build:Building CMake package in '/home/joaoferreira/microros_ws/src/uros/micro-ROS-Agent/micro_ros_agent'
[17.191s] INFO:colcon.colcon_core.shell:Skip shell extension 'powershell' for command environment: Not usable outside of PowerShell
[17.191s] DEBUG:colcon.colcon_core.shell:Skip shell extension 'dsv' for command environment
[17.264s] DEBUG:colcon.colcon_core.event_handler.log_command:Invoking command in '/home/joaoferreira/microros_ws/build/micro_ros_agent': CMAKE_PREFIX_PATH=/home/joaoferreira/microros_ws/install/micro_ros_msgs:/home/joaoferreira/microros_ws/install/micro_ros_setup:/home/joaoferreira/microros_ws/install/micro_ros_agent:/opt/ros/humble LD_LIBRARY_PATH=/home/joaoferreira/microros_ws/install/micro_ros_msgs/lib:/home/joaoferreira/microros_ws/install/micro_ros_agent/lib:/opt/ros/humble/opt/rviz_ogre_vendor/lib:/opt/ros/humble/lib/x86_64-linux-gnu:/opt/ros/humble/lib /usr/bin/cmake --build /home/joaoferreira/microros_ws/build/micro_ros_agent -- -j4 -l4
[17.857s] DEBUG:colcon.colcon_core.event_handler.log_command:Invoked command in '/home/joaoferreira/microros_ws/build/micro_ros_agent' returned '0': CMAKE_PREFIX_PATH=/home/joaoferreira/microros_ws/install/micro_ros_msgs:/home/joaoferreira/microros_ws/install/micro_ros_setup:/home/joaoferreira/microros_ws/install/micro_ros_agent:/opt/ros/humble LD_LIBRARY_PATH=/home/joaoferreira/microros_ws/install/micro_ros_msgs/lib:/home/joaoferreira/microros_ws/install/micro_ros_agent/lib:/opt/ros/humble/opt/rviz_ogre_vendor/lib:/opt/ros/humble/lib/x86_64-linux-gnu:/opt/ros/humble/lib /usr/bin/cmake --build /home/joaoferreira/microros_ws/build/micro_ros_agent -- -j4 -l4
[17.861s] DEBUG:colcon.colcon_core.event_handler.log_command:Invoking command in '/home/joaoferreira/microros_ws/build/micro_ros_agent': CMAKE_PREFIX_PATH=/home/joaoferreira/microros_ws/install/micro_ros_msgs:/home/joaoferreira/microros_ws/install/micro_ros_setup:/home/joaoferreira/microros_ws/install/micro_ros_agent:/opt/ros/humble LD_LIBRARY_PATH=/home/joaoferreira/microros_ws/install/micro_ros_msgs/lib:/home/joaoferreira/microros_ws/install/micro_ros_agent/lib:/opt/ros/humble/opt/rviz_ogre_vendor/lib:/opt/ros/humble/lib/x86_64-linux-gnu:/opt/ros/humble/lib /usr/bin/cmake --install /home/joaoferreira/microros_ws/build/micro_ros_agent
[17.944s] Level 1:colcon.colcon_core.environment:create_environment_scripts_only(micro_ros_agent)
[17.944s] DEBUG:colcon.colcon_core.event_handler.log_command:Invoked command in '/home/joaoferreira/microros_ws/build/micro_ros_agent' returned '0': CMAKE_PREFIX_PATH=/home/joaoferreira/microros_ws/install/micro_ros_msgs:/home/joaoferreira/microros_ws/install/micro_ros_setup:/home/joaoferreira/microros_ws/install/micro_ros_agent:/opt/ros/humble LD_LIBRARY_PATH=/home/joaoferreira/microros_ws/install/micro_ros_msgs/lib:/home/joaoferreira/microros_ws/install/micro_ros_agent/lib:/opt/ros/humble/opt/rviz_ogre_vendor/lib:/opt/ros/humble/lib/x86_64-linux-gnu:/opt/ros/humble/lib /usr/bin/cmake --install /home/joaoferreira/microros_ws/build/micro_ros_agent
[17.945s] Level 1:colcon.colcon_core.environment:checking '/home/joaoferreira/microros_ws/install/micro_ros_agent' for CMake module files
[17.947s] Level 1:colcon.colcon_core.environment:checking '/home/joaoferreira/microros_ws/install/micro_ros_agent' for CMake config files
[17.971s] Level 1:colcon.colcon_core.shell:create_environment_hook('micro_ros_agent', 'cmake_prefix_path')
[17.972s] INFO:colcon.colcon_core.shell:Creating environment hook '/home/joaoferreira/microros_ws/install/micro_ros_agent/share/micro_ros_agent/hook/cmake_prefix_path.ps1'
[17.973s] INFO:colcon.colcon_core.shell:Creating environment descriptor '/home/joaoferreira/microros_ws/install/micro_ros_agent/share/micro_ros_agent/hook/cmake_prefix_path.dsv'
[17.973s] INFO:colcon.colcon_core.shell:Creating environment hook '/home/joaoferreira/microros_ws/install/micro_ros_agent/share/micro_ros_agent/hook/cmake_prefix_path.sh'
[17.974s] Level 1:colcon.colcon_core.environment:checking '/home/joaoferreira/microros_ws/install/micro_ros_agent/lib'
[17.974s] Level 1:colcon.colcon_core.shell:create_environment_hook('micro_ros_agent', 'ld_library_path_lib')
[17.974s] INFO:colcon.colcon_core.shell:Creating environment hook '/home/joaoferreira/microros_ws/install/micro_ros_agent/share/micro_ros_agent/hook/ld_library_path_lib.ps1'
[17.975s] INFO:colcon.colcon_core.shell:Creating environment descriptor '/home/joaoferreira/microros_ws/install/micro_ros_agent/share/micro_ros_agent/hook/ld_library_path_lib.dsv'
[17.976s] INFO:colcon.colcon_core.shell:Creating environment hook '/home/joaoferreira/microros_ws/install/micro_ros_agent/share/micro_ros_agent/hook/ld_library_path_lib.sh'
[17.976s] Level 1:colcon.colcon_core.environment:checking '/home/joaoferreira/microros_ws/install/micro_ros_agent/bin'
[17.976s] Level 1:colcon.colcon_core.environment:checking '/home/joaoferreira/microros_ws/install/micro_ros_agent/lib/pkgconfig/micro_ros_agent.pc'
[17.976s] Level 1:colcon.colcon_core.environment:checking '/home/joaoferreira/microros_ws/install/micro_ros_agent/lib/python3.10/site-packages'
[17.977s] Level 1:colcon.colcon_core.environment:checking '/home/joaoferreira/microros_ws/install/micro_ros_agent/bin'
[17.977s] INFO:colcon.colcon_core.shell:Creating package script '/home/joaoferreira/microros_ws/install/micro_ros_agent/share/micro_ros_agent/package.ps1'
[17.978s] INFO:colcon.colcon_core.shell:Creating package descriptor '/home/joaoferreira/microros_ws/install/micro_ros_agent/share/micro_ros_agent/package.dsv'
[17.979s] INFO:colcon.colcon_core.shell:Creating package script '/home/joaoferreira/microros_ws/install/micro_ros_agent/share/micro_ros_agent/package.sh'
[17.981s] INFO:colcon.colcon_core.shell:Creating package script '/home/joaoferreira/microros_ws/install/micro_ros_agent/share/micro_ros_agent/package.bash'
[17.982s] INFO:colcon.colcon_core.shell:Creating package script '/home/joaoferreira/microros_ws/install/micro_ros_agent/share/micro_ros_agent/package.zsh'
[17.983s] Level 1:colcon.colcon_core.environment:create_file_with_runtime_dependencies(/home/joaoferreira/microros_ws/install/micro_ros_agent/share/colcon-core/packages/micro_ros_agent)
[17.985s] Level 1:colcon.colcon_core.environment:create_environment_scripts_only(micro_ros_agent)
[17.985s] Level 1:colcon.colcon_core.environment:checking '/home/joaoferreira/microros_ws/install/micro_ros_agent' for CMake module files
[17.987s] Level 1:colcon.colcon_core.environment:checking '/home/joaoferreira/microros_ws/install/micro_ros_agent' for CMake config files
[17.989s] Level 1:colcon.colcon_core.shell:create_environment_hook('micro_ros_agent', 'cmake_prefix_path')
[17.990s] INFO:colcon.colcon_core.shell:Creating environment hook '/home/joaoferreira/microros_ws/install/micro_ros_agent/share/micro_ros_agent/hook/cmake_prefix_path.ps1'
[17.991s] INFO:colcon.colcon_core.shell:Creating environment descriptor '/home/joaoferreira/microros_ws/install/micro_ros_agent/share/micro_ros_agent/hook/cmake_prefix_path.dsv'
[17.992s] INFO:colcon.colcon_core.shell:Creating environment hook '/home/joaoferreira/microros_ws/install/micro_ros_agent/share/micro_ros_agent/hook/cmake_prefix_path.sh'
[17.993s] Level 1:colcon.colcon_core.environment:checking '/home/joaoferreira/microros_ws/install/micro_ros_agent/lib'
[17.993s] Level 1:colcon.colcon_core.shell:create_environment_hook('micro_ros_agent', 'ld_library_path_lib')
[17.993s] INFO:colcon.colcon_core.shell:Creating environment hook '/home/joaoferreira/microros_ws/install/micro_ros_agent/share/micro_ros_agent/hook/ld_library_path_lib.ps1'
[17.994s] INFO:colcon.colcon_core.shell:Creating environment descriptor '/home/joaoferreira/microros_ws/install/micro_ros_agent/share/micro_ros_agent/hook/ld_library_path_lib.dsv'
[17.994s] INFO:colcon.colcon_core.shell:Creating environment hook '/home/joaoferreira/microros_ws/install/micro_ros_agent/share/micro_ros_agent/hook/ld_library_path_lib.sh'
[17.995s] Level 1:colcon.colcon_core.environment:checking '/home/joaoferreira/microros_ws/install/micro_ros_agent/bin'
[17.995s] Level 1:colcon.colcon_core.environment:checking '/home/joaoferreira/microros_ws/install/micro_ros_agent/lib/pkgconfig/micro_ros_agent.pc'
[17.995s] Level 1:colcon.colcon_core.environment:checking '/home/joaoferreira/microros_ws/install/micro_ros_agent/lib/python3.10/site-packages'
[17.995s] Level 1:colcon.colcon_core.environment:checking '/home/joaoferreira/microros_ws/install/micro_ros_agent/bin'
[17.995s] INFO:colcon.colcon_core.shell:Creating package script '/home/joaoferreira/microros_ws/install/micro_ros_agent/share/micro_ros_agent/package.ps1'
[17.996s] INFO:colcon.colcon_core.shell:Creating package descriptor '/home/joaoferreira/microros_ws/install/micro_ros_agent/share/micro_ros_agent/package.dsv'
[17.997s] INFO:colcon.colcon_core.shell:Creating package script '/home/joaoferreira/microros_ws/install/micro_ros_agent/share/micro_ros_agent/package.sh'
[17.997s] INFO:colcon.colcon_core.shell:Creating package script '/home/joaoferreira/microros_ws/install/micro_ros_agent/share/micro_ros_agent/package.bash'
[17.998s] INFO:colcon.colcon_core.shell:Creating package script '/home/joaoferreira/microros_ws/install/micro_ros_agent/share/micro_ros_agent/package.zsh'
[17.998s] Level 1:colcon.colcon_core.environment:create_file_with_runtime_dependencies(/home/joaoferreira/microros_ws/install/micro_ros_agent/share/colcon-core/packages/micro_ros_agent)
[17.998s] DEBUG:colcon.colcon_parallel_executor.executor.parallel:closing loop
[17.999s] DEBUG:colcon.colcon_parallel_executor.executor.parallel:loop closed
[17.999s] DEBUG:colcon.colcon_parallel_executor.executor.parallel:run_until_complete finished with '0'
[17.999s] DEBUG:colcon.colcon_core.event_reactor:joining thread
[18.144s] INFO:colcon.colcon_core.plugin_system:Skipping extension 'colcon_notification.desktop_notification.terminal_notifier': Not used on non-Darwin systems
[18.144s] INFO:colcon.colcon_core.plugin_system:Skipping extension 'colcon_notification.desktop_notification.win32': Not used on non-Windows systems
[18.144s] INFO:colcon.colcon_notification.desktop_notification:Sending desktop notification using 'notify2'
[22.704s] DEBUG:colcon.colcon_core.event_reactor:joined thread
[22.705s] INFO:colcon.colcon_core.shell:Creating prefix script '/home/joaoferreira/microros_ws/install/local_setup.ps1'
[22.798s] INFO:colcon.colcon_core.shell:Creating prefix util module '/home/joaoferreira/microros_ws/install/_local_setup_util_ps1.py'
[22.885s] INFO:colcon.colcon_core.shell:Creating prefix chain script '/home/joaoferreira/microros_ws/install/setup.ps1'
[22.944s] INFO:colcon.colcon_core.shell:Creating prefix script '/home/joaoferreira/microros_ws/install/local_setup.sh'
[23.027s] INFO:colcon.colcon_core.shell:Creating prefix util module '/home/joaoferreira/microros_ws/install/_local_setup_util_sh.py'
[23.028s] INFO:colcon.colcon_core.shell:Creating prefix chain script '/home/joaoferreira/microros_ws/install/setup.sh'
[23.041s] INFO:colcon.colcon_core.shell:Creating prefix script '/home/joaoferreira/microros_ws/install/local_setup.bash'
[23.089s] INFO:colcon.colcon_core.shell:Creating prefix chain script '/home/joaoferreira/microros_ws/install/setup.bash'
[23.167s] INFO:colcon.colcon_core.shell:Creating prefix script '/home/joaoferreira/microros_ws/install/local_setup.zsh'
[23.211s] INFO:colcon.colcon_core.shell:Creating prefix chain script '/home/joaoferreira/microros_ws/install/setup.zsh'
