[0.574s] Invoking command in '/home/joaoferreira/beta/build/micro_ros_msgs': CMAKE_PREFIX_PATH=${CMAKE_PREFIX_PATH}:/home/joaoferreira/beta/install/beta_controller:/opt/ros/humble /usr/bin/cmake --build /home/joaoferreira/beta/build/micro_ros_msgs -- -j4 -l4
[3.913s] [  2%] Built target micro_ros_msgs__cpp
[4.028s] [ 12%] Built target micro_ros_msgs__rosidl_generator_c
[4.531s] [ 12%] Built target ament_cmake_python_copy_micro_ros_msgs
[4.554s] [ 34%] Built target micro_ros_msgs__rosidl_typesupport_introspection_cpp
[4.554s] [ 34%] Built target micro_ros_msgs__rosidl_typesupport_cpp
[4.678s] [ 44%] Built target micro_ros_msgs__rosidl_typesupport_fastrtps_cpp
[4.709s] [ 61%] Built target micro_ros_msgs__rosidl_typesupport_c
[4.709s] [ 65%] Built target micro_ros_msgs__rosidl_typesupport_introspection_c
[4.775s] [ 76%] Built target micro_ros_msgs__rosidl_typesupport_fastrtps_c
[4.820s] [ 76%] Built target micro_ros_msgs
[4.914s] [ 78%] Built target micro_ros_msgs__py
[5.134s] [ 87%] Built target micro_ros_msgs__rosidl_generator_py
[5.204s] [ 91%] Built target micro_ros_msgs__rosidl_typesupport_fastrtps_c__pyext
[5.213s] [ 95%] Built target micro_ros_msgs__rosidl_typesupport_introspection_c__pyext
[5.231s] [100%] Built target micro_ros_msgs__rosidl_typesupport_c__pyext
[5.335s] running egg_info
[5.340s] writing micro_ros_msgs.egg-info/PKG-INFO
[5.340s] writing dependency_links to micro_ros_msgs.egg-info/dependency_links.txt
[5.340s] writing top-level names to micro_ros_msgs.egg-info/top_level.txt
[5.342s] reading manifest file 'micro_ros_msgs.egg-info/SOURCES.txt'
[5.364s] writing manifest file 'micro_ros_msgs.egg-info/SOURCES.txt'
[5.411s] [100%] Built target ament_cmake_python_build_micro_ros_msgs_egg
[5.441s] Invoked command in '/home/joaoferreira/beta/build/micro_ros_msgs' returned '0': CMAKE_PREFIX_PATH=${CMAKE_PREFIX_PATH}:/home/joaoferreira/beta/install/beta_controller:/opt/ros/humble /usr/bin/cmake --build /home/joaoferreira/beta/build/micro_ros_msgs -- -j4 -l4
[5.469s] Invoking command in '/home/joaoferreira/beta/build/micro_ros_msgs': CMAKE_PREFIX_PATH=${CMAKE_PREFIX_PATH}:/home/joaoferreira/beta/install/beta_controller:/opt/ros/humble /usr/bin/cmake --install /home/joaoferreira/beta/build/micro_ros_msgs
[5.484s] -- Install configuration: ""
[5.487s] -- Up-to-date: /home/joaoferreira/beta/install/micro_ros_msgs/share/ament_index/resource_index/rosidl_interfaces/micro_ros_msgs
[5.488s] -- Up-to-date: /home/joaoferreira/beta/install/micro_ros_msgs/include/micro_ros_msgs/micro_ros_msgs
[5.488s] -- Up-to-date: /home/joaoferreira/beta/install/micro_ros_msgs/include/micro_ros_msgs/micro_ros_msgs/msg
[5.491s] -- Up-to-date: /home/joaoferreira/beta/install/micro_ros_msgs/include/micro_ros_msgs/micro_ros_msgs/msg/detail
[5.491s] -- Up-to-date: /home/joaoferreira/beta/install/micro_ros_msgs/include/micro_ros_msgs/micro_ros_msgs/msg/detail/entity__struct.h
[5.491s] -- Up-to-date: /home/joaoferreira/beta/install/micro_ros_msgs/include/micro_ros_msgs/micro_ros_msgs/msg/detail/entity__functions.h
[5.491s] -- Up-to-date: /home/joaoferreira/beta/install/micro_ros_msgs/include/micro_ros_msgs/micro_ros_msgs/msg/detail/node__type_support.h
[5.492s] -- Up-to-date: /home/joaoferreira/beta/install/micro_ros_msgs/include/micro_ros_msgs/micro_ros_msgs/msg/detail/graph__functions.c
[5.492s] -- Up-to-date: /home/joaoferreira/beta/install/micro_ros_msgs/include/micro_ros_msgs/micro_ros_msgs/msg/detail/graph__functions.h
[5.492s] -- Up-to-date: /home/joaoferreira/beta/install/micro_ros_msgs/include/micro_ros_msgs/micro_ros_msgs/msg/detail/entity__functions.c
[5.492s] -- Up-to-date: /home/joaoferreira/beta/install/micro_ros_msgs/include/micro_ros_msgs/micro_ros_msgs/msg/detail/graph__struct.h
[5.492s] -- Up-to-date: /home/joaoferreira/beta/install/micro_ros_msgs/include/micro_ros_msgs/micro_ros_msgs/msg/detail/graph__type_support.h
[5.492s] -- Up-to-date: /home/joaoferreira/beta/install/micro_ros_msgs/include/micro_ros_msgs/micro_ros_msgs/msg/detail/node__functions.h
[5.492s] -- Up-to-date: /home/joaoferreira/beta/install/micro_ros_msgs/include/micro_ros_msgs/micro_ros_msgs/msg/detail/node__functions.c
[5.493s] -- Up-to-date: /home/joaoferreira/beta/install/micro_ros_msgs/include/micro_ros_msgs/micro_ros_msgs/msg/detail/node__struct.h
[5.493s] -- Up-to-date: /home/joaoferreira/beta/install/micro_ros_msgs/include/micro_ros_msgs/micro_ros_msgs/msg/detail/entity__type_support.h
[5.493s] -- Up-to-date: /home/joaoferreira/beta/install/micro_ros_msgs/include/micro_ros_msgs/micro_ros_msgs/msg/entity.h
[5.493s] -- Up-to-date: /home/joaoferreira/beta/install/micro_ros_msgs/include/micro_ros_msgs/micro_ros_msgs/msg/graph.h
[5.493s] -- Up-to-date: /home/joaoferreira/beta/install/micro_ros_msgs/include/micro_ros_msgs/micro_ros_msgs/msg/rosidl_generator_c__visibility_control.h
[5.493s] -- Up-to-date: /home/joaoferreira/beta/install/micro_ros_msgs/include/micro_ros_msgs/micro_ros_msgs/msg/node.h
[5.493s] -- Up-to-date: /home/joaoferreira/beta/install/micro_ros_msgs/share/micro_ros_msgs/environment/library_path.sh
[5.494s] -- Up-to-date: /home/joaoferreira/beta/install/micro_ros_msgs/share/micro_ros_msgs/environment/library_path.dsv
[5.539s] -- Up-to-date: /home/joaoferreira/beta/install/micro_ros_msgs/lib/libmicro_ros_msgs__rosidl_generator_c.so
[5.539s] -- Up-to-date: /home/joaoferreira/beta/install/micro_ros_msgs/include/micro_ros_msgs/micro_ros_msgs
[5.539s] -- Up-to-date: /home/joaoferreira/beta/install/micro_ros_msgs/include/micro_ros_msgs/micro_ros_msgs/msg
[5.540s] -- Up-to-date: /home/joaoferreira/beta/install/micro_ros_msgs/include/micro_ros_msgs/micro_ros_msgs/msg/detail
[5.540s] -- Up-to-date: /home/joaoferreira/beta/install/micro_ros_msgs/include/micro_ros_msgs/micro_ros_msgs/msg/detail/node__rosidl_typesupport_fastrtps_c.h
[5.540s] -- Up-to-date: /home/joaoferreira/beta/install/micro_ros_msgs/include/micro_ros_msgs/micro_ros_msgs/msg/detail/entity__rosidl_typesupport_fastrtps_c.h
[5.540s] -- Up-to-date: /home/joaoferreira/beta/install/micro_ros_msgs/include/micro_ros_msgs/micro_ros_msgs/msg/detail/graph__rosidl_typesupport_fastrtps_c.h
[5.540s] -- Up-to-date: /home/joaoferreira/beta/install/micro_ros_msgs/include/micro_ros_msgs/micro_ros_msgs/msg/rosidl_typesupport_fastrtps_c__visibility_control.h
[5.542s] -- Up-to-date: /home/joaoferreira/beta/install/micro_ros_msgs/lib/libmicro_ros_msgs__rosidl_typesupport_fastrtps_c.so
[5.542s] -- Up-to-date: /home/joaoferreira/beta/install/micro_ros_msgs/include/micro_ros_msgs/micro_ros_msgs
[5.543s] -- Up-to-date: /home/joaoferreira/beta/install/micro_ros_msgs/include/micro_ros_msgs/micro_ros_msgs/msg
[5.543s] -- Up-to-date: /home/joaoferreira/beta/install/micro_ros_msgs/include/micro_ros_msgs/micro_ros_msgs/msg/detail
[5.544s] -- Up-to-date: /home/joaoferreira/beta/install/micro_ros_msgs/include/micro_ros_msgs/micro_ros_msgs/msg/detail/graph__type_support.c
[5.545s] -- Up-to-date: /home/joaoferreira/beta/install/micro_ros_msgs/include/micro_ros_msgs/micro_ros_msgs/msg/detail/node__type_support.c
[5.545s] -- Up-to-date: /home/joaoferreira/beta/install/micro_ros_msgs/include/micro_ros_msgs/micro_ros_msgs/msg/detail/graph__rosidl_typesupport_introspection_c.h
[5.546s] -- Up-to-date: /home/joaoferreira/beta/install/micro_ros_msgs/include/micro_ros_msgs/micro_ros_msgs/msg/detail/entity__rosidl_typesupport_introspection_c.h
[5.546s] -- Up-to-date: /home/joaoferreira/beta/install/micro_ros_msgs/include/micro_ros_msgs/micro_ros_msgs/msg/detail/entity__type_support.c
[5.547s] -- Up-to-date: /home/joaoferreira/beta/install/micro_ros_msgs/include/micro_ros_msgs/micro_ros_msgs/msg/detail/node__rosidl_typesupport_introspection_c.h
[5.547s] -- Up-to-date: /home/joaoferreira/beta/install/micro_ros_msgs/include/micro_ros_msgs/micro_ros_msgs/msg/rosidl_typesupport_introspection_c__visibility_control.h
[5.554s] -- Up-to-date: /home/joaoferreira/beta/install/micro_ros_msgs/lib/libmicro_ros_msgs__rosidl_typesupport_introspection_c.so
[5.554s] -- Up-to-date: /home/joaoferreira/beta/install/micro_ros_msgs/lib/libmicro_ros_msgs__rosidl_typesupport_c.so
[5.555s] -- Up-to-date: /home/joaoferreira/beta/install/micro_ros_msgs/include/micro_ros_msgs/micro_ros_msgs
[5.558s] -- Up-to-date: /home/joaoferreira/beta/install/micro_ros_msgs/include/micro_ros_msgs/micro_ros_msgs/msg
[5.558s] -- Up-to-date: /home/joaoferreira/beta/install/micro_ros_msgs/include/micro_ros_msgs/micro_ros_msgs/msg/entity.hpp
[5.558s] -- Up-to-date: /home/joaoferreira/beta/install/micro_ros_msgs/include/micro_ros_msgs/micro_ros_msgs/msg/detail
[5.558s] -- Up-to-date: /home/joaoferreira/beta/install/micro_ros_msgs/include/micro_ros_msgs/micro_ros_msgs/msg/detail/node__builder.hpp
[5.559s] -- Up-to-date: /home/joaoferreira/beta/install/micro_ros_msgs/include/micro_ros_msgs/micro_ros_msgs/msg/detail/node__type_support.hpp
[5.559s] -- Up-to-date: /home/joaoferreira/beta/install/micro_ros_msgs/include/micro_ros_msgs/micro_ros_msgs/msg/detail/graph__traits.hpp
[5.559s] -- Up-to-date: /home/joaoferreira/beta/install/micro_ros_msgs/include/micro_ros_msgs/micro_ros_msgs/msg/detail/entity__type_support.hpp
[5.559s] -- Up-to-date: /home/joaoferreira/beta/install/micro_ros_msgs/include/micro_ros_msgs/micro_ros_msgs/msg/detail/node__struct.hpp
[5.561s] -- Up-to-date: /home/joaoferreira/beta/install/micro_ros_msgs/include/micro_ros_msgs/micro_ros_msgs/msg/detail/entity__builder.hpp
[5.561s] -- Up-to-date: /home/joaoferreira/beta/install/micro_ros_msgs/include/micro_ros_msgs/micro_ros_msgs/msg/detail/entity__struct.hpp
[5.562s] -- Up-to-date: /home/joaoferreira/beta/install/micro_ros_msgs/include/micro_ros_msgs/micro_ros_msgs/msg/detail/graph__type_support.hpp
[5.562s] -- Up-to-date: /home/joaoferreira/beta/install/micro_ros_msgs/include/micro_ros_msgs/micro_ros_msgs/msg/detail/entity__traits.hpp
[5.562s] -- Up-to-date: /home/joaoferreira/beta/install/micro_ros_msgs/include/micro_ros_msgs/micro_ros_msgs/msg/detail/graph__builder.hpp
[5.562s] -- Up-to-date: /home/joaoferreira/beta/install/micro_ros_msgs/include/micro_ros_msgs/micro_ros_msgs/msg/detail/node__traits.hpp
[5.562s] -- Up-to-date: /home/joaoferreira/beta/install/micro_ros_msgs/include/micro_ros_msgs/micro_ros_msgs/msg/detail/graph__struct.hpp
[5.562s] -- Up-to-date: /home/joaoferreira/beta/install/micro_ros_msgs/include/micro_ros_msgs/micro_ros_msgs/msg/node.hpp
[5.563s] -- Up-to-date: /home/joaoferreira/beta/install/micro_ros_msgs/include/micro_ros_msgs/micro_ros_msgs/msg/rosidl_generator_cpp__visibility_control.hpp
[5.564s] -- Up-to-date: /home/joaoferreira/beta/install/micro_ros_msgs/include/micro_ros_msgs/micro_ros_msgs/msg/graph.hpp
[5.564s] -- Up-to-date: /home/joaoferreira/beta/install/micro_ros_msgs/include/micro_ros_msgs/micro_ros_msgs
[5.565s] -- Up-to-date: /home/joaoferreira/beta/install/micro_ros_msgs/include/micro_ros_msgs/micro_ros_msgs/msg
[5.565s] -- Up-to-date: /home/joaoferreira/beta/install/micro_ros_msgs/include/micro_ros_msgs/micro_ros_msgs/msg/detail
[5.565s] -- Up-to-date: /home/joaoferreira/beta/install/micro_ros_msgs/include/micro_ros_msgs/micro_ros_msgs/msg/detail/graph__rosidl_typesupport_fastrtps_cpp.hpp
[5.565s] -- Up-to-date: /home/joaoferreira/beta/install/micro_ros_msgs/include/micro_ros_msgs/micro_ros_msgs/msg/detail/node__rosidl_typesupport_fastrtps_cpp.hpp
[5.566s] -- Up-to-date: /home/joaoferreira/beta/install/micro_ros_msgs/include/micro_ros_msgs/micro_ros_msgs/msg/detail/entity__rosidl_typesupport_fastrtps_cpp.hpp
[5.566s] -- Up-to-date: /home/joaoferreira/beta/install/micro_ros_msgs/include/micro_ros_msgs/micro_ros_msgs/msg/detail/dds_fastrtps
[5.566s] -- Up-to-date: /home/joaoferreira/beta/install/micro_ros_msgs/include/micro_ros_msgs/micro_ros_msgs/msg/rosidl_typesupport_fastrtps_cpp__visibility_control.h
[5.592s] -- Up-to-date: /home/joaoferreira/beta/install/micro_ros_msgs/lib/libmicro_ros_msgs__rosidl_typesupport_fastrtps_cpp.so
[5.592s] -- Up-to-date: /home/joaoferreira/beta/install/micro_ros_msgs/include/micro_ros_msgs/micro_ros_msgs
[5.593s] -- Up-to-date: /home/joaoferreira/beta/install/micro_ros_msgs/include/micro_ros_msgs/micro_ros_msgs/msg
[5.593s] -- Up-to-date: /home/joaoferreira/beta/install/micro_ros_msgs/include/micro_ros_msgs/micro_ros_msgs/msg/detail
[5.593s] -- Up-to-date: /home/joaoferreira/beta/install/micro_ros_msgs/include/micro_ros_msgs/micro_ros_msgs/msg/detail/graph__type_support.cpp
[5.593s] -- Up-to-date: /home/joaoferreira/beta/install/micro_ros_msgs/include/micro_ros_msgs/micro_ros_msgs/msg/detail/entity__rosidl_typesupport_introspection_cpp.hpp
[5.594s] -- Up-to-date: /home/joaoferreira/beta/install/micro_ros_msgs/include/micro_ros_msgs/micro_ros_msgs/msg/detail/graph__rosidl_typesupport_introspection_cpp.hpp
[5.594s] -- Up-to-date: /home/joaoferreira/beta/install/micro_ros_msgs/include/micro_ros_msgs/micro_ros_msgs/msg/detail/entity__type_support.cpp
[5.594s] -- Up-to-date: /home/joaoferreira/beta/install/micro_ros_msgs/include/micro_ros_msgs/micro_ros_msgs/msg/detail/node__rosidl_typesupport_introspection_cpp.hpp
[5.594s] -- Up-to-date: /home/joaoferreira/beta/install/micro_ros_msgs/include/micro_ros_msgs/micro_ros_msgs/msg/detail/node__type_support.cpp
[5.612s] -- Up-to-date: /home/joaoferreira/beta/install/micro_ros_msgs/lib/libmicro_ros_msgs__rosidl_typesupport_introspection_cpp.so
[5.631s] -- Up-to-date: /home/joaoferreira/beta/install/micro_ros_msgs/lib/libmicro_ros_msgs__rosidl_typesupport_cpp.so
[5.632s] -- Up-to-date: /home/joaoferreira/beta/install/micro_ros_msgs/share/micro_ros_msgs/environment/pythonpath.sh
[5.632s] -- Up-to-date: /home/joaoferreira/beta/install/micro_ros_msgs/share/micro_ros_msgs/environment/pythonpath.dsv
[5.632s] -- Up-to-date: /home/joaoferreira/beta/install/micro_ros_msgs/local/lib/python3.10/dist-packages/micro_ros_msgs-3.0.1-py3.10.egg-info
[5.632s] -- Installing: /home/joaoferreira/beta/install/micro_ros_msgs/local/lib/python3.10/dist-packages/micro_ros_msgs-3.0.1-py3.10.egg-info/SOURCES.txt
[5.632s] -- Installing: /home/joaoferreira/beta/install/micro_ros_msgs/local/lib/python3.10/dist-packages/micro_ros_msgs-3.0.1-py3.10.egg-info/dependency_links.txt
[5.633s] -- Installing: /home/joaoferreira/beta/install/micro_ros_msgs/local/lib/python3.10/dist-packages/micro_ros_msgs-3.0.1-py3.10.egg-info/top_level.txt
[5.633s] -- Installing: /home/joaoferreira/beta/install/micro_ros_msgs/local/lib/python3.10/dist-packages/micro_ros_msgs-3.0.1-py3.10.egg-info/PKG-INFO
[5.633s] -- Up-to-date: /home/joaoferreira/beta/install/micro_ros_msgs/local/lib/python3.10/dist-packages/micro_ros_msgs
[5.634s] -- Up-to-date: /home/joaoferreira/beta/install/micro_ros_msgs/local/lib/python3.10/dist-packages/micro_ros_msgs/libmicro_ros_msgs__rosidl_generator_py.so
[5.634s] -- Up-to-date: /home/joaoferreira/beta/install/micro_ros_msgs/local/lib/python3.10/dist-packages/micro_ros_msgs/msg
[5.635s] -- Up-to-date: /home/joaoferreira/beta/install/micro_ros_msgs/local/lib/python3.10/dist-packages/micro_ros_msgs/msg/_entity_s.c
[5.635s] -- Up-to-date: /home/joaoferreira/beta/install/micro_ros_msgs/local/lib/python3.10/dist-packages/micro_ros_msgs/msg/_node.py
[5.635s] -- Up-to-date: /home/joaoferreira/beta/install/micro_ros_msgs/local/lib/python3.10/dist-packages/micro_ros_msgs/msg/_graph.py
[5.635s] -- Up-to-date: /home/joaoferreira/beta/install/micro_ros_msgs/local/lib/python3.10/dist-packages/micro_ros_msgs/msg/_node_s.c
[5.635s] -- Up-to-date: /home/joaoferreira/beta/install/micro_ros_msgs/local/lib/python3.10/dist-packages/micro_ros_msgs/msg/_graph_s.c
[5.635s] -- Up-to-date: /home/joaoferreira/beta/install/micro_ros_msgs/local/lib/python3.10/dist-packages/micro_ros_msgs/msg/_entity.py
[5.636s] -- Up-to-date: /home/joaoferreira/beta/install/micro_ros_msgs/local/lib/python3.10/dist-packages/micro_ros_msgs/msg/__init__.py
[5.636s] -- Up-to-date: /home/joaoferreira/beta/install/micro_ros_msgs/local/lib/python3.10/dist-packages/micro_ros_msgs/_micro_ros_msgs_s.ep.rosidl_typesupport_c.c
[5.636s] -- Up-to-date: /home/joaoferreira/beta/install/micro_ros_msgs/local/lib/python3.10/dist-packages/micro_ros_msgs/micro_ros_msgs_s__rosidl_typesupport_introspection_c.cpython-310-x86_64-linux-gnu.so
[5.636s] -- Up-to-date: /home/joaoferreira/beta/install/micro_ros_msgs/local/lib/python3.10/dist-packages/micro_ros_msgs/_micro_ros_msgs_s.ep.rosidl_typesupport_introspection_c.c
[5.636s] -- Up-to-date: /home/joaoferreira/beta/install/micro_ros_msgs/local/lib/python3.10/dist-packages/micro_ros_msgs/micro_ros_msgs_s__rosidl_typesupport_c.cpython-310-x86_64-linux-gnu.so
[5.636s] -- Up-to-date: /home/joaoferreira/beta/install/micro_ros_msgs/local/lib/python3.10/dist-packages/micro_ros_msgs/_micro_ros_msgs_s.ep.rosidl_typesupport_fastrtps_c.c
[5.638s] -- Up-to-date: /home/joaoferreira/beta/install/micro_ros_msgs/local/lib/python3.10/dist-packages/micro_ros_msgs/micro_ros_msgs_s__rosidl_typesupport_fastrtps_c.cpython-310-x86_64-linux-gnu.so
[5.638s] -- Up-to-date: /home/joaoferreira/beta/install/micro_ros_msgs/local/lib/python3.10/dist-packages/micro_ros_msgs/__init__.py
[5.703s] Listing '/home/joaoferreira/beta/install/micro_ros_msgs/local/lib/python3.10/dist-packages/micro_ros_msgs'...
[5.703s] Listing '/home/joaoferreira/beta/install/micro_ros_msgs/local/lib/python3.10/dist-packages/micro_ros_msgs/msg'...
[5.711s] -- Up-to-date: /home/joaoferreira/beta/install/micro_ros_msgs/local/lib/python3.10/dist-packages/micro_ros_msgs/micro_ros_msgs_s__rosidl_typesupport_fastrtps_c.cpython-310-x86_64-linux-gnu.so
[5.712s] -- Up-to-date: /home/joaoferreira/beta/install/micro_ros_msgs/local/lib/python3.10/dist-packages/micro_ros_msgs/micro_ros_msgs_s__rosidl_typesupport_introspection_c.cpython-310-x86_64-linux-gnu.so
[5.713s] -- Up-to-date: /home/joaoferreira/beta/install/micro_ros_msgs/local/lib/python3.10/dist-packages/micro_ros_msgs/micro_ros_msgs_s__rosidl_typesupport_c.cpython-310-x86_64-linux-gnu.so
[5.715s] -- Up-to-date: /home/joaoferreira/beta/install/micro_ros_msgs/lib/libmicro_ros_msgs__rosidl_generator_py.so
[5.715s] -- Up-to-date: /home/joaoferreira/beta/install/micro_ros_msgs/share/micro_ros_msgs/msg/Graph.idl
[5.715s] -- Up-to-date: /home/joaoferreira/beta/install/micro_ros_msgs/share/micro_ros_msgs/msg/Node.idl
[5.716s] -- Up-to-date: /home/joaoferreira/beta/install/micro_ros_msgs/share/micro_ros_msgs/msg/Entity.idl
[5.716s] -- Up-to-date: /home/joaoferreira/beta/install/micro_ros_msgs/share/micro_ros_msgs/msg/Graph.msg
[5.716s] -- Up-to-date: /home/joaoferreira/beta/install/micro_ros_msgs/share/micro_ros_msgs/msg/Node.msg
[5.716s] -- Up-to-date: /home/joaoferreira/beta/install/micro_ros_msgs/share/micro_ros_msgs/msg/Entity.msg
[5.716s] -- Up-to-date: /home/joaoferreira/beta/install/micro_ros_msgs/share/ament_index/resource_index/package_run_dependencies/micro_ros_msgs
[5.716s] -- Up-to-date: /home/joaoferreira/beta/install/micro_ros_msgs/share/ament_index/resource_index/parent_prefix_path/micro_ros_msgs
[5.717s] -- Up-to-date: /home/joaoferreira/beta/install/micro_ros_msgs/share/micro_ros_msgs/environment/ament_prefix_path.sh
[5.717s] -- Up-to-date: /home/joaoferreira/beta/install/micro_ros_msgs/share/micro_ros_msgs/environment/ament_prefix_path.dsv
[5.717s] -- Up-to-date: /home/joaoferreira/beta/install/micro_ros_msgs/share/micro_ros_msgs/environment/path.sh
[5.718s] -- Up-to-date: /home/joaoferreira/beta/install/micro_ros_msgs/share/micro_ros_msgs/environment/path.dsv
[5.718s] -- Up-to-date: /home/joaoferreira/beta/install/micro_ros_msgs/share/micro_ros_msgs/local_setup.bash
[5.719s] -- Up-to-date: /home/joaoferreira/beta/install/micro_ros_msgs/share/micro_ros_msgs/local_setup.sh
[5.719s] -- Up-to-date: /home/joaoferreira/beta/install/micro_ros_msgs/share/micro_ros_msgs/local_setup.zsh
[5.719s] -- Up-to-date: /home/joaoferreira/beta/install/micro_ros_msgs/share/micro_ros_msgs/local_setup.dsv
[5.721s] -- Installing: /home/joaoferreira/beta/install/micro_ros_msgs/share/micro_ros_msgs/package.dsv
[5.733s] -- Up-to-date: /home/joaoferreira/beta/install/micro_ros_msgs/share/ament_index/resource_index/packages/micro_ros_msgs
[5.734s] -- Up-to-date: /home/joaoferreira/beta/install/micro_ros_msgs/share/micro_ros_msgs/cmake/export_micro_ros_msgs__rosidl_generator_cExport.cmake
[5.734s] -- Up-to-date: /home/joaoferreira/beta/install/micro_ros_msgs/share/micro_ros_msgs/cmake/export_micro_ros_msgs__rosidl_generator_cExport-noconfig.cmake
[5.735s] -- Up-to-date: /home/joaoferreira/beta/install/micro_ros_msgs/share/micro_ros_msgs/cmake/export_micro_ros_msgs__rosidl_typesupport_fastrtps_cExport.cmake
[5.735s] -- Up-to-date: /home/joaoferreira/beta/install/micro_ros_msgs/share/micro_ros_msgs/cmake/export_micro_ros_msgs__rosidl_typesupport_fastrtps_cExport-noconfig.cmake
[5.737s] -- Up-to-date: /home/joaoferreira/beta/install/micro_ros_msgs/share/micro_ros_msgs/cmake/micro_ros_msgs__rosidl_typesupport_introspection_cExport.cmake
[5.737s] -- Up-to-date: /home/joaoferreira/beta/install/micro_ros_msgs/share/micro_ros_msgs/cmake/micro_ros_msgs__rosidl_typesupport_introspection_cExport-noconfig.cmake
[5.737s] -- Up-to-date: /home/joaoferreira/beta/install/micro_ros_msgs/share/micro_ros_msgs/cmake/micro_ros_msgs__rosidl_typesupport_cExport.cmake
[5.739s] -- Up-to-date: /home/joaoferreira/beta/install/micro_ros_msgs/share/micro_ros_msgs/cmake/micro_ros_msgs__rosidl_typesupport_cExport-noconfig.cmake
[5.742s] -- Up-to-date: /home/joaoferreira/beta/install/micro_ros_msgs/share/micro_ros_msgs/cmake/export_micro_ros_msgs__rosidl_generator_cppExport.cmake
[5.742s] -- Up-to-date: /home/joaoferreira/beta/install/micro_ros_msgs/share/micro_ros_msgs/cmake/export_micro_ros_msgs__rosidl_typesupport_fastrtps_cppExport.cmake
[5.743s] -- Up-to-date: /home/joaoferreira/beta/install/micro_ros_msgs/share/micro_ros_msgs/cmake/export_micro_ros_msgs__rosidl_typesupport_fastrtps_cppExport-noconfig.cmake
[5.743s] -- Up-to-date: /home/joaoferreira/beta/install/micro_ros_msgs/share/micro_ros_msgs/cmake/micro_ros_msgs__rosidl_typesupport_introspection_cppExport.cmake
[5.743s] -- Up-to-date: /home/joaoferreira/beta/install/micro_ros_msgs/share/micro_ros_msgs/cmake/micro_ros_msgs__rosidl_typesupport_introspection_cppExport-noconfig.cmake
[5.745s] -- Up-to-date: /home/joaoferreira/beta/install/micro_ros_msgs/share/micro_ros_msgs/cmake/micro_ros_msgs__rosidl_typesupport_cppExport.cmake
[5.745s] -- Up-to-date: /home/joaoferreira/beta/install/micro_ros_msgs/share/micro_ros_msgs/cmake/micro_ros_msgs__rosidl_typesupport_cppExport-noconfig.cmake
[5.745s] -- Up-to-date: /home/joaoferreira/beta/install/micro_ros_msgs/share/micro_ros_msgs/cmake/export_micro_ros_msgs__rosidl_generator_pyExport.cmake
[5.746s] -- Up-to-date: /home/joaoferreira/beta/install/micro_ros_msgs/share/micro_ros_msgs/cmake/export_micro_ros_msgs__rosidl_generator_pyExport-noconfig.cmake
[5.748s] -- Up-to-date: /home/joaoferreira/beta/install/micro_ros_msgs/share/micro_ros_msgs/cmake/rosidl_cmake-extras.cmake
[5.748s] -- Up-to-date: /home/joaoferreira/beta/install/micro_ros_msgs/share/micro_ros_msgs/cmake/ament_cmake_export_include_directories-extras.cmake
[5.748s] -- Up-to-date: /home/joaoferreira/beta/install/micro_ros_msgs/share/micro_ros_msgs/cmake/ament_cmake_export_libraries-extras.cmake
[5.749s] -- Up-to-date: /home/joaoferreira/beta/install/micro_ros_msgs/share/micro_ros_msgs/cmake/ament_cmake_export_targets-extras.cmake
[5.751s] -- Up-to-date: /home/joaoferreira/beta/install/micro_ros_msgs/share/micro_ros_msgs/cmake/rosidl_cmake_export_typesupport_targets-extras.cmake
[5.751s] -- Up-to-date: /home/joaoferreira/beta/install/micro_ros_msgs/share/micro_ros_msgs/cmake/ament_cmake_export_dependencies-extras.cmake
[5.751s] -- Up-to-date: /home/joaoferreira/beta/install/micro_ros_msgs/share/micro_ros_msgs/cmake/rosidl_cmake_export_typesupport_libraries-extras.cmake
[5.752s] -- Up-to-date: /home/joaoferreira/beta/install/micro_ros_msgs/share/micro_ros_msgs/cmake/micro_ros_msgsConfig.cmake
[5.752s] -- Up-to-date: /home/joaoferreira/beta/install/micro_ros_msgs/share/micro_ros_msgs/cmake/micro_ros_msgsConfig-version.cmake
[5.752s] -- Up-to-date: /home/joaoferreira/beta/install/micro_ros_msgs/share/micro_ros_msgs/package.xml
[5.755s] Invoked command in '/home/joaoferreira/beta/build/micro_ros_msgs' returned '0': CMAKE_PREFIX_PATH=${CMAKE_PREFIX_PATH}:/home/joaoferreira/beta/install/beta_controller:/opt/ros/humble /usr/bin/cmake --install /home/joaoferreira/beta/build/micro_ros_msgs
