[0.414s] Invoking command in '/home/joaoferreira/beta/build/micro_ros_msgs': CMAKE_PREFIX_PATH=${CMAKE_PREFIX_PATH}:/home/joaoferreira/beta/install/beta_controller:/opt/ros/humble /usr/bin/cmake --build /home/joaoferreira/beta/build/micro_ros_msgs -- -j4 -l4
[3.312s] [  2%] Built target micro_ros_msgs__cpp
[3.618s] [ 12%] Built target micro_ros_msgs__rosidl_generator_c
[3.828s] [ 12%] Built target ament_cmake_python_copy_micro_ros_msgs
[4.013s] [ 23%] Built target micro_ros_msgs__rosidl_typesupport_introspection_cpp
[4.252s] [ 34%] Built target micro_ros_msgs__rosidl_typesupport_fastrtps_c
[4.298s] [ 44%] Built target micro_ros_msgs__rosidl_typesupport_introspection_c
[4.368s] [ 55%] Built target micro_ros_msgs__rosidl_typesupport_c
[4.732s] running egg_info
[4.738s] writing micro_ros_msgs.egg-info/PKG-INFO
[4.741s] writing dependency_links to micro_ros_msgs.egg-info/dependency_links.txt
[4.742s] writing top-level names to micro_ros_msgs.egg-info/top_level.txt
[4.742s] reading manifest file 'micro_ros_msgs.egg-info/SOURCES.txt'
[4.744s] writing manifest file 'micro_ros_msgs.egg-info/SOURCES.txt'
[4.794s] [ 55%] Built target ament_cmake_python_build_micro_ros_msgs_egg
[4.888s] [ 65%] Built target micro_ros_msgs__rosidl_typesupport_fastrtps_cpp
[4.981s] [ 76%] Built target micro_ros_msgs__rosidl_typesupport_cpp
[5.050s] [ 76%] Built target micro_ros_msgs
[5.126s] [ 78%] Built target micro_ros_msgs__py
[5.461s] [ 87%] Built target micro_ros_msgs__rosidl_generator_py
[5.539s] [ 91%] Built target micro_ros_msgs__rosidl_typesupport_fastrtps_c__pyext
[5.615s] [ 95%] Built target micro_ros_msgs__rosidl_typesupport_c__pyext
[5.654s] [100%] Built target micro_ros_msgs__rosidl_typesupport_introspection_c__pyext
[5.677s] Invoked command in '/home/joaoferreira/beta/build/micro_ros_msgs' returned '0': CMAKE_PREFIX_PATH=${CMAKE_PREFIX_PATH}:/home/joaoferreira/beta/install/beta_controller:/opt/ros/humble /usr/bin/cmake --build /home/joaoferreira/beta/build/micro_ros_msgs -- -j4 -l4
[5.711s] Invoking command in '/home/joaoferreira/beta/build/micro_ros_msgs': CMAKE_PREFIX_PATH=${CMAKE_PREFIX_PATH}:/home/joaoferreira/beta/install/beta_controller:/opt/ros/humble /usr/bin/cmake --install /home/joaoferreira/beta/build/micro_ros_msgs
[5.726s] -- Install configuration: ""
[5.727s] -- Up-to-date: /home/joaoferreira/beta/install/micro_ros_msgs/share/ament_index/resource_index/rosidl_interfaces/micro_ros_msgs
[5.727s] -- Up-to-date: /home/joaoferreira/beta/install/micro_ros_msgs/include/micro_ros_msgs/micro_ros_msgs
[5.728s] -- Up-to-date: /home/joaoferreira/beta/install/micro_ros_msgs/include/micro_ros_msgs/micro_ros_msgs/msg
[5.728s] -- Up-to-date: /home/joaoferreira/beta/install/micro_ros_msgs/include/micro_ros_msgs/micro_ros_msgs/msg/detail
[5.728s] -- Up-to-date: /home/joaoferreira/beta/install/micro_ros_msgs/include/micro_ros_msgs/micro_ros_msgs/msg/detail/entity__struct.h
[5.728s] -- Up-to-date: /home/joaoferreira/beta/install/micro_ros_msgs/include/micro_ros_msgs/micro_ros_msgs/msg/detail/entity__functions.h
[5.728s] -- Up-to-date: /home/joaoferreira/beta/install/micro_ros_msgs/include/micro_ros_msgs/micro_ros_msgs/msg/detail/node__type_support.h
[5.728s] -- Up-to-date: /home/joaoferreira/beta/install/micro_ros_msgs/include/micro_ros_msgs/micro_ros_msgs/msg/detail/graph__functions.c
[5.728s] -- Up-to-date: /home/joaoferreira/beta/install/micro_ros_msgs/include/micro_ros_msgs/micro_ros_msgs/msg/detail/graph__functions.h
[5.729s] -- Up-to-date: /home/joaoferreira/beta/install/micro_ros_msgs/include/micro_ros_msgs/micro_ros_msgs/msg/detail/entity__functions.c
[5.729s] -- Up-to-date: /home/joaoferreira/beta/install/micro_ros_msgs/include/micro_ros_msgs/micro_ros_msgs/msg/detail/graph__struct.h
[5.729s] -- Up-to-date: /home/joaoferreira/beta/install/micro_ros_msgs/include/micro_ros_msgs/micro_ros_msgs/msg/detail/graph__type_support.h
[5.729s] -- Up-to-date: /home/joaoferreira/beta/install/micro_ros_msgs/include/micro_ros_msgs/micro_ros_msgs/msg/detail/node__functions.h
[5.729s] -- Up-to-date: /home/joaoferreira/beta/install/micro_ros_msgs/include/micro_ros_msgs/micro_ros_msgs/msg/detail/node__functions.c
[5.730s] -- Up-to-date: /home/joaoferreira/beta/install/micro_ros_msgs/include/micro_ros_msgs/micro_ros_msgs/msg/detail/node__struct.h
[5.730s] -- Up-to-date: /home/joaoferreira/beta/install/micro_ros_msgs/include/micro_ros_msgs/micro_ros_msgs/msg/detail/entity__type_support.h
[5.730s] -- Up-to-date: /home/joaoferreira/beta/install/micro_ros_msgs/include/micro_ros_msgs/micro_ros_msgs/msg/entity.h
[5.730s] -- Up-to-date: /home/joaoferreira/beta/install/micro_ros_msgs/include/micro_ros_msgs/micro_ros_msgs/msg/graph.h
[5.730s] -- Up-to-date: /home/joaoferreira/beta/install/micro_ros_msgs/include/micro_ros_msgs/micro_ros_msgs/msg/rosidl_generator_c__visibility_control.h
[5.731s] -- Up-to-date: /home/joaoferreira/beta/install/micro_ros_msgs/include/micro_ros_msgs/micro_ros_msgs/msg/node.h
[5.731s] -- Up-to-date: /home/joaoferreira/beta/install/micro_ros_msgs/share/micro_ros_msgs/environment/library_path.sh
[5.731s] -- Up-to-date: /home/joaoferreira/beta/install/micro_ros_msgs/share/micro_ros_msgs/environment/library_path.dsv
[5.731s] -- Up-to-date: /home/joaoferreira/beta/install/micro_ros_msgs/lib/libmicro_ros_msgs__rosidl_generator_c.so
[5.731s] -- Up-to-date: /home/joaoferreira/beta/install/micro_ros_msgs/include/micro_ros_msgs/micro_ros_msgs
[5.731s] -- Up-to-date: /home/joaoferreira/beta/install/micro_ros_msgs/include/micro_ros_msgs/micro_ros_msgs/msg
[5.731s] -- Up-to-date: /home/joaoferreira/beta/install/micro_ros_msgs/include/micro_ros_msgs/micro_ros_msgs/msg/detail
[5.732s] -- Up-to-date: /home/joaoferreira/beta/install/micro_ros_msgs/include/micro_ros_msgs/micro_ros_msgs/msg/detail/node__rosidl_typesupport_fastrtps_c.h
[5.732s] -- Up-to-date: /home/joaoferreira/beta/install/micro_ros_msgs/include/micro_ros_msgs/micro_ros_msgs/msg/detail/entity__rosidl_typesupport_fastrtps_c.h
[5.732s] -- Up-to-date: /home/joaoferreira/beta/install/micro_ros_msgs/include/micro_ros_msgs/micro_ros_msgs/msg/detail/graph__rosidl_typesupport_fastrtps_c.h
[5.733s] -- Up-to-date: /home/joaoferreira/beta/install/micro_ros_msgs/include/micro_ros_msgs/micro_ros_msgs/msg/rosidl_typesupport_fastrtps_c__visibility_control.h
[5.733s] -- Up-to-date: /home/joaoferreira/beta/install/micro_ros_msgs/lib/libmicro_ros_msgs__rosidl_typesupport_fastrtps_c.so
[5.733s] -- Up-to-date: /home/joaoferreira/beta/install/micro_ros_msgs/include/micro_ros_msgs/micro_ros_msgs
[5.733s] -- Up-to-date: /home/joaoferreira/beta/install/micro_ros_msgs/include/micro_ros_msgs/micro_ros_msgs/msg
[5.733s] -- Up-to-date: /home/joaoferreira/beta/install/micro_ros_msgs/include/micro_ros_msgs/micro_ros_msgs/msg/detail
[5.733s] -- Up-to-date: /home/joaoferreira/beta/install/micro_ros_msgs/include/micro_ros_msgs/micro_ros_msgs/msg/detail/graph__type_support.c
[5.733s] -- Up-to-date: /home/joaoferreira/beta/install/micro_ros_msgs/include/micro_ros_msgs/micro_ros_msgs/msg/detail/node__type_support.c
[5.733s] -- Up-to-date: /home/joaoferreira/beta/install/micro_ros_msgs/include/micro_ros_msgs/micro_ros_msgs/msg/detail/graph__rosidl_typesupport_introspection_c.h
[5.733s] -- Up-to-date: /home/joaoferreira/beta/install/micro_ros_msgs/include/micro_ros_msgs/micro_ros_msgs/msg/detail/entity__rosidl_typesupport_introspection_c.h
[5.733s] -- Up-to-date: /home/joaoferreira/beta/install/micro_ros_msgs/include/micro_ros_msgs/micro_ros_msgs/msg/detail/entity__type_support.c
[5.734s] -- Up-to-date: /home/joaoferreira/beta/install/micro_ros_msgs/include/micro_ros_msgs/micro_ros_msgs/msg/detail/node__rosidl_typesupport_introspection_c.h
[5.734s] -- Up-to-date: /home/joaoferreira/beta/install/micro_ros_msgs/include/micro_ros_msgs/micro_ros_msgs/msg/rosidl_typesupport_introspection_c__visibility_control.h
[5.734s] -- Up-to-date: /home/joaoferreira/beta/install/micro_ros_msgs/lib/libmicro_ros_msgs__rosidl_typesupport_introspection_c.so
[5.734s] -- Up-to-date: /home/joaoferreira/beta/install/micro_ros_msgs/lib/libmicro_ros_msgs__rosidl_typesupport_c.so
[5.734s] -- Up-to-date: /home/joaoferreira/beta/install/micro_ros_msgs/include/micro_ros_msgs/micro_ros_msgs
[5.734s] -- Up-to-date: /home/joaoferreira/beta/install/micro_ros_msgs/include/micro_ros_msgs/micro_ros_msgs/msg
[5.734s] -- Up-to-date: /home/joaoferreira/beta/install/micro_ros_msgs/include/micro_ros_msgs/micro_ros_msgs/msg/entity.hpp
[5.734s] -- Up-to-date: /home/joaoferreira/beta/install/micro_ros_msgs/include/micro_ros_msgs/micro_ros_msgs/msg/detail
[5.735s] -- Up-to-date: /home/joaoferreira/beta/install/micro_ros_msgs/include/micro_ros_msgs/micro_ros_msgs/msg/detail/node__builder.hpp
[5.735s] -- Up-to-date: /home/joaoferreira/beta/install/micro_ros_msgs/include/micro_ros_msgs/micro_ros_msgs/msg/detail/node__type_support.hpp
[5.735s] -- Up-to-date: /home/joaoferreira/beta/install/micro_ros_msgs/include/micro_ros_msgs/micro_ros_msgs/msg/detail/graph__traits.hpp
[5.735s] -- Up-to-date: /home/joaoferreira/beta/install/micro_ros_msgs/include/micro_ros_msgs/micro_ros_msgs/msg/detail/entity__type_support.hpp
[5.735s] -- Up-to-date: /home/joaoferreira/beta/install/micro_ros_msgs/include/micro_ros_msgs/micro_ros_msgs/msg/detail/node__struct.hpp
[5.735s] -- Up-to-date: /home/joaoferreira/beta/install/micro_ros_msgs/include/micro_ros_msgs/micro_ros_msgs/msg/detail/entity__builder.hpp
[5.735s] -- Up-to-date: /home/joaoferreira/beta/install/micro_ros_msgs/include/micro_ros_msgs/micro_ros_msgs/msg/detail/entity__struct.hpp
[5.735s] -- Up-to-date: /home/joaoferreira/beta/install/micro_ros_msgs/include/micro_ros_msgs/micro_ros_msgs/msg/detail/graph__type_support.hpp
[5.736s] -- Up-to-date: /home/joaoferreira/beta/install/micro_ros_msgs/include/micro_ros_msgs/micro_ros_msgs/msg/detail/entity__traits.hpp
[5.745s] -- Up-to-date: /home/joaoferreira/beta/install/micro_ros_msgs/include/micro_ros_msgs/micro_ros_msgs/msg/detail/graph__builder.hpp
[5.745s] -- Up-to-date: /home/joaoferreira/beta/install/micro_ros_msgs/include/micro_ros_msgs/micro_ros_msgs/msg/detail/node__traits.hpp
[5.749s] -- Up-to-date: /home/joaoferreira/beta/install/micro_ros_msgs/include/micro_ros_msgs/micro_ros_msgs/msg/detail/graph__struct.hpp
[5.749s] -- Up-to-date: /home/joaoferreira/beta/install/micro_ros_msgs/include/micro_ros_msgs/micro_ros_msgs/msg/node.hpp
[5.749s] -- Up-to-date: /home/joaoferreira/beta/install/micro_ros_msgs/include/micro_ros_msgs/micro_ros_msgs/msg/rosidl_generator_cpp__visibility_control.hpp
[5.749s] -- Up-to-date: /home/joaoferreira/beta/install/micro_ros_msgs/include/micro_ros_msgs/micro_ros_msgs/msg/graph.hpp
[5.749s] -- Up-to-date: /home/joaoferreira/beta/install/micro_ros_msgs/include/micro_ros_msgs/micro_ros_msgs
[5.749s] -- Up-to-date: /home/joaoferreira/beta/install/micro_ros_msgs/include/micro_ros_msgs/micro_ros_msgs/msg
[5.750s] -- Up-to-date: /home/joaoferreira/beta/install/micro_ros_msgs/include/micro_ros_msgs/micro_ros_msgs/msg/detail
[5.750s] -- Up-to-date: /home/joaoferreira/beta/install/micro_ros_msgs/include/micro_ros_msgs/micro_ros_msgs/msg/detail/graph__rosidl_typesupport_fastrtps_cpp.hpp
[5.750s] -- Up-to-date: /home/joaoferreira/beta/install/micro_ros_msgs/include/micro_ros_msgs/micro_ros_msgs/msg/detail/node__rosidl_typesupport_fastrtps_cpp.hpp
[5.750s] -- Up-to-date: /home/joaoferreira/beta/install/micro_ros_msgs/include/micro_ros_msgs/micro_ros_msgs/msg/detail/entity__rosidl_typesupport_fastrtps_cpp.hpp
[5.750s] -- Up-to-date: /home/joaoferreira/beta/install/micro_ros_msgs/include/micro_ros_msgs/micro_ros_msgs/msg/detail/dds_fastrtps
[5.750s] -- Up-to-date: /home/joaoferreira/beta/install/micro_ros_msgs/include/micro_ros_msgs/micro_ros_msgs/msg/rosidl_typesupport_fastrtps_cpp__visibility_control.h
[5.751s] -- Up-to-date: /home/joaoferreira/beta/install/micro_ros_msgs/lib/libmicro_ros_msgs__rosidl_typesupport_fastrtps_cpp.so
[5.751s] -- Up-to-date: /home/joaoferreira/beta/install/micro_ros_msgs/include/micro_ros_msgs/micro_ros_msgs
[5.751s] -- Up-to-date: /home/joaoferreira/beta/install/micro_ros_msgs/include/micro_ros_msgs/micro_ros_msgs/msg
[5.751s] -- Up-to-date: /home/joaoferreira/beta/install/micro_ros_msgs/include/micro_ros_msgs/micro_ros_msgs/msg/detail
[5.751s] -- Up-to-date: /home/joaoferreira/beta/install/micro_ros_msgs/include/micro_ros_msgs/micro_ros_msgs/msg/detail/graph__type_support.cpp
[5.751s] -- Up-to-date: /home/joaoferreira/beta/install/micro_ros_msgs/include/micro_ros_msgs/micro_ros_msgs/msg/detail/entity__rosidl_typesupport_introspection_cpp.hpp
[5.751s] -- Up-to-date: /home/joaoferreira/beta/install/micro_ros_msgs/include/micro_ros_msgs/micro_ros_msgs/msg/detail/graph__rosidl_typesupport_introspection_cpp.hpp
[5.751s] -- Up-to-date: /home/joaoferreira/beta/install/micro_ros_msgs/include/micro_ros_msgs/micro_ros_msgs/msg/detail/entity__type_support.cpp
[5.798s] -- Up-to-date: /home/joaoferreira/beta/install/micro_ros_msgs/include/micro_ros_msgs/micro_ros_msgs/msg/detail/node__rosidl_typesupport_introspection_cpp.hpp
[5.798s] -- Up-to-date: /home/joaoferreira/beta/install/micro_ros_msgs/include/micro_ros_msgs/micro_ros_msgs/msg/detail/node__type_support.cpp
[5.798s] -- Up-to-date: /home/joaoferreira/beta/install/micro_ros_msgs/lib/libmicro_ros_msgs__rosidl_typesupport_introspection_cpp.so
[5.799s] -- Up-to-date: /home/joaoferreira/beta/install/micro_ros_msgs/lib/libmicro_ros_msgs__rosidl_typesupport_cpp.so
[5.799s] -- Up-to-date: /home/joaoferreira/beta/install/micro_ros_msgs/share/micro_ros_msgs/environment/pythonpath.sh
[5.800s] -- Up-to-date: /home/joaoferreira/beta/install/micro_ros_msgs/share/micro_ros_msgs/environment/pythonpath.dsv
[5.800s] -- Up-to-date: /home/joaoferreira/beta/install/micro_ros_msgs/local/lib/python3.10/dist-packages/micro_ros_msgs-3.0.1-py3.10.egg-info
[5.800s] -- Installing: /home/joaoferreira/beta/install/micro_ros_msgs/local/lib/python3.10/dist-packages/micro_ros_msgs-3.0.1-py3.10.egg-info/SOURCES.txt
[5.800s] -- Installing: /home/joaoferreira/beta/install/micro_ros_msgs/local/lib/python3.10/dist-packages/micro_ros_msgs-3.0.1-py3.10.egg-info/dependency_links.txt
[5.801s] -- Installing: /home/joaoferreira/beta/install/micro_ros_msgs/local/lib/python3.10/dist-packages/micro_ros_msgs-3.0.1-py3.10.egg-info/top_level.txt
[5.801s] -- Installing: /home/joaoferreira/beta/install/micro_ros_msgs/local/lib/python3.10/dist-packages/micro_ros_msgs-3.0.1-py3.10.egg-info/PKG-INFO
[5.801s] -- Up-to-date: /home/joaoferreira/beta/install/micro_ros_msgs/local/lib/python3.10/dist-packages/micro_ros_msgs
[5.802s] -- Up-to-date: /home/joaoferreira/beta/install/micro_ros_msgs/local/lib/python3.10/dist-packages/micro_ros_msgs/libmicro_ros_msgs__rosidl_generator_py.so
[5.802s] -- Up-to-date: /home/joaoferreira/beta/install/micro_ros_msgs/local/lib/python3.10/dist-packages/micro_ros_msgs/msg
[5.802s] -- Up-to-date: /home/joaoferreira/beta/install/micro_ros_msgs/local/lib/python3.10/dist-packages/micro_ros_msgs/msg/_entity_s.c
[5.802s] -- Up-to-date: /home/joaoferreira/beta/install/micro_ros_msgs/local/lib/python3.10/dist-packages/micro_ros_msgs/msg/_node.py
[5.802s] -- Up-to-date: /home/joaoferreira/beta/install/micro_ros_msgs/local/lib/python3.10/dist-packages/micro_ros_msgs/msg/_graph.py
[5.803s] -- Up-to-date: /home/joaoferreira/beta/install/micro_ros_msgs/local/lib/python3.10/dist-packages/micro_ros_msgs/msg/_node_s.c
[5.803s] -- Up-to-date: /home/joaoferreira/beta/install/micro_ros_msgs/local/lib/python3.10/dist-packages/micro_ros_msgs/msg/_graph_s.c
[5.803s] -- Up-to-date: /home/joaoferreira/beta/install/micro_ros_msgs/local/lib/python3.10/dist-packages/micro_ros_msgs/msg/_entity.py
[5.805s] -- Up-to-date: /home/joaoferreira/beta/install/micro_ros_msgs/local/lib/python3.10/dist-packages/micro_ros_msgs/msg/__init__.py
[5.805s] -- Up-to-date: /home/joaoferreira/beta/install/micro_ros_msgs/local/lib/python3.10/dist-packages/micro_ros_msgs/_micro_ros_msgs_s.ep.rosidl_typesupport_c.c
[5.805s] -- Up-to-date: /home/joaoferreira/beta/install/micro_ros_msgs/local/lib/python3.10/dist-packages/micro_ros_msgs/micro_ros_msgs_s__rosidl_typesupport_introspection_c.cpython-310-x86_64-linux-gnu.so
[5.809s] -- Up-to-date: /home/joaoferreira/beta/install/micro_ros_msgs/local/lib/python3.10/dist-packages/micro_ros_msgs/_micro_ros_msgs_s.ep.rosidl_typesupport_introspection_c.c
[5.810s] -- Up-to-date: /home/joaoferreira/beta/install/micro_ros_msgs/local/lib/python3.10/dist-packages/micro_ros_msgs/micro_ros_msgs_s__rosidl_typesupport_c.cpython-310-x86_64-linux-gnu.so
[5.810s] -- Up-to-date: /home/joaoferreira/beta/install/micro_ros_msgs/local/lib/python3.10/dist-packages/micro_ros_msgs/_micro_ros_msgs_s.ep.rosidl_typesupport_fastrtps_c.c
[5.810s] -- Up-to-date: /home/joaoferreira/beta/install/micro_ros_msgs/local/lib/python3.10/dist-packages/micro_ros_msgs/micro_ros_msgs_s__rosidl_typesupport_fastrtps_c.cpython-310-x86_64-linux-gnu.so
[5.810s] -- Up-to-date: /home/joaoferreira/beta/install/micro_ros_msgs/local/lib/python3.10/dist-packages/micro_ros_msgs/__init__.py
[5.882s] Listing '/home/joaoferreira/beta/install/micro_ros_msgs/local/lib/python3.10/dist-packages/micro_ros_msgs'...
[5.882s] Listing '/home/joaoferreira/beta/install/micro_ros_msgs/local/lib/python3.10/dist-packages/micro_ros_msgs/msg'...
[5.890s] -- Up-to-date: /home/joaoferreira/beta/install/micro_ros_msgs/local/lib/python3.10/dist-packages/micro_ros_msgs/micro_ros_msgs_s__rosidl_typesupport_fastrtps_c.cpython-310-x86_64-linux-gnu.so
[5.890s] -- Up-to-date: /home/joaoferreira/beta/install/micro_ros_msgs/local/lib/python3.10/dist-packages/micro_ros_msgs/micro_ros_msgs_s__rosidl_typesupport_introspection_c.cpython-310-x86_64-linux-gnu.so
[5.891s] -- Up-to-date: /home/joaoferreira/beta/install/micro_ros_msgs/local/lib/python3.10/dist-packages/micro_ros_msgs/micro_ros_msgs_s__rosidl_typesupport_c.cpython-310-x86_64-linux-gnu.so
[5.891s] -- Up-to-date: /home/joaoferreira/beta/install/micro_ros_msgs/lib/libmicro_ros_msgs__rosidl_generator_py.so
[5.892s] -- Up-to-date: /home/joaoferreira/beta/install/micro_ros_msgs/share/micro_ros_msgs/msg/Graph.idl
[5.892s] -- Up-to-date: /home/joaoferreira/beta/install/micro_ros_msgs/share/micro_ros_msgs/msg/Node.idl
[5.892s] -- Up-to-date: /home/joaoferreira/beta/install/micro_ros_msgs/share/micro_ros_msgs/msg/Entity.idl
[5.893s] -- Up-to-date: /home/joaoferreira/beta/install/micro_ros_msgs/share/micro_ros_msgs/msg/Graph.msg
[5.893s] -- Up-to-date: /home/joaoferreira/beta/install/micro_ros_msgs/share/micro_ros_msgs/msg/Node.msg
[5.893s] -- Up-to-date: /home/joaoferreira/beta/install/micro_ros_msgs/share/micro_ros_msgs/msg/Entity.msg
[5.893s] -- Up-to-date: /home/joaoferreira/beta/install/micro_ros_msgs/share/ament_index/resource_index/package_run_dependencies/micro_ros_msgs
[5.893s] -- Up-to-date: /home/joaoferreira/beta/install/micro_ros_msgs/share/ament_index/resource_index/parent_prefix_path/micro_ros_msgs
[5.893s] -- Up-to-date: /home/joaoferreira/beta/install/micro_ros_msgs/share/micro_ros_msgs/environment/ament_prefix_path.sh
[5.894s] -- Up-to-date: /home/joaoferreira/beta/install/micro_ros_msgs/share/micro_ros_msgs/environment/ament_prefix_path.dsv
[5.894s] -- Up-to-date: /home/joaoferreira/beta/install/micro_ros_msgs/share/micro_ros_msgs/environment/path.sh
[5.894s] -- Up-to-date: /home/joaoferreira/beta/install/micro_ros_msgs/share/micro_ros_msgs/environment/path.dsv
[5.894s] -- Up-to-date: /home/joaoferreira/beta/install/micro_ros_msgs/share/micro_ros_msgs/local_setup.bash
[5.894s] -- Up-to-date: /home/joaoferreira/beta/install/micro_ros_msgs/share/micro_ros_msgs/local_setup.sh
[5.894s] -- Up-to-date: /home/joaoferreira/beta/install/micro_ros_msgs/share/micro_ros_msgs/local_setup.zsh
[5.894s] -- Up-to-date: /home/joaoferreira/beta/install/micro_ros_msgs/share/micro_ros_msgs/local_setup.dsv
[5.895s] -- Installing: /home/joaoferreira/beta/install/micro_ros_msgs/share/micro_ros_msgs/package.dsv
[5.908s] -- Up-to-date: /home/joaoferreira/beta/install/micro_ros_msgs/share/ament_index/resource_index/packages/micro_ros_msgs
[5.908s] -- Up-to-date: /home/joaoferreira/beta/install/micro_ros_msgs/share/micro_ros_msgs/cmake/export_micro_ros_msgs__rosidl_generator_cExport.cmake
[5.908s] -- Up-to-date: /home/joaoferreira/beta/install/micro_ros_msgs/share/micro_ros_msgs/cmake/export_micro_ros_msgs__rosidl_generator_cExport-noconfig.cmake
[5.908s] -- Up-to-date: /home/joaoferreira/beta/install/micro_ros_msgs/share/micro_ros_msgs/cmake/export_micro_ros_msgs__rosidl_typesupport_fastrtps_cExport.cmake
[5.909s] -- Up-to-date: /home/joaoferreira/beta/install/micro_ros_msgs/share/micro_ros_msgs/cmake/export_micro_ros_msgs__rosidl_typesupport_fastrtps_cExport-noconfig.cmake
[5.909s] -- Up-to-date: /home/joaoferreira/beta/install/micro_ros_msgs/share/micro_ros_msgs/cmake/micro_ros_msgs__rosidl_typesupport_introspection_cExport.cmake
[5.909s] -- Up-to-date: /home/joaoferreira/beta/install/micro_ros_msgs/share/micro_ros_msgs/cmake/micro_ros_msgs__rosidl_typesupport_introspection_cExport-noconfig.cmake
[5.909s] -- Up-to-date: /home/joaoferreira/beta/install/micro_ros_msgs/share/micro_ros_msgs/cmake/micro_ros_msgs__rosidl_typesupport_cExport.cmake
[5.909s] -- Up-to-date: /home/joaoferreira/beta/install/micro_ros_msgs/share/micro_ros_msgs/cmake/micro_ros_msgs__rosidl_typesupport_cExport-noconfig.cmake
[5.910s] -- Up-to-date: /home/joaoferreira/beta/install/micro_ros_msgs/share/micro_ros_msgs/cmake/export_micro_ros_msgs__rosidl_generator_cppExport.cmake
[5.910s] -- Up-to-date: /home/joaoferreira/beta/install/micro_ros_msgs/share/micro_ros_msgs/cmake/export_micro_ros_msgs__rosidl_typesupport_fastrtps_cppExport.cmake
[5.910s] -- Up-to-date: /home/joaoferreira/beta/install/micro_ros_msgs/share/micro_ros_msgs/cmake/export_micro_ros_msgs__rosidl_typesupport_fastrtps_cppExport-noconfig.cmake
[5.910s] -- Up-to-date: /home/joaoferreira/beta/install/micro_ros_msgs/share/micro_ros_msgs/cmake/micro_ros_msgs__rosidl_typesupport_introspection_cppExport.cmake
[5.911s] -- Up-to-date: /home/joaoferreira/beta/install/micro_ros_msgs/share/micro_ros_msgs/cmake/micro_ros_msgs__rosidl_typesupport_introspection_cppExport-noconfig.cmake
[5.911s] -- Up-to-date: /home/joaoferreira/beta/install/micro_ros_msgs/share/micro_ros_msgs/cmake/micro_ros_msgs__rosidl_typesupport_cppExport.cmake
[5.911s] -- Up-to-date: /home/joaoferreira/beta/install/micro_ros_msgs/share/micro_ros_msgs/cmake/micro_ros_msgs__rosidl_typesupport_cppExport-noconfig.cmake
[5.911s] -- Up-to-date: /home/joaoferreira/beta/install/micro_ros_msgs/share/micro_ros_msgs/cmake/export_micro_ros_msgs__rosidl_generator_pyExport.cmake
[5.912s] -- Up-to-date: /home/joaoferreira/beta/install/micro_ros_msgs/share/micro_ros_msgs/cmake/export_micro_ros_msgs__rosidl_generator_pyExport-noconfig.cmake
[5.912s] -- Up-to-date: /home/joaoferreira/beta/install/micro_ros_msgs/share/micro_ros_msgs/cmake/rosidl_cmake-extras.cmake
[5.912s] -- Up-to-date: /home/joaoferreira/beta/install/micro_ros_msgs/share/micro_ros_msgs/cmake/ament_cmake_export_include_directories-extras.cmake
[5.912s] -- Up-to-date: /home/joaoferreira/beta/install/micro_ros_msgs/share/micro_ros_msgs/cmake/ament_cmake_export_libraries-extras.cmake
[5.913s] -- Up-to-date: /home/joaoferreira/beta/install/micro_ros_msgs/share/micro_ros_msgs/cmake/ament_cmake_export_targets-extras.cmake
[5.913s] -- Up-to-date: /home/joaoferreira/beta/install/micro_ros_msgs/share/micro_ros_msgs/cmake/rosidl_cmake_export_typesupport_targets-extras.cmake
[5.913s] -- Up-to-date: /home/joaoferreira/beta/install/micro_ros_msgs/share/micro_ros_msgs/cmake/ament_cmake_export_dependencies-extras.cmake
[5.913s] -- Up-to-date: /home/joaoferreira/beta/install/micro_ros_msgs/share/micro_ros_msgs/cmake/rosidl_cmake_export_typesupport_libraries-extras.cmake
[5.913s] -- Up-to-date: /home/joaoferreira/beta/install/micro_ros_msgs/share/micro_ros_msgs/cmake/micro_ros_msgsConfig.cmake
[5.915s] -- Up-to-date: /home/joaoferreira/beta/install/micro_ros_msgs/share/micro_ros_msgs/cmake/micro_ros_msgsConfig-version.cmake
[5.915s] -- Up-to-date: /home/joaoferreira/beta/install/micro_ros_msgs/share/micro_ros_msgs/package.xml
[5.919s] Invoked command in '/home/joaoferreira/beta/build/micro_ros_msgs' returned '0': CMAKE_PREFIX_PATH=${CMAKE_PREFIX_PATH}:/home/joaoferreira/beta/install/beta_controller:/opt/ros/humble /usr/bin/cmake --install /home/joaoferreira/beta/build/micro_ros_msgs
