[0.502s] DEBUG:colcon:Command line arguments: ['/usr/bin/colcon', 'build']
[0.502s] DEBUG:colcon:Parsed command line arguments: Namespace(log_base=None, log_level=None, verb_name='build', build_base='build', install_base='install', merge_install=False, symlink_install=False, test_result_base=None, continue_on_error=False, executor='parallel', parallel_workers=4, event_handlers=None, ignore_user_meta=False, metas=['./colcon.meta'], base_paths=['.'], packages_ignore=None, packages_ignore_regex=None, paths=None, packages_up_to=None, packages_up_to_regex=None, packages_above=None, packages_above_and_dependencies=None, packages_above_depth=None, packages_select_by_dep=None, packages_skip_by_dep=None, packages_skip_up_to=None, packages_select_build_failed=False, packages_skip_build_finished=False, packages_select_test_failures=False, packages_skip_test_passed=False, packages_select=None, packages_skip=None, packages_select_regex=None, packages_skip_regex=None, packages_start=None, packages_end=None, allow_overriding=[], cmake_args=None, cmake_target=None, cmake_target_skip_unavailable=False, cmake_clean_cache=False, cmake_clean_first=False, cmake_force_configure=False, ament_cmake_args=None, catkin_cmake_args=None, catkin_skip_building_tests=False, mixin_files=None, mixin=None, verb_parser=<colcon_mixin.mixin.mixin_argument.MixinArgumentDecorator object at 0x7a05e00650c0>, verb_extension=<colcon_core.verb.build.BuildVerb object at 0x7a05e0064a00>, main=<bound method BuildVerb.main of <colcon_core.verb.build.BuildVerb object at 0x7a05e0064a00>>, mixin_verb=('build',))
[5.248s] Level 1:colcon.colcon_core.package_discovery:discover_packages(colcon_meta) check parameters
[5.248s] Level 1:colcon.colcon_core.package_discovery:discover_packages(recursive) check parameters
[5.249s] Level 1:colcon.colcon_core.package_discovery:discover_packages(ignore) check parameters
[5.249s] Level 1:colcon.colcon_core.package_discovery:discover_packages(path) check parameters
[5.249s] Level 1:colcon.colcon_core.package_discovery:discover_packages(colcon_meta) discover
[5.249s] Level 1:colcon.colcon_core.package_discovery:discover_packages(recursive) discover
[5.249s] INFO:colcon.colcon_core.package_discovery:Crawling recursively for packages in '/home/joaoferreira/beta/beta_firmware/beta_firmware'
[5.249s] Level 1:colcon.colcon_core.package_identification:_identify(.) by extensions ['ignore', 'ignore_ament_install']
[5.250s] Level 1:colcon.colcon_core.package_identification:_identify(.) by extension 'ignore'
[5.250s] Level 1:colcon.colcon_core.package_identification:_identify(.) by extension 'ignore_ament_install'
[5.250s] Level 1:colcon.colcon_core.package_identification:_identify(.) by extensions ['colcon_pkg']
[5.250s] Level 1:colcon.colcon_core.package_identification:_identify(.) by extension 'colcon_pkg'
[5.250s] Level 1:colcon.colcon_core.package_identification:_identify(.) by extensions ['colcon_meta']
[5.250s] Level 1:colcon.colcon_core.package_identification:_identify(.) by extension 'colcon_meta'
[5.250s] Level 1:colcon.colcon_core.package_identification:_identify(.) by extensions ['ros']
[5.251s] Level 1:colcon.colcon_core.package_identification:_identify(.) by extension 'ros'
[5.341s] Level 1:colcon.colcon_core.package_identification:_identify(.) by extensions ['cmake', 'python']
[5.342s] Level 1:colcon.colcon_core.package_identification:_identify(.) by extension 'cmake'
[5.342s] Level 1:colcon.colcon_core.package_identification:_identify(.) by extension 'python'
[5.342s] Level 1:colcon.colcon_core.package_identification:_identify(.) by extensions ['python_setup_py']
[5.342s] Level 1:colcon.colcon_core.package_identification:_identify(.) by extension 'python_setup_py'
[5.343s] Level 1:colcon.colcon_core.package_identification:_identify(build) by extensions ['ignore', 'ignore_ament_install']
[5.343s] Level 1:colcon.colcon_core.package_identification:_identify(build) by extension 'ignore'
[5.343s] Level 1:colcon.colcon_core.package_identification:_identify(build) ignored
[5.344s] Level 1:colcon.colcon_core.package_identification:_identify(include) by extensions ['ignore', 'ignore_ament_install']
[5.344s] Level 1:colcon.colcon_core.package_identification:_identify(include) by extension 'ignore'
[5.344s] Level 1:colcon.colcon_core.package_identification:_identify(include) by extension 'ignore_ament_install'
[5.344s] Level 1:colcon.colcon_core.package_identification:_identify(include) by extensions ['colcon_pkg']
[5.344s] Level 1:colcon.colcon_core.package_identification:_identify(include) by extension 'colcon_pkg'
[5.344s] Level 1:colcon.colcon_core.package_identification:_identify(include) by extensions ['colcon_meta']
[5.345s] Level 1:colcon.colcon_core.package_identification:_identify(include) by extension 'colcon_meta'
[5.345s] Level 1:colcon.colcon_core.package_identification:_identify(include) by extensions ['ros']
[5.345s] Level 1:colcon.colcon_core.package_identification:_identify(include) by extension 'ros'
[5.345s] Level 1:colcon.colcon_core.package_identification:_identify(include) by extensions ['cmake', 'python']
[5.345s] Level 1:colcon.colcon_core.package_identification:_identify(include) by extension 'cmake'
[5.345s] Level 1:colcon.colcon_core.package_identification:_identify(include) by extension 'python'
[5.346s] Level 1:colcon.colcon_core.package_identification:_identify(include) by extensions ['python_setup_py']
[5.346s] Level 1:colcon.colcon_core.package_identification:_identify(include) by extension 'python_setup_py'
[5.346s] Level 1:colcon.colcon_core.package_identification:_identify(install) by extensions ['ignore', 'ignore_ament_install']
[5.346s] Level 1:colcon.colcon_core.package_identification:_identify(install) by extension 'ignore'
[5.346s] Level 1:colcon.colcon_core.package_identification:_identify(install) ignored
[5.347s] Level 1:colcon.colcon_core.package_identification:_identify(lib) by extensions ['ignore', 'ignore_ament_install']
[5.347s] Level 1:colcon.colcon_core.package_identification:_identify(lib) by extension 'ignore'
[5.347s] Level 1:colcon.colcon_core.package_identification:_identify(lib) by extension 'ignore_ament_install'
[5.347s] Level 1:colcon.colcon_core.package_identification:_identify(lib) by extensions ['colcon_pkg']
[5.347s] Level 1:colcon.colcon_core.package_identification:_identify(lib) by extension 'colcon_pkg'
[5.348s] Level 1:colcon.colcon_core.package_identification:_identify(lib) by extensions ['colcon_meta']
[5.348s] Level 1:colcon.colcon_core.package_identification:_identify(lib) by extension 'colcon_meta'
[5.348s] Level 1:colcon.colcon_core.package_identification:_identify(lib) by extensions ['ros']
[5.348s] Level 1:colcon.colcon_core.package_identification:_identify(lib) by extension 'ros'
[5.348s] Level 1:colcon.colcon_core.package_identification:_identify(lib) by extensions ['cmake', 'python']
[5.348s] Level 1:colcon.colcon_core.package_identification:_identify(lib) by extension 'cmake'
[5.348s] Level 1:colcon.colcon_core.package_identification:_identify(lib) by extension 'python'
[5.349s] Level 1:colcon.colcon_core.package_identification:_identify(lib) by extensions ['python_setup_py']
[5.349s] Level 1:colcon.colcon_core.package_identification:_identify(lib) by extension 'python_setup_py'
[5.349s] Level 1:colcon.colcon_core.package_identification:_identify(log) by extensions ['ignore', 'ignore_ament_install']
[5.349s] Level 1:colcon.colcon_core.package_identification:_identify(log) by extension 'ignore'
[5.349s] Level 1:colcon.colcon_core.package_identification:_identify(log) ignored
[5.350s] Level 1:colcon.colcon_core.package_identification:_identify(src) by extensions ['ignore', 'ignore_ament_install']
[5.350s] Level 1:colcon.colcon_core.package_identification:_identify(src) by extension 'ignore'
[5.350s] Level 1:colcon.colcon_core.package_identification:_identify(src) by extension 'ignore_ament_install'
[5.350s] Level 1:colcon.colcon_core.package_identification:_identify(src) by extensions ['colcon_pkg']
[5.350s] Level 1:colcon.colcon_core.package_identification:_identify(src) by extension 'colcon_pkg'
[5.351s] Level 1:colcon.colcon_core.package_identification:_identify(src) by extensions ['colcon_meta']
[5.351s] Level 1:colcon.colcon_core.package_identification:_identify(src) by extension 'colcon_meta'
[5.351s] Level 1:colcon.colcon_core.package_identification:_identify(src) by extensions ['ros']
[5.351s] Level 1:colcon.colcon_core.package_identification:_identify(src) by extension 'ros'
[5.351s] Level 1:colcon.colcon_core.package_identification:_identify(src) by extensions ['cmake', 'python']
[5.351s] Level 1:colcon.colcon_core.package_identification:_identify(src) by extension 'cmake'
[5.351s] Level 1:colcon.colcon_core.package_identification:_identify(src) by extension 'python'
[5.352s] Level 1:colcon.colcon_core.package_identification:_identify(src) by extensions ['python_setup_py']
[5.352s] Level 1:colcon.colcon_core.package_identification:_identify(src) by extension 'python_setup_py'
[5.352s] Level 1:colcon.colcon_core.package_identification:_identify(test) by extensions ['ignore', 'ignore_ament_install']
[5.352s] Level 1:colcon.colcon_core.package_identification:_identify(test) by extension 'ignore'
[5.352s] Level 1:colcon.colcon_core.package_identification:_identify(test) by extension 'ignore_ament_install'
[5.353s] Level 1:colcon.colcon_core.package_identification:_identify(test) by extensions ['colcon_pkg']
[5.353s] Level 1:colcon.colcon_core.package_identification:_identify(test) by extension 'colcon_pkg'
[5.353s] Level 1:colcon.colcon_core.package_identification:_identify(test) by extensions ['colcon_meta']
[5.353s] Level 1:colcon.colcon_core.package_identification:_identify(test) by extension 'colcon_meta'
[5.353s] Level 1:colcon.colcon_core.package_identification:_identify(test) by extensions ['ros']
[5.353s] Level 1:colcon.colcon_core.package_identification:_identify(test) by extension 'ros'
[5.353s] Level 1:colcon.colcon_core.package_identification:_identify(test) by extensions ['cmake', 'python']
[5.354s] Level 1:colcon.colcon_core.package_identification:_identify(test) by extension 'cmake'
[5.354s] Level 1:colcon.colcon_core.package_identification:_identify(test) by extension 'python'
[5.354s] Level 1:colcon.colcon_core.package_identification:_identify(test) by extensions ['python_setup_py']
[5.354s] Level 1:colcon.colcon_core.package_identification:_identify(test) by extension 'python_setup_py'
[5.354s] Level 1:colcon.colcon_core.package_discovery:discover_packages(recursive) using defaults
[5.354s] Level 1:colcon.colcon_core.package_discovery:discover_packages(ignore) discover
[5.354s] Level 1:colcon.colcon_core.package_discovery:discover_packages(ignore) using defaults
[5.354s] Level 1:colcon.colcon_core.package_discovery:discover_packages(path) discover
[5.354s] Level 1:colcon.colcon_core.package_discovery:discover_packages(path) using defaults
[5.432s] Level 1:colcon.colcon_core.package_discovery:discover_packages(prefix_path) check parameters
[5.432s] Level 1:colcon.colcon_core.package_discovery:discover_packages(prefix_path) discover
[5.436s] DEBUG:colcon.colcon_installed_package_information.package_discovery:Found 294 installed packages in /opt/ros/humble
[5.440s] Level 1:colcon.colcon_core.package_discovery:discover_packages(prefix_path) using defaults
[5.497s] INFO:colcon.colcon_core.executor:Executing jobs using 'parallel' executor
[5.499s] DEBUG:colcon.colcon_parallel_executor.executor.parallel:run_until_complete
[5.499s] DEBUG:colcon.colcon_parallel_executor.executor.parallel:closing loop
[5.499s] DEBUG:colcon.colcon_parallel_executor.executor.parallel:loop closed
[5.499s] DEBUG:colcon.colcon_parallel_executor.executor.parallel:run_until_complete finished with '0'
[5.499s] DEBUG:colcon.colcon_core.event_reactor:joining thread
[5.638s] INFO:colcon.colcon_core.plugin_system:Skipping extension 'colcon_notification.desktop_notification.terminal_notifier': Not used on non-Darwin systems
[5.638s] INFO:colcon.colcon_core.plugin_system:Skipping extension 'colcon_notification.desktop_notification.win32': Not used on non-Windows systems
[5.638s] INFO:colcon.colcon_notification.desktop_notification:Sending desktop notification using 'notify2'
[5.666s] DEBUG:colcon.colcon_core.event_reactor:joined thread
[5.702s] INFO:colcon.colcon_core.plugin_system:Skipping extension 'colcon_core.shell.bat': Not used on non-Windows systems
[5.703s] INFO:colcon.colcon_core.shell:Creating prefix script '/home/joaoferreira/beta/beta_firmware/beta_firmware/install/local_setup.ps1'
[5.706s] INFO:colcon.colcon_core.shell:Creating prefix util module '/home/joaoferreira/beta/beta_firmware/beta_firmware/install/_local_setup_util_ps1.py'
[5.709s] INFO:colcon.colcon_core.shell:Creating prefix chain script '/home/joaoferreira/beta/beta_firmware/beta_firmware/install/setup.ps1'
[5.713s] INFO:colcon.colcon_core.shell:Creating prefix script '/home/joaoferreira/beta/beta_firmware/beta_firmware/install/local_setup.sh'
[5.727s] INFO:colcon.colcon_core.shell:Creating prefix util module '/home/joaoferreira/beta/beta_firmware/beta_firmware/install/_local_setup_util_sh.py'
[5.728s] INFO:colcon.colcon_core.shell:Creating prefix chain script '/home/joaoferreira/beta/beta_firmware/beta_firmware/install/setup.sh'
[5.729s] INFO:colcon.colcon_core.shell:Creating prefix script '/home/joaoferreira/beta/beta_firmware/beta_firmware/install/local_setup.bash'
[5.730s] INFO:colcon.colcon_core.shell:Creating prefix chain script '/home/joaoferreira/beta/beta_firmware/beta_firmware/install/setup.bash'
[5.732s] INFO:colcon.colcon_core.shell:Creating prefix script '/home/joaoferreira/beta/beta_firmware/beta_firmware/install/local_setup.zsh'
[5.733s] INFO:colcon.colcon_core.shell:Creating prefix chain script '/home/joaoferreira/beta/beta_firmware/beta_firmware/install/setup.zsh'
