[1.312s] Invoking command in '/home/joaoferreira/beta/src/beta_controller': PYTHONPATH=/home/joaoferreira/beta/build/beta_controller/prefix_override:/usr/lib/python3/dist-packages/colcon_core/task/python/colcon_distutils_commands:/home/joaoferreira/beta/install/beta_controller/lib/python3.10/site-packages:${PYTHONPATH} /usr/bin/python3 -W ignore:setup.py install is deprecated -W ignore:easy_install command is deprecated setup.py egg_info --egg-base ../../build/beta_controller build --build-base /home/joaoferreira/beta/build/beta_controller/build install --record /home/joaoferreira/beta/build/beta_controller/install.log --single-version-externally-managed install_data
[1.757s] running egg_info
[1.758s] writing ../../build/beta_controller/beta_controller.egg-info/PKG-INFO
[1.759s] writing dependency_links to ../../build/beta_controller/beta_controller.egg-info/dependency_links.txt
[1.759s] writing entry points to ../../build/beta_controller/beta_controller.egg-info/entry_points.txt
[1.760s] writing requirements to ../../build/beta_controller/beta_controller.egg-info/requires.txt
[1.760s] writing top-level names to ../../build/beta_controller/beta_controller.egg-info/top_level.txt
[1.764s] reading manifest file '../../build/beta_controller/beta_controller.egg-info/SOURCES.txt'
[1.765s] writing manifest file '../../build/beta_controller/beta_controller.egg-info/SOURCES.txt'
[1.766s] running build
[1.767s] running build_py
[1.767s] copying beta_controller/beta_motion_planner.py -> /home/joaoferreira/beta/build/beta_controller/build/lib/beta_controller
[1.768s] running install
[1.768s] running install_lib
[1.769s] copying /home/joaoferreira/beta/build/beta_controller/build/lib/beta_controller/beta_motion_planner.py -> /home/joaoferreira/beta/install/beta_controller/lib/python3.10/site-packages/beta_controller
[1.770s] byte-compiling /home/joaoferreira/beta/install/beta_controller/lib/python3.10/site-packages/beta_controller/beta_motion_planner.py to beta_motion_planner.cpython-310.pyc
[1.773s] running install_data
[1.774s] running install_egg_info
[1.777s] removing '/home/joaoferreira/beta/install/beta_controller/lib/python3.10/site-packages/beta_controller-0.0.0-py3.10.egg-info' (and everything under it)
[1.777s] Copying ../../build/beta_controller/beta_controller.egg-info to /home/joaoferreira/beta/install/beta_controller/lib/python3.10/site-packages/beta_controller-0.0.0-py3.10.egg-info
[1.779s] running install_scripts
[1.814s] Installing beta_gui script to /home/joaoferreira/beta/install/beta_controller/lib/beta_controller
[1.814s] Installing beta_motion_planner script to /home/joaoferreira/beta/install/beta_controller/lib/beta_controller
[1.815s] writing list of installed files to '/home/joaoferreira/beta/build/beta_controller/install.log'
[1.857s] Invoked command in '/home/joaoferreira/beta/src/beta_controller' returned '0': PYTHONPATH=/home/joaoferreira/beta/build/beta_controller/prefix_override:/usr/lib/python3/dist-packages/colcon_core/task/python/colcon_distutils_commands:/home/joaoferreira/beta/install/beta_controller/lib/python3.10/site-packages:${PYTHONPATH} /usr/bin/python3 -W ignore:setup.py install is deprecated -W ignore:easy_install command is deprecated setup.py egg_info --egg-base ../../build/beta_controller build --build-base /home/joaoferreira/beta/build/beta_controller/build install --record /home/joaoferreira/beta/build/beta_controller/install.log --single-version-externally-managed install_data
