[0.357s] DEBUG:colcon:Command line arguments: ['/usr/bin/colcon', 'list', '-p', '--base-paths', '/home/joaoferreira/beta']
[0.357s] DEBUG:colcon:Parsed command line arguments: Namespace(log_base=None, log_level=None, verb_name='list', build_base='build', ignore_user_meta=False, metas=['./colcon.meta'], base_paths=['/home/joaoferreira/beta'], packages_ignore=None, packages_ignore_regex=None, paths=None, packages_up_to=None, packages_up_to_regex=None, packages_above=None, packages_above_and_dependencies=None, packages_above_depth=None, packages_select_by_dep=None, packages_skip_by_dep=None, packages_skip_up_to=None, packages_select_build_failed=False, packages_skip_build_finished=False, packages_select_test_failures=False, packages_skip_test_passed=False, packages_select=None, packages_skip=None, packages_select_regex=None, packages_skip_regex=None, packages_start=None, packages_end=None, allow_overriding=[], topological_order=False, names_only=False, paths_only=True, topological_graph=False, topological_graph_dot=False, topological_graph_density=False, topological_graph_legend=False, topological_graph_dot_cluster=False, topological_graph_dot_include_skipped=False, mixin_files=None, mixin=None, verb_parser=<colcon_mixin.mixin.mixin_argument.MixinArgumentDecorator object at 0x7d27ad93a5f0>, verb_extension=<colcon_package_information.verb.list.ListVerb object at 0x7d27ad9396f0>, main=<bound method ListVerb.main of <colcon_package_information.verb.list.ListVerb object at 0x7d27ad9396f0>>, mixin_verb=('list',))
[1.159s] Level 1:colcon.colcon_core.package_discovery:discover_packages(colcon_meta) check parameters
[1.159s] Level 1:colcon.colcon_core.package_discovery:discover_packages(recursive) check parameters
[1.160s] Level 1:colcon.colcon_core.package_discovery:discover_packages(ignore) check parameters
[1.160s] Level 1:colcon.colcon_core.package_discovery:discover_packages(path) check parameters
[1.160s] Level 1:colcon.colcon_core.package_discovery:discover_packages(recursive) discover
[1.160s] INFO:colcon.colcon_core.package_discovery:Crawling recursively for packages in '/home/joaoferreira/beta'
[1.161s] Level 1:colcon.colcon_core.package_identification:_identify(/home/joaoferreira/beta) by extensions ['ignore', 'ignore_ament_install']
[1.161s] Level 1:colcon.colcon_core.package_identification:_identify(/home/joaoferreira/beta) by extension 'ignore'
[1.161s] Level 1:colcon.colcon_core.package_identification:_identify(/home/joaoferreira/beta) by extension 'ignore_ament_install'
[1.161s] Level 1:colcon.colcon_core.package_identification:_identify(/home/joaoferreira/beta) by extensions ['colcon_pkg']
[1.161s] Level 1:colcon.colcon_core.package_identification:_identify(/home/joaoferreira/beta) by extension 'colcon_pkg'
[1.162s] Level 1:colcon.colcon_core.package_identification:_identify(/home/joaoferreira/beta) by extensions ['colcon_meta']
[1.162s] Level 1:colcon.colcon_core.package_identification:_identify(/home/joaoferreira/beta) by extension 'colcon_meta'
[1.162s] Level 1:colcon.colcon_core.package_identification:_identify(/home/joaoferreira/beta) by extensions ['ros']
[1.162s] Level 1:colcon.colcon_core.package_identification:_identify(/home/joaoferreira/beta) by extension 'ros'
[1.214s] Level 1:colcon.colcon_core.package_identification:_identify(/home/joaoferreira/beta) by extensions ['cmake', 'python']
[1.214s] Level 1:colcon.colcon_core.package_identification:_identify(/home/joaoferreira/beta) by extension 'cmake'
[1.214s] Level 1:colcon.colcon_core.package_identification:_identify(/home/joaoferreira/beta) by extension 'python'
[1.214s] Level 1:colcon.colcon_core.package_identification:_identify(/home/joaoferreira/beta) by extensions ['python_setup_py']
[1.214s] Level 1:colcon.colcon_core.package_identification:_identify(/home/joaoferreira/beta) by extension 'python_setup_py'
[1.215s] Level 1:colcon.colcon_core.package_identification:_identify(/home/joaoferreira/beta/build) by extensions ['ignore', 'ignore_ament_install']
[1.215s] Level 1:colcon.colcon_core.package_identification:_identify(/home/joaoferreira/beta/build) by extension 'ignore'
[1.215s] Level 1:colcon.colcon_core.package_identification:_identify(/home/joaoferreira/beta/build) ignored
[1.216s] Level 1:colcon.colcon_core.package_identification:_identify(/home/joaoferreira/beta/install) by extensions ['ignore', 'ignore_ament_install']
[1.216s] Level 1:colcon.colcon_core.package_identification:_identify(/home/joaoferreira/beta/install) by extension 'ignore'
[1.216s] Level 1:colcon.colcon_core.package_identification:_identify(/home/joaoferreira/beta/install) ignored
[1.216s] Level 1:colcon.colcon_core.package_identification:_identify(/home/joaoferreira/beta/log) by extensions ['ignore', 'ignore_ament_install']
[1.217s] Level 1:colcon.colcon_core.package_identification:_identify(/home/joaoferreira/beta/log) by extension 'ignore'
[1.217s] Level 1:colcon.colcon_core.package_identification:_identify(/home/joaoferreira/beta/log) ignored
[1.217s] Level 1:colcon.colcon_core.package_identification:_identify(/home/joaoferreira/beta/src) by extensions ['ignore', 'ignore_ament_install']
[1.217s] Level 1:colcon.colcon_core.package_identification:_identify(/home/joaoferreira/beta/src) by extension 'ignore'
[1.217s] Level 1:colcon.colcon_core.package_identification:_identify(/home/joaoferreira/beta/src) by extension 'ignore_ament_install'
[1.218s] Level 1:colcon.colcon_core.package_identification:_identify(/home/joaoferreira/beta/src) by extensions ['colcon_pkg']
[1.218s] Level 1:colcon.colcon_core.package_identification:_identify(/home/joaoferreira/beta/src) by extension 'colcon_pkg'
[1.218s] Level 1:colcon.colcon_core.package_identification:_identify(/home/joaoferreira/beta/src) by extensions ['colcon_meta']
[1.218s] Level 1:colcon.colcon_core.package_identification:_identify(/home/joaoferreira/beta/src) by extension 'colcon_meta'
[1.218s] Level 1:colcon.colcon_core.package_identification:_identify(/home/joaoferreira/beta/src) by extensions ['ros']
[1.218s] Level 1:colcon.colcon_core.package_identification:_identify(/home/joaoferreira/beta/src) by extension 'ros'
[1.218s] Level 1:colcon.colcon_core.package_identification:_identify(/home/joaoferreira/beta/src) by extensions ['cmake', 'python']
[1.218s] Level 1:colcon.colcon_core.package_identification:_identify(/home/joaoferreira/beta/src) by extension 'cmake'
[1.218s] Level 1:colcon.colcon_core.package_identification:_identify(/home/joaoferreira/beta/src) by extension 'python'
[1.219s] Level 1:colcon.colcon_core.package_identification:_identify(/home/joaoferreira/beta/src) by extensions ['python_setup_py']
[1.219s] Level 1:colcon.colcon_core.package_identification:_identify(/home/joaoferreira/beta/src) by extension 'python_setup_py'
[1.219s] Level 1:colcon.colcon_core.package_identification:_identify(/home/joaoferreira/beta/src/beta_controller) by extensions ['ignore', 'ignore_ament_install']
[1.219s] Level 1:colcon.colcon_core.package_identification:_identify(/home/joaoferreira/beta/src/beta_controller) by extension 'ignore'
[1.219s] Level 1:colcon.colcon_core.package_identification:_identify(/home/joaoferreira/beta/src/beta_controller) by extension 'ignore_ament_install'
[1.220s] Level 1:colcon.colcon_core.package_identification:_identify(/home/joaoferreira/beta/src/beta_controller) by extensions ['colcon_pkg']
[1.220s] Level 1:colcon.colcon_core.package_identification:_identify(/home/joaoferreira/beta/src/beta_controller) by extension 'colcon_pkg'
[1.220s] Level 1:colcon.colcon_core.package_identification:_identify(/home/joaoferreira/beta/src/beta_controller) by extensions ['colcon_meta']
[1.220s] Level 1:colcon.colcon_core.package_identification:_identify(/home/joaoferreira/beta/src/beta_controller) by extension 'colcon_meta'
[1.220s] Level 1:colcon.colcon_core.package_identification:_identify(/home/joaoferreira/beta/src/beta_controller) by extensions ['ros']
[1.220s] Level 1:colcon.colcon_core.package_identification:_identify(/home/joaoferreira/beta/src/beta_controller) by extension 'ros'
[1.227s] DEBUG:colcon.colcon_core.package_identification:Package '/home/joaoferreira/beta/src/beta_controller' with type 'ros.ament_python' and name 'beta_controller'
[1.228s] Level 1:colcon.colcon_core.package_discovery:discover_packages(recursive) using defaults
