[1.262s] Invoking command in '/home/joaoferreira/beta/build/micro_ros_setup': CMAKE_PREFIX_PATH=${CMAKE_PREFIX_PATH}:/home/joaoferreira/beta/install/beta_controller:/opt/ros/humble /usr/bin/cmake --build /home/joaoferreira/beta/build/micro_ros_setup -- -j4 -l4
[4.740s] Invoked command in '/home/joaoferreira/beta/build/micro_ros_setup' returned '0': CMAKE_PREFIX_PATH=${CMAKE_PREFIX_PATH}:/home/joaoferreira/beta/install/beta_controller:/opt/ros/humble /usr/bin/cmake --build /home/joaoferreira/beta/build/micro_ros_setup -- -j4 -l4
[4.863s] Invoking command in '/home/joaoferreira/beta/build/micro_ros_setup': CMAKE_PREFIX_PATH=${CMAKE_PREFIX_PATH}:/home/joaoferreira/beta/install/beta_controller:/opt/ros/humble /usr/bin/cmake --install /home/joaoferreira/beta/build/micro_ros_setup
[4.950s] -- Install configuration: ""
[4.950s] -- Up-to-date: /home/joaoferreira/beta/install/micro_ros_setup/share/ament_index/resource_index/package_run_dependencies/micro_ros_setup
[4.955s] -- Up-to-date: /home/joaoferreira/beta/install/micro_ros_setup/share/ament_index/resource_index/parent_prefix_path/micro_ros_setup
[5.005s] -- Up-to-date: /home/joaoferreira/beta/install/micro_ros_setup/share/micro_ros_setup/environment/ament_prefix_path.sh
[5.005s] -- Up-to-date: /home/joaoferreira/beta/install/micro_ros_setup/share/micro_ros_setup/environment/ament_prefix_path.dsv
[5.006s] -- Up-to-date: /home/joaoferreira/beta/install/micro_ros_setup/share/micro_ros_setup/environment/path.sh
[5.006s] -- Up-to-date: /home/joaoferreira/beta/install/micro_ros_setup/share/micro_ros_setup/environment/path.dsv
[5.006s] -- Up-to-date: /home/joaoferreira/beta/install/micro_ros_setup/share/micro_ros_setup/local_setup.bash
[5.007s] -- Up-to-date: /home/joaoferreira/beta/install/micro_ros_setup/share/micro_ros_setup/local_setup.sh
[5.007s] -- Up-to-date: /home/joaoferreira/beta/install/micro_ros_setup/share/micro_ros_setup/local_setup.zsh
[5.008s] -- Up-to-date: /home/joaoferreira/beta/install/micro_ros_setup/share/micro_ros_setup/local_setup.dsv
[5.008s] -- Installing: /home/joaoferreira/beta/install/micro_ros_setup/share/micro_ros_setup/package.dsv
[5.038s] -- Up-to-date: /home/joaoferreira/beta/install/micro_ros_setup/share/ament_index/resource_index/packages/micro_ros_setup
[5.038s] -- Up-to-date: /home/joaoferreira/beta/install/micro_ros_setup/share/micro_ros_setup/cmake/micro_ros_setupConfig.cmake
[5.039s] -- Up-to-date: /home/joaoferreira/beta/install/micro_ros_setup/share/micro_ros_setup/cmake/micro_ros_setupConfig-version.cmake
[5.039s] -- Up-to-date: /home/joaoferreira/beta/install/micro_ros_setup/share/micro_ros_setup/package.xml
[5.039s] -- Up-to-date: /home/joaoferreira/beta/install/micro_ros_setup/./config
[5.093s] -- Up-to-date: /home/joaoferreira/beta/install/micro_ros_setup/./config/mbed
[5.142s] -- Up-to-date: /home/joaoferreira/beta/install/micro_ros_setup/./config/mbed/dev_uros_packages.repos
[5.142s] -- Up-to-date: /home/joaoferreira/beta/install/micro_ros_setup/./config/mbed/dev_ros2_packages.txt
[5.142s] -- Up-to-date: /home/joaoferreira/beta/install/micro_ros_setup/./config/mbed/generic
[5.230s] -- Up-to-date: /home/joaoferreira/beta/install/micro_ros_setup/./config/mbed/generic/supported_platforms
[5.231s] -- Up-to-date: /home/joaoferreira/beta/install/micro_ros_setup/./config/mbed/generic/flash.sh
[5.232s] -- Up-to-date: /home/joaoferreira/beta/install/micro_ros_setup/./config/mbed/generic/client_uros_packages.repos
[5.233s] -- Up-to-date: /home/joaoferreira/beta/install/micro_ros_setup/./config/mbed/generic/build.sh
[5.233s] -- Up-to-date: /home/joaoferreira/beta/install/micro_ros_setup/./config/mbed/generic/board.repos
[5.233s] -- Up-to-date: /home/joaoferreira/beta/install/micro_ros_setup/./config/mbed/generic/package.xml
[5.233s] -- Up-to-date: /home/joaoferreira/beta/install/micro_ros_setup/./config/mbed/generic/create.sh
[5.233s] -- Up-to-date: /home/joaoferreira/beta/install/micro_ros_setup/./config/mbed/list_apps.sh
[5.234s] -- Up-to-date: /home/joaoferreira/beta/install/micro_ros_setup/./config/agent_ros2_packages.txt
[5.235s] -- Up-to-date: /home/joaoferreira/beta/install/micro_ros_setup/./config/utils.sh
[5.235s] -- Up-to-date: /home/joaoferreira/beta/install/micro_ros_setup/./config/client_ros2_packages.txt
[5.235s] -- Up-to-date: /home/joaoferreira/beta/install/micro_ros_setup/./config/agent_uros_packages.repos
[5.235s] -- Up-to-date: /home/joaoferreira/beta/install/micro_ros_setup/./config/host
[5.246s] -- Up-to-date: /home/joaoferreira/beta/install/micro_ros_setup/./config/host/dev_uros_packages.repos
[5.246s] -- Up-to-date: /home/joaoferreira/beta/install/micro_ros_setup/./config/host/dev_ros2_packages.txt
[5.246s] -- Up-to-date: /home/joaoferreira/beta/install/micro_ros_setup/./config/host/generic
[5.247s] -- Up-to-date: /home/joaoferreira/beta/install/micro_ros_setup/./config/host/generic/client_host_packages.repos
[5.247s] -- Up-to-date: /home/joaoferreira/beta/install/micro_ros_setup/./config/host/generic/flash.sh
[5.248s] -- Up-to-date: /home/joaoferreira/beta/install/micro_ros_setup/./config/host/generic/build.sh
[5.248s] -- Up-to-date: /home/joaoferreira/beta/install/micro_ros_setup/./config/host/generic/client-host-colcon.meta
[5.248s] -- Up-to-date: /home/joaoferreira/beta/install/micro_ros_setup/./config/host/generic/package.xml
[5.248s] -- Up-to-date: /home/joaoferreira/beta/install/micro_ros_setup/./config/host/generic/create.sh
[5.249s] -- Up-to-date: /home/joaoferreira/beta/install/micro_ros_setup/./config/host/client_ros2_packages.txt
[5.249s] -- Up-to-date: /home/joaoferreira/beta/install/micro_ros_setup/./config/freertos
[5.249s] -- Up-to-date: /home/joaoferreira/beta/install/micro_ros_setup/./config/freertos/nucleo_f746zg
[5.259s] -- Up-to-date: /home/joaoferreira/beta/install/micro_ros_setup/./config/freertos/nucleo_f746zg/configure.sh
[5.259s] -- Up-to-date: /home/joaoferreira/beta/install/micro_ros_setup/./config/freertos/nucleo_f746zg/flash.sh
[5.260s] -- Up-to-date: /home/joaoferreira/beta/install/micro_ros_setup/./config/freertos/nucleo_f746zg/client-colcon.meta
[5.260s] -- Up-to-date: /home/joaoferreira/beta/install/micro_ros_setup/./config/freertos/nucleo_f746zg/client_uros_packages.repos
[5.260s] -- Up-to-date: /home/joaoferreira/beta/install/micro_ros_setup/./config/freertos/nucleo_f746zg/build.sh
[5.260s] -- Up-to-date: /home/joaoferreira/beta/install/micro_ros_setup/./config/freertos/nucleo_f746zg/board.repos
[5.260s] -- Up-to-date: /home/joaoferreira/beta/install/micro_ros_setup/./config/freertos/nucleo_f746zg/package.xml
[5.261s] -- Up-to-date: /home/joaoferreira/beta/install/micro_ros_setup/./config/freertos/nucleo_f746zg/create.sh
[5.261s] -- Up-to-date: /home/joaoferreira/beta/install/micro_ros_setup/./config/freertos/dev_uros_packages.repos
[5.261s] -- Up-to-date: /home/joaoferreira/beta/install/micro_ros_setup/./config/freertos/nucleo_f767zi
[5.290s] -- Up-to-date: /home/joaoferreira/beta/install/micro_ros_setup/./config/freertos/nucleo_f767zi/configure.sh
[5.290s] -- Up-to-date: /home/joaoferreira/beta/install/micro_ros_setup/./config/freertos/nucleo_f767zi/flash.sh
[5.291s] -- Up-to-date: /home/joaoferreira/beta/install/micro_ros_setup/./config/freertos/nucleo_f767zi/client-colcon.meta
[5.291s] -- Up-to-date: /home/joaoferreira/beta/install/micro_ros_setup/./config/freertos/nucleo_f767zi/client_uros_packages.repos
[5.291s] -- Up-to-date: /home/joaoferreira/beta/install/micro_ros_setup/./config/freertos/nucleo_f767zi/build.sh
[5.291s] -- Up-to-date: /home/joaoferreira/beta/install/micro_ros_setup/./config/freertos/nucleo_f767zi/board.repos
[5.291s] -- Up-to-date: /home/joaoferreira/beta/install/micro_ros_setup/./config/freertos/nucleo_f767zi/package.xml
[5.292s] -- Up-to-date: /home/joaoferreira/beta/install/micro_ros_setup/./config/freertos/nucleo_f767zi/create.sh
[5.292s] -- Up-to-date: /home/joaoferreira/beta/install/micro_ros_setup/./config/freertos/dev_ros2_packages.txt
[5.292s] -- Up-to-date: /home/joaoferreira/beta/install/micro_ros_setup/./config/freertos/crazyflie21
[5.328s] -- Up-to-date: /home/joaoferreira/beta/install/micro_ros_setup/./config/freertos/crazyflie21/configure.sh
[5.328s] -- Up-to-date: /home/joaoferreira/beta/install/micro_ros_setup/./config/freertos/crazyflie21/flash.sh
[5.328s] -- Up-to-date: /home/joaoferreira/beta/install/micro_ros_setup/./config/freertos/crazyflie21/client-colcon.meta
[5.329s] -- Up-to-date: /home/joaoferreira/beta/install/micro_ros_setup/./config/freertos/crazyflie21/client_uros_packages.repos
[5.329s] -- Up-to-date: /home/joaoferreira/beta/install/micro_ros_setup/./config/freertos/crazyflie21/build.sh
[5.329s] -- Up-to-date: /home/joaoferreira/beta/install/micro_ros_setup/./config/freertos/crazyflie21/board.repos
[5.329s] -- Up-to-date: /home/joaoferreira/beta/install/micro_ros_setup/./config/freertos/crazyflie21/package.xml
[5.330s] -- Up-to-date: /home/joaoferreira/beta/install/micro_ros_setup/./config/freertos/crazyflie21/create.sh
[5.330s] -- Up-to-date: /home/joaoferreira/beta/install/micro_ros_setup/./config/freertos/nucleo_f446re
[5.368s] -- Up-to-date: /home/joaoferreira/beta/install/micro_ros_setup/./config/freertos/nucleo_f446re/configure.sh
[5.369s] -- Up-to-date: /home/joaoferreira/beta/install/micro_ros_setup/./config/freertos/nucleo_f446re/flash.sh
[5.370s] -- Up-to-date: /home/joaoferreira/beta/install/micro_ros_setup/./config/freertos/nucleo_f446re/client-colcon.meta
[5.370s] -- Up-to-date: /home/joaoferreira/beta/install/micro_ros_setup/./config/freertos/nucleo_f446re/client_uros_packages.repos
[5.370s] -- Up-to-date: /home/joaoferreira/beta/install/micro_ros_setup/./config/freertos/nucleo_f446re/build.sh
[5.371s] -- Up-to-date: /home/joaoferreira/beta/install/micro_ros_setup/./config/freertos/nucleo_f446re/board.repos
[5.371s] -- Up-to-date: /home/joaoferreira/beta/install/micro_ros_setup/./config/freertos/nucleo_f446re/package.xml
[5.371s] -- Up-to-date: /home/joaoferreira/beta/install/micro_ros_setup/./config/freertos/nucleo_f446re/create.sh
[5.372s] -- Up-to-date: /home/joaoferreira/beta/install/micro_ros_setup/./config/freertos/list_apps.sh
[5.372s] -- Up-to-date: /home/joaoferreira/beta/install/micro_ros_setup/./config/freertos/nucleo_f446ze
[5.392s] -- Up-to-date: /home/joaoferreira/beta/install/micro_ros_setup/./config/freertos/nucleo_f446ze/configure.sh
[5.393s] -- Up-to-date: /home/joaoferreira/beta/install/micro_ros_setup/./config/freertos/nucleo_f446ze/flash.sh
[5.393s] -- Up-to-date: /home/joaoferreira/beta/install/micro_ros_setup/./config/freertos/nucleo_f446ze/client-colcon.meta
[5.394s] -- Up-to-date: /home/joaoferreira/beta/install/micro_ros_setup/./config/freertos/nucleo_f446ze/client_uros_packages.repos
[5.394s] -- Up-to-date: /home/joaoferreira/beta/install/micro_ros_setup/./config/freertos/nucleo_f446ze/build.sh
[5.394s] -- Up-to-date: /home/joaoferreira/beta/install/micro_ros_setup/./config/freertos/nucleo_f446ze/board.repos
[5.395s] -- Up-to-date: /home/joaoferreira/beta/install/micro_ros_setup/./config/freertos/nucleo_f446ze/package.xml
[5.395s] -- Up-to-date: /home/joaoferreira/beta/install/micro_ros_setup/./config/freertos/nucleo_f446ze/create.sh
[5.395s] -- Up-to-date: /home/joaoferreira/beta/install/micro_ros_setup/./config/freertos/olimex-stm32-e407
[5.406s] -- Up-to-date: /home/joaoferreira/beta/install/micro_ros_setup/./config/freertos/olimex-stm32-e407/configure.sh
[5.406s] -- Up-to-date: /home/joaoferreira/beta/install/micro_ros_setup/./config/freertos/olimex-stm32-e407/flash.sh
[5.406s] -- Up-to-date: /home/joaoferreira/beta/install/micro_ros_setup/./config/freertos/olimex-stm32-e407/client-colcon.meta
[5.407s] -- Up-to-date: /home/joaoferreira/beta/install/micro_ros_setup/./config/freertos/olimex-stm32-e407/client_uros_packages.repos
[5.407s] -- Up-to-date: /home/joaoferreira/beta/install/micro_ros_setup/./config/freertos/olimex-stm32-e407/build.sh
[5.407s] -- Up-to-date: /home/joaoferreira/beta/install/micro_ros_setup/./config/freertos/olimex-stm32-e407/board.repos
[5.407s] -- Up-to-date: /home/joaoferreira/beta/install/micro_ros_setup/./config/freertos/olimex-stm32-e407/package.xml
[5.407s] -- Up-to-date: /home/joaoferreira/beta/install/micro_ros_setup/./config/freertos/olimex-stm32-e407/create.sh
[5.408s] -- Up-to-date: /home/joaoferreira/beta/install/micro_ros_setup/./config/freertos/esp32
[5.454s] -- Up-to-date: /home/joaoferreira/beta/install/micro_ros_setup/./config/freertos/esp32/configure.sh
[5.454s] -- Up-to-date: /home/joaoferreira/beta/install/micro_ros_setup/./config/freertos/esp32/flash.sh
[5.455s] -- Up-to-date: /home/joaoferreira/beta/install/micro_ros_setup/./config/freertos/esp32/client-colcon.meta
[5.455s] -- Up-to-date: /home/joaoferreira/beta/install/micro_ros_setup/./config/freertos/esp32/client_uros_packages.repos
[5.455s] -- Up-to-date: /home/joaoferreira/beta/install/micro_ros_setup/./config/freertos/esp32/build.sh
[5.456s] -- Up-to-date: /home/joaoferreira/beta/install/micro_ros_setup/./config/freertos/esp32/board.repos
[5.456s] -- Up-to-date: /home/joaoferreira/beta/install/micro_ros_setup/./config/freertos/esp32/package.xml
[5.456s] -- Up-to-date: /home/joaoferreira/beta/install/micro_ros_setup/./config/freertos/esp32/create.sh
[5.456s] -- Up-to-date: /home/joaoferreira/beta/install/micro_ros_setup/./config/freertos/esp32/README.md
[5.457s] -- Up-to-date: /home/joaoferreira/beta/install/micro_ros_setup/./config/raspbian
[5.470s] -- Up-to-date: /home/joaoferreira/beta/install/micro_ros_setup/./config/raspbian/dev_uros_packages.repos
[5.471s] -- Up-to-date: /home/joaoferreira/beta/install/micro_ros_setup/./config/raspbian/dev_ros2_packages.txt
[5.471s] -- Up-to-date: /home/joaoferreira/beta/install/micro_ros_setup/./config/raspbian/generic
[5.512s] -- Up-to-date: /home/joaoferreira/beta/install/micro_ros_setup/./config/raspbian/generic/configure.sh
[5.512s] -- Up-to-date: /home/joaoferreira/beta/install/micro_ros_setup/./config/raspbian/generic/supported_platforms
[5.513s] -- Up-to-date: /home/joaoferreira/beta/install/micro_ros_setup/./config/raspbian/generic/flash.sh
[5.513s] -- Up-to-date: /home/joaoferreira/beta/install/micro_ros_setup/./config/raspbian/generic/client-colcon.meta
[5.514s] -- Up-to-date: /home/joaoferreira/beta/install/micro_ros_setup/./config/raspbian/generic/client_uros_packages.repos
[5.514s] -- Up-to-date: /home/joaoferreira/beta/install/micro_ros_setup/./config/raspbian/generic/build.sh
[5.514s] -- Up-to-date: /home/joaoferreira/beta/install/micro_ros_setup/./config/raspbian/generic/create.sh
[5.515s] -- Up-to-date: /home/joaoferreira/beta/install/micro_ros_setup/./config/generate_lib
[5.515s] -- Up-to-date: /home/joaoferreira/beta/install/micro_ros_setup/./config/generate_lib/dev_uros_packages.repos
[5.516s] -- Up-to-date: /home/joaoferreira/beta/install/micro_ros_setup/./config/generate_lib/dev_ros2_packages.txt
[5.516s] -- Up-to-date: /home/joaoferreira/beta/install/micro_ros_setup/./config/generate_lib/generic
[5.516s] -- Up-to-date: /home/joaoferreira/beta/install/micro_ros_setup/./config/generate_lib/generic/flash.sh
[5.517s] -- Up-to-date: /home/joaoferreira/beta/install/micro_ros_setup/./config/generate_lib/generic/client-colcon.meta
[5.518s] -- Up-to-date: /home/joaoferreira/beta/install/micro_ros_setup/./config/generate_lib/generic/client_uros_packages.repos
[5.519s] -- Up-to-date: /home/joaoferreira/beta/install/micro_ros_setup/./config/generate_lib/generic/build.sh
[5.519s] -- Up-to-date: /home/joaoferreira/beta/install/micro_ros_setup/./config/generate_lib/generic/package.xml
[5.520s] -- Up-to-date: /home/joaoferreira/beta/install/micro_ros_setup/./config/generate_lib/generic/create.sh
[5.520s] -- Up-to-date: /home/joaoferreira/beta/install/micro_ros_setup/./config/generate_lib/generic/demo_toolchain.cmake
[5.521s] -- Up-to-date: /home/joaoferreira/beta/install/micro_ros_setup/./config/renesas_ra
[5.565s] -- Up-to-date: /home/joaoferreira/beta/install/micro_ros_setup/./config/renesas_ra/dev_uros_packages.repos
[5.565s] -- Up-to-date: /home/joaoferreira/beta/install/micro_ros_setup/./config/renesas_ra/dev_ros2_packages.txt
[5.566s] -- Up-to-date: /home/joaoferreira/beta/install/micro_ros_setup/./config/renesas_ra/ra6m5
[5.647s] -- Up-to-date: /home/joaoferreira/beta/install/micro_ros_setup/./config/renesas_ra/ra6m5/configure.sh
[5.647s] -- Up-to-date: /home/joaoferreira/beta/install/micro_ros_setup/./config/renesas_ra/ra6m5/flash.sh
[5.648s] -- Up-to-date: /home/joaoferreira/beta/install/micro_ros_setup/./config/renesas_ra/ra6m5/client-colcon.meta
[5.648s] -- Up-to-date: /home/joaoferreira/beta/install/micro_ros_setup/./config/renesas_ra/ra6m5/client_uros_packages.repos
[5.649s] -- Up-to-date: /home/joaoferreira/beta/install/micro_ros_setup/./config/renesas_ra/ra6m5/build.sh
[5.649s] -- Up-to-date: /home/joaoferreira/beta/install/micro_ros_setup/./config/renesas_ra/ra6m5/board.repos
[5.649s] -- Up-to-date: /home/joaoferreira/beta/install/micro_ros_setup/./config/renesas_ra/ra6m5/create.sh
[5.649s] -- Up-to-date: /home/joaoferreira/beta/install/micro_ros_setup/./config/renesas_ra/list_apps.sh
[5.650s] -- Up-to-date: /home/joaoferreira/beta/install/micro_ros_setup/./config/android
[5.717s] -- Up-to-date: /home/joaoferreira/beta/install/micro_ros_setup/./config/android/dev_uros_packages.repos
[5.718s] -- Up-to-date: /home/joaoferreira/beta/install/micro_ros_setup/./config/android/dev_ros2_packages.txt
[5.719s] -- Up-to-date: /home/joaoferreira/beta/install/micro_ros_setup/./config/android/generic
[5.782s] -- Up-to-date: /home/joaoferreira/beta/install/micro_ros_setup/./config/android/generic/flash.sh
[5.782s] -- Up-to-date: /home/joaoferreira/beta/install/micro_ros_setup/./config/android/generic/client-colcon.meta
[5.782s] -- Up-to-date: /home/joaoferreira/beta/install/micro_ros_setup/./config/android/generic/client_uros_packages.repos
[5.782s] -- Up-to-date: /home/joaoferreira/beta/install/micro_ros_setup/./config/android/generic/build.sh
[5.783s] -- Up-to-date: /home/joaoferreira/beta/install/micro_ros_setup/./config/android/generic/package.xml
[5.783s] -- Up-to-date: /home/joaoferreira/beta/install/micro_ros_setup/./config/android/generic/create.sh
[5.783s] -- Up-to-date: /home/joaoferreira/beta/install/micro_ros_setup/./config/zephyr
[5.804s] -- Up-to-date: /home/joaoferreira/beta/install/micro_ros_setup/./config/zephyr/dev_uros_packages.repos
[5.805s] -- Up-to-date: /home/joaoferreira/beta/install/micro_ros_setup/./config/zephyr/dev_ros2_packages.txt
[5.805s] -- Up-to-date: /home/joaoferreira/beta/install/micro_ros_setup/./config/zephyr/generic
[5.846s] -- Up-to-date: /home/joaoferreira/beta/install/micro_ros_setup/./config/zephyr/generic/configure.sh
[5.846s] -- Up-to-date: /home/joaoferreira/beta/install/micro_ros_setup/./config/zephyr/generic/supported_platforms
[5.846s] -- Up-to-date: /home/joaoferreira/beta/install/micro_ros_setup/./config/zephyr/generic/flash.sh
[5.847s] -- Up-to-date: /home/joaoferreira/beta/install/micro_ros_setup/./config/zephyr/generic/client-colcon.meta
[5.847s] -- Up-to-date: /home/joaoferreira/beta/install/micro_ros_setup/./config/zephyr/generic/client_uros_packages.repos
[5.847s] -- Up-to-date: /home/joaoferreira/beta/install/micro_ros_setup/./config/zephyr/generic/build.sh
[5.847s] -- Up-to-date: /home/joaoferreira/beta/install/micro_ros_setup/./config/zephyr/generic/board.repos
[5.847s] -- Up-to-date: /home/joaoferreira/beta/install/micro_ros_setup/./config/zephyr/generic/package.xml
[5.848s] -- Up-to-date: /home/joaoferreira/beta/install/micro_ros_setup/./config/zephyr/generic/create.sh
[5.848s] -- Up-to-date: /home/joaoferreira/beta/install/micro_ros_setup/./config/zephyr/list_apps.sh
[5.848s] -- Up-to-date: /home/joaoferreira/beta/install/micro_ros_setup/./config/client_uros_packages.repos
[5.901s] -- Up-to-date: /home/joaoferreira/beta/install/micro_ros_setup/lib/micro_ros_setup/create_ws.sh
[5.901s] -- Up-to-date: /home/joaoferreira/beta/install/micro_ros_setup/lib/micro_ros_setup/create_agent_ws.sh
[5.901s] -- Up-to-date: /home/joaoferreira/beta/install/micro_ros_setup/lib/micro_ros_setup/create_firmware_ws.sh
[5.901s] -- Up-to-date: /home/joaoferreira/beta/install/micro_ros_setup/lib/micro_ros_setup/configure_firmware.sh
[5.902s] -- Up-to-date: /home/joaoferreira/beta/install/micro_ros_setup/lib/micro_ros_setup/flash_firmware.sh
[5.903s] -- Up-to-date: /home/joaoferreira/beta/install/micro_ros_setup/lib/micro_ros_setup/build_firmware.sh
[5.903s] -- Up-to-date: /home/joaoferreira/beta/install/micro_ros_setup/lib/micro_ros_setup/build_agent.sh
[5.903s] -- Up-to-date: /home/joaoferreira/beta/install/micro_ros_setup/lib/micro_ros_setup/yaml_filter.py
[5.903s] -- Up-to-date: /home/joaoferreira/beta/install/micro_ros_setup/lib/micro_ros_setup/clean_env.sh
[5.904s] -- Up-to-date: /home/joaoferreira/beta/install/micro_ros_setup/lib/micro_ros_setup/component
[5.906s] Invoked command in '/home/joaoferreira/beta/build/micro_ros_setup' returned '0': CMAKE_PREFIX_PATH=${CMAKE_PREFIX_PATH}:/home/joaoferreira/beta/install/beta_controller:/opt/ros/humble /usr/bin/cmake --install /home/joaoferreira/beta/build/micro_ros_setup
