[0.155s] DEBUG:colcon:Command line arguments: ['/usr/bin/colcon', 'build']
[0.155s] DEBUG:colcon:Parsed command line arguments: Namespace(log_base=None, log_level=None, verb_name='build', build_base='build', install_base='install', merge_install=False, symlink_install=False, test_result_base=None, continue_on_error=False, executor='parallel', parallel_workers=4, event_handlers=None, ignore_user_meta=False, metas=['./colcon.meta'], base_paths=['.'], packages_ignore=None, packages_ignore_regex=None, paths=None, packages_up_to=None, packages_up_to_regex=None, packages_above=None, packages_above_and_dependencies=None, packages_above_depth=None, packages_select_by_dep=None, packages_skip_by_dep=None, packages_skip_up_to=None, packages_select_build_failed=False, packages_skip_build_finished=False, packages_select_test_failures=False, packages_skip_test_passed=False, packages_select=None, packages_skip=None, packages_select_regex=None, packages_skip_regex=None, packages_start=None, packages_end=None, allow_overriding=[], cmake_args=None, cmake_target=None, cmake_target_skip_unavailable=False, cmake_clean_cache=False, cmake_clean_first=False, cmake_force_configure=False, ament_cmake_args=None, catkin_cmake_args=None, catkin_skip_building_tests=False, mixin_files=None, mixin=None, verb_parser=<colcon_mixin.mixin.mixin_argument.MixinArgumentDecorator object at 0x7adc45871630>, verb_extension=<colcon_core.verb.build.BuildVerb object at 0x7adc45870f40>, main=<bound method BuildVerb.main of <colcon_core.verb.build.BuildVerb object at 0x7adc45870f40>>, mixin_verb=('build',))
[0.749s] Level 1:colcon.colcon_core.package_discovery:discover_packages(colcon_meta) check parameters
[0.749s] Level 1:colcon.colcon_core.package_discovery:discover_packages(recursive) check parameters
[0.750s] Level 1:colcon.colcon_core.package_discovery:discover_packages(ignore) check parameters
[0.750s] Level 1:colcon.colcon_core.package_discovery:discover_packages(path) check parameters
[0.750s] Level 1:colcon.colcon_core.package_discovery:discover_packages(colcon_meta) discover
[0.750s] Level 1:colcon.colcon_core.package_discovery:discover_packages(recursive) discover
[0.750s] INFO:colcon.colcon_core.package_discovery:Crawling recursively for packages in '/home/joaoferreira/beta'
[0.751s] Level 1:colcon.colcon_core.package_identification:_identify(.) by extensions ['ignore', 'ignore_ament_install']
[0.751s] Level 1:colcon.colcon_core.package_identification:_identify(.) by extension 'ignore'
[0.751s] Level 1:colcon.colcon_core.package_identification:_identify(.) by extension 'ignore_ament_install'
[0.752s] Level 1:colcon.colcon_core.package_identification:_identify(.) by extensions ['colcon_pkg']
[0.752s] Level 1:colcon.colcon_core.package_identification:_identify(.) by extension 'colcon_pkg'
[0.752s] Level 1:colcon.colcon_core.package_identification:_identify(.) by extensions ['colcon_meta']
[0.752s] Level 1:colcon.colcon_core.package_identification:_identify(.) by extension 'colcon_meta'
[0.752s] Level 1:colcon.colcon_core.package_identification:_identify(.) by extensions ['ros']
[0.752s] Level 1:colcon.colcon_core.package_identification:_identify(.) by extension 'ros'
[0.793s] Level 1:colcon.colcon_core.package_identification:_identify(.) by extensions ['cmake', 'python']
[0.793s] Level 1:colcon.colcon_core.package_identification:_identify(.) by extension 'cmake'
[0.793s] Level 1:colcon.colcon_core.package_identification:_identify(.) by extension 'python'
[0.795s] Level 1:colcon.colcon_core.package_identification:_identify(.) by extensions ['python_setup_py']
[0.795s] Level 1:colcon.colcon_core.package_identification:_identify(.) by extension 'python_setup_py'
[0.796s] Level 1:colcon.colcon_core.package_identification:_identify(beta_firmware) by extensions ['ignore', 'ignore_ament_install']
[0.796s] Level 1:colcon.colcon_core.package_identification:_identify(beta_firmware) by extension 'ignore'
[0.797s] Level 1:colcon.colcon_core.package_identification:_identify(beta_firmware) by extension 'ignore_ament_install'
[0.797s] Level 1:colcon.colcon_core.package_identification:_identify(beta_firmware) by extensions ['colcon_pkg']
[0.797s] Level 1:colcon.colcon_core.package_identification:_identify(beta_firmware) by extension 'colcon_pkg'
[0.797s] Level 1:colcon.colcon_core.package_identification:_identify(beta_firmware) by extensions ['colcon_meta']
[0.797s] Level 1:colcon.colcon_core.package_identification:_identify(beta_firmware) by extension 'colcon_meta'
[0.798s] Level 1:colcon.colcon_core.package_identification:_identify(beta_firmware) by extensions ['ros']
[0.798s] Level 1:colcon.colcon_core.package_identification:_identify(beta_firmware) by extension 'ros'
[0.798s] Level 1:colcon.colcon_core.package_identification:_identify(beta_firmware) by extensions ['cmake', 'python']
[0.798s] Level 1:colcon.colcon_core.package_identification:_identify(beta_firmware) by extension 'cmake'
[0.798s] Level 1:colcon.colcon_core.package_identification:_identify(beta_firmware) by extension 'python'
[0.798s] Level 1:colcon.colcon_core.package_identification:_identify(beta_firmware) by extensions ['python_setup_py']
[0.799s] Level 1:colcon.colcon_core.package_identification:_identify(beta_firmware) by extension 'python_setup_py'
[0.799s] Level 1:colcon.colcon_core.package_identification:_identify(beta_firmware/beta_firmware) by extensions ['ignore', 'ignore_ament_install']
[0.799s] Level 1:colcon.colcon_core.package_identification:_identify(beta_firmware/beta_firmware) by extension 'ignore'
[0.800s] Level 1:colcon.colcon_core.package_identification:_identify(beta_firmware/beta_firmware) by extension 'ignore_ament_install'
[0.800s] Level 1:colcon.colcon_core.package_identification:_identify(beta_firmware/beta_firmware) by extensions ['colcon_pkg']
[0.800s] Level 1:colcon.colcon_core.package_identification:_identify(beta_firmware/beta_firmware) by extension 'colcon_pkg'
[0.800s] Level 1:colcon.colcon_core.package_identification:_identify(beta_firmware/beta_firmware) by extensions ['colcon_meta']
[0.800s] Level 1:colcon.colcon_core.package_identification:_identify(beta_firmware/beta_firmware) by extension 'colcon_meta'
[0.800s] Level 1:colcon.colcon_core.package_identification:_identify(beta_firmware/beta_firmware) by extensions ['ros']
[0.800s] Level 1:colcon.colcon_core.package_identification:_identify(beta_firmware/beta_firmware) by extension 'ros'
[0.801s] Level 1:colcon.colcon_core.package_identification:_identify(beta_firmware/beta_firmware) by extensions ['cmake', 'python']
[0.801s] Level 1:colcon.colcon_core.package_identification:_identify(beta_firmware/beta_firmware) by extension 'cmake'
[0.801s] Level 1:colcon.colcon_core.package_identification:_identify(beta_firmware/beta_firmware) by extension 'python'
[0.801s] Level 1:colcon.colcon_core.package_identification:_identify(beta_firmware/beta_firmware) by extensions ['python_setup_py']
[0.801s] Level 1:colcon.colcon_core.package_identification:_identify(beta_firmware/beta_firmware) by extension 'python_setup_py'
[0.801s] Level 1:colcon.colcon_core.package_identification:_identify(beta_firmware/beta_firmware/build) by extensions ['ignore', 'ignore_ament_install']
[0.802s] Level 1:colcon.colcon_core.package_identification:_identify(beta_firmware/beta_firmware/build) by extension 'ignore'
[0.802s] Level 1:colcon.colcon_core.package_identification:_identify(beta_firmware/beta_firmware/build) ignored
[0.802s] Level 1:colcon.colcon_core.package_identification:_identify(beta_firmware/beta_firmware/include) by extensions ['ignore', 'ignore_ament_install']
[0.802s] Level 1:colcon.colcon_core.package_identification:_identify(beta_firmware/beta_firmware/include) by extension 'ignore'
[0.802s] Level 1:colcon.colcon_core.package_identification:_identify(beta_firmware/beta_firmware/include) by extension 'ignore_ament_install'
[0.803s] Level 1:colcon.colcon_core.package_identification:_identify(beta_firmware/beta_firmware/include) by extensions ['colcon_pkg']
[0.803s] Level 1:colcon.colcon_core.package_identification:_identify(beta_firmware/beta_firmware/include) by extension 'colcon_pkg'
[0.803s] Level 1:colcon.colcon_core.package_identification:_identify(beta_firmware/beta_firmware/include) by extensions ['colcon_meta']
[0.804s] Level 1:colcon.colcon_core.package_identification:_identify(beta_firmware/beta_firmware/include) by extension 'colcon_meta'
[0.804s] Level 1:colcon.colcon_core.package_identification:_identify(beta_firmware/beta_firmware/include) by extensions ['ros']
[0.804s] Level 1:colcon.colcon_core.package_identification:_identify(beta_firmware/beta_firmware/include) by extension 'ros'
[0.804s] Level 1:colcon.colcon_core.package_identification:_identify(beta_firmware/beta_firmware/include) by extensions ['cmake', 'python']
[0.804s] Level 1:colcon.colcon_core.package_identification:_identify(beta_firmware/beta_firmware/include) by extension 'cmake'
[0.804s] Level 1:colcon.colcon_core.package_identification:_identify(beta_firmware/beta_firmware/include) by extension 'python'
[0.805s] Level 1:colcon.colcon_core.package_identification:_identify(beta_firmware/beta_firmware/include) by extensions ['python_setup_py']
[0.805s] Level 1:colcon.colcon_core.package_identification:_identify(beta_firmware/beta_firmware/include) by extension 'python_setup_py'
[0.805s] Level 1:colcon.colcon_core.package_identification:_identify(beta_firmware/beta_firmware/install) by extensions ['ignore', 'ignore_ament_install']
[0.805s] Level 1:colcon.colcon_core.package_identification:_identify(beta_firmware/beta_firmware/install) by extension 'ignore'
[0.806s] Level 1:colcon.colcon_core.package_identification:_identify(beta_firmware/beta_firmware/install) ignored
[0.806s] Level 1:colcon.colcon_core.package_identification:_identify(beta_firmware/beta_firmware/lib) by extensions ['ignore', 'ignore_ament_install']
[0.806s] Level 1:colcon.colcon_core.package_identification:_identify(beta_firmware/beta_firmware/lib) by extension 'ignore'
[0.806s] Level 1:colcon.colcon_core.package_identification:_identify(beta_firmware/beta_firmware/lib) by extension 'ignore_ament_install'
[0.807s] Level 1:colcon.colcon_core.package_identification:_identify(beta_firmware/beta_firmware/lib) by extensions ['colcon_pkg']
[0.807s] Level 1:colcon.colcon_core.package_identification:_identify(beta_firmware/beta_firmware/lib) by extension 'colcon_pkg'
[0.807s] Level 1:colcon.colcon_core.package_identification:_identify(beta_firmware/beta_firmware/lib) by extensions ['colcon_meta']
[0.807s] Level 1:colcon.colcon_core.package_identification:_identify(beta_firmware/beta_firmware/lib) by extension 'colcon_meta'
[0.807s] Level 1:colcon.colcon_core.package_identification:_identify(beta_firmware/beta_firmware/lib) by extensions ['ros']
[0.807s] Level 1:colcon.colcon_core.package_identification:_identify(beta_firmware/beta_firmware/lib) by extension 'ros'
[0.807s] Level 1:colcon.colcon_core.package_identification:_identify(beta_firmware/beta_firmware/lib) by extensions ['cmake', 'python']
[0.808s] Level 1:colcon.colcon_core.package_identification:_identify(beta_firmware/beta_firmware/lib) by extension 'cmake'
[0.808s] Level 1:colcon.colcon_core.package_identification:_identify(beta_firmware/beta_firmware/lib) by extension 'python'
[0.808s] Level 1:colcon.colcon_core.package_identification:_identify(beta_firmware/beta_firmware/lib) by extensions ['python_setup_py']
[0.808s] Level 1:colcon.colcon_core.package_identification:_identify(beta_firmware/beta_firmware/lib) by extension 'python_setup_py'
[0.808s] Level 1:colcon.colcon_core.package_identification:_identify(beta_firmware/beta_firmware/log) by extensions ['ignore', 'ignore_ament_install']
[0.809s] Level 1:colcon.colcon_core.package_identification:_identify(beta_firmware/beta_firmware/log) by extension 'ignore'
[0.809s] Level 1:colcon.colcon_core.package_identification:_identify(beta_firmware/beta_firmware/log) ignored
[0.809s] Level 1:colcon.colcon_core.package_identification:_identify(beta_firmware/beta_firmware/src) by extensions ['ignore', 'ignore_ament_install']
[0.810s] Level 1:colcon.colcon_core.package_identification:_identify(beta_firmware/beta_firmware/src) by extension 'ignore'
[0.810s] Level 1:colcon.colcon_core.package_identification:_identify(beta_firmware/beta_firmware/src) by extension 'ignore_ament_install'
[0.810s] Level 1:colcon.colcon_core.package_identification:_identify(beta_firmware/beta_firmware/src) by extensions ['colcon_pkg']
[0.810s] Level 1:colcon.colcon_core.package_identification:_identify(beta_firmware/beta_firmware/src) by extension 'colcon_pkg'
[0.810s] Level 1:colcon.colcon_core.package_identification:_identify(beta_firmware/beta_firmware/src) by extensions ['colcon_meta']
[0.810s] Level 1:colcon.colcon_core.package_identification:_identify(beta_firmware/beta_firmware/src) by extension 'colcon_meta'
[0.811s] Level 1:colcon.colcon_core.package_identification:_identify(beta_firmware/beta_firmware/src) by extensions ['ros']
[0.811s] Level 1:colcon.colcon_core.package_identification:_identify(beta_firmware/beta_firmware/src) by extension 'ros'
[0.811s] Level 1:colcon.colcon_core.package_identification:_identify(beta_firmware/beta_firmware/src) by extensions ['cmake', 'python']
[0.811s] Level 1:colcon.colcon_core.package_identification:_identify(beta_firmware/beta_firmware/src) by extension 'cmake'
[0.811s] Level 1:colcon.colcon_core.package_identification:_identify(beta_firmware/beta_firmware/src) by extension 'python'
[0.811s] Level 1:colcon.colcon_core.package_identification:_identify(beta_firmware/beta_firmware/src) by extensions ['python_setup_py']
[0.811s] Level 1:colcon.colcon_core.package_identification:_identify(beta_firmware/beta_firmware/src) by extension 'python_setup_py'
[0.812s] Level 1:colcon.colcon_core.package_identification:_identify(beta_firmware/beta_firmware/test) by extensions ['ignore', 'ignore_ament_install']
[0.812s] Level 1:colcon.colcon_core.package_identification:_identify(beta_firmware/beta_firmware/test) by extension 'ignore'
[0.812s] Level 1:colcon.colcon_core.package_identification:_identify(beta_firmware/beta_firmware/test) by extension 'ignore_ament_install'
[0.812s] Level 1:colcon.colcon_core.package_identification:_identify(beta_firmware/beta_firmware/test) by extensions ['colcon_pkg']
[0.812s] Level 1:colcon.colcon_core.package_identification:_identify(beta_firmware/beta_firmware/test) by extension 'colcon_pkg'
[0.812s] Level 1:colcon.colcon_core.package_identification:_identify(beta_firmware/beta_firmware/test) by extensions ['colcon_meta']
[0.812s] Level 1:colcon.colcon_core.package_identification:_identify(beta_firmware/beta_firmware/test) by extension 'colcon_meta'
[0.813s] Level 1:colcon.colcon_core.package_identification:_identify(beta_firmware/beta_firmware/test) by extensions ['ros']
[0.813s] Level 1:colcon.colcon_core.package_identification:_identify(beta_firmware/beta_firmware/test) by extension 'ros'
[0.813s] Level 1:colcon.colcon_core.package_identification:_identify(beta_firmware/beta_firmware/test) by extensions ['cmake', 'python']
[0.813s] Level 1:colcon.colcon_core.package_identification:_identify(beta_firmware/beta_firmware/test) by extension 'cmake'
[0.813s] Level 1:colcon.colcon_core.package_identification:_identify(beta_firmware/beta_firmware/test) by extension 'python'
[0.814s] Level 1:colcon.colcon_core.package_identification:_identify(beta_firmware/beta_firmware/test) by extensions ['python_setup_py']
[0.814s] Level 1:colcon.colcon_core.package_identification:_identify(beta_firmware/beta_firmware/test) by extension 'python_setup_py'
[0.814s] Level 1:colcon.colcon_core.package_identification:_identify(beta_firmware/build) by extensions ['ignore', 'ignore_ament_install']
[0.815s] Level 1:colcon.colcon_core.package_identification:_identify(beta_firmware/build) by extension 'ignore'
[0.815s] Level 1:colcon.colcon_core.package_identification:_identify(beta_firmware/build) ignored
[0.815s] Level 1:colcon.colcon_core.package_identification:_identify(beta_firmware/install) by extensions ['ignore', 'ignore_ament_install']
[0.815s] Level 1:colcon.colcon_core.package_identification:_identify(beta_firmware/install) by extension 'ignore'
[0.816s] Level 1:colcon.colcon_core.package_identification:_identify(beta_firmware/install) ignored
[0.816s] Level 1:colcon.colcon_core.package_identification:_identify(beta_firmware/log) by extensions ['ignore', 'ignore_ament_install']
[0.816s] Level 1:colcon.colcon_core.package_identification:_identify(beta_firmware/log) by extension 'ignore'
[0.816s] Level 1:colcon.colcon_core.package_identification:_identify(beta_firmware/log) ignored
[0.817s] Level 1:colcon.colcon_core.package_identification:_identify(beta_firmware/microros_ws) by extensions ['ignore', 'ignore_ament_install']
[0.817s] Level 1:colcon.colcon_core.package_identification:_identify(beta_firmware/microros_ws) by extension 'ignore'
[0.817s] Level 1:colcon.colcon_core.package_identification:_identify(beta_firmware/microros_ws) by extension 'ignore_ament_install'
[0.817s] Level 1:colcon.colcon_core.package_identification:_identify(beta_firmware/microros_ws) by extensions ['colcon_pkg']
[0.818s] Level 1:colcon.colcon_core.package_identification:_identify(beta_firmware/microros_ws) by extension 'colcon_pkg'
[0.818s] Level 1:colcon.colcon_core.package_identification:_identify(beta_firmware/microros_ws) by extensions ['colcon_meta']
[0.818s] Level 1:colcon.colcon_core.package_identification:_identify(beta_firmware/microros_ws) by extension 'colcon_meta'
[0.818s] Level 1:colcon.colcon_core.package_identification:_identify(beta_firmware/microros_ws) by extensions ['ros']
[0.818s] Level 1:colcon.colcon_core.package_identification:_identify(beta_firmware/microros_ws) by extension 'ros'
[0.818s] Level 1:colcon.colcon_core.package_identification:_identify(beta_firmware/microros_ws) by extensions ['cmake', 'python']
[0.818s] Level 1:colcon.colcon_core.package_identification:_identify(beta_firmware/microros_ws) by extension 'cmake'
[0.819s] Level 1:colcon.colcon_core.package_identification:_identify(beta_firmware/microros_ws) by extension 'python'
[0.819s] Level 1:colcon.colcon_core.package_identification:_identify(beta_firmware/microros_ws) by extensions ['python_setup_py']
[0.819s] Level 1:colcon.colcon_core.package_identification:_identify(beta_firmware/microros_ws) by extension 'python_setup_py'
[0.819s] Level 1:colcon.colcon_core.package_identification:_identify(beta_firmware/microros_ws/build) by extensions ['ignore', 'ignore_ament_install']
[0.819s] Level 1:colcon.colcon_core.package_identification:_identify(beta_firmware/microros_ws/build) by extension 'ignore'
[0.819s] Level 1:colcon.colcon_core.package_identification:_identify(beta_firmware/microros_ws/build) ignored
[0.820s] Level 1:colcon.colcon_core.package_identification:_identify(beta_firmware/microros_ws/install) by extensions ['ignore', 'ignore_ament_install']
[0.820s] Level 1:colcon.colcon_core.package_identification:_identify(beta_firmware/microros_ws/install) by extension 'ignore'
[0.820s] Level 1:colcon.colcon_core.package_identification:_identify(beta_firmware/microros_ws/install) ignored
[0.820s] Level 1:colcon.colcon_core.package_identification:_identify(beta_firmware/microros_ws/log) by extensions ['ignore', 'ignore_ament_install']
[0.821s] Level 1:colcon.colcon_core.package_identification:_identify(beta_firmware/microros_ws/log) by extension 'ignore'
[0.821s] Level 1:colcon.colcon_core.package_identification:_identify(beta_firmware/microros_ws/log) ignored
[0.821s] Level 1:colcon.colcon_core.package_identification:_identify(beta_firmware/microros_ws/src) by extensions ['ignore', 'ignore_ament_install']
[0.821s] Level 1:colcon.colcon_core.package_identification:_identify(beta_firmware/microros_ws/src) by extension 'ignore'
[0.821s] Level 1:colcon.colcon_core.package_identification:_identify(beta_firmware/microros_ws/src) by extension 'ignore_ament_install'
[0.822s] Level 1:colcon.colcon_core.package_identification:_identify(beta_firmware/microros_ws/src) by extensions ['colcon_pkg']
[0.822s] Level 1:colcon.colcon_core.package_identification:_identify(beta_firmware/microros_ws/src) by extension 'colcon_pkg'
[0.822s] Level 1:colcon.colcon_core.package_identification:_identify(beta_firmware/microros_ws/src) by extensions ['colcon_meta']
[0.822s] Level 1:colcon.colcon_core.package_identification:_identify(beta_firmware/microros_ws/src) by extension 'colcon_meta'
[0.822s] Level 1:colcon.colcon_core.package_identification:_identify(beta_firmware/microros_ws/src) by extensions ['ros']
[0.822s] Level 1:colcon.colcon_core.package_identification:_identify(beta_firmware/microros_ws/src) by extension 'ros'
[0.822s] Level 1:colcon.colcon_core.package_identification:_identify(beta_firmware/microros_ws/src) by extensions ['cmake', 'python']
[0.823s] Level 1:colcon.colcon_core.package_identification:_identify(beta_firmware/microros_ws/src) by extension 'cmake'
[0.823s] Level 1:colcon.colcon_core.package_identification:_identify(beta_firmware/microros_ws/src) by extension 'python'
[0.823s] Level 1:colcon.colcon_core.package_identification:_identify(beta_firmware/microros_ws/src) by extensions ['python_setup_py']
[0.823s] Level 1:colcon.colcon_core.package_identification:_identify(beta_firmware/microros_ws/src) by extension 'python_setup_py'
[0.823s] Level 1:colcon.colcon_core.package_identification:_identify(beta_firmware/microros_ws/src/micro_ros_setup) by extensions ['ignore', 'ignore_ament_install']
[0.824s] Level 1:colcon.colcon_core.package_identification:_identify(beta_firmware/microros_ws/src/micro_ros_setup) by extension 'ignore'
[0.824s] Level 1:colcon.colcon_core.package_identification:_identify(beta_firmware/microros_ws/src/micro_ros_setup) by extension 'ignore_ament_install'
[0.824s] Level 1:colcon.colcon_core.package_identification:_identify(beta_firmware/microros_ws/src/micro_ros_setup) by extensions ['colcon_pkg']
[0.824s] Level 1:colcon.colcon_core.package_identification:_identify(beta_firmware/microros_ws/src/micro_ros_setup) by extension 'colcon_pkg'
[0.824s] Level 1:colcon.colcon_core.package_identification:_identify(beta_firmware/microros_ws/src/micro_ros_setup) by extensions ['colcon_meta']
[0.824s] Level 1:colcon.colcon_core.package_identification:_identify(beta_firmware/microros_ws/src/micro_ros_setup) by extension 'colcon_meta'
[0.825s] Level 1:colcon.colcon_core.package_identification:_identify(beta_firmware/microros_ws/src/micro_ros_setup) by extensions ['ros']
[0.825s] Level 1:colcon.colcon_core.package_identification:_identify(beta_firmware/microros_ws/src/micro_ros_setup) by extension 'ros'
[0.835s] DEBUG:colcon.colcon_core.package_identification:Package 'beta_firmware/microros_ws/src/micro_ros_setup' with type 'ros.ament_cmake' and name 'micro_ros_setup'
[0.835s] Level 1:colcon.colcon_core.package_identification:_identify(beta_firmware/microros_ws/src/uros) by extensions ['ignore', 'ignore_ament_install']
[0.836s] Level 1:colcon.colcon_core.package_identification:_identify(beta_firmware/microros_ws/src/uros) by extension 'ignore'
[0.836s] Level 1:colcon.colcon_core.package_identification:_identify(beta_firmware/microros_ws/src/uros) by extension 'ignore_ament_install'
[0.836s] Level 1:colcon.colcon_core.package_identification:_identify(beta_firmware/microros_ws/src/uros) by extensions ['colcon_pkg']
[0.836s] Level 1:colcon.colcon_core.package_identification:_identify(beta_firmware/microros_ws/src/uros) by extension 'colcon_pkg'
[0.836s] Level 1:colcon.colcon_core.package_identification:_identify(beta_firmware/microros_ws/src/uros) by extensions ['colcon_meta']
[0.836s] Level 1:colcon.colcon_core.package_identification:_identify(beta_firmware/microros_ws/src/uros) by extension 'colcon_meta'
[0.837s] Level 1:colcon.colcon_core.package_identification:_identify(beta_firmware/microros_ws/src/uros) by extensions ['ros']
[0.837s] Level 1:colcon.colcon_core.package_identification:_identify(beta_firmware/microros_ws/src/uros) by extension 'ros'
[0.837s] Level 1:colcon.colcon_core.package_identification:_identify(beta_firmware/microros_ws/src/uros) by extensions ['cmake', 'python']
[0.837s] Level 1:colcon.colcon_core.package_identification:_identify(beta_firmware/microros_ws/src/uros) by extension 'cmake'
[0.837s] Level 1:colcon.colcon_core.package_identification:_identify(beta_firmware/microros_ws/src/uros) by extension 'python'
[0.837s] Level 1:colcon.colcon_core.package_identification:_identify(beta_firmware/microros_ws/src/uros) by extensions ['python_setup_py']
[0.837s] Level 1:colcon.colcon_core.package_identification:_identify(beta_firmware/microros_ws/src/uros) by extension 'python_setup_py'
[0.838s] Level 1:colcon.colcon_core.package_identification:_identify(beta_firmware/microros_ws/src/uros/micro-ROS-Agent) by extensions ['ignore', 'ignore_ament_install']
[0.838s] Level 1:colcon.colcon_core.package_identification:_identify(beta_firmware/microros_ws/src/uros/micro-ROS-Agent) by extension 'ignore'
[0.838s] Level 1:colcon.colcon_core.package_identification:_identify(beta_firmware/microros_ws/src/uros/micro-ROS-Agent) by extension 'ignore_ament_install'
[0.838s] Level 1:colcon.colcon_core.package_identification:_identify(beta_firmware/microros_ws/src/uros/micro-ROS-Agent) by extensions ['colcon_pkg']
[0.838s] Level 1:colcon.colcon_core.package_identification:_identify(beta_firmware/microros_ws/src/uros/micro-ROS-Agent) by extension 'colcon_pkg'
[0.838s] Level 1:colcon.colcon_core.package_identification:_identify(beta_firmware/microros_ws/src/uros/micro-ROS-Agent) by extensions ['colcon_meta']
[0.839s] Level 1:colcon.colcon_core.package_identification:_identify(beta_firmware/microros_ws/src/uros/micro-ROS-Agent) by extension 'colcon_meta'
[0.839s] Level 1:colcon.colcon_core.package_identification:_identify(beta_firmware/microros_ws/src/uros/micro-ROS-Agent) by extensions ['ros']
[0.839s] Level 1:colcon.colcon_core.package_identification:_identify(beta_firmware/microros_ws/src/uros/micro-ROS-Agent) by extension 'ros'
[0.839s] Level 1:colcon.colcon_core.package_identification:_identify(beta_firmware/microros_ws/src/uros/micro-ROS-Agent) by extensions ['cmake', 'python']
[0.839s] Level 1:colcon.colcon_core.package_identification:_identify(beta_firmware/microros_ws/src/uros/micro-ROS-Agent) by extension 'cmake'
[0.839s] Level 1:colcon.colcon_core.package_identification:_identify(beta_firmware/microros_ws/src/uros/micro-ROS-Agent) by extension 'python'
[0.839s] Level 1:colcon.colcon_core.package_identification:_identify(beta_firmware/microros_ws/src/uros/micro-ROS-Agent) by extensions ['python_setup_py']
[0.840s] Level 1:colcon.colcon_core.package_identification:_identify(beta_firmware/microros_ws/src/uros/micro-ROS-Agent) by extension 'python_setup_py'
[0.840s] Level 1:colcon.colcon_core.package_identification:_identify(beta_firmware/microros_ws/src/uros/micro-ROS-Agent/micro_ros_agent) by extensions ['ignore', 'ignore_ament_install']
[0.840s] Level 1:colcon.colcon_core.package_identification:_identify(beta_firmware/microros_ws/src/uros/micro-ROS-Agent/micro_ros_agent) by extension 'ignore'
[0.840s] Level 1:colcon.colcon_core.package_identification:_identify(beta_firmware/microros_ws/src/uros/micro-ROS-Agent/micro_ros_agent) by extension 'ignore_ament_install'
[0.840s] Level 1:colcon.colcon_core.package_identification:_identify(beta_firmware/microros_ws/src/uros/micro-ROS-Agent/micro_ros_agent) by extensions ['colcon_pkg']
[0.841s] Level 1:colcon.colcon_core.package_identification:_identify(beta_firmware/microros_ws/src/uros/micro-ROS-Agent/micro_ros_agent) by extension 'colcon_pkg'
[0.841s] Level 1:colcon.colcon_core.package_identification:_identify(beta_firmware/microros_ws/src/uros/micro-ROS-Agent/micro_ros_agent) by extensions ['colcon_meta']
[0.841s] Level 1:colcon.colcon_core.package_identification:_identify(beta_firmware/microros_ws/src/uros/micro-ROS-Agent/micro_ros_agent) by extension 'colcon_meta'
[0.841s] Level 1:colcon.colcon_core.package_identification:_identify(beta_firmware/microros_ws/src/uros/micro-ROS-Agent/micro_ros_agent) by extensions ['ros']
[0.841s] Level 1:colcon.colcon_core.package_identification:_identify(beta_firmware/microros_ws/src/uros/micro-ROS-Agent/micro_ros_agent) by extension 'ros'
[0.845s] DEBUG:colcon.colcon_core.package_identification:Package 'beta_firmware/microros_ws/src/uros/micro-ROS-Agent/micro_ros_agent' with type 'ros.ament_cmake' and name 'micro_ros_agent'
[0.845s] Level 1:colcon.colcon_core.package_identification:_identify(beta_firmware/microros_ws/src/uros/micro-ROS-Agent/snap) by extensions ['ignore', 'ignore_ament_install']
[0.846s] Level 1:colcon.colcon_core.package_identification:_identify(beta_firmware/microros_ws/src/uros/micro-ROS-Agent/snap) by extension 'ignore'
[0.846s] Level 1:colcon.colcon_core.package_identification:_identify(beta_firmware/microros_ws/src/uros/micro-ROS-Agent/snap) by extension 'ignore_ament_install'
[0.846s] Level 1:colcon.colcon_core.package_identification:_identify(beta_firmware/microros_ws/src/uros/micro-ROS-Agent/snap) by extensions ['colcon_pkg']
[0.846s] Level 1:colcon.colcon_core.package_identification:_identify(beta_firmware/microros_ws/src/uros/micro-ROS-Agent/snap) by extension 'colcon_pkg'
[0.846s] Level 1:colcon.colcon_core.package_identification:_identify(beta_firmware/microros_ws/src/uros/micro-ROS-Agent/snap) by extensions ['colcon_meta']
[0.847s] Level 1:colcon.colcon_core.package_identification:_identify(beta_firmware/microros_ws/src/uros/micro-ROS-Agent/snap) by extension 'colcon_meta'
[0.847s] Level 1:colcon.colcon_core.package_identification:_identify(beta_firmware/microros_ws/src/uros/micro-ROS-Agent/snap) by extensions ['ros']
[0.847s] Level 1:colcon.colcon_core.package_identification:_identify(beta_firmware/microros_ws/src/uros/micro-ROS-Agent/snap) by extension 'ros'
[0.847s] Level 1:colcon.colcon_core.package_identification:_identify(beta_firmware/microros_ws/src/uros/micro-ROS-Agent/snap) by extensions ['cmake', 'python']
[0.847s] Level 1:colcon.colcon_core.package_identification:_identify(beta_firmware/microros_ws/src/uros/micro-ROS-Agent/snap) by extension 'cmake'
[0.848s] Level 1:colcon.colcon_core.package_identification:_identify(beta_firmware/microros_ws/src/uros/micro-ROS-Agent/snap) by extension 'python'
[0.848s] Level 1:colcon.colcon_core.package_identification:_identify(beta_firmware/microros_ws/src/uros/micro-ROS-Agent/snap) by extensions ['python_setup_py']
[0.848s] Level 1:colcon.colcon_core.package_identification:_identify(beta_firmware/microros_ws/src/uros/micro-ROS-Agent/snap) by extension 'python_setup_py'
[0.848s] Level 1:colcon.colcon_core.package_identification:_identify(beta_firmware/microros_ws/src/uros/micro-ROS-Agent/snap/hooks) by extensions ['ignore', 'ignore_ament_install']
[0.849s] Level 1:colcon.colcon_core.package_identification:_identify(beta_firmware/microros_ws/src/uros/micro-ROS-Agent/snap/hooks) by extension 'ignore'
[0.849s] Level 1:colcon.colcon_core.package_identification:_identify(beta_firmware/microros_ws/src/uros/micro-ROS-Agent/snap/hooks) by extension 'ignore_ament_install'
[0.849s] Level 1:colcon.colcon_core.package_identification:_identify(beta_firmware/microros_ws/src/uros/micro-ROS-Agent/snap/hooks) by extensions ['colcon_pkg']
[0.849s] Level 1:colcon.colcon_core.package_identification:_identify(beta_firmware/microros_ws/src/uros/micro-ROS-Agent/snap/hooks) by extension 'colcon_pkg'
[0.849s] Level 1:colcon.colcon_core.package_identification:_identify(beta_firmware/microros_ws/src/uros/micro-ROS-Agent/snap/hooks) by extensions ['colcon_meta']
[0.849s] Level 1:colcon.colcon_core.package_identification:_identify(beta_firmware/microros_ws/src/uros/micro-ROS-Agent/snap/hooks) by extension 'colcon_meta'
[0.849s] Level 1:colcon.colcon_core.package_identification:_identify(beta_firmware/microros_ws/src/uros/micro-ROS-Agent/snap/hooks) by extensions ['ros']
[0.849s] Level 1:colcon.colcon_core.package_identification:_identify(beta_firmware/microros_ws/src/uros/micro-ROS-Agent/snap/hooks) by extension 'ros'
[0.850s] Level 1:colcon.colcon_core.package_identification:_identify(beta_firmware/microros_ws/src/uros/micro-ROS-Agent/snap/hooks) by extensions ['cmake', 'python']
[0.850s] Level 1:colcon.colcon_core.package_identification:_identify(beta_firmware/microros_ws/src/uros/micro-ROS-Agent/snap/hooks) by extension 'cmake'
[0.850s] Level 1:colcon.colcon_core.package_identification:_identify(beta_firmware/microros_ws/src/uros/micro-ROS-Agent/snap/hooks) by extension 'python'
[0.850s] Level 1:colcon.colcon_core.package_identification:_identify(beta_firmware/microros_ws/src/uros/micro-ROS-Agent/snap/hooks) by extensions ['python_setup_py']
[0.850s] Level 1:colcon.colcon_core.package_identification:_identify(beta_firmware/microros_ws/src/uros/micro-ROS-Agent/snap/hooks) by extension 'python_setup_py'
[0.850s] Level 1:colcon.colcon_core.package_identification:_identify(beta_firmware/microros_ws/src/uros/micro-ROS-Agent/snap/local) by extensions ['ignore', 'ignore_ament_install']
[0.851s] Level 1:colcon.colcon_core.package_identification:_identify(beta_firmware/microros_ws/src/uros/micro-ROS-Agent/snap/local) by extension 'ignore'
[0.851s] Level 1:colcon.colcon_core.package_identification:_identify(beta_firmware/microros_ws/src/uros/micro-ROS-Agent/snap/local) by extension 'ignore_ament_install'
[0.851s] Level 1:colcon.colcon_core.package_identification:_identify(beta_firmware/microros_ws/src/uros/micro-ROS-Agent/snap/local) by extensions ['colcon_pkg']
[0.851s] Level 1:colcon.colcon_core.package_identification:_identify(beta_firmware/microros_ws/src/uros/micro-ROS-Agent/snap/local) by extension 'colcon_pkg'
[0.851s] Level 1:colcon.colcon_core.package_identification:_identify(beta_firmware/microros_ws/src/uros/micro-ROS-Agent/snap/local) by extensions ['colcon_meta']
[0.851s] Level 1:colcon.colcon_core.package_identification:_identify(beta_firmware/microros_ws/src/uros/micro-ROS-Agent/snap/local) by extension 'colcon_meta'
[0.851s] Level 1:colcon.colcon_core.package_identification:_identify(beta_firmware/microros_ws/src/uros/micro-ROS-Agent/snap/local) by extensions ['ros']
[0.852s] Level 1:colcon.colcon_core.package_identification:_identify(beta_firmware/microros_ws/src/uros/micro-ROS-Agent/snap/local) by extension 'ros'
[0.852s] Level 1:colcon.colcon_core.package_identification:_identify(beta_firmware/microros_ws/src/uros/micro-ROS-Agent/snap/local) by extensions ['cmake', 'python']
[0.852s] Level 1:colcon.colcon_core.package_identification:_identify(beta_firmware/microros_ws/src/uros/micro-ROS-Agent/snap/local) by extension 'cmake'
[0.852s] Level 1:colcon.colcon_core.package_identification:_identify(beta_firmware/microros_ws/src/uros/micro-ROS-Agent/snap/local) by extension 'python'
[0.852s] Level 1:colcon.colcon_core.package_identification:_identify(beta_firmware/microros_ws/src/uros/micro-ROS-Agent/snap/local) by extensions ['python_setup_py']
[0.852s] Level 1:colcon.colcon_core.package_identification:_identify(beta_firmware/microros_ws/src/uros/micro-ROS-Agent/snap/local) by extension 'python_setup_py'
[0.853s] Level 1:colcon.colcon_core.package_identification:_identify(beta_firmware/microros_ws/src/uros/micro_ros_msgs) by extensions ['ignore', 'ignore_ament_install']
[0.853s] Level 1:colcon.colcon_core.package_identification:_identify(beta_firmware/microros_ws/src/uros/micro_ros_msgs) by extension 'ignore'
[0.853s] Level 1:colcon.colcon_core.package_identification:_identify(beta_firmware/microros_ws/src/uros/micro_ros_msgs) by extension 'ignore_ament_install'
[0.853s] Level 1:colcon.colcon_core.package_identification:_identify(beta_firmware/microros_ws/src/uros/micro_ros_msgs) by extensions ['colcon_pkg']
[0.854s] Level 1:colcon.colcon_core.package_identification:_identify(beta_firmware/microros_ws/src/uros/micro_ros_msgs) by extension 'colcon_pkg'
[0.854s] Level 1:colcon.colcon_core.package_identification:_identify(beta_firmware/microros_ws/src/uros/micro_ros_msgs) by extensions ['colcon_meta']
[0.854s] Level 1:colcon.colcon_core.package_identification:_identify(beta_firmware/microros_ws/src/uros/micro_ros_msgs) by extension 'colcon_meta'
[0.854s] Level 1:colcon.colcon_core.package_identification:_identify(beta_firmware/microros_ws/src/uros/micro_ros_msgs) by extensions ['ros']
[0.854s] Level 1:colcon.colcon_core.package_identification:_identify(beta_firmware/microros_ws/src/uros/micro_ros_msgs) by extension 'ros'
[0.856s] DEBUG:colcon.colcon_core.package_identification:Package 'beta_firmware/microros_ws/src/uros/micro_ros_msgs' with type 'ros.ament_cmake' and name 'micro_ros_msgs'
[0.856s] Level 1:colcon.colcon_core.package_identification:_identify(build) by extensions ['ignore', 'ignore_ament_install']
[0.856s] Level 1:colcon.colcon_core.package_identification:_identify(build) by extension 'ignore'
[0.856s] Level 1:colcon.colcon_core.package_identification:_identify(build) ignored
[0.857s] Level 1:colcon.colcon_core.package_identification:_identify(install) by extensions ['ignore', 'ignore_ament_install']
[0.857s] Level 1:colcon.colcon_core.package_identification:_identify(install) by extension 'ignore'
[0.857s] Level 1:colcon.colcon_core.package_identification:_identify(install) ignored
[0.858s] Level 1:colcon.colcon_core.package_identification:_identify(log) by extensions ['ignore', 'ignore_ament_install']
[0.858s] Level 1:colcon.colcon_core.package_identification:_identify(log) by extension 'ignore'
[0.859s] Level 1:colcon.colcon_core.package_identification:_identify(log) ignored
[0.859s] Level 1:colcon.colcon_core.package_identification:_identify(src) by extensions ['ignore', 'ignore_ament_install']
[0.859s] Level 1:colcon.colcon_core.package_identification:_identify(src) by extension 'ignore'
[0.859s] Level 1:colcon.colcon_core.package_identification:_identify(src) by extension 'ignore_ament_install'
[0.859s] Level 1:colcon.colcon_core.package_identification:_identify(src) by extensions ['colcon_pkg']
[0.860s] Level 1:colcon.colcon_core.package_identification:_identify(src) by extension 'colcon_pkg'
[0.860s] Level 1:colcon.colcon_core.package_identification:_identify(src) by extensions ['colcon_meta']
[0.860s] Level 1:colcon.colcon_core.package_identification:_identify(src) by extension 'colcon_meta'
[0.860s] Level 1:colcon.colcon_core.package_identification:_identify(src) by extensions ['ros']
[0.860s] Level 1:colcon.colcon_core.package_identification:_identify(src) by extension 'ros'
[0.860s] Level 1:colcon.colcon_core.package_identification:_identify(src) by extensions ['cmake', 'python']
[0.861s] Level 1:colcon.colcon_core.package_identification:_identify(src) by extension 'cmake'
[0.861s] Level 1:colcon.colcon_core.package_identification:_identify(src) by extension 'python'
[0.861s] Level 1:colcon.colcon_core.package_identification:_identify(src) by extensions ['python_setup_py']
[0.861s] Level 1:colcon.colcon_core.package_identification:_identify(src) by extension 'python_setup_py'
[0.861s] Level 1:colcon.colcon_core.package_identification:_identify(src/beta_controller) by extensions ['ignore', 'ignore_ament_install']
[0.862s] Level 1:colcon.colcon_core.package_identification:_identify(src/beta_controller) by extension 'ignore'
[0.862s] Level 1:colcon.colcon_core.package_identification:_identify(src/beta_controller) by extension 'ignore_ament_install'
[0.862s] Level 1:colcon.colcon_core.package_identification:_identify(src/beta_controller) by extensions ['colcon_pkg']
[0.862s] Level 1:colcon.colcon_core.package_identification:_identify(src/beta_controller) by extension 'colcon_pkg'
[0.863s] Level 1:colcon.colcon_core.package_identification:_identify(src/beta_controller) by extensions ['colcon_meta']
[0.863s] Level 1:colcon.colcon_core.package_identification:_identify(src/beta_controller) by extension 'colcon_meta'
[0.863s] Level 1:colcon.colcon_core.package_identification:_identify(src/beta_controller) by extensions ['ros']
[0.863s] Level 1:colcon.colcon_core.package_identification:_identify(src/beta_controller) by extension 'ros'
[0.865s] DEBUG:colcon.colcon_core.package_identification:Package 'src/beta_controller' with type 'ros.ament_python' and name 'beta_controller'
[0.866s] Level 1:colcon.colcon_core.package_discovery:discover_packages(recursive) using defaults
[0.866s] Level 1:colcon.colcon_core.package_discovery:discover_packages(ignore) discover
[0.866s] Level 1:colcon.colcon_core.package_discovery:discover_packages(ignore) using defaults
[0.866s] Level 1:colcon.colcon_core.package_discovery:discover_packages(path) discover
[0.866s] Level 1:colcon.colcon_core.package_discovery:discover_packages(path) using defaults
[0.955s] Level 1:colcon.colcon_core.package_discovery:discover_packages(prefix_path) check parameters
[0.955s] Level 1:colcon.colcon_core.package_discovery:discover_packages(prefix_path) discover
[0.960s] DEBUG:colcon.colcon_installed_package_information.package_discovery:Found 4 installed packages in /home/joaoferreira/beta/install
[0.965s] DEBUG:colcon.colcon_installed_package_information.package_discovery:Found 294 installed packages in /opt/ros/humble
[0.970s] Level 1:colcon.colcon_core.package_discovery:discover_packages(prefix_path) using defaults
[1.089s] Level 5:colcon.colcon_core.verb:set package 'beta_controller' build argument 'cmake_args' from command line to 'None'
[1.090s] Level 5:colcon.colcon_core.verb:set package 'beta_controller' build argument 'cmake_target' from command line to 'None'
[1.090s] Level 5:colcon.colcon_core.verb:set package 'beta_controller' build argument 'cmake_target_skip_unavailable' from command line to 'False'
[1.090s] Level 5:colcon.colcon_core.verb:set package 'beta_controller' build argument 'cmake_clean_cache' from command line to 'False'
[1.090s] Level 5:colcon.colcon_core.verb:set package 'beta_controller' build argument 'cmake_clean_first' from command line to 'False'
[1.090s] Level 5:colcon.colcon_core.verb:set package 'beta_controller' build argument 'cmake_force_configure' from command line to 'False'
[1.090s] Level 5:colcon.colcon_core.verb:set package 'beta_controller' build argument 'ament_cmake_args' from command line to 'None'
[1.090s] Level 5:colcon.colcon_core.verb:set package 'beta_controller' build argument 'catkin_cmake_args' from command line to 'None'
[1.090s] Level 5:colcon.colcon_core.verb:set package 'beta_controller' build argument 'catkin_skip_building_tests' from command line to 'False'
[1.090s] DEBUG:colcon.colcon_core.verb:Building package 'beta_controller' with the following arguments: {'ament_cmake_args': None, 'build_base': '/home/joaoferreira/beta/build/beta_controller', 'catkin_cmake_args': None, 'catkin_skip_building_tests': False, 'cmake_args': None, 'cmake_clean_cache': False, 'cmake_clean_first': False, 'cmake_force_configure': False, 'cmake_target': None, 'cmake_target_skip_unavailable': False, 'install_base': '/home/joaoferreira/beta/install/beta_controller', 'merge_install': False, 'path': '/home/joaoferreira/beta/src/beta_controller', 'symlink_install': False, 'test_result_base': None}
[1.091s] Level 5:colcon.colcon_core.verb:set package 'micro_ros_msgs' build argument 'cmake_args' from command line to 'None'
[1.091s] Level 5:colcon.colcon_core.verb:set package 'micro_ros_msgs' build argument 'cmake_target' from command line to 'None'
[1.091s] Level 5:colcon.colcon_core.verb:set package 'micro_ros_msgs' build argument 'cmake_target_skip_unavailable' from command line to 'False'
[1.091s] Level 5:colcon.colcon_core.verb:set package 'micro_ros_msgs' build argument 'cmake_clean_cache' from command line to 'False'
[1.091s] Level 5:colcon.colcon_core.verb:set package 'micro_ros_msgs' build argument 'cmake_clean_first' from command line to 'False'
[1.091s] Level 5:colcon.colcon_core.verb:set package 'micro_ros_msgs' build argument 'cmake_force_configure' from command line to 'False'
[1.091s] Level 5:colcon.colcon_core.verb:set package 'micro_ros_msgs' build argument 'ament_cmake_args' from command line to 'None'
[1.091s] Level 5:colcon.colcon_core.verb:set package 'micro_ros_msgs' build argument 'catkin_cmake_args' from command line to 'None'
[1.091s] Level 5:colcon.colcon_core.verb:set package 'micro_ros_msgs' build argument 'catkin_skip_building_tests' from command line to 'False'
[1.091s] DEBUG:colcon.colcon_core.verb:Building package 'micro_ros_msgs' with the following arguments: {'ament_cmake_args': None, 'build_base': '/home/joaoferreira/beta/build/micro_ros_msgs', 'catkin_cmake_args': None, 'catkin_skip_building_tests': False, 'cmake_args': None, 'cmake_clean_cache': False, 'cmake_clean_first': False, 'cmake_force_configure': False, 'cmake_target': None, 'cmake_target_skip_unavailable': False, 'install_base': '/home/joaoferreira/beta/install/micro_ros_msgs', 'merge_install': False, 'path': '/home/joaoferreira/beta/beta_firmware/microros_ws/src/uros/micro_ros_msgs', 'symlink_install': False, 'test_result_base': None}
[1.092s] Level 5:colcon.colcon_core.verb:set package 'micro_ros_setup' build argument 'cmake_args' from command line to 'None'
[1.092s] Level 5:colcon.colcon_core.verb:set package 'micro_ros_setup' build argument 'cmake_target' from command line to 'None'
[1.092s] Level 5:colcon.colcon_core.verb:set package 'micro_ros_setup' build argument 'cmake_target_skip_unavailable' from command line to 'False'
[1.092s] Level 5:colcon.colcon_core.verb:set package 'micro_ros_setup' build argument 'cmake_clean_cache' from command line to 'False'
[1.092s] Level 5:colcon.colcon_core.verb:set package 'micro_ros_setup' build argument 'cmake_clean_first' from command line to 'False'
[1.092s] Level 5:colcon.colcon_core.verb:set package 'micro_ros_setup' build argument 'cmake_force_configure' from command line to 'False'
[1.092s] Level 5:colcon.colcon_core.verb:set package 'micro_ros_setup' build argument 'ament_cmake_args' from command line to 'None'
[1.092s] Level 5:colcon.colcon_core.verb:set package 'micro_ros_setup' build argument 'catkin_cmake_args' from command line to 'None'
[1.092s] Level 5:colcon.colcon_core.verb:set package 'micro_ros_setup' build argument 'catkin_skip_building_tests' from command line to 'False'
[1.092s] DEBUG:colcon.colcon_core.verb:Building package 'micro_ros_setup' with the following arguments: {'ament_cmake_args': None, 'build_base': '/home/joaoferreira/beta/build/micro_ros_setup', 'catkin_cmake_args': None, 'catkin_skip_building_tests': False, 'cmake_args': None, 'cmake_clean_cache': False, 'cmake_clean_first': False, 'cmake_force_configure': False, 'cmake_target': None, 'cmake_target_skip_unavailable': False, 'install_base': '/home/joaoferreira/beta/install/micro_ros_setup', 'merge_install': False, 'path': '/home/joaoferreira/beta/beta_firmware/microros_ws/src/micro_ros_setup', 'symlink_install': False, 'test_result_base': None}
[1.093s] Level 5:colcon.colcon_core.verb:set package 'micro_ros_agent' build argument 'cmake_args' from command line to 'None'
[1.093s] Level 5:colcon.colcon_core.verb:set package 'micro_ros_agent' build argument 'cmake_target' from command line to 'None'
[1.094s] Level 5:colcon.colcon_core.verb:set package 'micro_ros_agent' build argument 'cmake_target_skip_unavailable' from command line to 'False'
[1.094s] Level 5:colcon.colcon_core.verb:set package 'micro_ros_agent' build argument 'cmake_clean_cache' from command line to 'False'
[1.094s] Level 5:colcon.colcon_core.verb:set package 'micro_ros_agent' build argument 'cmake_clean_first' from command line to 'False'
[1.094s] Level 5:colcon.colcon_core.verb:set package 'micro_ros_agent' build argument 'cmake_force_configure' from command line to 'False'
[1.094s] Level 5:colcon.colcon_core.verb:set package 'micro_ros_agent' build argument 'ament_cmake_args' from command line to 'None'
[1.094s] Level 5:colcon.colcon_core.verb:set package 'micro_ros_agent' build argument 'catkin_cmake_args' from command line to 'None'
[1.094s] Level 5:colcon.colcon_core.verb:set package 'micro_ros_agent' build argument 'catkin_skip_building_tests' from command line to 'False'
[1.094s] DEBUG:colcon.colcon_core.verb:Building package 'micro_ros_agent' with the following arguments: {'ament_cmake_args': None, 'build_base': '/home/joaoferreira/beta/build/micro_ros_agent', 'catkin_cmake_args': None, 'catkin_skip_building_tests': False, 'cmake_args': None, 'cmake_clean_cache': False, 'cmake_clean_first': False, 'cmake_force_configure': False, 'cmake_target': None, 'cmake_target_skip_unavailable': False, 'install_base': '/home/joaoferreira/beta/install/micro_ros_agent', 'merge_install': False, 'path': '/home/joaoferreira/beta/beta_firmware/microros_ws/src/uros/micro-ROS-Agent/micro_ros_agent', 'symlink_install': False, 'test_result_base': None}
[1.094s] INFO:colcon.colcon_core.executor:Executing jobs using 'parallel' executor
[1.096s] DEBUG:colcon.colcon_parallel_executor.executor.parallel:run_until_complete
[1.098s] INFO:colcon.colcon_ros.task.ament_cmake.build:Building ROS package in '/home/joaoferreira/beta/beta_firmware/microros_ws/src/uros/micro_ros_msgs' with build type 'ament_cmake'
[1.098s] INFO:colcon.colcon_cmake.task.cmake.build:Building CMake package in '/home/joaoferreira/beta/beta_firmware/microros_ws/src/uros/micro_ros_msgs'
[1.104s] INFO:colcon.colcon_core.plugin_system:Skipping extension 'colcon_core.shell.bat': Not used on non-Windows systems
[1.104s] INFO:colcon.colcon_core.shell:Skip shell extension 'powershell' for command environment: Not usable outside of PowerShell
[1.104s] DEBUG:colcon.colcon_core.shell:Skip shell extension 'dsv' for command environment
[1.111s] INFO:colcon.colcon_ros.task.ament_python.build:Building ROS package in '/home/joaoferreira/beta/src/beta_controller' with build type 'ament_python'
[1.111s] Level 1:colcon.colcon_core.shell:create_environment_hook('beta_controller', 'ament_prefix_path')
[1.112s] INFO:colcon.colcon_core.shell:Creating environment hook '/home/joaoferreira/beta/install/beta_controller/share/beta_controller/hook/ament_prefix_path.ps1'
[1.116s] INFO:colcon.colcon_core.shell:Creating environment descriptor '/home/joaoferreira/beta/install/beta_controller/share/beta_controller/hook/ament_prefix_path.dsv'
[1.119s] INFO:colcon.colcon_core.shell:Creating environment hook '/home/joaoferreira/beta/install/beta_controller/share/beta_controller/hook/ament_prefix_path.sh'
[1.121s] INFO:colcon.colcon_core.shell:Skip shell extension 'powershell' for command environment: Not usable outside of PowerShell
[1.121s] DEBUG:colcon.colcon_core.shell:Skip shell extension 'dsv' for command environment
[1.127s] INFO:colcon.colcon_ros.task.ament_cmake.build:Building ROS package in '/home/joaoferreira/beta/beta_firmware/microros_ws/src/micro_ros_setup' with build type 'ament_cmake'
[1.127s] INFO:colcon.colcon_cmake.task.cmake.build:Building CMake package in '/home/joaoferreira/beta/beta_firmware/microros_ws/src/micro_ros_setup'
[1.128s] INFO:colcon.colcon_core.shell:Skip shell extension 'powershell' for command environment: Not usable outside of PowerShell
[1.128s] DEBUG:colcon.colcon_core.shell:Skip shell extension 'dsv' for command environment
[1.152s] DEBUG:colcon.colcon_core.event_handler.log_command:Invoking command in '/home/joaoferreira/beta/build/micro_ros_msgs': CMAKE_PREFIX_PATH=${CMAKE_PREFIX_PATH}:/home/joaoferreira/beta/install/beta_controller:/opt/ros/humble /usr/bin/cmake --build /home/joaoferreira/beta/build/micro_ros_msgs -- -j4 -l4
[1.922s] INFO:colcon.colcon_core.task.python.build:Building Python package in '/home/joaoferreira/beta/src/beta_controller'
[1.923s] INFO:colcon.colcon_core.shell:Skip shell extension 'powershell' for command environment: Not usable outside of PowerShell
[1.923s] DEBUG:colcon.colcon_core.shell:Skip shell extension 'dsv' for command environment
[1.953s] DEBUG:colcon.colcon_core.event_handler.log_command:Invoking command in '/home/joaoferreira/beta/build/micro_ros_setup': CMAKE_PREFIX_PATH=${CMAKE_PREFIX_PATH}:/home/joaoferreira/beta/install/beta_controller:/opt/ros/humble /usr/bin/cmake --build /home/joaoferreira/beta/build/micro_ros_setup -- -j4 -l4
[2.067s] DEBUG:colcon.colcon_core.event_handler.log_command:Invoked command in '/home/joaoferreira/beta/build/micro_ros_setup' returned '0': CMAKE_PREFIX_PATH=${CMAKE_PREFIX_PATH}:/home/joaoferreira/beta/install/beta_controller:/opt/ros/humble /usr/bin/cmake --build /home/joaoferreira/beta/build/micro_ros_setup -- -j4 -l4
[2.091s] DEBUG:colcon.colcon_core.event_handler.log_command:Invoking command in '/home/joaoferreira/beta/build/micro_ros_setup': CMAKE_PREFIX_PATH=${CMAKE_PREFIX_PATH}:/home/joaoferreira/beta/install/beta_controller:/opt/ros/humble /usr/bin/cmake --install /home/joaoferreira/beta/build/micro_ros_setup
[2.124s] Level 1:colcon.colcon_core.environment:create_environment_scripts_only(micro_ros_setup)
[2.132s] Level 1:colcon.colcon_core.environment:checking '/home/joaoferreira/beta/install/micro_ros_setup' for CMake module files
[2.135s] Level 1:colcon.colcon_core.environment:checking '/home/joaoferreira/beta/install/micro_ros_setup' for CMake config files
[2.136s] Level 1:colcon.colcon_core.shell:create_environment_hook('micro_ros_setup', 'cmake_prefix_path')
[2.137s] INFO:colcon.colcon_core.shell:Creating environment hook '/home/joaoferreira/beta/install/micro_ros_setup/share/micro_ros_setup/hook/cmake_prefix_path.ps1'
[2.138s] INFO:colcon.colcon_core.shell:Creating environment descriptor '/home/joaoferreira/beta/install/micro_ros_setup/share/micro_ros_setup/hook/cmake_prefix_path.dsv'
[2.139s] INFO:colcon.colcon_core.shell:Creating environment hook '/home/joaoferreira/beta/install/micro_ros_setup/share/micro_ros_setup/hook/cmake_prefix_path.sh'
[2.144s] Level 1:colcon.colcon_core.environment:checking '/home/joaoferreira/beta/install/micro_ros_setup/lib'
[2.145s] Level 1:colcon.colcon_core.environment:checking '/home/joaoferreira/beta/install/micro_ros_setup/bin'
[2.145s] Level 1:colcon.colcon_core.environment:checking '/home/joaoferreira/beta/install/micro_ros_setup/lib/pkgconfig/micro_ros_setup.pc'
[2.145s] Level 1:colcon.colcon_core.environment:checking '/home/joaoferreira/beta/install/micro_ros_setup/lib/python3.10/site-packages'
[2.146s] Level 1:colcon.colcon_core.environment:checking '/home/joaoferreira/beta/install/micro_ros_setup/bin'
[2.149s] INFO:colcon.colcon_core.shell:Creating package script '/home/joaoferreira/beta/install/micro_ros_setup/share/micro_ros_setup/package.ps1'
[2.154s] INFO:colcon.colcon_core.shell:Creating package descriptor '/home/joaoferreira/beta/install/micro_ros_setup/share/micro_ros_setup/package.dsv'
[2.156s] INFO:colcon.colcon_core.shell:Creating package script '/home/joaoferreira/beta/install/micro_ros_setup/share/micro_ros_setup/package.sh'
[2.160s] INFO:colcon.colcon_core.shell:Creating package script '/home/joaoferreira/beta/install/micro_ros_setup/share/micro_ros_setup/package.bash'
[2.168s] DEBUG:colcon.colcon_core.event_handler.log_command:Invoked command in '/home/joaoferreira/beta/build/micro_ros_setup' returned '0': CMAKE_PREFIX_PATH=${CMAKE_PREFIX_PATH}:/home/joaoferreira/beta/install/beta_controller:/opt/ros/humble /usr/bin/cmake --install /home/joaoferreira/beta/build/micro_ros_setup
[2.169s] INFO:colcon.colcon_core.shell:Creating package script '/home/joaoferreira/beta/install/micro_ros_setup/share/micro_ros_setup/package.zsh'
[2.170s] Level 1:colcon.colcon_core.environment:create_file_with_runtime_dependencies(/home/joaoferreira/beta/install/micro_ros_setup/share/colcon-core/packages/micro_ros_setup)
[2.171s] Level 1:colcon.colcon_core.environment:create_environment_scripts_only(micro_ros_setup)
[2.172s] Level 1:colcon.colcon_core.environment:checking '/home/joaoferreira/beta/install/micro_ros_setup' for CMake module files
[2.173s] Level 1:colcon.colcon_core.environment:checking '/home/joaoferreira/beta/install/micro_ros_setup' for CMake config files
[2.173s] Level 1:colcon.colcon_core.shell:create_environment_hook('micro_ros_setup', 'cmake_prefix_path')
[2.174s] INFO:colcon.colcon_core.shell:Creating environment hook '/home/joaoferreira/beta/install/micro_ros_setup/share/micro_ros_setup/hook/cmake_prefix_path.ps1'
[2.244s] INFO:colcon.colcon_core.shell:Creating environment descriptor '/home/joaoferreira/beta/install/micro_ros_setup/share/micro_ros_setup/hook/cmake_prefix_path.dsv'
[2.245s] INFO:colcon.colcon_core.shell:Creating environment hook '/home/joaoferreira/beta/install/micro_ros_setup/share/micro_ros_setup/hook/cmake_prefix_path.sh'
[2.246s] Level 1:colcon.colcon_core.environment:checking '/home/joaoferreira/beta/install/micro_ros_setup/lib'
[2.246s] Level 1:colcon.colcon_core.environment:checking '/home/joaoferreira/beta/install/micro_ros_setup/bin'
[2.246s] Level 1:colcon.colcon_core.environment:checking '/home/joaoferreira/beta/install/micro_ros_setup/lib/pkgconfig/micro_ros_setup.pc'
[2.246s] Level 1:colcon.colcon_core.environment:checking '/home/joaoferreira/beta/install/micro_ros_setup/lib/python3.10/site-packages'
[2.247s] Level 1:colcon.colcon_core.environment:checking '/home/joaoferreira/beta/install/micro_ros_setup/bin'
[2.247s] INFO:colcon.colcon_core.shell:Creating package script '/home/joaoferreira/beta/install/micro_ros_setup/share/micro_ros_setup/package.ps1'
[2.249s] INFO:colcon.colcon_core.shell:Creating package descriptor '/home/joaoferreira/beta/install/micro_ros_setup/share/micro_ros_setup/package.dsv'
[2.250s] INFO:colcon.colcon_core.shell:Creating package script '/home/joaoferreira/beta/install/micro_ros_setup/share/micro_ros_setup/package.sh'
[2.250s] INFO:colcon.colcon_core.shell:Creating package script '/home/joaoferreira/beta/install/micro_ros_setup/share/micro_ros_setup/package.bash'
[2.251s] INFO:colcon.colcon_core.shell:Creating package script '/home/joaoferreira/beta/install/micro_ros_setup/share/micro_ros_setup/package.zsh'
[2.252s] Level 1:colcon.colcon_core.environment:create_file_with_runtime_dependencies(/home/joaoferreira/beta/install/micro_ros_setup/share/colcon-core/packages/micro_ros_setup)
[2.255s] DEBUG:colcon.colcon_core.event_handler.log_command:Invoked command in '/home/joaoferreira/beta/build/micro_ros_msgs' returned '0': CMAKE_PREFIX_PATH=${CMAKE_PREFIX_PATH}:/home/joaoferreira/beta/install/beta_controller:/opt/ros/humble /usr/bin/cmake --build /home/joaoferreira/beta/build/micro_ros_msgs -- -j4 -l4
[2.257s] DEBUG:colcon.colcon_core.event_handler.log_command:Invoking command in '/home/joaoferreira/beta/build/micro_ros_msgs': CMAKE_PREFIX_PATH=${CMAKE_PREFIX_PATH}:/home/joaoferreira/beta/install/beta_controller:/opt/ros/humble /usr/bin/cmake --install /home/joaoferreira/beta/build/micro_ros_msgs
[2.384s] Level 1:colcon.colcon_core.environment:create_environment_scripts_only(micro_ros_msgs)
[2.385s] Level 1:colcon.colcon_core.environment:checking '/home/joaoferreira/beta/install/micro_ros_msgs' for CMake module files
[2.388s] DEBUG:colcon.colcon_core.event_handler.log_command:Invoked command in '/home/joaoferreira/beta/build/micro_ros_msgs' returned '0': CMAKE_PREFIX_PATH=${CMAKE_PREFIX_PATH}:/home/joaoferreira/beta/install/beta_controller:/opt/ros/humble /usr/bin/cmake --install /home/joaoferreira/beta/build/micro_ros_msgs
[2.389s] Level 1:colcon.colcon_core.environment:checking '/home/joaoferreira/beta/install/micro_ros_msgs' for CMake config files
[2.390s] Level 1:colcon.colcon_core.shell:create_environment_hook('micro_ros_msgs', 'cmake_prefix_path')
[2.391s] INFO:colcon.colcon_core.shell:Creating environment hook '/home/joaoferreira/beta/install/micro_ros_msgs/share/micro_ros_msgs/hook/cmake_prefix_path.ps1'
[2.395s] INFO:colcon.colcon_core.shell:Creating environment descriptor '/home/joaoferreira/beta/install/micro_ros_msgs/share/micro_ros_msgs/hook/cmake_prefix_path.dsv'
[2.395s] INFO:colcon.colcon_core.shell:Creating environment hook '/home/joaoferreira/beta/install/micro_ros_msgs/share/micro_ros_msgs/hook/cmake_prefix_path.sh'
[2.396s] Level 1:colcon.colcon_core.environment:checking '/home/joaoferreira/beta/install/micro_ros_msgs/lib'
[2.397s] Level 1:colcon.colcon_core.shell:create_environment_hook('micro_ros_msgs', 'ld_library_path_lib')
[2.397s] INFO:colcon.colcon_core.shell:Creating environment hook '/home/joaoferreira/beta/install/micro_ros_msgs/share/micro_ros_msgs/hook/ld_library_path_lib.ps1'
[2.398s] INFO:colcon.colcon_core.shell:Creating environment descriptor '/home/joaoferreira/beta/install/micro_ros_msgs/share/micro_ros_msgs/hook/ld_library_path_lib.dsv'
[2.399s] INFO:colcon.colcon_core.shell:Creating environment hook '/home/joaoferreira/beta/install/micro_ros_msgs/share/micro_ros_msgs/hook/ld_library_path_lib.sh'
[2.400s] Level 1:colcon.colcon_core.environment:checking '/home/joaoferreira/beta/install/micro_ros_msgs/bin'
[2.400s] Level 1:colcon.colcon_core.environment:checking '/home/joaoferreira/beta/install/micro_ros_msgs/lib/pkgconfig/micro_ros_msgs.pc'
[2.400s] Level 1:colcon.colcon_core.environment:checking '/home/joaoferreira/beta/install/micro_ros_msgs/lib/python3.10/site-packages'
[2.401s] Level 1:colcon.colcon_core.environment:checking '/home/joaoferreira/beta/install/micro_ros_msgs/bin'
[2.402s] INFO:colcon.colcon_core.shell:Creating package script '/home/joaoferreira/beta/install/micro_ros_msgs/share/micro_ros_msgs/package.ps1'
[2.404s] INFO:colcon.colcon_core.shell:Creating package descriptor '/home/joaoferreira/beta/install/micro_ros_msgs/share/micro_ros_msgs/package.dsv'
[2.405s] INFO:colcon.colcon_core.shell:Creating package script '/home/joaoferreira/beta/install/micro_ros_msgs/share/micro_ros_msgs/package.sh'
[2.407s] INFO:colcon.colcon_core.shell:Creating package script '/home/joaoferreira/beta/install/micro_ros_msgs/share/micro_ros_msgs/package.bash'
[2.408s] INFO:colcon.colcon_core.shell:Creating package script '/home/joaoferreira/beta/install/micro_ros_msgs/share/micro_ros_msgs/package.zsh'
[2.409s] Level 1:colcon.colcon_core.environment:create_file_with_runtime_dependencies(/home/joaoferreira/beta/install/micro_ros_msgs/share/colcon-core/packages/micro_ros_msgs)
[2.410s] Level 1:colcon.colcon_core.environment:create_environment_scripts_only(micro_ros_msgs)
[2.411s] Level 1:colcon.colcon_core.environment:checking '/home/joaoferreira/beta/install/micro_ros_msgs' for CMake module files
[2.412s] Level 1:colcon.colcon_core.environment:checking '/home/joaoferreira/beta/install/micro_ros_msgs' for CMake config files
[2.414s] Level 1:colcon.colcon_core.shell:create_environment_hook('micro_ros_msgs', 'cmake_prefix_path')
[2.415s] INFO:colcon.colcon_core.shell:Creating environment hook '/home/joaoferreira/beta/install/micro_ros_msgs/share/micro_ros_msgs/hook/cmake_prefix_path.ps1'
[2.416s] INFO:colcon.colcon_core.shell:Creating environment descriptor '/home/joaoferreira/beta/install/micro_ros_msgs/share/micro_ros_msgs/hook/cmake_prefix_path.dsv'
[2.417s] INFO:colcon.colcon_core.shell:Creating environment hook '/home/joaoferreira/beta/install/micro_ros_msgs/share/micro_ros_msgs/hook/cmake_prefix_path.sh'
[2.418s] Level 1:colcon.colcon_core.environment:checking '/home/joaoferreira/beta/install/micro_ros_msgs/lib'
[2.418s] Level 1:colcon.colcon_core.shell:create_environment_hook('micro_ros_msgs', 'ld_library_path_lib')
[2.418s] INFO:colcon.colcon_core.shell:Creating environment hook '/home/joaoferreira/beta/install/micro_ros_msgs/share/micro_ros_msgs/hook/ld_library_path_lib.ps1'
[2.419s] INFO:colcon.colcon_core.shell:Creating environment descriptor '/home/joaoferreira/beta/install/micro_ros_msgs/share/micro_ros_msgs/hook/ld_library_path_lib.dsv'
[2.420s] INFO:colcon.colcon_core.shell:Creating environment hook '/home/joaoferreira/beta/install/micro_ros_msgs/share/micro_ros_msgs/hook/ld_library_path_lib.sh'
[2.421s] Level 1:colcon.colcon_core.environment:checking '/home/joaoferreira/beta/install/micro_ros_msgs/bin'
[2.421s] Level 1:colcon.colcon_core.environment:checking '/home/joaoferreira/beta/install/micro_ros_msgs/lib/pkgconfig/micro_ros_msgs.pc'
[2.422s] Level 1:colcon.colcon_core.environment:checking '/home/joaoferreira/beta/install/micro_ros_msgs/lib/python3.10/site-packages'
[2.422s] Level 1:colcon.colcon_core.environment:checking '/home/joaoferreira/beta/install/micro_ros_msgs/bin'
[2.424s] INFO:colcon.colcon_core.shell:Creating package script '/home/joaoferreira/beta/install/micro_ros_msgs/share/micro_ros_msgs/package.ps1'
[2.425s] INFO:colcon.colcon_core.shell:Creating package descriptor '/home/joaoferreira/beta/install/micro_ros_msgs/share/micro_ros_msgs/package.dsv'
[2.427s] INFO:colcon.colcon_core.shell:Creating package script '/home/joaoferreira/beta/install/micro_ros_msgs/share/micro_ros_msgs/package.sh'
[2.429s] INFO:colcon.colcon_core.shell:Creating package script '/home/joaoferreira/beta/install/micro_ros_msgs/share/micro_ros_msgs/package.bash'
[2.430s] INFO:colcon.colcon_core.shell:Creating package script '/home/joaoferreira/beta/install/micro_ros_msgs/share/micro_ros_msgs/package.zsh'
[2.431s] Level 1:colcon.colcon_core.environment:create_file_with_runtime_dependencies(/home/joaoferreira/beta/install/micro_ros_msgs/share/colcon-core/packages/micro_ros_msgs)
[2.432s] INFO:colcon.colcon_ros.task.ament_cmake.build:Building ROS package in '/home/joaoferreira/beta/beta_firmware/microros_ws/src/uros/micro-ROS-Agent/micro_ros_agent' with build type 'ament_cmake'
[2.432s] INFO:colcon.colcon_cmake.task.cmake.build:Building CMake package in '/home/joaoferreira/beta/beta_firmware/microros_ws/src/uros/micro-ROS-Agent/micro_ros_agent'
[2.433s] INFO:colcon.colcon_core.shell:Skip shell extension 'powershell' for command environment: Not usable outside of PowerShell
[2.433s] DEBUG:colcon.colcon_core.shell:Skip shell extension 'dsv' for command environment
[2.459s] DEBUG:colcon.colcon_core.event_handler.log_command:Invoking command in '/home/joaoferreira/beta/build/micro_ros_agent': CMAKE_PREFIX_PATH=/home/joaoferreira/beta/install/micro_ros_msgs:/home/joaoferreira/beta/install/micro_ros_setup:/home/joaoferreira/beta/install/micro_ros_agent:/home/joaoferreira/beta/install/beta_controller:/opt/ros/humble LD_LIBRARY_PATH=/home/joaoferreira/beta/install/micro_ros_msgs/lib:/home/joaoferreira/beta/install/micro_ros_agent/lib:/opt/ros/humble/opt/rviz_ogre_vendor/lib:/opt/ros/humble/lib/x86_64-linux-gnu:/opt/ros/humble/lib /usr/bin/cmake --build /home/joaoferreira/beta/build/micro_ros_agent -- -j4 -l4
[2.630s] DEBUG:colcon.colcon_core.event_handler.log_command:Invoked command in '/home/joaoferreira/beta/build/micro_ros_agent' returned '0': CMAKE_PREFIX_PATH=/home/joaoferreira/beta/install/micro_ros_msgs:/home/joaoferreira/beta/install/micro_ros_setup:/home/joaoferreira/beta/install/micro_ros_agent:/home/joaoferreira/beta/install/beta_controller:/opt/ros/humble LD_LIBRARY_PATH=/home/joaoferreira/beta/install/micro_ros_msgs/lib:/home/joaoferreira/beta/install/micro_ros_agent/lib:/opt/ros/humble/opt/rviz_ogre_vendor/lib:/opt/ros/humble/lib/x86_64-linux-gnu:/opt/ros/humble/lib /usr/bin/cmake --build /home/joaoferreira/beta/build/micro_ros_agent -- -j4 -l4
[2.638s] DEBUG:colcon.colcon_core.event_handler.log_command:Invoking command in '/home/joaoferreira/beta/build/micro_ros_agent': CMAKE_PREFIX_PATH=/home/joaoferreira/beta/install/micro_ros_msgs:/home/joaoferreira/beta/install/micro_ros_setup:/home/joaoferreira/beta/install/micro_ros_agent:/home/joaoferreira/beta/install/beta_controller:/opt/ros/humble LD_LIBRARY_PATH=/home/joaoferreira/beta/install/micro_ros_msgs/lib:/home/joaoferreira/beta/install/micro_ros_agent/lib:/opt/ros/humble/opt/rviz_ogre_vendor/lib:/opt/ros/humble/lib/x86_64-linux-gnu:/opt/ros/humble/lib /usr/bin/cmake --install /home/joaoferreira/beta/build/micro_ros_agent
[2.670s] DEBUG:colcon.colcon_core.event_handler.log_command:Invoking command in '/home/joaoferreira/beta/src/beta_controller': PYTHONPATH=/home/joaoferreira/beta/build/beta_controller/prefix_override:/usr/lib/python3/dist-packages/colcon_core/task/python/colcon_distutils_commands:/home/joaoferreira/beta/install/beta_controller/lib/python3.10/site-packages:${PYTHONPATH} /usr/bin/python3 -W ignore:setup.py install is deprecated -W ignore:easy_install command is deprecated setup.py egg_info --egg-base ../../build/beta_controller build --build-base /home/joaoferreira/beta/build/beta_controller/build install --record /home/joaoferreira/beta/build/beta_controller/install.log --single-version-externally-managed install_data
[2.678s] Level 1:colcon.colcon_core.environment:create_environment_scripts_only(micro_ros_agent)
[2.678s] Level 1:colcon.colcon_core.environment:checking '/home/joaoferreira/beta/install/micro_ros_agent' for CMake module files
[2.679s] DEBUG:colcon.colcon_core.event_handler.log_command:Invoked command in '/home/joaoferreira/beta/build/micro_ros_agent' returned '0': CMAKE_PREFIX_PATH=/home/joaoferreira/beta/install/micro_ros_msgs:/home/joaoferreira/beta/install/micro_ros_setup:/home/joaoferreira/beta/install/micro_ros_agent:/home/joaoferreira/beta/install/beta_controller:/opt/ros/humble LD_LIBRARY_PATH=/home/joaoferreira/beta/install/micro_ros_msgs/lib:/home/joaoferreira/beta/install/micro_ros_agent/lib:/opt/ros/humble/opt/rviz_ogre_vendor/lib:/opt/ros/humble/lib/x86_64-linux-gnu:/opt/ros/humble/lib /usr/bin/cmake --install /home/joaoferreira/beta/build/micro_ros_agent
[2.680s] Level 1:colcon.colcon_core.environment:checking '/home/joaoferreira/beta/install/micro_ros_agent' for CMake config files
[2.682s] Level 1:colcon.colcon_core.shell:create_environment_hook('micro_ros_agent', 'cmake_prefix_path')
[2.683s] INFO:colcon.colcon_core.shell:Creating environment hook '/home/joaoferreira/beta/install/micro_ros_agent/share/micro_ros_agent/hook/cmake_prefix_path.ps1'
[2.683s] INFO:colcon.colcon_core.shell:Creating environment descriptor '/home/joaoferreira/beta/install/micro_ros_agent/share/micro_ros_agent/hook/cmake_prefix_path.dsv'
[2.684s] INFO:colcon.colcon_core.shell:Creating environment hook '/home/joaoferreira/beta/install/micro_ros_agent/share/micro_ros_agent/hook/cmake_prefix_path.sh'
[2.685s] Level 1:colcon.colcon_core.environment:checking '/home/joaoferreira/beta/install/micro_ros_agent/lib'
[2.686s] Level 1:colcon.colcon_core.shell:create_environment_hook('micro_ros_agent', 'ld_library_path_lib')
[2.686s] INFO:colcon.colcon_core.shell:Creating environment hook '/home/joaoferreira/beta/install/micro_ros_agent/share/micro_ros_agent/hook/ld_library_path_lib.ps1'
[2.687s] INFO:colcon.colcon_core.shell:Creating environment descriptor '/home/joaoferreira/beta/install/micro_ros_agent/share/micro_ros_agent/hook/ld_library_path_lib.dsv'
[2.688s] INFO:colcon.colcon_core.shell:Creating environment hook '/home/joaoferreira/beta/install/micro_ros_agent/share/micro_ros_agent/hook/ld_library_path_lib.sh'
[2.689s] Level 1:colcon.colcon_core.environment:checking '/home/joaoferreira/beta/install/micro_ros_agent/bin'
[2.690s] Level 1:colcon.colcon_core.environment:checking '/home/joaoferreira/beta/install/micro_ros_agent/lib/pkgconfig/micro_ros_agent.pc'
[2.690s] Level 1:colcon.colcon_core.environment:checking '/home/joaoferreira/beta/install/micro_ros_agent/lib/python3.10/site-packages'
[2.690s] Level 1:colcon.colcon_core.environment:checking '/home/joaoferreira/beta/install/micro_ros_agent/bin'
[2.691s] INFO:colcon.colcon_core.shell:Creating package script '/home/joaoferreira/beta/install/micro_ros_agent/share/micro_ros_agent/package.ps1'
[2.692s] INFO:colcon.colcon_core.shell:Creating package descriptor '/home/joaoferreira/beta/install/micro_ros_agent/share/micro_ros_agent/package.dsv'
[2.693s] INFO:colcon.colcon_core.shell:Creating package script '/home/joaoferreira/beta/install/micro_ros_agent/share/micro_ros_agent/package.sh'
[2.694s] INFO:colcon.colcon_core.shell:Creating package script '/home/joaoferreira/beta/install/micro_ros_agent/share/micro_ros_agent/package.bash'
[2.695s] INFO:colcon.colcon_core.shell:Creating package script '/home/joaoferreira/beta/install/micro_ros_agent/share/micro_ros_agent/package.zsh'
[2.696s] Level 1:colcon.colcon_core.environment:create_file_with_runtime_dependencies(/home/joaoferreira/beta/install/micro_ros_agent/share/colcon-core/packages/micro_ros_agent)
[2.697s] Level 1:colcon.colcon_core.environment:create_environment_scripts_only(micro_ros_agent)
[2.698s] Level 1:colcon.colcon_core.environment:checking '/home/joaoferreira/beta/install/micro_ros_agent' for CMake module files
[2.699s] Level 1:colcon.colcon_core.environment:checking '/home/joaoferreira/beta/install/micro_ros_agent' for CMake config files
[2.700s] Level 1:colcon.colcon_core.shell:create_environment_hook('micro_ros_agent', 'cmake_prefix_path')
[2.701s] INFO:colcon.colcon_core.shell:Creating environment hook '/home/joaoferreira/beta/install/micro_ros_agent/share/micro_ros_agent/hook/cmake_prefix_path.ps1'
[2.701s] INFO:colcon.colcon_core.shell:Creating environment descriptor '/home/joaoferreira/beta/install/micro_ros_agent/share/micro_ros_agent/hook/cmake_prefix_path.dsv'
[2.702s] INFO:colcon.colcon_core.shell:Creating environment hook '/home/joaoferreira/beta/install/micro_ros_agent/share/micro_ros_agent/hook/cmake_prefix_path.sh'
[2.703s] Level 1:colcon.colcon_core.environment:checking '/home/joaoferreira/beta/install/micro_ros_agent/lib'
[2.704s] Level 1:colcon.colcon_core.shell:create_environment_hook('micro_ros_agent', 'ld_library_path_lib')
[2.704s] INFO:colcon.colcon_core.shell:Creating environment hook '/home/joaoferreira/beta/install/micro_ros_agent/share/micro_ros_agent/hook/ld_library_path_lib.ps1'
[2.706s] INFO:colcon.colcon_core.shell:Creating environment descriptor '/home/joaoferreira/beta/install/micro_ros_agent/share/micro_ros_agent/hook/ld_library_path_lib.dsv'
[2.707s] INFO:colcon.colcon_core.shell:Creating environment hook '/home/joaoferreira/beta/install/micro_ros_agent/share/micro_ros_agent/hook/ld_library_path_lib.sh'
[2.708s] Level 1:colcon.colcon_core.environment:checking '/home/joaoferreira/beta/install/micro_ros_agent/bin'
[2.708s] Level 1:colcon.colcon_core.environment:checking '/home/joaoferreira/beta/install/micro_ros_agent/lib/pkgconfig/micro_ros_agent.pc'
[2.708s] Level 1:colcon.colcon_core.environment:checking '/home/joaoferreira/beta/install/micro_ros_agent/lib/python3.10/site-packages'
[2.709s] Level 1:colcon.colcon_core.environment:checking '/home/joaoferreira/beta/install/micro_ros_agent/bin'
[2.709s] INFO:colcon.colcon_core.shell:Creating package script '/home/joaoferreira/beta/install/micro_ros_agent/share/micro_ros_agent/package.ps1'
[2.710s] INFO:colcon.colcon_core.shell:Creating package descriptor '/home/joaoferreira/beta/install/micro_ros_agent/share/micro_ros_agent/package.dsv'
[2.712s] INFO:colcon.colcon_core.shell:Creating package script '/home/joaoferreira/beta/install/micro_ros_agent/share/micro_ros_agent/package.sh'
[2.716s] INFO:colcon.colcon_core.shell:Creating package script '/home/joaoferreira/beta/install/micro_ros_agent/share/micro_ros_agent/package.bash'
[2.717s] INFO:colcon.colcon_core.shell:Creating package script '/home/joaoferreira/beta/install/micro_ros_agent/share/micro_ros_agent/package.zsh'
[2.718s] Level 1:colcon.colcon_core.environment:create_file_with_runtime_dependencies(/home/joaoferreira/beta/install/micro_ros_agent/share/colcon-core/packages/micro_ros_agent)
[3.159s] Level 1:colcon.colcon_core.environment:checking '/home/joaoferreira/beta/install/beta_controller' for CMake module files
[3.161s] DEBUG:colcon.colcon_core.event_handler.log_command:Invoked command in '/home/joaoferreira/beta/src/beta_controller' returned '0': PYTHONPATH=/home/joaoferreira/beta/build/beta_controller/prefix_override:/usr/lib/python3/dist-packages/colcon_core/task/python/colcon_distutils_commands:/home/joaoferreira/beta/install/beta_controller/lib/python3.10/site-packages:${PYTHONPATH} /usr/bin/python3 -W ignore:setup.py install is deprecated -W ignore:easy_install command is deprecated setup.py egg_info --egg-base ../../build/beta_controller build --build-base /home/joaoferreira/beta/build/beta_controller/build install --record /home/joaoferreira/beta/build/beta_controller/install.log --single-version-externally-managed install_data
[3.162s] Level 1:colcon.colcon_core.environment:checking '/home/joaoferreira/beta/install/beta_controller' for CMake config files
[3.164s] Level 1:colcon.colcon_core.environment:checking '/home/joaoferreira/beta/install/beta_controller/lib'
[3.164s] Level 1:colcon.colcon_core.environment:checking '/home/joaoferreira/beta/install/beta_controller/bin'
[3.164s] Level 1:colcon.colcon_core.environment:checking '/home/joaoferreira/beta/install/beta_controller/lib/pkgconfig/beta_controller.pc'
[3.165s] Level 1:colcon.colcon_core.environment:checking '/home/joaoferreira/beta/install/beta_controller/lib/python3.10/site-packages'
[3.165s] Level 1:colcon.colcon_core.shell:create_environment_hook('beta_controller', 'pythonpath')
[3.166s] INFO:colcon.colcon_core.shell:Creating environment hook '/home/joaoferreira/beta/install/beta_controller/share/beta_controller/hook/pythonpath.ps1'
[3.167s] INFO:colcon.colcon_core.shell:Creating environment descriptor '/home/joaoferreira/beta/install/beta_controller/share/beta_controller/hook/pythonpath.dsv'
[3.168s] INFO:colcon.colcon_core.shell:Creating environment hook '/home/joaoferreira/beta/install/beta_controller/share/beta_controller/hook/pythonpath.sh'
[3.170s] Level 1:colcon.colcon_core.environment:checking '/home/joaoferreira/beta/install/beta_controller/bin'
[3.170s] Level 1:colcon.colcon_core.environment:create_environment_scripts_only(beta_controller)
[3.171s] INFO:colcon.colcon_core.shell:Creating package script '/home/joaoferreira/beta/install/beta_controller/share/beta_controller/package.ps1'
[3.172s] INFO:colcon.colcon_core.shell:Creating package descriptor '/home/joaoferreira/beta/install/beta_controller/share/beta_controller/package.dsv'
[3.174s] INFO:colcon.colcon_core.shell:Creating package script '/home/joaoferreira/beta/install/beta_controller/share/beta_controller/package.sh'
[3.175s] INFO:colcon.colcon_core.shell:Creating package script '/home/joaoferreira/beta/install/beta_controller/share/beta_controller/package.bash'
[3.176s] INFO:colcon.colcon_core.shell:Creating package script '/home/joaoferreira/beta/install/beta_controller/share/beta_controller/package.zsh'
[3.177s] Level 1:colcon.colcon_core.environment:create_file_with_runtime_dependencies(/home/joaoferreira/beta/install/beta_controller/share/colcon-core/packages/beta_controller)
[3.178s] DEBUG:colcon.colcon_parallel_executor.executor.parallel:closing loop
[3.179s] DEBUG:colcon.colcon_parallel_executor.executor.parallel:loop closed
[3.179s] DEBUG:colcon.colcon_parallel_executor.executor.parallel:run_until_complete finished with '0'
[3.179s] DEBUG:colcon.colcon_core.event_reactor:joining thread
[3.195s] INFO:colcon.colcon_core.plugin_system:Skipping extension 'colcon_notification.desktop_notification.terminal_notifier': Not used on non-Darwin systems
[3.195s] INFO:colcon.colcon_core.plugin_system:Skipping extension 'colcon_notification.desktop_notification.win32': Not used on non-Windows systems
[3.195s] INFO:colcon.colcon_notification.desktop_notification:Sending desktop notification using 'notify2'
[3.222s] DEBUG:colcon.colcon_core.event_reactor:joined thread
[3.223s] INFO:colcon.colcon_core.shell:Creating prefix script '/home/joaoferreira/beta/install/local_setup.ps1'
[3.226s] INFO:colcon.colcon_core.shell:Creating prefix util module '/home/joaoferreira/beta/install/_local_setup_util_ps1.py'
[3.230s] INFO:colcon.colcon_core.shell:Creating prefix chain script '/home/joaoferreira/beta/install/setup.ps1'
[3.233s] INFO:colcon.colcon_core.shell:Creating prefix script '/home/joaoferreira/beta/install/local_setup.sh'
[3.235s] INFO:colcon.colcon_core.shell:Creating prefix util module '/home/joaoferreira/beta/install/_local_setup_util_sh.py'
[3.237s] INFO:colcon.colcon_core.shell:Creating prefix chain script '/home/joaoferreira/beta/install/setup.sh'
[3.241s] INFO:colcon.colcon_core.shell:Creating prefix script '/home/joaoferreira/beta/install/local_setup.bash'
[3.242s] INFO:colcon.colcon_core.shell:Creating prefix chain script '/home/joaoferreira/beta/install/setup.bash'
[3.246s] INFO:colcon.colcon_core.shell:Creating prefix script '/home/joaoferreira/beta/install/local_setup.zsh'
[3.247s] INFO:colcon.colcon_core.shell:Creating prefix chain script '/home/joaoferreira/beta/install/setup.zsh'
