[0.479s] Invoking command in '/home/joaoferreira/microros_ws/build/micro_ros_msgs': CMAKE_PREFIX_PATH=${CMAKE_PREFIX_PATH}:/home/joaoferreira/beta/install/beta_controller:/opt/ros/humble /usr/bin/cmake /home/joaoferreira/microros_ws/src/uros/micro_ros_msgs -DCMAKE_INSTALL_PREFIX=/home/joaoferreira/microros_ws/install/micro_ros_msgs
[4.260s] -- Found ament_cmake: 1.3.11 (/opt/ros/humble/share/ament_cmake/cmake)
[6.164s] -- Found rosidl_default_generators: 1.2.0 (/opt/ros/humble/share/rosidl_default_generators/cmake)
[6.462s] -- Using all available rosidl_typesupport_c: rosidl_typesupport_fastrtps_c;rosidl_typesupport_introspection_c
[6.600s] -- Found rosidl_adapter: 3.1.6 (/opt/ros/humble/share/rosidl_adapter/cmake)
[8.212s] -- Using all available rosidl_typesupport_cpp: rosidl_typesupport_fastrtps_cpp;rosidl_typesupport_introspection_cpp
[8.664s] -- Found ament_lint_auto: 0.12.11 (/opt/ros/humble/share/ament_lint_auto/cmake)
[9.631s] -- Found ament_cmake_ros: 0.10.0 (/opt/ros/humble/share/ament_cmake_ros/cmake)
[9.999s] -- Using all available rosidl_typesupport_c: rosidl_typesupport_fastrtps_c;rosidl_typesupport_introspection_c
[10.413s] -- Using all available rosidl_typesupport_cpp: rosidl_typesupport_fastrtps_cpp;rosidl_typesupport_introspection_cpp
[10.523s] -- Found python_cmake_module: 0.10.0 (/opt/ros/humble/share/python_cmake_module/cmake)
[10.652s] -- Using PYTHON_EXECUTABLE: /usr/bin/python3
[10.653s] -- Using PYTHON_INCLUDE_DIRS: /usr/include/python3.10
[10.653s] -- Using PYTHON_LIBRARIES: /usr/lib/x86_64-linux-gnu/libpython3.10.so
[10.723s] -- Added test 'copyright' to check source files copyright and LICENSE
[10.770s] -- Added test 'lint_cmake' to check CMake code style
[10.779s] -- Added test 'xmllint' to check XML markup files
[10.950s] -- Configuring done
[12.059s] -- Generating done
[12.139s] -- Build files have been written to: /home/joaoferreira/microros_ws/build/micro_ros_msgs
[12.155s] Invoked command in '/home/joaoferreira/microros_ws/build/micro_ros_msgs' returned '0': CMAKE_PREFIX_PATH=${CMAKE_PREFIX_PATH}:/home/joaoferreira/beta/install/beta_controller:/opt/ros/humble /usr/bin/cmake /home/joaoferreira/microros_ws/src/uros/micro_ros_msgs -DCMAKE_INSTALL_PREFIX=/home/joaoferreira/microros_ws/install/micro_ros_msgs
[12.158s] Invoking command in '/home/joaoferreira/microros_ws/build/micro_ros_msgs': CMAKE_PREFIX_PATH=${CMAKE_PREFIX_PATH}:/home/joaoferreira/beta/install/beta_controller:/opt/ros/humble /usr/bin/cmake --build /home/joaoferreira/microros_ws/build/micro_ros_msgs -- -j4 -l4
[12.330s] [35m[1mConsolidate compiler generated dependencies of target micro_ros_msgs__rosidl_generator_c[0m
[12.354s] [ 10%] Built target micro_ros_msgs__rosidl_generator_c
[12.519s] [ 10%] Built target ament_cmake_python_copy_micro_ros_msgs
[12.659s] [35m[1mConsolidate compiler generated dependencies of target micro_ros_msgs__rosidl_typesupport_introspection_c[0m
[12.686s] [ 21%] Built target micro_ros_msgs__rosidl_typesupport_introspection_c
[12.731s] [35m[1mConsolidate compiler generated dependencies of target micro_ros_msgs__rosidl_typesupport_c[0m
[12.753s] [ 31%] Built target micro_ros_msgs__rosidl_typesupport_c
[13.346s] running egg_info
[13.349s] writing micro_ros_msgs.egg-info/PKG-INFO
[13.349s] writing dependency_links to micro_ros_msgs.egg-info/dependency_links.txt
[13.350s] writing top-level names to micro_ros_msgs.egg-info/top_level.txt
[13.424s] reading manifest file 'micro_ros_msgs.egg-info/SOURCES.txt'
[13.426s] writing manifest file 'micro_ros_msgs.egg-info/SOURCES.txt'
[13.500s] [ 31%] Built target ament_cmake_python_build_micro_ros_msgs_egg
[13.564s] [35m[1mConsolidate compiler generated dependencies of target micro_ros_msgs__rosidl_typesupport_fastrtps_c[0m
[13.602s] [ 42%] Built target micro_ros_msgs__rosidl_typesupport_fastrtps_c
[13.689s] [ 44%] Built target micro_ros_msgs__cpp
[13.829s] [35m[1mConsolidate compiler generated dependencies of target micro_ros_msgs__rosidl_typesupport_fastrtps_cpp[0m
[13.881s] [ 55%] Built target micro_ros_msgs__rosidl_typesupport_fastrtps_cpp
[14.010s] [35m[1mConsolidate compiler generated dependencies of target micro_ros_msgs__rosidl_typesupport_cpp[0m
[14.038s] [ 65%] Built target micro_ros_msgs__rosidl_typesupport_cpp
[14.107s] [35m[1mConsolidate compiler generated dependencies of target micro_ros_msgs__rosidl_typesupport_introspection_cpp[0m
[14.135s] [ 76%] Built target micro_ros_msgs__rosidl_typesupport_introspection_cpp
[14.178s] [ 76%] Built target micro_ros_msgs
[14.216s] [ 78%] Built target micro_ros_msgs__py
[14.253s] [35m[1mConsolidate compiler generated dependencies of target micro_ros_msgs__rosidl_generator_py[0m
[14.276s] [ 87%] Built target micro_ros_msgs__rosidl_generator_py
[14.347s] [35m[1mConsolidate compiler generated dependencies of target micro_ros_msgs__rosidl_typesupport_fastrtps_c__pyext[0m
[14.372s] [ 91%] Built target micro_ros_msgs__rosidl_typesupport_fastrtps_c__pyext
[14.426s] [35m[1mConsolidate compiler generated dependencies of target micro_ros_msgs__rosidl_typesupport_c__pyext[0m
[14.450s] [ 95%] Built target micro_ros_msgs__rosidl_typesupport_c__pyext
[14.472s] [35m[1mConsolidate compiler generated dependencies of target micro_ros_msgs__rosidl_typesupport_introspection_c__pyext[0m
[14.496s] [100%] Built target micro_ros_msgs__rosidl_typesupport_introspection_c__pyext
[14.520s] Invoked command in '/home/joaoferreira/microros_ws/build/micro_ros_msgs' returned '0': CMAKE_PREFIX_PATH=${CMAKE_PREFIX_PATH}:/home/joaoferreira/beta/install/beta_controller:/opt/ros/humble /usr/bin/cmake --build /home/joaoferreira/microros_ws/build/micro_ros_msgs -- -j4 -l4
[14.523s] Invoking command in '/home/joaoferreira/microros_ws/build/micro_ros_msgs': CMAKE_PREFIX_PATH=${CMAKE_PREFIX_PATH}:/home/joaoferreira/beta/install/beta_controller:/opt/ros/humble /usr/bin/cmake --install /home/joaoferreira/microros_ws/build/micro_ros_msgs
[14.537s] -- Install configuration: ""
[14.538s] -- Up-to-date: /home/joaoferreira/microros_ws/install/micro_ros_msgs/share/ament_index/resource_index/rosidl_interfaces/micro_ros_msgs
[14.538s] -- Up-to-date: /home/joaoferreira/microros_ws/install/micro_ros_msgs/include/micro_ros_msgs/micro_ros_msgs
[14.538s] -- Up-to-date: /home/joaoferreira/microros_ws/install/micro_ros_msgs/include/micro_ros_msgs/micro_ros_msgs/msg
[14.538s] -- Up-to-date: /home/joaoferreira/microros_ws/install/micro_ros_msgs/include/micro_ros_msgs/micro_ros_msgs/msg/detail
[14.539s] -- Up-to-date: /home/joaoferreira/microros_ws/install/micro_ros_msgs/include/micro_ros_msgs/micro_ros_msgs/msg/detail/entity__struct.h
[14.539s] -- Up-to-date: /home/joaoferreira/microros_ws/install/micro_ros_msgs/include/micro_ros_msgs/micro_ros_msgs/msg/detail/entity__functions.h
[14.539s] -- Up-to-date: /home/joaoferreira/microros_ws/install/micro_ros_msgs/include/micro_ros_msgs/micro_ros_msgs/msg/detail/node__type_support.h
[14.539s] -- Up-to-date: /home/joaoferreira/microros_ws/install/micro_ros_msgs/include/micro_ros_msgs/micro_ros_msgs/msg/detail/graph__functions.c
[14.540s] -- Up-to-date: /home/joaoferreira/microros_ws/install/micro_ros_msgs/include/micro_ros_msgs/micro_ros_msgs/msg/detail/graph__functions.h
[14.540s] -- Up-to-date: /home/joaoferreira/microros_ws/install/micro_ros_msgs/include/micro_ros_msgs/micro_ros_msgs/msg/detail/entity__functions.c
[14.540s] -- Up-to-date: /home/joaoferreira/microros_ws/install/micro_ros_msgs/include/micro_ros_msgs/micro_ros_msgs/msg/detail/graph__struct.h
[14.540s] -- Up-to-date: /home/joaoferreira/microros_ws/install/micro_ros_msgs/include/micro_ros_msgs/micro_ros_msgs/msg/detail/graph__type_support.h
[14.540s] -- Up-to-date: /home/joaoferreira/microros_ws/install/micro_ros_msgs/include/micro_ros_msgs/micro_ros_msgs/msg/detail/node__functions.h
[14.540s] -- Up-to-date: /home/joaoferreira/microros_ws/install/micro_ros_msgs/include/micro_ros_msgs/micro_ros_msgs/msg/detail/node__functions.c
[14.540s] -- Up-to-date: /home/joaoferreira/microros_ws/install/micro_ros_msgs/include/micro_ros_msgs/micro_ros_msgs/msg/detail/node__struct.h
[14.541s] -- Up-to-date: /home/joaoferreira/microros_ws/install/micro_ros_msgs/include/micro_ros_msgs/micro_ros_msgs/msg/detail/entity__type_support.h
[14.541s] -- Up-to-date: /home/joaoferreira/microros_ws/install/micro_ros_msgs/include/micro_ros_msgs/micro_ros_msgs/msg/entity.h
[14.541s] -- Up-to-date: /home/joaoferreira/microros_ws/install/micro_ros_msgs/include/micro_ros_msgs/micro_ros_msgs/msg/graph.h
[14.541s] -- Up-to-date: /home/joaoferreira/microros_ws/install/micro_ros_msgs/include/micro_ros_msgs/micro_ros_msgs/msg/rosidl_generator_c__visibility_control.h
[14.541s] -- Up-to-date: /home/joaoferreira/microros_ws/install/micro_ros_msgs/include/micro_ros_msgs/micro_ros_msgs/msg/node.h
[14.550s] -- Up-to-date: /home/joaoferreira/microros_ws/install/micro_ros_msgs/share/micro_ros_msgs/environment/library_path.sh
[14.550s] -- Installing: /home/joaoferreira/microros_ws/install/micro_ros_msgs/share/micro_ros_msgs/environment/library_path.dsv
[14.571s] -- Up-to-date: /home/joaoferreira/microros_ws/install/micro_ros_msgs/lib/libmicro_ros_msgs__rosidl_generator_c.so
[14.571s] -- Up-to-date: /home/joaoferreira/microros_ws/install/micro_ros_msgs/include/micro_ros_msgs/micro_ros_msgs
[14.571s] -- Up-to-date: /home/joaoferreira/microros_ws/install/micro_ros_msgs/include/micro_ros_msgs/micro_ros_msgs/msg
[14.572s] -- Up-to-date: /home/joaoferreira/microros_ws/install/micro_ros_msgs/include/micro_ros_msgs/micro_ros_msgs/msg/detail
[14.572s] -- Up-to-date: /home/joaoferreira/microros_ws/install/micro_ros_msgs/include/micro_ros_msgs/micro_ros_msgs/msg/detail/node__rosidl_typesupport_fastrtps_c.h
[14.572s] -- Up-to-date: /home/joaoferreira/microros_ws/install/micro_ros_msgs/include/micro_ros_msgs/micro_ros_msgs/msg/detail/entity__rosidl_typesupport_fastrtps_c.h
[14.572s] -- Up-to-date: /home/joaoferreira/microros_ws/install/micro_ros_msgs/include/micro_ros_msgs/micro_ros_msgs/msg/detail/graph__rosidl_typesupport_fastrtps_c.h
[14.572s] -- Up-to-date: /home/joaoferreira/microros_ws/install/micro_ros_msgs/include/micro_ros_msgs/micro_ros_msgs/msg/rosidl_typesupport_fastrtps_c__visibility_control.h
[14.583s] -- Up-to-date: /home/joaoferreira/microros_ws/install/micro_ros_msgs/lib/libmicro_ros_msgs__rosidl_typesupport_fastrtps_c.so
[14.584s] -- Up-to-date: /home/joaoferreira/microros_ws/install/micro_ros_msgs/include/micro_ros_msgs/micro_ros_msgs
[14.584s] -- Up-to-date: /home/joaoferreira/microros_ws/install/micro_ros_msgs/include/micro_ros_msgs/micro_ros_msgs/msg
[14.585s] -- Up-to-date: /home/joaoferreira/microros_ws/install/micro_ros_msgs/include/micro_ros_msgs/micro_ros_msgs/msg/detail
[14.585s] -- Up-to-date: /home/joaoferreira/microros_ws/install/micro_ros_msgs/include/micro_ros_msgs/micro_ros_msgs/msg/detail/graph__type_support.c
[14.585s] -- Up-to-date: /home/joaoferreira/microros_ws/install/micro_ros_msgs/include/micro_ros_msgs/micro_ros_msgs/msg/detail/node__type_support.c
[14.585s] -- Up-to-date: /home/joaoferreira/microros_ws/install/micro_ros_msgs/include/micro_ros_msgs/micro_ros_msgs/msg/detail/graph__rosidl_typesupport_introspection_c.h
[14.586s] -- Up-to-date: /home/joaoferreira/microros_ws/install/micro_ros_msgs/include/micro_ros_msgs/micro_ros_msgs/msg/detail/entity__rosidl_typesupport_introspection_c.h
[14.586s] -- Up-to-date: /home/joaoferreira/microros_ws/install/micro_ros_msgs/include/micro_ros_msgs/micro_ros_msgs/msg/detail/entity__type_support.c
[14.586s] -- Up-to-date: /home/joaoferreira/microros_ws/install/micro_ros_msgs/include/micro_ros_msgs/micro_ros_msgs/msg/detail/node__rosidl_typesupport_introspection_c.h
[14.586s] -- Up-to-date: /home/joaoferreira/microros_ws/install/micro_ros_msgs/include/micro_ros_msgs/micro_ros_msgs/msg/rosidl_typesupport_introspection_c__visibility_control.h
[14.587s] -- Up-to-date: /home/joaoferreira/microros_ws/install/micro_ros_msgs/lib/libmicro_ros_msgs__rosidl_typesupport_introspection_c.so
[14.605s] -- Up-to-date: /home/joaoferreira/microros_ws/install/micro_ros_msgs/lib/libmicro_ros_msgs__rosidl_typesupport_c.so
[14.605s] -- Up-to-date: /home/joaoferreira/microros_ws/install/micro_ros_msgs/include/micro_ros_msgs/micro_ros_msgs
[14.606s] -- Up-to-date: /home/joaoferreira/microros_ws/install/micro_ros_msgs/include/micro_ros_msgs/micro_ros_msgs/msg
[14.607s] -- Up-to-date: /home/joaoferreira/microros_ws/install/micro_ros_msgs/include/micro_ros_msgs/micro_ros_msgs/msg/entity.hpp
[14.607s] -- Up-to-date: /home/joaoferreira/microros_ws/install/micro_ros_msgs/include/micro_ros_msgs/micro_ros_msgs/msg/detail
[14.607s] -- Up-to-date: /home/joaoferreira/microros_ws/install/micro_ros_msgs/include/micro_ros_msgs/micro_ros_msgs/msg/detail/node__builder.hpp
[14.607s] -- Up-to-date: /home/joaoferreira/microros_ws/install/micro_ros_msgs/include/micro_ros_msgs/micro_ros_msgs/msg/detail/node__type_support.hpp
[14.608s] -- Up-to-date: /home/joaoferreira/microros_ws/install/micro_ros_msgs/include/micro_ros_msgs/micro_ros_msgs/msg/detail/graph__traits.hpp
[14.608s] -- Up-to-date: /home/joaoferreira/microros_ws/install/micro_ros_msgs/include/micro_ros_msgs/micro_ros_msgs/msg/detail/entity__type_support.hpp
[14.608s] -- Up-to-date: /home/joaoferreira/microros_ws/install/micro_ros_msgs/include/micro_ros_msgs/micro_ros_msgs/msg/detail/node__struct.hpp
[14.608s] -- Up-to-date: /home/joaoferreira/microros_ws/install/micro_ros_msgs/include/micro_ros_msgs/micro_ros_msgs/msg/detail/entity__builder.hpp
[14.608s] -- Up-to-date: /home/joaoferreira/microros_ws/install/micro_ros_msgs/include/micro_ros_msgs/micro_ros_msgs/msg/detail/entity__struct.hpp
[14.608s] -- Up-to-date: /home/joaoferreira/microros_ws/install/micro_ros_msgs/include/micro_ros_msgs/micro_ros_msgs/msg/detail/graph__type_support.hpp
[14.609s] -- Up-to-date: /home/joaoferreira/microros_ws/install/micro_ros_msgs/include/micro_ros_msgs/micro_ros_msgs/msg/detail/entity__traits.hpp
[14.609s] -- Up-to-date: /home/joaoferreira/microros_ws/install/micro_ros_msgs/include/micro_ros_msgs/micro_ros_msgs/msg/detail/graph__builder.hpp
[14.609s] -- Up-to-date: /home/joaoferreira/microros_ws/install/micro_ros_msgs/include/micro_ros_msgs/micro_ros_msgs/msg/detail/node__traits.hpp
[14.609s] -- Up-to-date: /home/joaoferreira/microros_ws/install/micro_ros_msgs/include/micro_ros_msgs/micro_ros_msgs/msg/detail/graph__struct.hpp
[14.609s] -- Up-to-date: /home/joaoferreira/microros_ws/install/micro_ros_msgs/include/micro_ros_msgs/micro_ros_msgs/msg/node.hpp
[14.609s] -- Up-to-date: /home/joaoferreira/microros_ws/install/micro_ros_msgs/include/micro_ros_msgs/micro_ros_msgs/msg/rosidl_generator_cpp__visibility_control.hpp
[14.609s] -- Up-to-date: /home/joaoferreira/microros_ws/install/micro_ros_msgs/include/micro_ros_msgs/micro_ros_msgs/msg/graph.hpp
[14.610s] -- Up-to-date: /home/joaoferreira/microros_ws/install/micro_ros_msgs/include/micro_ros_msgs/micro_ros_msgs
[14.610s] -- Up-to-date: /home/joaoferreira/microros_ws/install/micro_ros_msgs/include/micro_ros_msgs/micro_ros_msgs/msg
[14.610s] -- Up-to-date: /home/joaoferreira/microros_ws/install/micro_ros_msgs/include/micro_ros_msgs/micro_ros_msgs/msg/detail
[14.610s] -- Up-to-date: /home/joaoferreira/microros_ws/install/micro_ros_msgs/include/micro_ros_msgs/micro_ros_msgs/msg/detail/graph__rosidl_typesupport_fastrtps_cpp.hpp
[14.610s] -- Up-to-date: /home/joaoferreira/microros_ws/install/micro_ros_msgs/include/micro_ros_msgs/micro_ros_msgs/msg/detail/node__rosidl_typesupport_fastrtps_cpp.hpp
[14.610s] -- Up-to-date: /home/joaoferreira/microros_ws/install/micro_ros_msgs/include/micro_ros_msgs/micro_ros_msgs/msg/detail/entity__rosidl_typesupport_fastrtps_cpp.hpp
[14.610s] -- Up-to-date: /home/joaoferreira/microros_ws/install/micro_ros_msgs/include/micro_ros_msgs/micro_ros_msgs/msg/detail/dds_fastrtps
[14.610s] -- Up-to-date: /home/joaoferreira/microros_ws/install/micro_ros_msgs/include/micro_ros_msgs/micro_ros_msgs/msg/rosidl_typesupport_fastrtps_cpp__visibility_control.h
[14.649s] -- Up-to-date: /home/joaoferreira/microros_ws/install/micro_ros_msgs/lib/libmicro_ros_msgs__rosidl_typesupport_fastrtps_cpp.so
[14.650s] -- Up-to-date: /home/joaoferreira/microros_ws/install/micro_ros_msgs/include/micro_ros_msgs/micro_ros_msgs
[14.650s] -- Up-to-date: /home/joaoferreira/microros_ws/install/micro_ros_msgs/include/micro_ros_msgs/micro_ros_msgs/msg
[14.651s] -- Up-to-date: /home/joaoferreira/microros_ws/install/micro_ros_msgs/include/micro_ros_msgs/micro_ros_msgs/msg/detail
[14.651s] -- Up-to-date: /home/joaoferreira/microros_ws/install/micro_ros_msgs/include/micro_ros_msgs/micro_ros_msgs/msg/detail/graph__type_support.cpp
[14.651s] -- Up-to-date: /home/joaoferreira/microros_ws/install/micro_ros_msgs/include/micro_ros_msgs/micro_ros_msgs/msg/detail/entity__rosidl_typesupport_introspection_cpp.hpp
[14.652s] -- Up-to-date: /home/joaoferreira/microros_ws/install/micro_ros_msgs/include/micro_ros_msgs/micro_ros_msgs/msg/detail/graph__rosidl_typesupport_introspection_cpp.hpp
[14.652s] -- Up-to-date: /home/joaoferreira/microros_ws/install/micro_ros_msgs/include/micro_ros_msgs/micro_ros_msgs/msg/detail/entity__type_support.cpp
[14.652s] -- Up-to-date: /home/joaoferreira/microros_ws/install/micro_ros_msgs/include/micro_ros_msgs/micro_ros_msgs/msg/detail/node__rosidl_typesupport_introspection_cpp.hpp
[14.652s] -- Up-to-date: /home/joaoferreira/microros_ws/install/micro_ros_msgs/include/micro_ros_msgs/micro_ros_msgs/msg/detail/node__type_support.cpp
[14.657s] -- Up-to-date: /home/joaoferreira/microros_ws/install/micro_ros_msgs/lib/libmicro_ros_msgs__rosidl_typesupport_introspection_cpp.so
[14.657s] -- Up-to-date: /home/joaoferreira/microros_ws/install/micro_ros_msgs/lib/libmicro_ros_msgs__rosidl_typesupport_cpp.so
[14.658s] -- Up-to-date: /home/joaoferreira/microros_ws/install/micro_ros_msgs/share/micro_ros_msgs/environment/pythonpath.sh
[14.659s] -- Installing: /home/joaoferreira/microros_ws/install/micro_ros_msgs/share/micro_ros_msgs/environment/pythonpath.dsv
[14.660s] -- Up-to-date: /home/joaoferreira/microros_ws/install/micro_ros_msgs/local/lib/python3.10/dist-packages/micro_ros_msgs-3.0.1-py3.10.egg-info
[14.660s] -- Installing: /home/joaoferreira/microros_ws/install/micro_ros_msgs/local/lib/python3.10/dist-packages/micro_ros_msgs-3.0.1-py3.10.egg-info/SOURCES.txt
[14.660s] -- Installing: /home/joaoferreira/microros_ws/install/micro_ros_msgs/local/lib/python3.10/dist-packages/micro_ros_msgs-3.0.1-py3.10.egg-info/dependency_links.txt
[14.661s] -- Installing: /home/joaoferreira/microros_ws/install/micro_ros_msgs/local/lib/python3.10/dist-packages/micro_ros_msgs-3.0.1-py3.10.egg-info/top_level.txt
[14.661s] -- Installing: /home/joaoferreira/microros_ws/install/micro_ros_msgs/local/lib/python3.10/dist-packages/micro_ros_msgs-3.0.1-py3.10.egg-info/PKG-INFO
[14.661s] -- Up-to-date: /home/joaoferreira/microros_ws/install/micro_ros_msgs/local/lib/python3.10/dist-packages/micro_ros_msgs
[14.692s] -- Up-to-date: /home/joaoferreira/microros_ws/install/micro_ros_msgs/local/lib/python3.10/dist-packages/micro_ros_msgs/libmicro_ros_msgs__rosidl_generator_py.so
[14.692s] -- Up-to-date: /home/joaoferreira/microros_ws/install/micro_ros_msgs/local/lib/python3.10/dist-packages/micro_ros_msgs/msg
[14.728s] -- Up-to-date: /home/joaoferreira/microros_ws/install/micro_ros_msgs/local/lib/python3.10/dist-packages/micro_ros_msgs/msg/_entity_s.c
[14.729s] -- Up-to-date: /home/joaoferreira/microros_ws/install/micro_ros_msgs/local/lib/python3.10/dist-packages/micro_ros_msgs/msg/_node.py
[14.729s] -- Up-to-date: /home/joaoferreira/microros_ws/install/micro_ros_msgs/local/lib/python3.10/dist-packages/micro_ros_msgs/msg/_graph.py
[14.730s] -- Up-to-date: /home/joaoferreira/microros_ws/install/micro_ros_msgs/local/lib/python3.10/dist-packages/micro_ros_msgs/msg/_node_s.c
[14.730s] -- Up-to-date: /home/joaoferreira/microros_ws/install/micro_ros_msgs/local/lib/python3.10/dist-packages/micro_ros_msgs/msg/_graph_s.c
[14.730s] -- Up-to-date: /home/joaoferreira/microros_ws/install/micro_ros_msgs/local/lib/python3.10/dist-packages/micro_ros_msgs/msg/_entity.py
[14.730s] -- Up-to-date: /home/joaoferreira/microros_ws/install/micro_ros_msgs/local/lib/python3.10/dist-packages/micro_ros_msgs/msg/__init__.py
[14.731s] -- Up-to-date: /home/joaoferreira/microros_ws/install/micro_ros_msgs/local/lib/python3.10/dist-packages/micro_ros_msgs/_micro_ros_msgs_s.ep.rosidl_typesupport_c.c
[14.731s] -- Up-to-date: /home/joaoferreira/microros_ws/install/micro_ros_msgs/local/lib/python3.10/dist-packages/micro_ros_msgs/micro_ros_msgs_s__rosidl_typesupport_introspection_c.cpython-310-x86_64-linux-gnu.so
[14.731s] -- Up-to-date: /home/joaoferreira/microros_ws/install/micro_ros_msgs/local/lib/python3.10/dist-packages/micro_ros_msgs/_micro_ros_msgs_s.ep.rosidl_typesupport_introspection_c.c
[14.731s] -- Up-to-date: /home/joaoferreira/microros_ws/install/micro_ros_msgs/local/lib/python3.10/dist-packages/micro_ros_msgs/micro_ros_msgs_s__rosidl_typesupport_c.cpython-310-x86_64-linux-gnu.so
[14.731s] -- Up-to-date: /home/joaoferreira/microros_ws/install/micro_ros_msgs/local/lib/python3.10/dist-packages/micro_ros_msgs/_micro_ros_msgs_s.ep.rosidl_typesupport_fastrtps_c.c
[14.732s] -- Up-to-date: /home/joaoferreira/microros_ws/install/micro_ros_msgs/local/lib/python3.10/dist-packages/micro_ros_msgs/micro_ros_msgs_s__rosidl_typesupport_fastrtps_c.cpython-310-x86_64-linux-gnu.so
[14.732s] -- Installing: /home/joaoferreira/microros_ws/install/micro_ros_msgs/local/lib/python3.10/dist-packages/micro_ros_msgs/__init__.py
[14.799s] Listing '/home/joaoferreira/microros_ws/install/micro_ros_msgs/local/lib/python3.10/dist-packages/micro_ros_msgs'...
[14.799s] Compiling '/home/joaoferreira/microros_ws/install/micro_ros_msgs/local/lib/python3.10/dist-packages/micro_ros_msgs/__init__.py'...
[14.799s] Listing '/home/joaoferreira/microros_ws/install/micro_ros_msgs/local/lib/python3.10/dist-packages/micro_ros_msgs/msg'...
[14.819s] -- Up-to-date: /home/joaoferreira/microros_ws/install/micro_ros_msgs/local/lib/python3.10/dist-packages/micro_ros_msgs/micro_ros_msgs_s__rosidl_typesupport_fastrtps_c.cpython-310-x86_64-linux-gnu.so
[14.820s] -- Up-to-date: /home/joaoferreira/microros_ws/install/micro_ros_msgs/local/lib/python3.10/dist-packages/micro_ros_msgs/micro_ros_msgs_s__rosidl_typesupport_introspection_c.cpython-310-x86_64-linux-gnu.so
[14.830s] -- Up-to-date: /home/joaoferreira/microros_ws/install/micro_ros_msgs/local/lib/python3.10/dist-packages/micro_ros_msgs/micro_ros_msgs_s__rosidl_typesupport_c.cpython-310-x86_64-linux-gnu.so
[14.831s] -- Up-to-date: /home/joaoferreira/microros_ws/install/micro_ros_msgs/lib/libmicro_ros_msgs__rosidl_generator_py.so
[14.832s] -- Up-to-date: /home/joaoferreira/microros_ws/install/micro_ros_msgs/share/micro_ros_msgs/msg/Graph.idl
[14.832s] -- Up-to-date: /home/joaoferreira/microros_ws/install/micro_ros_msgs/share/micro_ros_msgs/msg/Node.idl
[14.833s] -- Up-to-date: /home/joaoferreira/microros_ws/install/micro_ros_msgs/share/micro_ros_msgs/msg/Entity.idl
[14.833s] -- Up-to-date: /home/joaoferreira/microros_ws/install/micro_ros_msgs/share/micro_ros_msgs/msg/Graph.msg
[14.833s] -- Up-to-date: /home/joaoferreira/microros_ws/install/micro_ros_msgs/share/micro_ros_msgs/msg/Node.msg
[14.834s] -- Up-to-date: /home/joaoferreira/microros_ws/install/micro_ros_msgs/share/micro_ros_msgs/msg/Entity.msg
[14.834s] -- Up-to-date: /home/joaoferreira/microros_ws/install/micro_ros_msgs/share/ament_index/resource_index/package_run_dependencies/micro_ros_msgs
[14.840s] -- Installing: /home/joaoferreira/microros_ws/install/micro_ros_msgs/share/ament_index/resource_index/parent_prefix_path/micro_ros_msgs
[14.841s] -- Up-to-date: /home/joaoferreira/microros_ws/install/micro_ros_msgs/share/micro_ros_msgs/environment/ament_prefix_path.sh
[14.841s] -- Installing: /home/joaoferreira/microros_ws/install/micro_ros_msgs/share/micro_ros_msgs/environment/ament_prefix_path.dsv
[14.841s] -- Up-to-date: /home/joaoferreira/microros_ws/install/micro_ros_msgs/share/micro_ros_msgs/environment/path.sh
[14.842s] -- Installing: /home/joaoferreira/microros_ws/install/micro_ros_msgs/share/micro_ros_msgs/environment/path.dsv
[14.842s] -- Up-to-date: /home/joaoferreira/microros_ws/install/micro_ros_msgs/share/micro_ros_msgs/local_setup.bash
[14.842s] -- Up-to-date: /home/joaoferreira/microros_ws/install/micro_ros_msgs/share/micro_ros_msgs/local_setup.sh
[14.843s] -- Up-to-date: /home/joaoferreira/microros_ws/install/micro_ros_msgs/share/micro_ros_msgs/local_setup.zsh
[14.843s] -- Installing: /home/joaoferreira/microros_ws/install/micro_ros_msgs/share/micro_ros_msgs/local_setup.dsv
[14.843s] -- Installing: /home/joaoferreira/microros_ws/install/micro_ros_msgs/share/micro_ros_msgs/package.dsv
[14.844s] -- Up-to-date: /home/joaoferreira/microros_ws/install/micro_ros_msgs/share/ament_index/resource_index/packages/micro_ros_msgs
[14.844s] -- Up-to-date: /home/joaoferreira/microros_ws/install/micro_ros_msgs/share/micro_ros_msgs/cmake/export_micro_ros_msgs__rosidl_generator_cExport.cmake
[14.844s] -- Up-to-date: /home/joaoferreira/microros_ws/install/micro_ros_msgs/share/micro_ros_msgs/cmake/export_micro_ros_msgs__rosidl_generator_cExport-noconfig.cmake
[14.845s] -- Up-to-date: /home/joaoferreira/microros_ws/install/micro_ros_msgs/share/micro_ros_msgs/cmake/export_micro_ros_msgs__rosidl_typesupport_fastrtps_cExport.cmake
[14.845s] -- Up-to-date: /home/joaoferreira/microros_ws/install/micro_ros_msgs/share/micro_ros_msgs/cmake/export_micro_ros_msgs__rosidl_typesupport_fastrtps_cExport-noconfig.cmake
[14.850s] -- Up-to-date: /home/joaoferreira/microros_ws/install/micro_ros_msgs/share/micro_ros_msgs/cmake/micro_ros_msgs__rosidl_typesupport_introspection_cExport.cmake
[14.850s] -- Up-to-date: /home/joaoferreira/microros_ws/install/micro_ros_msgs/share/micro_ros_msgs/cmake/micro_ros_msgs__rosidl_typesupport_introspection_cExport-noconfig.cmake
[14.851s] -- Up-to-date: /home/joaoferreira/microros_ws/install/micro_ros_msgs/share/micro_ros_msgs/cmake/micro_ros_msgs__rosidl_typesupport_cExport.cmake
[14.851s] -- Up-to-date: /home/joaoferreira/microros_ws/install/micro_ros_msgs/share/micro_ros_msgs/cmake/micro_ros_msgs__rosidl_typesupport_cExport-noconfig.cmake
[14.852s] -- Up-to-date: /home/joaoferreira/microros_ws/install/micro_ros_msgs/share/micro_ros_msgs/cmake/export_micro_ros_msgs__rosidl_generator_cppExport.cmake
[14.852s] -- Up-to-date: /home/joaoferreira/microros_ws/install/micro_ros_msgs/share/micro_ros_msgs/cmake/export_micro_ros_msgs__rosidl_typesupport_fastrtps_cppExport.cmake
[14.852s] -- Up-to-date: /home/joaoferreira/microros_ws/install/micro_ros_msgs/share/micro_ros_msgs/cmake/export_micro_ros_msgs__rosidl_typesupport_fastrtps_cppExport-noconfig.cmake
[14.852s] -- Up-to-date: /home/joaoferreira/microros_ws/install/micro_ros_msgs/share/micro_ros_msgs/cmake/micro_ros_msgs__rosidl_typesupport_introspection_cppExport.cmake
[14.853s] -- Up-to-date: /home/joaoferreira/microros_ws/install/micro_ros_msgs/share/micro_ros_msgs/cmake/micro_ros_msgs__rosidl_typesupport_introspection_cppExport-noconfig.cmake
[14.853s] -- Up-to-date: /home/joaoferreira/microros_ws/install/micro_ros_msgs/share/micro_ros_msgs/cmake/micro_ros_msgs__rosidl_typesupport_cppExport.cmake
[14.854s] -- Up-to-date: /home/joaoferreira/microros_ws/install/micro_ros_msgs/share/micro_ros_msgs/cmake/micro_ros_msgs__rosidl_typesupport_cppExport-noconfig.cmake
[14.854s] -- Up-to-date: /home/joaoferreira/microros_ws/install/micro_ros_msgs/share/micro_ros_msgs/cmake/export_micro_ros_msgs__rosidl_generator_pyExport.cmake
[14.854s] -- Up-to-date: /home/joaoferreira/microros_ws/install/micro_ros_msgs/share/micro_ros_msgs/cmake/export_micro_ros_msgs__rosidl_generator_pyExport-noconfig.cmake
[14.854s] -- Up-to-date: /home/joaoferreira/microros_ws/install/micro_ros_msgs/share/micro_ros_msgs/cmake/rosidl_cmake-extras.cmake
[14.855s] -- Up-to-date: /home/joaoferreira/microros_ws/install/micro_ros_msgs/share/micro_ros_msgs/cmake/ament_cmake_export_include_directories-extras.cmake
[14.855s] -- Up-to-date: /home/joaoferreira/microros_ws/install/micro_ros_msgs/share/micro_ros_msgs/cmake/ament_cmake_export_libraries-extras.cmake
[14.855s] -- Up-to-date: /home/joaoferreira/microros_ws/install/micro_ros_msgs/share/micro_ros_msgs/cmake/ament_cmake_export_targets-extras.cmake
[14.855s] -- Up-to-date: /home/joaoferreira/microros_ws/install/micro_ros_msgs/share/micro_ros_msgs/cmake/rosidl_cmake_export_typesupport_targets-extras.cmake
[14.855s] -- Up-to-date: /home/joaoferreira/microros_ws/install/micro_ros_msgs/share/micro_ros_msgs/cmake/ament_cmake_export_dependencies-extras.cmake
[14.856s] -- Up-to-date: /home/joaoferreira/microros_ws/install/micro_ros_msgs/share/micro_ros_msgs/cmake/rosidl_cmake_export_typesupport_libraries-extras.cmake
[14.856s] -- Up-to-date: /home/joaoferreira/microros_ws/install/micro_ros_msgs/share/micro_ros_msgs/cmake/micro_ros_msgsConfig.cmake
[14.856s] -- Up-to-date: /home/joaoferreira/microros_ws/install/micro_ros_msgs/share/micro_ros_msgs/cmake/micro_ros_msgsConfig-version.cmake
[14.856s] -- Up-to-date: /home/joaoferreira/microros_ws/install/micro_ros_msgs/share/micro_ros_msgs/package.xml
[14.859s] Invoked command in '/home/joaoferreira/microros_ws/build/micro_ros_msgs' returned '0': CMAKE_PREFIX_PATH=${CMAKE_PREFIX_PATH}:/home/joaoferreira/beta/install/beta_controller:/opt/ros/humble /usr/bin/cmake --install /home/joaoferreira/microros_ws/build/micro_ros_msgs
