[0.157s] DEBUG:colcon:Command line arguments: ['/usr/bin/colcon', 'build']
[0.157s] DEBUG:colcon:Parsed command line arguments: Namespace(log_base=None, log_level=None, verb_name='build', build_base='build', install_base='install', merge_install=False, symlink_install=False, test_result_base=None, continue_on_error=False, executor='parallel', parallel_workers=4, event_handlers=None, ignore_user_meta=False, metas=['./colcon.meta'], base_paths=['.'], packages_ignore=None, packages_ignore_regex=None, paths=None, packages_up_to=None, packages_up_to_regex=None, packages_above=None, packages_above_and_dependencies=None, packages_above_depth=None, packages_select_by_dep=None, packages_skip_by_dep=None, packages_skip_up_to=None, packages_select_build_failed=False, packages_skip_build_finished=False, packages_select_test_failures=False, packages_skip_test_passed=False, packages_select=None, packages_skip=None, packages_select_regex=None, packages_skip_regex=None, packages_start=None, packages_end=None, allow_overriding=[], cmake_args=None, cmake_target=None, cmake_target_skip_unavailable=False, cmake_clean_cache=False, cmake_clean_first=False, cmake_force_configure=False, ament_cmake_args=None, catkin_cmake_args=None, catkin_skip_building_tests=False, mixin_files=None, mixin=None, verb_parser=<colcon_mixin.mixin.mixin_argument.MixinArgumentDecorator object at 0x7ab67d059660>, verb_extension=<colcon_core.verb.build.BuildVerb object at 0x7ab67d058f70>, main=<bound method BuildVerb.main of <colcon_core.verb.build.BuildVerb object at 0x7ab67d058f70>>, mixin_verb=('build',))
[0.646s] Level 1:colcon.colcon_core.package_discovery:discover_packages(colcon_meta) check parameters
[0.646s] Level 1:colcon.colcon_core.package_discovery:discover_packages(recursive) check parameters
[0.646s] Level 1:colcon.colcon_core.package_discovery:discover_packages(ignore) check parameters
[0.646s] Level 1:colcon.colcon_core.package_discovery:discover_packages(path) check parameters
[0.646s] Level 1:colcon.colcon_core.package_discovery:discover_packages(colcon_meta) discover
[0.647s] Level 1:colcon.colcon_core.package_discovery:discover_packages(recursive) discover
[0.647s] INFO:colcon.colcon_core.package_discovery:Crawling recursively for packages in '/home/joaoferreira/beta'
[0.647s] Level 1:colcon.colcon_core.package_identification:_identify(.) by extensions ['ignore', 'ignore_ament_install']
[0.647s] Level 1:colcon.colcon_core.package_identification:_identify(.) by extension 'ignore'
[0.648s] Level 1:colcon.colcon_core.package_identification:_identify(.) by extension 'ignore_ament_install'
[0.648s] Level 1:colcon.colcon_core.package_identification:_identify(.) by extensions ['colcon_pkg']
[0.648s] Level 1:colcon.colcon_core.package_identification:_identify(.) by extension 'colcon_pkg'
[0.648s] Level 1:colcon.colcon_core.package_identification:_identify(.) by extensions ['colcon_meta']
[0.648s] Level 1:colcon.colcon_core.package_identification:_identify(.) by extension 'colcon_meta'
[0.649s] Level 1:colcon.colcon_core.package_identification:_identify(.) by extensions ['ros']
[0.649s] Level 1:colcon.colcon_core.package_identification:_identify(.) by extension 'ros'
[0.677s] Level 1:colcon.colcon_core.package_identification:_identify(.) by extensions ['cmake', 'python']
[0.677s] Level 1:colcon.colcon_core.package_identification:_identify(.) by extension 'cmake'
[0.678s] Level 1:colcon.colcon_core.package_identification:_identify(.) by extension 'python'
[0.678s] Level 1:colcon.colcon_core.package_identification:_identify(.) by extensions ['python_setup_py']
[0.678s] Level 1:colcon.colcon_core.package_identification:_identify(.) by extension 'python_setup_py'
[0.678s] Level 1:colcon.colcon_core.package_identification:_identify(beta_firmware) by extensions ['ignore', 'ignore_ament_install']
[0.679s] Level 1:colcon.colcon_core.package_identification:_identify(beta_firmware) by extension 'ignore'
[0.679s] Level 1:colcon.colcon_core.package_identification:_identify(beta_firmware) by extension 'ignore_ament_install'
[0.679s] Level 1:colcon.colcon_core.package_identification:_identify(beta_firmware) by extensions ['colcon_pkg']
[0.679s] Level 1:colcon.colcon_core.package_identification:_identify(beta_firmware) by extension 'colcon_pkg'
[0.680s] Level 1:colcon.colcon_core.package_identification:_identify(beta_firmware) by extensions ['colcon_meta']
[0.680s] Level 1:colcon.colcon_core.package_identification:_identify(beta_firmware) by extension 'colcon_meta'
[0.680s] Level 1:colcon.colcon_core.package_identification:_identify(beta_firmware) by extensions ['ros']
[0.680s] Level 1:colcon.colcon_core.package_identification:_identify(beta_firmware) by extension 'ros'
[0.680s] Level 1:colcon.colcon_core.package_identification:_identify(beta_firmware) by extensions ['cmake', 'python']
[0.680s] Level 1:colcon.colcon_core.package_identification:_identify(beta_firmware) by extension 'cmake'
[0.681s] Level 1:colcon.colcon_core.package_identification:_identify(beta_firmware) by extension 'python'
[0.681s] Level 1:colcon.colcon_core.package_identification:_identify(beta_firmware) by extensions ['python_setup_py']
[0.681s] Level 1:colcon.colcon_core.package_identification:_identify(beta_firmware) by extension 'python_setup_py'
[0.681s] Level 1:colcon.colcon_core.package_identification:_identify(beta_firmware/beta_firmware) by extensions ['ignore', 'ignore_ament_install']
[0.682s] Level 1:colcon.colcon_core.package_identification:_identify(beta_firmware/beta_firmware) by extension 'ignore'
[0.682s] Level 1:colcon.colcon_core.package_identification:_identify(beta_firmware/beta_firmware) by extension 'ignore_ament_install'
[0.682s] Level 1:colcon.colcon_core.package_identification:_identify(beta_firmware/beta_firmware) by extensions ['colcon_pkg']
[0.682s] Level 1:colcon.colcon_core.package_identification:_identify(beta_firmware/beta_firmware) by extension 'colcon_pkg'
[0.682s] Level 1:colcon.colcon_core.package_identification:_identify(beta_firmware/beta_firmware) by extensions ['colcon_meta']
[0.682s] Level 1:colcon.colcon_core.package_identification:_identify(beta_firmware/beta_firmware) by extension 'colcon_meta'
[0.683s] Level 1:colcon.colcon_core.package_identification:_identify(beta_firmware/beta_firmware) by extensions ['ros']
[0.683s] Level 1:colcon.colcon_core.package_identification:_identify(beta_firmware/beta_firmware) by extension 'ros'
[0.683s] Level 1:colcon.colcon_core.package_identification:_identify(beta_firmware/beta_firmware) by extensions ['cmake', 'python']
[0.683s] Level 1:colcon.colcon_core.package_identification:_identify(beta_firmware/beta_firmware) by extension 'cmake'
[0.683s] Level 1:colcon.colcon_core.package_identification:_identify(beta_firmware/beta_firmware) by extension 'python'
[0.683s] Level 1:colcon.colcon_core.package_identification:_identify(beta_firmware/beta_firmware) by extensions ['python_setup_py']
[0.684s] Level 1:colcon.colcon_core.package_identification:_identify(beta_firmware/beta_firmware) by extension 'python_setup_py'
[0.684s] Level 1:colcon.colcon_core.package_identification:_identify(beta_firmware/beta_firmware/build) by extensions ['ignore', 'ignore_ament_install']
[0.684s] Level 1:colcon.colcon_core.package_identification:_identify(beta_firmware/beta_firmware/build) by extension 'ignore'
[0.684s] Level 1:colcon.colcon_core.package_identification:_identify(beta_firmware/beta_firmware/build) ignored
[0.685s] Level 1:colcon.colcon_core.package_identification:_identify(beta_firmware/beta_firmware/include) by extensions ['ignore', 'ignore_ament_install']
[0.685s] Level 1:colcon.colcon_core.package_identification:_identify(beta_firmware/beta_firmware/include) by extension 'ignore'
[0.685s] Level 1:colcon.colcon_core.package_identification:_identify(beta_firmware/beta_firmware/include) by extension 'ignore_ament_install'
[0.685s] Level 1:colcon.colcon_core.package_identification:_identify(beta_firmware/beta_firmware/include) by extensions ['colcon_pkg']
[0.685s] Level 1:colcon.colcon_core.package_identification:_identify(beta_firmware/beta_firmware/include) by extension 'colcon_pkg'
[0.685s] Level 1:colcon.colcon_core.package_identification:_identify(beta_firmware/beta_firmware/include) by extensions ['colcon_meta']
[0.686s] Level 1:colcon.colcon_core.package_identification:_identify(beta_firmware/beta_firmware/include) by extension 'colcon_meta'
[0.686s] Level 1:colcon.colcon_core.package_identification:_identify(beta_firmware/beta_firmware/include) by extensions ['ros']
[0.686s] Level 1:colcon.colcon_core.package_identification:_identify(beta_firmware/beta_firmware/include) by extension 'ros'
[0.686s] Level 1:colcon.colcon_core.package_identification:_identify(beta_firmware/beta_firmware/include) by extensions ['cmake', 'python']
[0.686s] Level 1:colcon.colcon_core.package_identification:_identify(beta_firmware/beta_firmware/include) by extension 'cmake'
[0.686s] Level 1:colcon.colcon_core.package_identification:_identify(beta_firmware/beta_firmware/include) by extension 'python'
[0.686s] Level 1:colcon.colcon_core.package_identification:_identify(beta_firmware/beta_firmware/include) by extensions ['python_setup_py']
[0.687s] Level 1:colcon.colcon_core.package_identification:_identify(beta_firmware/beta_firmware/include) by extension 'python_setup_py'
[0.687s] Level 1:colcon.colcon_core.package_identification:_identify(beta_firmware/beta_firmware/install) by extensions ['ignore', 'ignore_ament_install']
[0.687s] Level 1:colcon.colcon_core.package_identification:_identify(beta_firmware/beta_firmware/install) by extension 'ignore'
[0.688s] Level 1:colcon.colcon_core.package_identification:_identify(beta_firmware/beta_firmware/install) ignored
[0.688s] Level 1:colcon.colcon_core.package_identification:_identify(beta_firmware/beta_firmware/lib) by extensions ['ignore', 'ignore_ament_install']
[0.688s] Level 1:colcon.colcon_core.package_identification:_identify(beta_firmware/beta_firmware/lib) by extension 'ignore'
[0.688s] Level 1:colcon.colcon_core.package_identification:_identify(beta_firmware/beta_firmware/lib) by extension 'ignore_ament_install'
[0.689s] Level 1:colcon.colcon_core.package_identification:_identify(beta_firmware/beta_firmware/lib) by extensions ['colcon_pkg']
[0.689s] Level 1:colcon.colcon_core.package_identification:_identify(beta_firmware/beta_firmware/lib) by extension 'colcon_pkg'
[0.689s] Level 1:colcon.colcon_core.package_identification:_identify(beta_firmware/beta_firmware/lib) by extensions ['colcon_meta']
[0.689s] Level 1:colcon.colcon_core.package_identification:_identify(beta_firmware/beta_firmware/lib) by extension 'colcon_meta'
[0.689s] Level 1:colcon.colcon_core.package_identification:_identify(beta_firmware/beta_firmware/lib) by extensions ['ros']
[0.689s] Level 1:colcon.colcon_core.package_identification:_identify(beta_firmware/beta_firmware/lib) by extension 'ros'
[0.689s] Level 1:colcon.colcon_core.package_identification:_identify(beta_firmware/beta_firmware/lib) by extensions ['cmake', 'python']
[0.690s] Level 1:colcon.colcon_core.package_identification:_identify(beta_firmware/beta_firmware/lib) by extension 'cmake'
[0.690s] Level 1:colcon.colcon_core.package_identification:_identify(beta_firmware/beta_firmware/lib) by extension 'python'
[0.690s] Level 1:colcon.colcon_core.package_identification:_identify(beta_firmware/beta_firmware/lib) by extensions ['python_setup_py']
[0.690s] Level 1:colcon.colcon_core.package_identification:_identify(beta_firmware/beta_firmware/lib) by extension 'python_setup_py'
[0.690s] Level 1:colcon.colcon_core.package_identification:_identify(beta_firmware/beta_firmware/log) by extensions ['ignore', 'ignore_ament_install']
[0.690s] Level 1:colcon.colcon_core.package_identification:_identify(beta_firmware/beta_firmware/log) by extension 'ignore'
[0.691s] Level 1:colcon.colcon_core.package_identification:_identify(beta_firmware/beta_firmware/log) ignored
[0.691s] Level 1:colcon.colcon_core.package_identification:_identify(beta_firmware/beta_firmware/src) by extensions ['ignore', 'ignore_ament_install']
[0.691s] Level 1:colcon.colcon_core.package_identification:_identify(beta_firmware/beta_firmware/src) by extension 'ignore'
[0.691s] Level 1:colcon.colcon_core.package_identification:_identify(beta_firmware/beta_firmware/src) by extension 'ignore_ament_install'
[0.691s] Level 1:colcon.colcon_core.package_identification:_identify(beta_firmware/beta_firmware/src) by extensions ['colcon_pkg']
[0.691s] Level 1:colcon.colcon_core.package_identification:_identify(beta_firmware/beta_firmware/src) by extension 'colcon_pkg'
[0.692s] Level 1:colcon.colcon_core.package_identification:_identify(beta_firmware/beta_firmware/src) by extensions ['colcon_meta']
[0.692s] Level 1:colcon.colcon_core.package_identification:_identify(beta_firmware/beta_firmware/src) by extension 'colcon_meta'
[0.692s] Level 1:colcon.colcon_core.package_identification:_identify(beta_firmware/beta_firmware/src) by extensions ['ros']
[0.692s] Level 1:colcon.colcon_core.package_identification:_identify(beta_firmware/beta_firmware/src) by extension 'ros'
[0.692s] Level 1:colcon.colcon_core.package_identification:_identify(beta_firmware/beta_firmware/src) by extensions ['cmake', 'python']
[0.692s] Level 1:colcon.colcon_core.package_identification:_identify(beta_firmware/beta_firmware/src) by extension 'cmake'
[0.692s] Level 1:colcon.colcon_core.package_identification:_identify(beta_firmware/beta_firmware/src) by extension 'python'
[0.692s] Level 1:colcon.colcon_core.package_identification:_identify(beta_firmware/beta_firmware/src) by extensions ['python_setup_py']
[0.693s] Level 1:colcon.colcon_core.package_identification:_identify(beta_firmware/beta_firmware/src) by extension 'python_setup_py'
[0.693s] Level 1:colcon.colcon_core.package_identification:_identify(beta_firmware/beta_firmware/test) by extensions ['ignore', 'ignore_ament_install']
[0.693s] Level 1:colcon.colcon_core.package_identification:_identify(beta_firmware/beta_firmware/test) by extension 'ignore'
[0.693s] Level 1:colcon.colcon_core.package_identification:_identify(beta_firmware/beta_firmware/test) by extension 'ignore_ament_install'
[0.693s] Level 1:colcon.colcon_core.package_identification:_identify(beta_firmware/beta_firmware/test) by extensions ['colcon_pkg']
[0.693s] Level 1:colcon.colcon_core.package_identification:_identify(beta_firmware/beta_firmware/test) by extension 'colcon_pkg'
[0.694s] Level 1:colcon.colcon_core.package_identification:_identify(beta_firmware/beta_firmware/test) by extensions ['colcon_meta']
[0.694s] Level 1:colcon.colcon_core.package_identification:_identify(beta_firmware/beta_firmware/test) by extension 'colcon_meta'
[0.694s] Level 1:colcon.colcon_core.package_identification:_identify(beta_firmware/beta_firmware/test) by extensions ['ros']
[0.694s] Level 1:colcon.colcon_core.package_identification:_identify(beta_firmware/beta_firmware/test) by extension 'ros'
[0.694s] Level 1:colcon.colcon_core.package_identification:_identify(beta_firmware/beta_firmware/test) by extensions ['cmake', 'python']
[0.694s] Level 1:colcon.colcon_core.package_identification:_identify(beta_firmware/beta_firmware/test) by extension 'cmake'
[0.694s] Level 1:colcon.colcon_core.package_identification:_identify(beta_firmware/beta_firmware/test) by extension 'python'
[0.695s] Level 1:colcon.colcon_core.package_identification:_identify(beta_firmware/beta_firmware/test) by extensions ['python_setup_py']
[0.695s] Level 1:colcon.colcon_core.package_identification:_identify(beta_firmware/beta_firmware/test) by extension 'python_setup_py'
[0.695s] Level 1:colcon.colcon_core.package_identification:_identify(beta_firmware/build) by extensions ['ignore', 'ignore_ament_install']
[0.695s] Level 1:colcon.colcon_core.package_identification:_identify(beta_firmware/build) by extension 'ignore'
[0.695s] Level 1:colcon.colcon_core.package_identification:_identify(beta_firmware/build) ignored
[0.695s] Level 1:colcon.colcon_core.package_identification:_identify(beta_firmware/install) by extensions ['ignore', 'ignore_ament_install']
[0.696s] Level 1:colcon.colcon_core.package_identification:_identify(beta_firmware/install) by extension 'ignore'
[0.696s] Level 1:colcon.colcon_core.package_identification:_identify(beta_firmware/install) ignored
[0.696s] Level 1:colcon.colcon_core.package_identification:_identify(beta_firmware/log) by extensions ['ignore', 'ignore_ament_install']
[0.696s] Level 1:colcon.colcon_core.package_identification:_identify(beta_firmware/log) by extension 'ignore'
[0.696s] Level 1:colcon.colcon_core.package_identification:_identify(beta_firmware/log) ignored
[0.697s] Level 1:colcon.colcon_core.package_identification:_identify(beta_firmware/microros_ws) by extensions ['ignore', 'ignore_ament_install']
[0.697s] Level 1:colcon.colcon_core.package_identification:_identify(beta_firmware/microros_ws) by extension 'ignore'
[0.697s] Level 1:colcon.colcon_core.package_identification:_identify(beta_firmware/microros_ws) by extension 'ignore_ament_install'
[0.697s] Level 1:colcon.colcon_core.package_identification:_identify(beta_firmware/microros_ws) by extensions ['colcon_pkg']
[0.698s] Level 1:colcon.colcon_core.package_identification:_identify(beta_firmware/microros_ws) by extension 'colcon_pkg'
[0.698s] Level 1:colcon.colcon_core.package_identification:_identify(beta_firmware/microros_ws) by extensions ['colcon_meta']
[0.698s] Level 1:colcon.colcon_core.package_identification:_identify(beta_firmware/microros_ws) by extension 'colcon_meta'
[0.698s] Level 1:colcon.colcon_core.package_identification:_identify(beta_firmware/microros_ws) by extensions ['ros']
[0.698s] Level 1:colcon.colcon_core.package_identification:_identify(beta_firmware/microros_ws) by extension 'ros'
[0.698s] Level 1:colcon.colcon_core.package_identification:_identify(beta_firmware/microros_ws) by extensions ['cmake', 'python']
[0.699s] Level 1:colcon.colcon_core.package_identification:_identify(beta_firmware/microros_ws) by extension 'cmake'
[0.699s] Level 1:colcon.colcon_core.package_identification:_identify(beta_firmware/microros_ws) by extension 'python'
[0.699s] Level 1:colcon.colcon_core.package_identification:_identify(beta_firmware/microros_ws) by extensions ['python_setup_py']
[0.699s] Level 1:colcon.colcon_core.package_identification:_identify(beta_firmware/microros_ws) by extension 'python_setup_py'
[0.699s] Level 1:colcon.colcon_core.package_identification:_identify(beta_firmware/microros_ws/build) by extensions ['ignore', 'ignore_ament_install']
[0.699s] Level 1:colcon.colcon_core.package_identification:_identify(beta_firmware/microros_ws/build) by extension 'ignore'
[0.700s] Level 1:colcon.colcon_core.package_identification:_identify(beta_firmware/microros_ws/build) ignored
[0.700s] Level 1:colcon.colcon_core.package_identification:_identify(beta_firmware/microros_ws/install) by extensions ['ignore', 'ignore_ament_install']
[0.700s] Level 1:colcon.colcon_core.package_identification:_identify(beta_firmware/microros_ws/install) by extension 'ignore'
[0.700s] Level 1:colcon.colcon_core.package_identification:_identify(beta_firmware/microros_ws/install) ignored
[0.700s] Level 1:colcon.colcon_core.package_identification:_identify(beta_firmware/microros_ws/log) by extensions ['ignore', 'ignore_ament_install']
[0.701s] Level 1:colcon.colcon_core.package_identification:_identify(beta_firmware/microros_ws/log) by extension 'ignore'
[0.701s] Level 1:colcon.colcon_core.package_identification:_identify(beta_firmware/microros_ws/log) ignored
[0.701s] Level 1:colcon.colcon_core.package_identification:_identify(beta_firmware/microros_ws/src) by extensions ['ignore', 'ignore_ament_install']
[0.701s] Level 1:colcon.colcon_core.package_identification:_identify(beta_firmware/microros_ws/src) by extension 'ignore'
[0.701s] Level 1:colcon.colcon_core.package_identification:_identify(beta_firmware/microros_ws/src) by extension 'ignore_ament_install'
[0.702s] Level 1:colcon.colcon_core.package_identification:_identify(beta_firmware/microros_ws/src) by extensions ['colcon_pkg']
[0.702s] Level 1:colcon.colcon_core.package_identification:_identify(beta_firmware/microros_ws/src) by extension 'colcon_pkg'
[0.702s] Level 1:colcon.colcon_core.package_identification:_identify(beta_firmware/microros_ws/src) by extensions ['colcon_meta']
[0.702s] Level 1:colcon.colcon_core.package_identification:_identify(beta_firmware/microros_ws/src) by extension 'colcon_meta'
[0.702s] Level 1:colcon.colcon_core.package_identification:_identify(beta_firmware/microros_ws/src) by extensions ['ros']
[0.702s] Level 1:colcon.colcon_core.package_identification:_identify(beta_firmware/microros_ws/src) by extension 'ros'
[0.702s] Level 1:colcon.colcon_core.package_identification:_identify(beta_firmware/microros_ws/src) by extensions ['cmake', 'python']
[0.702s] Level 1:colcon.colcon_core.package_identification:_identify(beta_firmware/microros_ws/src) by extension 'cmake'
[0.703s] Level 1:colcon.colcon_core.package_identification:_identify(beta_firmware/microros_ws/src) by extension 'python'
[0.703s] Level 1:colcon.colcon_core.package_identification:_identify(beta_firmware/microros_ws/src) by extensions ['python_setup_py']
[0.703s] Level 1:colcon.colcon_core.package_identification:_identify(beta_firmware/microros_ws/src) by extension 'python_setup_py'
[0.703s] Level 1:colcon.colcon_core.package_identification:_identify(beta_firmware/microros_ws/src/micro_ros_setup) by extensions ['ignore', 'ignore_ament_install']
[0.703s] Level 1:colcon.colcon_core.package_identification:_identify(beta_firmware/microros_ws/src/micro_ros_setup) by extension 'ignore'
[0.704s] Level 1:colcon.colcon_core.package_identification:_identify(beta_firmware/microros_ws/src/micro_ros_setup) by extension 'ignore_ament_install'
[0.704s] Level 1:colcon.colcon_core.package_identification:_identify(beta_firmware/microros_ws/src/micro_ros_setup) by extensions ['colcon_pkg']
[0.704s] Level 1:colcon.colcon_core.package_identification:_identify(beta_firmware/microros_ws/src/micro_ros_setup) by extension 'colcon_pkg'
[0.704s] Level 1:colcon.colcon_core.package_identification:_identify(beta_firmware/microros_ws/src/micro_ros_setup) by extensions ['colcon_meta']
[0.704s] Level 1:colcon.colcon_core.package_identification:_identify(beta_firmware/microros_ws/src/micro_ros_setup) by extension 'colcon_meta'
[0.704s] Level 1:colcon.colcon_core.package_identification:_identify(beta_firmware/microros_ws/src/micro_ros_setup) by extensions ['ros']
[0.704s] Level 1:colcon.colcon_core.package_identification:_identify(beta_firmware/microros_ws/src/micro_ros_setup) by extension 'ros'
[0.713s] DEBUG:colcon.colcon_core.package_identification:Package 'beta_firmware/microros_ws/src/micro_ros_setup' with type 'ros.ament_cmake' and name 'micro_ros_setup'
[0.714s] Level 1:colcon.colcon_core.package_identification:_identify(beta_firmware/microros_ws/src/uros) by extensions ['ignore', 'ignore_ament_install']
[0.714s] Level 1:colcon.colcon_core.package_identification:_identify(beta_firmware/microros_ws/src/uros) by extension 'ignore'
[0.714s] Level 1:colcon.colcon_core.package_identification:_identify(beta_firmware/microros_ws/src/uros) by extension 'ignore_ament_install'
[0.715s] Level 1:colcon.colcon_core.package_identification:_identify(beta_firmware/microros_ws/src/uros) by extensions ['colcon_pkg']
[0.715s] Level 1:colcon.colcon_core.package_identification:_identify(beta_firmware/microros_ws/src/uros) by extension 'colcon_pkg'
[0.715s] Level 1:colcon.colcon_core.package_identification:_identify(beta_firmware/microros_ws/src/uros) by extensions ['colcon_meta']
[0.715s] Level 1:colcon.colcon_core.package_identification:_identify(beta_firmware/microros_ws/src/uros) by extension 'colcon_meta'
[0.715s] Level 1:colcon.colcon_core.package_identification:_identify(beta_firmware/microros_ws/src/uros) by extensions ['ros']
[0.715s] Level 1:colcon.colcon_core.package_identification:_identify(beta_firmware/microros_ws/src/uros) by extension 'ros'
[0.716s] Level 1:colcon.colcon_core.package_identification:_identify(beta_firmware/microros_ws/src/uros) by extensions ['cmake', 'python']
[0.716s] Level 1:colcon.colcon_core.package_identification:_identify(beta_firmware/microros_ws/src/uros) by extension 'cmake'
[0.716s] Level 1:colcon.colcon_core.package_identification:_identify(beta_firmware/microros_ws/src/uros) by extension 'python'
[0.716s] Level 1:colcon.colcon_core.package_identification:_identify(beta_firmware/microros_ws/src/uros) by extensions ['python_setup_py']
[0.716s] Level 1:colcon.colcon_core.package_identification:_identify(beta_firmware/microros_ws/src/uros) by extension 'python_setup_py'
[0.716s] Level 1:colcon.colcon_core.package_identification:_identify(beta_firmware/microros_ws/src/uros/micro-ROS-Agent) by extensions ['ignore', 'ignore_ament_install']
[0.717s] Level 1:colcon.colcon_core.package_identification:_identify(beta_firmware/microros_ws/src/uros/micro-ROS-Agent) by extension 'ignore'
[0.717s] Level 1:colcon.colcon_core.package_identification:_identify(beta_firmware/microros_ws/src/uros/micro-ROS-Agent) by extension 'ignore_ament_install'
[0.717s] Level 1:colcon.colcon_core.package_identification:_identify(beta_firmware/microros_ws/src/uros/micro-ROS-Agent) by extensions ['colcon_pkg']
[0.717s] Level 1:colcon.colcon_core.package_identification:_identify(beta_firmware/microros_ws/src/uros/micro-ROS-Agent) by extension 'colcon_pkg'
[0.717s] Level 1:colcon.colcon_core.package_identification:_identify(beta_firmware/microros_ws/src/uros/micro-ROS-Agent) by extensions ['colcon_meta']
[0.718s] Level 1:colcon.colcon_core.package_identification:_identify(beta_firmware/microros_ws/src/uros/micro-ROS-Agent) by extension 'colcon_meta'
[0.718s] Level 1:colcon.colcon_core.package_identification:_identify(beta_firmware/microros_ws/src/uros/micro-ROS-Agent) by extensions ['ros']
[0.718s] Level 1:colcon.colcon_core.package_identification:_identify(beta_firmware/microros_ws/src/uros/micro-ROS-Agent) by extension 'ros'
[0.718s] Level 1:colcon.colcon_core.package_identification:_identify(beta_firmware/microros_ws/src/uros/micro-ROS-Agent) by extensions ['cmake', 'python']
[0.718s] Level 1:colcon.colcon_core.package_identification:_identify(beta_firmware/microros_ws/src/uros/micro-ROS-Agent) by extension 'cmake'
[0.718s] Level 1:colcon.colcon_core.package_identification:_identify(beta_firmware/microros_ws/src/uros/micro-ROS-Agent) by extension 'python'
[0.719s] Level 1:colcon.colcon_core.package_identification:_identify(beta_firmware/microros_ws/src/uros/micro-ROS-Agent) by extensions ['python_setup_py']
[0.719s] Level 1:colcon.colcon_core.package_identification:_identify(beta_firmware/microros_ws/src/uros/micro-ROS-Agent) by extension 'python_setup_py'
[0.719s] Level 1:colcon.colcon_core.package_identification:_identify(beta_firmware/microros_ws/src/uros/micro-ROS-Agent/micro_ros_agent) by extensions ['ignore', 'ignore_ament_install']
[0.719s] Level 1:colcon.colcon_core.package_identification:_identify(beta_firmware/microros_ws/src/uros/micro-ROS-Agent/micro_ros_agent) by extension 'ignore'
[0.720s] Level 1:colcon.colcon_core.package_identification:_identify(beta_firmware/microros_ws/src/uros/micro-ROS-Agent/micro_ros_agent) by extension 'ignore_ament_install'
[0.720s] Level 1:colcon.colcon_core.package_identification:_identify(beta_firmware/microros_ws/src/uros/micro-ROS-Agent/micro_ros_agent) by extensions ['colcon_pkg']
[0.720s] Level 1:colcon.colcon_core.package_identification:_identify(beta_firmware/microros_ws/src/uros/micro-ROS-Agent/micro_ros_agent) by extension 'colcon_pkg'
[0.720s] Level 1:colcon.colcon_core.package_identification:_identify(beta_firmware/microros_ws/src/uros/micro-ROS-Agent/micro_ros_agent) by extensions ['colcon_meta']
[0.720s] Level 1:colcon.colcon_core.package_identification:_identify(beta_firmware/microros_ws/src/uros/micro-ROS-Agent/micro_ros_agent) by extension 'colcon_meta'
[0.720s] Level 1:colcon.colcon_core.package_identification:_identify(beta_firmware/microros_ws/src/uros/micro-ROS-Agent/micro_ros_agent) by extensions ['ros']
[0.720s] Level 1:colcon.colcon_core.package_identification:_identify(beta_firmware/microros_ws/src/uros/micro-ROS-Agent/micro_ros_agent) by extension 'ros'
[0.724s] DEBUG:colcon.colcon_core.package_identification:Package 'beta_firmware/microros_ws/src/uros/micro-ROS-Agent/micro_ros_agent' with type 'ros.ament_cmake' and name 'micro_ros_agent'
[0.724s] Level 1:colcon.colcon_core.package_identification:_identify(beta_firmware/microros_ws/src/uros/micro-ROS-Agent/snap) by extensions ['ignore', 'ignore_ament_install']
[0.724s] Level 1:colcon.colcon_core.package_identification:_identify(beta_firmware/microros_ws/src/uros/micro-ROS-Agent/snap) by extension 'ignore'
[0.725s] Level 1:colcon.colcon_core.package_identification:_identify(beta_firmware/microros_ws/src/uros/micro-ROS-Agent/snap) by extension 'ignore_ament_install'
[0.725s] Level 1:colcon.colcon_core.package_identification:_identify(beta_firmware/microros_ws/src/uros/micro-ROS-Agent/snap) by extensions ['colcon_pkg']
[0.725s] Level 1:colcon.colcon_core.package_identification:_identify(beta_firmware/microros_ws/src/uros/micro-ROS-Agent/snap) by extension 'colcon_pkg'
[0.725s] Level 1:colcon.colcon_core.package_identification:_identify(beta_firmware/microros_ws/src/uros/micro-ROS-Agent/snap) by extensions ['colcon_meta']
[0.725s] Level 1:colcon.colcon_core.package_identification:_identify(beta_firmware/microros_ws/src/uros/micro-ROS-Agent/snap) by extension 'colcon_meta'
[0.725s] Level 1:colcon.colcon_core.package_identification:_identify(beta_firmware/microros_ws/src/uros/micro-ROS-Agent/snap) by extensions ['ros']
[0.725s] Level 1:colcon.colcon_core.package_identification:_identify(beta_firmware/microros_ws/src/uros/micro-ROS-Agent/snap) by extension 'ros'
[0.726s] Level 1:colcon.colcon_core.package_identification:_identify(beta_firmware/microros_ws/src/uros/micro-ROS-Agent/snap) by extensions ['cmake', 'python']
[0.726s] Level 1:colcon.colcon_core.package_identification:_identify(beta_firmware/microros_ws/src/uros/micro-ROS-Agent/snap) by extension 'cmake'
[0.726s] Level 1:colcon.colcon_core.package_identification:_identify(beta_firmware/microros_ws/src/uros/micro-ROS-Agent/snap) by extension 'python'
[0.726s] Level 1:colcon.colcon_core.package_identification:_identify(beta_firmware/microros_ws/src/uros/micro-ROS-Agent/snap) by extensions ['python_setup_py']
[0.726s] Level 1:colcon.colcon_core.package_identification:_identify(beta_firmware/microros_ws/src/uros/micro-ROS-Agent/snap) by extension 'python_setup_py'
[0.727s] Level 1:colcon.colcon_core.package_identification:_identify(beta_firmware/microros_ws/src/uros/micro-ROS-Agent/snap/hooks) by extensions ['ignore', 'ignore_ament_install']
[0.727s] Level 1:colcon.colcon_core.package_identification:_identify(beta_firmware/microros_ws/src/uros/micro-ROS-Agent/snap/hooks) by extension 'ignore'
[0.727s] Level 1:colcon.colcon_core.package_identification:_identify(beta_firmware/microros_ws/src/uros/micro-ROS-Agent/snap/hooks) by extension 'ignore_ament_install'
[0.727s] Level 1:colcon.colcon_core.package_identification:_identify(beta_firmware/microros_ws/src/uros/micro-ROS-Agent/snap/hooks) by extensions ['colcon_pkg']
[0.727s] Level 1:colcon.colcon_core.package_identification:_identify(beta_firmware/microros_ws/src/uros/micro-ROS-Agent/snap/hooks) by extension 'colcon_pkg'
[0.728s] Level 1:colcon.colcon_core.package_identification:_identify(beta_firmware/microros_ws/src/uros/micro-ROS-Agent/snap/hooks) by extensions ['colcon_meta']
[0.728s] Level 1:colcon.colcon_core.package_identification:_identify(beta_firmware/microros_ws/src/uros/micro-ROS-Agent/snap/hooks) by extension 'colcon_meta'
[0.728s] Level 1:colcon.colcon_core.package_identification:_identify(beta_firmware/microros_ws/src/uros/micro-ROS-Agent/snap/hooks) by extensions ['ros']
[0.728s] Level 1:colcon.colcon_core.package_identification:_identify(beta_firmware/microros_ws/src/uros/micro-ROS-Agent/snap/hooks) by extension 'ros'
[0.728s] Level 1:colcon.colcon_core.package_identification:_identify(beta_firmware/microros_ws/src/uros/micro-ROS-Agent/snap/hooks) by extensions ['cmake', 'python']
[0.728s] Level 1:colcon.colcon_core.package_identification:_identify(beta_firmware/microros_ws/src/uros/micro-ROS-Agent/snap/hooks) by extension 'cmake'
[0.729s] Level 1:colcon.colcon_core.package_identification:_identify(beta_firmware/microros_ws/src/uros/micro-ROS-Agent/snap/hooks) by extension 'python'
[0.729s] Level 1:colcon.colcon_core.package_identification:_identify(beta_firmware/microros_ws/src/uros/micro-ROS-Agent/snap/hooks) by extensions ['python_setup_py']
[0.729s] Level 1:colcon.colcon_core.package_identification:_identify(beta_firmware/microros_ws/src/uros/micro-ROS-Agent/snap/hooks) by extension 'python_setup_py'
[0.729s] Level 1:colcon.colcon_core.package_identification:_identify(beta_firmware/microros_ws/src/uros/micro-ROS-Agent/snap/local) by extensions ['ignore', 'ignore_ament_install']
[0.730s] Level 1:colcon.colcon_core.package_identification:_identify(beta_firmware/microros_ws/src/uros/micro-ROS-Agent/snap/local) by extension 'ignore'
[0.730s] Level 1:colcon.colcon_core.package_identification:_identify(beta_firmware/microros_ws/src/uros/micro-ROS-Agent/snap/local) by extension 'ignore_ament_install'
[0.730s] Level 1:colcon.colcon_core.package_identification:_identify(beta_firmware/microros_ws/src/uros/micro-ROS-Agent/snap/local) by extensions ['colcon_pkg']
[0.730s] Level 1:colcon.colcon_core.package_identification:_identify(beta_firmware/microros_ws/src/uros/micro-ROS-Agent/snap/local) by extension 'colcon_pkg'
[0.730s] Level 1:colcon.colcon_core.package_identification:_identify(beta_firmware/microros_ws/src/uros/micro-ROS-Agent/snap/local) by extensions ['colcon_meta']
[0.730s] Level 1:colcon.colcon_core.package_identification:_identify(beta_firmware/microros_ws/src/uros/micro-ROS-Agent/snap/local) by extension 'colcon_meta'
[0.731s] Level 1:colcon.colcon_core.package_identification:_identify(beta_firmware/microros_ws/src/uros/micro-ROS-Agent/snap/local) by extensions ['ros']
[0.731s] Level 1:colcon.colcon_core.package_identification:_identify(beta_firmware/microros_ws/src/uros/micro-ROS-Agent/snap/local) by extension 'ros'
[0.731s] Level 1:colcon.colcon_core.package_identification:_identify(beta_firmware/microros_ws/src/uros/micro-ROS-Agent/snap/local) by extensions ['cmake', 'python']
[0.731s] Level 1:colcon.colcon_core.package_identification:_identify(beta_firmware/microros_ws/src/uros/micro-ROS-Agent/snap/local) by extension 'cmake'
[0.731s] Level 1:colcon.colcon_core.package_identification:_identify(beta_firmware/microros_ws/src/uros/micro-ROS-Agent/snap/local) by extension 'python'
[0.731s] Level 1:colcon.colcon_core.package_identification:_identify(beta_firmware/microros_ws/src/uros/micro-ROS-Agent/snap/local) by extensions ['python_setup_py']
[0.731s] Level 1:colcon.colcon_core.package_identification:_identify(beta_firmware/microros_ws/src/uros/micro-ROS-Agent/snap/local) by extension 'python_setup_py'
[0.732s] Level 1:colcon.colcon_core.package_identification:_identify(beta_firmware/microros_ws/src/uros/micro_ros_msgs) by extensions ['ignore', 'ignore_ament_install']
[0.732s] Level 1:colcon.colcon_core.package_identification:_identify(beta_firmware/microros_ws/src/uros/micro_ros_msgs) by extension 'ignore'
[0.732s] Level 1:colcon.colcon_core.package_identification:_identify(beta_firmware/microros_ws/src/uros/micro_ros_msgs) by extension 'ignore_ament_install'
[0.732s] Level 1:colcon.colcon_core.package_identification:_identify(beta_firmware/microros_ws/src/uros/micro_ros_msgs) by extensions ['colcon_pkg']
[0.733s] Level 1:colcon.colcon_core.package_identification:_identify(beta_firmware/microros_ws/src/uros/micro_ros_msgs) by extension 'colcon_pkg'
[0.733s] Level 1:colcon.colcon_core.package_identification:_identify(beta_firmware/microros_ws/src/uros/micro_ros_msgs) by extensions ['colcon_meta']
[0.733s] Level 1:colcon.colcon_core.package_identification:_identify(beta_firmware/microros_ws/src/uros/micro_ros_msgs) by extension 'colcon_meta'
[0.733s] Level 1:colcon.colcon_core.package_identification:_identify(beta_firmware/microros_ws/src/uros/micro_ros_msgs) by extensions ['ros']
[0.733s] Level 1:colcon.colcon_core.package_identification:_identify(beta_firmware/microros_ws/src/uros/micro_ros_msgs) by extension 'ros'
[0.735s] DEBUG:colcon.colcon_core.package_identification:Package 'beta_firmware/microros_ws/src/uros/micro_ros_msgs' with type 'ros.ament_cmake' and name 'micro_ros_msgs'
[0.735s] Level 1:colcon.colcon_core.package_identification:_identify(build) by extensions ['ignore', 'ignore_ament_install']
[0.736s] Level 1:colcon.colcon_core.package_identification:_identify(build) by extension 'ignore'
[0.736s] Level 1:colcon.colcon_core.package_identification:_identify(build) ignored
[0.736s] Level 1:colcon.colcon_core.package_identification:_identify(install) by extensions ['ignore', 'ignore_ament_install']
[0.737s] Level 1:colcon.colcon_core.package_identification:_identify(install) by extension 'ignore'
[0.737s] Level 1:colcon.colcon_core.package_identification:_identify(install) ignored
[0.739s] Level 1:colcon.colcon_core.package_identification:_identify(log) by extensions ['ignore', 'ignore_ament_install']
[0.739s] Level 1:colcon.colcon_core.package_identification:_identify(log) by extension 'ignore'
[0.740s] Level 1:colcon.colcon_core.package_identification:_identify(log) ignored
[0.741s] Level 1:colcon.colcon_core.package_identification:_identify(src) by extensions ['ignore', 'ignore_ament_install']
[0.741s] Level 1:colcon.colcon_core.package_identification:_identify(src) by extension 'ignore'
[0.742s] Level 1:colcon.colcon_core.package_identification:_identify(src) by extension 'ignore_ament_install'
[0.742s] Level 1:colcon.colcon_core.package_identification:_identify(src) by extensions ['colcon_pkg']
[0.742s] Level 1:colcon.colcon_core.package_identification:_identify(src) by extension 'colcon_pkg'
[0.742s] Level 1:colcon.colcon_core.package_identification:_identify(src) by extensions ['colcon_meta']
[0.742s] Level 1:colcon.colcon_core.package_identification:_identify(src) by extension 'colcon_meta'
[0.743s] Level 1:colcon.colcon_core.package_identification:_identify(src) by extensions ['ros']
[0.743s] Level 1:colcon.colcon_core.package_identification:_identify(src) by extension 'ros'
[0.743s] Level 1:colcon.colcon_core.package_identification:_identify(src) by extensions ['cmake', 'python']
[0.743s] Level 1:colcon.colcon_core.package_identification:_identify(src) by extension 'cmake'
[0.743s] Level 1:colcon.colcon_core.package_identification:_identify(src) by extension 'python'
[0.743s] Level 1:colcon.colcon_core.package_identification:_identify(src) by extensions ['python_setup_py']
[0.744s] Level 1:colcon.colcon_core.package_identification:_identify(src) by extension 'python_setup_py'
[0.744s] Level 1:colcon.colcon_core.package_identification:_identify(src/beta_controller) by extensions ['ignore', 'ignore_ament_install']
[0.744s] Level 1:colcon.colcon_core.package_identification:_identify(src/beta_controller) by extension 'ignore'
[0.744s] Level 1:colcon.colcon_core.package_identification:_identify(src/beta_controller) by extension 'ignore_ament_install'
[0.745s] Level 1:colcon.colcon_core.package_identification:_identify(src/beta_controller) by extensions ['colcon_pkg']
[0.745s] Level 1:colcon.colcon_core.package_identification:_identify(src/beta_controller) by extension 'colcon_pkg'
[0.745s] Level 1:colcon.colcon_core.package_identification:_identify(src/beta_controller) by extensions ['colcon_meta']
[0.745s] Level 1:colcon.colcon_core.package_identification:_identify(src/beta_controller) by extension 'colcon_meta'
[0.745s] Level 1:colcon.colcon_core.package_identification:_identify(src/beta_controller) by extensions ['ros']
[0.745s] Level 1:colcon.colcon_core.package_identification:_identify(src/beta_controller) by extension 'ros'
[0.747s] DEBUG:colcon.colcon_core.package_identification:Package 'src/beta_controller' with type 'ros.ament_python' and name 'beta_controller'
[0.747s] Level 1:colcon.colcon_core.package_discovery:discover_packages(recursive) using defaults
[0.748s] Level 1:colcon.colcon_core.package_discovery:discover_packages(ignore) discover
[0.748s] Level 1:colcon.colcon_core.package_discovery:discover_packages(ignore) using defaults
[0.748s] Level 1:colcon.colcon_core.package_discovery:discover_packages(path) discover
[0.748s] Level 1:colcon.colcon_core.package_discovery:discover_packages(path) using defaults
[0.833s] Level 1:colcon.colcon_core.package_discovery:discover_packages(prefix_path) check parameters
[0.834s] Level 1:colcon.colcon_core.package_discovery:discover_packages(prefix_path) discover
[0.840s] DEBUG:colcon.colcon_installed_package_information.package_discovery:Found 4 installed packages in /home/joaoferreira/beta/install
[0.844s] DEBUG:colcon.colcon_installed_package_information.package_discovery:Found 294 installed packages in /opt/ros/humble
[0.848s] Level 1:colcon.colcon_core.package_discovery:discover_packages(prefix_path) using defaults
[0.963s] Level 5:colcon.colcon_core.verb:set package 'beta_controller' build argument 'cmake_args' from command line to 'None'
[0.964s] Level 5:colcon.colcon_core.verb:set package 'beta_controller' build argument 'cmake_target' from command line to 'None'
[0.964s] Level 5:colcon.colcon_core.verb:set package 'beta_controller' build argument 'cmake_target_skip_unavailable' from command line to 'False'
[0.964s] Level 5:colcon.colcon_core.verb:set package 'beta_controller' build argument 'cmake_clean_cache' from command line to 'False'
[0.964s] Level 5:colcon.colcon_core.verb:set package 'beta_controller' build argument 'cmake_clean_first' from command line to 'False'
[0.964s] Level 5:colcon.colcon_core.verb:set package 'beta_controller' build argument 'cmake_force_configure' from command line to 'False'
[0.964s] Level 5:colcon.colcon_core.verb:set package 'beta_controller' build argument 'ament_cmake_args' from command line to 'None'
[0.964s] Level 5:colcon.colcon_core.verb:set package 'beta_controller' build argument 'catkin_cmake_args' from command line to 'None'
[0.964s] Level 5:colcon.colcon_core.verb:set package 'beta_controller' build argument 'catkin_skip_building_tests' from command line to 'False'
[0.964s] DEBUG:colcon.colcon_core.verb:Building package 'beta_controller' with the following arguments: {'ament_cmake_args': None, 'build_base': '/home/joaoferreira/beta/build/beta_controller', 'catkin_cmake_args': None, 'catkin_skip_building_tests': False, 'cmake_args': None, 'cmake_clean_cache': False, 'cmake_clean_first': False, 'cmake_force_configure': False, 'cmake_target': None, 'cmake_target_skip_unavailable': False, 'install_base': '/home/joaoferreira/beta/install/beta_controller', 'merge_install': False, 'path': '/home/joaoferreira/beta/src/beta_controller', 'symlink_install': False, 'test_result_base': None}
[0.965s] Level 5:colcon.colcon_core.verb:set package 'micro_ros_msgs' build argument 'cmake_args' from command line to 'None'
[0.965s] Level 5:colcon.colcon_core.verb:set package 'micro_ros_msgs' build argument 'cmake_target' from command line to 'None'
[0.965s] Level 5:colcon.colcon_core.verb:set package 'micro_ros_msgs' build argument 'cmake_target_skip_unavailable' from command line to 'False'
[0.965s] Level 5:colcon.colcon_core.verb:set package 'micro_ros_msgs' build argument 'cmake_clean_cache' from command line to 'False'
[0.965s] Level 5:colcon.colcon_core.verb:set package 'micro_ros_msgs' build argument 'cmake_clean_first' from command line to 'False'
[0.965s] Level 5:colcon.colcon_core.verb:set package 'micro_ros_msgs' build argument 'cmake_force_configure' from command line to 'False'
[0.965s] Level 5:colcon.colcon_core.verb:set package 'micro_ros_msgs' build argument 'ament_cmake_args' from command line to 'None'
[0.965s] Level 5:colcon.colcon_core.verb:set package 'micro_ros_msgs' build argument 'catkin_cmake_args' from command line to 'None'
[0.965s] Level 5:colcon.colcon_core.verb:set package 'micro_ros_msgs' build argument 'catkin_skip_building_tests' from command line to 'False'
[0.966s] DEBUG:colcon.colcon_core.verb:Building package 'micro_ros_msgs' with the following arguments: {'ament_cmake_args': None, 'build_base': '/home/joaoferreira/beta/build/micro_ros_msgs', 'catkin_cmake_args': None, 'catkin_skip_building_tests': False, 'cmake_args': None, 'cmake_clean_cache': False, 'cmake_clean_first': False, 'cmake_force_configure': False, 'cmake_target': None, 'cmake_target_skip_unavailable': False, 'install_base': '/home/joaoferreira/beta/install/micro_ros_msgs', 'merge_install': False, 'path': '/home/joaoferreira/beta/beta_firmware/microros_ws/src/uros/micro_ros_msgs', 'symlink_install': False, 'test_result_base': None}
[0.966s] Level 5:colcon.colcon_core.verb:set package 'micro_ros_setup' build argument 'cmake_args' from command line to 'None'
[0.966s] Level 5:colcon.colcon_core.verb:set package 'micro_ros_setup' build argument 'cmake_target' from command line to 'None'
[0.967s] Level 5:colcon.colcon_core.verb:set package 'micro_ros_setup' build argument 'cmake_target_skip_unavailable' from command line to 'False'
[0.967s] Level 5:colcon.colcon_core.verb:set package 'micro_ros_setup' build argument 'cmake_clean_cache' from command line to 'False'
[0.967s] Level 5:colcon.colcon_core.verb:set package 'micro_ros_setup' build argument 'cmake_clean_first' from command line to 'False'
[0.967s] Level 5:colcon.colcon_core.verb:set package 'micro_ros_setup' build argument 'cmake_force_configure' from command line to 'False'
[0.967s] Level 5:colcon.colcon_core.verb:set package 'micro_ros_setup' build argument 'ament_cmake_args' from command line to 'None'
[0.967s] Level 5:colcon.colcon_core.verb:set package 'micro_ros_setup' build argument 'catkin_cmake_args' from command line to 'None'
[0.967s] Level 5:colcon.colcon_core.verb:set package 'micro_ros_setup' build argument 'catkin_skip_building_tests' from command line to 'False'
[0.967s] DEBUG:colcon.colcon_core.verb:Building package 'micro_ros_setup' with the following arguments: {'ament_cmake_args': None, 'build_base': '/home/joaoferreira/beta/build/micro_ros_setup', 'catkin_cmake_args': None, 'catkin_skip_building_tests': False, 'cmake_args': None, 'cmake_clean_cache': False, 'cmake_clean_first': False, 'cmake_force_configure': False, 'cmake_target': None, 'cmake_target_skip_unavailable': False, 'install_base': '/home/joaoferreira/beta/install/micro_ros_setup', 'merge_install': False, 'path': '/home/joaoferreira/beta/beta_firmware/microros_ws/src/micro_ros_setup', 'symlink_install': False, 'test_result_base': None}
[0.968s] Level 5:colcon.colcon_core.verb:set package 'micro_ros_agent' build argument 'cmake_args' from command line to 'None'
[0.968s] Level 5:colcon.colcon_core.verb:set package 'micro_ros_agent' build argument 'cmake_target' from command line to 'None'
[0.968s] Level 5:colcon.colcon_core.verb:set package 'micro_ros_agent' build argument 'cmake_target_skip_unavailable' from command line to 'False'
[0.968s] Level 5:colcon.colcon_core.verb:set package 'micro_ros_agent' build argument 'cmake_clean_cache' from command line to 'False'
[0.968s] Level 5:colcon.colcon_core.verb:set package 'micro_ros_agent' build argument 'cmake_clean_first' from command line to 'False'
[0.968s] Level 5:colcon.colcon_core.verb:set package 'micro_ros_agent' build argument 'cmake_force_configure' from command line to 'False'
[0.968s] Level 5:colcon.colcon_core.verb:set package 'micro_ros_agent' build argument 'ament_cmake_args' from command line to 'None'
[0.969s] Level 5:colcon.colcon_core.verb:set package 'micro_ros_agent' build argument 'catkin_cmake_args' from command line to 'None'
[0.969s] Level 5:colcon.colcon_core.verb:set package 'micro_ros_agent' build argument 'catkin_skip_building_tests' from command line to 'False'
[0.969s] DEBUG:colcon.colcon_core.verb:Building package 'micro_ros_agent' with the following arguments: {'ament_cmake_args': None, 'build_base': '/home/joaoferreira/beta/build/micro_ros_agent', 'catkin_cmake_args': None, 'catkin_skip_building_tests': False, 'cmake_args': None, 'cmake_clean_cache': False, 'cmake_clean_first': False, 'cmake_force_configure': False, 'cmake_target': None, 'cmake_target_skip_unavailable': False, 'install_base': '/home/joaoferreira/beta/install/micro_ros_agent', 'merge_install': False, 'path': '/home/joaoferreira/beta/beta_firmware/microros_ws/src/uros/micro-ROS-Agent/micro_ros_agent', 'symlink_install': False, 'test_result_base': None}
[0.969s] INFO:colcon.colcon_core.executor:Executing jobs using 'parallel' executor
[0.971s] DEBUG:colcon.colcon_parallel_executor.executor.parallel:run_until_complete
[0.972s] INFO:colcon.colcon_ros.task.ament_cmake.build:Building ROS package in '/home/joaoferreira/beta/beta_firmware/microros_ws/src/uros/micro_ros_msgs' with build type 'ament_cmake'
[0.972s] INFO:colcon.colcon_cmake.task.cmake.build:Building CMake package in '/home/joaoferreira/beta/beta_firmware/microros_ws/src/uros/micro_ros_msgs'
[0.977s] INFO:colcon.colcon_core.plugin_system:Skipping extension 'colcon_core.shell.bat': Not used on non-Windows systems
[0.978s] INFO:colcon.colcon_core.shell:Skip shell extension 'powershell' for command environment: Not usable outside of PowerShell
[0.978s] DEBUG:colcon.colcon_core.shell:Skip shell extension 'dsv' for command environment
[0.984s] INFO:colcon.colcon_ros.task.ament_python.build:Building ROS package in '/home/joaoferreira/beta/src/beta_controller' with build type 'ament_python'
[0.985s] Level 1:colcon.colcon_core.shell:create_environment_hook('beta_controller', 'ament_prefix_path')
[0.985s] INFO:colcon.colcon_core.shell:Creating environment hook '/home/joaoferreira/beta/install/beta_controller/share/beta_controller/hook/ament_prefix_path.ps1'
[0.987s] INFO:colcon.colcon_core.shell:Creating environment descriptor '/home/joaoferreira/beta/install/beta_controller/share/beta_controller/hook/ament_prefix_path.dsv'
[0.989s] INFO:colcon.colcon_core.shell:Creating environment hook '/home/joaoferreira/beta/install/beta_controller/share/beta_controller/hook/ament_prefix_path.sh'
[0.991s] INFO:colcon.colcon_core.shell:Skip shell extension 'powershell' for command environment: Not usable outside of PowerShell
[0.991s] DEBUG:colcon.colcon_core.shell:Skip shell extension 'dsv' for command environment
[0.998s] INFO:colcon.colcon_ros.task.ament_cmake.build:Building ROS package in '/home/joaoferreira/beta/beta_firmware/microros_ws/src/micro_ros_setup' with build type 'ament_cmake'
[0.998s] INFO:colcon.colcon_cmake.task.cmake.build:Building CMake package in '/home/joaoferreira/beta/beta_firmware/microros_ws/src/micro_ros_setup'
[0.999s] INFO:colcon.colcon_core.shell:Skip shell extension 'powershell' for command environment: Not usable outside of PowerShell
[0.999s] DEBUG:colcon.colcon_core.shell:Skip shell extension 'dsv' for command environment
[1.015s] DEBUG:colcon.colcon_core.event_handler.log_command:Invoking command in '/home/joaoferreira/beta/build/micro_ros_msgs': CMAKE_PREFIX_PATH=${CMAKE_PREFIX_PATH}:/home/joaoferreira/beta/install/beta_controller:/opt/ros/humble /usr/bin/cmake --build /home/joaoferreira/beta/build/micro_ros_msgs -- -j4 -l4
[1.614s] INFO:colcon.colcon_core.task.python.build:Building Python package in '/home/joaoferreira/beta/src/beta_controller'
[1.615s] INFO:colcon.colcon_core.shell:Skip shell extension 'powershell' for command environment: Not usable outside of PowerShell
[1.615s] DEBUG:colcon.colcon_core.shell:Skip shell extension 'dsv' for command environment
[1.639s] DEBUG:colcon.colcon_core.event_handler.log_command:Invoking command in '/home/joaoferreira/beta/build/micro_ros_setup': CMAKE_PREFIX_PATH=${CMAKE_PREFIX_PATH}:/home/joaoferreira/beta/install/beta_controller:/opt/ros/humble /usr/bin/cmake --build /home/joaoferreira/beta/build/micro_ros_setup -- -j4 -l4
[1.725s] DEBUG:colcon.colcon_core.event_handler.log_command:Invoked command in '/home/joaoferreira/beta/build/micro_ros_setup' returned '0': CMAKE_PREFIX_PATH=${CMAKE_PREFIX_PATH}:/home/joaoferreira/beta/install/beta_controller:/opt/ros/humble /usr/bin/cmake --build /home/joaoferreira/beta/build/micro_ros_setup -- -j4 -l4
[1.749s] DEBUG:colcon.colcon_core.event_handler.log_command:Invoking command in '/home/joaoferreira/beta/build/micro_ros_setup': CMAKE_PREFIX_PATH=${CMAKE_PREFIX_PATH}:/home/joaoferreira/beta/install/beta_controller:/opt/ros/humble /usr/bin/cmake --install /home/joaoferreira/beta/build/micro_ros_setup
[1.780s] Level 1:colcon.colcon_core.environment:create_environment_scripts_only(micro_ros_setup)
[1.788s] Level 1:colcon.colcon_core.environment:checking '/home/joaoferreira/beta/install/micro_ros_setup' for CMake module files
[1.792s] Level 1:colcon.colcon_core.environment:checking '/home/joaoferreira/beta/install/micro_ros_setup' for CMake config files
[1.793s] Level 1:colcon.colcon_core.shell:create_environment_hook('micro_ros_setup', 'cmake_prefix_path')
[1.793s] INFO:colcon.colcon_core.shell:Creating environment hook '/home/joaoferreira/beta/install/micro_ros_setup/share/micro_ros_setup/hook/cmake_prefix_path.ps1'
[1.794s] INFO:colcon.colcon_core.shell:Creating environment descriptor '/home/joaoferreira/beta/install/micro_ros_setup/share/micro_ros_setup/hook/cmake_prefix_path.dsv'
[1.798s] INFO:colcon.colcon_core.shell:Creating environment hook '/home/joaoferreira/beta/install/micro_ros_setup/share/micro_ros_setup/hook/cmake_prefix_path.sh'
[1.799s] Level 1:colcon.colcon_core.environment:checking '/home/joaoferreira/beta/install/micro_ros_setup/lib'
[1.800s] Level 1:colcon.colcon_core.environment:checking '/home/joaoferreira/beta/install/micro_ros_setup/bin'
[1.800s] Level 1:colcon.colcon_core.environment:checking '/home/joaoferreira/beta/install/micro_ros_setup/lib/pkgconfig/micro_ros_setup.pc'
[1.800s] Level 1:colcon.colcon_core.environment:checking '/home/joaoferreira/beta/install/micro_ros_setup/lib/python3.10/site-packages'
[1.803s] Level 1:colcon.colcon_core.environment:checking '/home/joaoferreira/beta/install/micro_ros_setup/bin'
[1.804s] INFO:colcon.colcon_core.shell:Creating package script '/home/joaoferreira/beta/install/micro_ros_setup/share/micro_ros_setup/package.ps1'
[1.806s] INFO:colcon.colcon_core.shell:Creating package descriptor '/home/joaoferreira/beta/install/micro_ros_setup/share/micro_ros_setup/package.dsv'
[1.810s] INFO:colcon.colcon_core.shell:Creating package script '/home/joaoferreira/beta/install/micro_ros_setup/share/micro_ros_setup/package.sh'
[1.815s] INFO:colcon.colcon_core.shell:Creating package script '/home/joaoferreira/beta/install/micro_ros_setup/share/micro_ros_setup/package.bash'
[1.816s] INFO:colcon.colcon_core.shell:Creating package script '/home/joaoferreira/beta/install/micro_ros_setup/share/micro_ros_setup/package.zsh'
[1.820s] Level 1:colcon.colcon_core.environment:create_file_with_runtime_dependencies(/home/joaoferreira/beta/install/micro_ros_setup/share/colcon-core/packages/micro_ros_setup)
[1.822s] Level 1:colcon.colcon_core.environment:create_environment_scripts_only(micro_ros_setup)
[1.822s] Level 1:colcon.colcon_core.environment:checking '/home/joaoferreira/beta/install/micro_ros_setup' for CMake module files
[1.825s] DEBUG:colcon.colcon_core.event_handler.log_command:Invoked command in '/home/joaoferreira/beta/build/micro_ros_setup' returned '0': CMAKE_PREFIX_PATH=${CMAKE_PREFIX_PATH}:/home/joaoferreira/beta/install/beta_controller:/opt/ros/humble /usr/bin/cmake --install /home/joaoferreira/beta/build/micro_ros_setup
[1.825s] Level 1:colcon.colcon_core.environment:checking '/home/joaoferreira/beta/install/micro_ros_setup' for CMake config files
[1.826s] Level 1:colcon.colcon_core.shell:create_environment_hook('micro_ros_setup', 'cmake_prefix_path')
[1.826s] INFO:colcon.colcon_core.shell:Creating environment hook '/home/joaoferreira/beta/install/micro_ros_setup/share/micro_ros_setup/hook/cmake_prefix_path.ps1'
[1.828s] INFO:colcon.colcon_core.shell:Creating environment descriptor '/home/joaoferreira/beta/install/micro_ros_setup/share/micro_ros_setup/hook/cmake_prefix_path.dsv'
[1.829s] INFO:colcon.colcon_core.shell:Creating environment hook '/home/joaoferreira/beta/install/micro_ros_setup/share/micro_ros_setup/hook/cmake_prefix_path.sh'
[1.830s] Level 1:colcon.colcon_core.environment:checking '/home/joaoferreira/beta/install/micro_ros_setup/lib'
[1.830s] Level 1:colcon.colcon_core.environment:checking '/home/joaoferreira/beta/install/micro_ros_setup/bin'
[1.831s] Level 1:colcon.colcon_core.environment:checking '/home/joaoferreira/beta/install/micro_ros_setup/lib/pkgconfig/micro_ros_setup.pc'
[1.831s] Level 1:colcon.colcon_core.environment:checking '/home/joaoferreira/beta/install/micro_ros_setup/lib/python3.10/site-packages'
[1.831s] Level 1:colcon.colcon_core.environment:checking '/home/joaoferreira/beta/install/micro_ros_setup/bin'
[1.832s] INFO:colcon.colcon_core.shell:Creating package script '/home/joaoferreira/beta/install/micro_ros_setup/share/micro_ros_setup/package.ps1'
[1.833s] INFO:colcon.colcon_core.shell:Creating package descriptor '/home/joaoferreira/beta/install/micro_ros_setup/share/micro_ros_setup/package.dsv'
[1.836s] INFO:colcon.colcon_core.shell:Creating package script '/home/joaoferreira/beta/install/micro_ros_setup/share/micro_ros_setup/package.sh'
[1.837s] INFO:colcon.colcon_core.shell:Creating package script '/home/joaoferreira/beta/install/micro_ros_setup/share/micro_ros_setup/package.bash'
[1.838s] INFO:colcon.colcon_core.shell:Creating package script '/home/joaoferreira/beta/install/micro_ros_setup/share/micro_ros_setup/package.zsh'
[1.839s] Level 1:colcon.colcon_core.environment:create_file_with_runtime_dependencies(/home/joaoferreira/beta/install/micro_ros_setup/share/colcon-core/packages/micro_ros_setup)
[1.912s] DEBUG:colcon.colcon_core.event_handler.log_command:Invoked command in '/home/joaoferreira/beta/build/micro_ros_msgs' returned '0': CMAKE_PREFIX_PATH=${CMAKE_PREFIX_PATH}:/home/joaoferreira/beta/install/beta_controller:/opt/ros/humble /usr/bin/cmake --build /home/joaoferreira/beta/build/micro_ros_msgs -- -j4 -l4
[1.912s] DEBUG:colcon.colcon_core.event_handler.log_command:Invoking command in '/home/joaoferreira/beta/build/micro_ros_msgs': CMAKE_PREFIX_PATH=${CMAKE_PREFIX_PATH}:/home/joaoferreira/beta/install/beta_controller:/opt/ros/humble /usr/bin/cmake --install /home/joaoferreira/beta/build/micro_ros_msgs
[2.033s] Level 1:colcon.colcon_core.environment:create_environment_scripts_only(micro_ros_msgs)
[2.033s] Level 1:colcon.colcon_core.environment:checking '/home/joaoferreira/beta/install/micro_ros_msgs' for CMake module files
[2.034s] DEBUG:colcon.colcon_core.event_handler.log_command:Invoked command in '/home/joaoferreira/beta/build/micro_ros_msgs' returned '0': CMAKE_PREFIX_PATH=${CMAKE_PREFIX_PATH}:/home/joaoferreira/beta/install/beta_controller:/opt/ros/humble /usr/bin/cmake --install /home/joaoferreira/beta/build/micro_ros_msgs
[2.035s] Level 1:colcon.colcon_core.environment:checking '/home/joaoferreira/beta/install/micro_ros_msgs' for CMake config files
[2.037s] Level 1:colcon.colcon_core.shell:create_environment_hook('micro_ros_msgs', 'cmake_prefix_path')
[2.037s] INFO:colcon.colcon_core.shell:Creating environment hook '/home/joaoferreira/beta/install/micro_ros_msgs/share/micro_ros_msgs/hook/cmake_prefix_path.ps1'
[2.038s] INFO:colcon.colcon_core.shell:Creating environment descriptor '/home/joaoferreira/beta/install/micro_ros_msgs/share/micro_ros_msgs/hook/cmake_prefix_path.dsv'
[2.039s] INFO:colcon.colcon_core.shell:Creating environment hook '/home/joaoferreira/beta/install/micro_ros_msgs/share/micro_ros_msgs/hook/cmake_prefix_path.sh'
[2.040s] Level 1:colcon.colcon_core.environment:checking '/home/joaoferreira/beta/install/micro_ros_msgs/lib'
[2.040s] Level 1:colcon.colcon_core.shell:create_environment_hook('micro_ros_msgs', 'ld_library_path_lib')
[2.040s] INFO:colcon.colcon_core.shell:Creating environment hook '/home/joaoferreira/beta/install/micro_ros_msgs/share/micro_ros_msgs/hook/ld_library_path_lib.ps1'
[2.041s] INFO:colcon.colcon_core.shell:Creating environment descriptor '/home/joaoferreira/beta/install/micro_ros_msgs/share/micro_ros_msgs/hook/ld_library_path_lib.dsv'
[2.042s] INFO:colcon.colcon_core.shell:Creating environment hook '/home/joaoferreira/beta/install/micro_ros_msgs/share/micro_ros_msgs/hook/ld_library_path_lib.sh'
[2.042s] Level 1:colcon.colcon_core.environment:checking '/home/joaoferreira/beta/install/micro_ros_msgs/bin'
[2.042s] Level 1:colcon.colcon_core.environment:checking '/home/joaoferreira/beta/install/micro_ros_msgs/lib/pkgconfig/micro_ros_msgs.pc'
[2.043s] Level 1:colcon.colcon_core.environment:checking '/home/joaoferreira/beta/install/micro_ros_msgs/lib/python3.10/site-packages'
[2.043s] Level 1:colcon.colcon_core.environment:checking '/home/joaoferreira/beta/install/micro_ros_msgs/bin'
[2.044s] INFO:colcon.colcon_core.shell:Creating package script '/home/joaoferreira/beta/install/micro_ros_msgs/share/micro_ros_msgs/package.ps1'
[2.044s] INFO:colcon.colcon_core.shell:Creating package descriptor '/home/joaoferreira/beta/install/micro_ros_msgs/share/micro_ros_msgs/package.dsv'
[2.045s] INFO:colcon.colcon_core.shell:Creating package script '/home/joaoferreira/beta/install/micro_ros_msgs/share/micro_ros_msgs/package.sh'
[2.046s] INFO:colcon.colcon_core.shell:Creating package script '/home/joaoferreira/beta/install/micro_ros_msgs/share/micro_ros_msgs/package.bash'
[2.046s] INFO:colcon.colcon_core.shell:Creating package script '/home/joaoferreira/beta/install/micro_ros_msgs/share/micro_ros_msgs/package.zsh'
[2.047s] Level 1:colcon.colcon_core.environment:create_file_with_runtime_dependencies(/home/joaoferreira/beta/install/micro_ros_msgs/share/colcon-core/packages/micro_ros_msgs)
[2.048s] Level 1:colcon.colcon_core.environment:create_environment_scripts_only(micro_ros_msgs)
[2.049s] Level 1:colcon.colcon_core.environment:checking '/home/joaoferreira/beta/install/micro_ros_msgs' for CMake module files
[2.050s] Level 1:colcon.colcon_core.environment:checking '/home/joaoferreira/beta/install/micro_ros_msgs' for CMake config files
[2.052s] Level 1:colcon.colcon_core.shell:create_environment_hook('micro_ros_msgs', 'cmake_prefix_path')
[2.052s] INFO:colcon.colcon_core.shell:Creating environment hook '/home/joaoferreira/beta/install/micro_ros_msgs/share/micro_ros_msgs/hook/cmake_prefix_path.ps1'
[2.053s] INFO:colcon.colcon_core.shell:Creating environment descriptor '/home/joaoferreira/beta/install/micro_ros_msgs/share/micro_ros_msgs/hook/cmake_prefix_path.dsv'
[2.054s] INFO:colcon.colcon_core.shell:Creating environment hook '/home/joaoferreira/beta/install/micro_ros_msgs/share/micro_ros_msgs/hook/cmake_prefix_path.sh'
[2.055s] Level 1:colcon.colcon_core.environment:checking '/home/joaoferreira/beta/install/micro_ros_msgs/lib'
[2.055s] Level 1:colcon.colcon_core.shell:create_environment_hook('micro_ros_msgs', 'ld_library_path_lib')
[2.055s] INFO:colcon.colcon_core.shell:Creating environment hook '/home/joaoferreira/beta/install/micro_ros_msgs/share/micro_ros_msgs/hook/ld_library_path_lib.ps1'
[2.056s] INFO:colcon.colcon_core.shell:Creating environment descriptor '/home/joaoferreira/beta/install/micro_ros_msgs/share/micro_ros_msgs/hook/ld_library_path_lib.dsv'
[2.057s] INFO:colcon.colcon_core.shell:Creating environment hook '/home/joaoferreira/beta/install/micro_ros_msgs/share/micro_ros_msgs/hook/ld_library_path_lib.sh'
[2.058s] Level 1:colcon.colcon_core.environment:checking '/home/joaoferreira/beta/install/micro_ros_msgs/bin'
[2.058s] Level 1:colcon.colcon_core.environment:checking '/home/joaoferreira/beta/install/micro_ros_msgs/lib/pkgconfig/micro_ros_msgs.pc'
[2.059s] Level 1:colcon.colcon_core.environment:checking '/home/joaoferreira/beta/install/micro_ros_msgs/lib/python3.10/site-packages'
[2.059s] Level 1:colcon.colcon_core.environment:checking '/home/joaoferreira/beta/install/micro_ros_msgs/bin'
[2.059s] INFO:colcon.colcon_core.shell:Creating package script '/home/joaoferreira/beta/install/micro_ros_msgs/share/micro_ros_msgs/package.ps1'
[2.060s] INFO:colcon.colcon_core.shell:Creating package descriptor '/home/joaoferreira/beta/install/micro_ros_msgs/share/micro_ros_msgs/package.dsv'
[2.061s] INFO:colcon.colcon_core.shell:Creating package script '/home/joaoferreira/beta/install/micro_ros_msgs/share/micro_ros_msgs/package.sh'
[2.062s] INFO:colcon.colcon_core.shell:Creating package script '/home/joaoferreira/beta/install/micro_ros_msgs/share/micro_ros_msgs/package.bash'
[2.062s] INFO:colcon.colcon_core.shell:Creating package script '/home/joaoferreira/beta/install/micro_ros_msgs/share/micro_ros_msgs/package.zsh'
[2.063s] Level 1:colcon.colcon_core.environment:create_file_with_runtime_dependencies(/home/joaoferreira/beta/install/micro_ros_msgs/share/colcon-core/packages/micro_ros_msgs)
[2.063s] INFO:colcon.colcon_ros.task.ament_cmake.build:Building ROS package in '/home/joaoferreira/beta/beta_firmware/microros_ws/src/uros/micro-ROS-Agent/micro_ros_agent' with build type 'ament_cmake'
[2.064s] INFO:colcon.colcon_cmake.task.cmake.build:Building CMake package in '/home/joaoferreira/beta/beta_firmware/microros_ws/src/uros/micro-ROS-Agent/micro_ros_agent'
[2.064s] INFO:colcon.colcon_core.shell:Skip shell extension 'powershell' for command environment: Not usable outside of PowerShell
[2.064s] DEBUG:colcon.colcon_core.shell:Skip shell extension 'dsv' for command environment
[2.084s] DEBUG:colcon.colcon_core.event_handler.log_command:Invoking command in '/home/joaoferreira/beta/build/micro_ros_agent': CMAKE_PREFIX_PATH=/home/joaoferreira/beta/install/micro_ros_msgs:/home/joaoferreira/beta/install/micro_ros_setup:/home/joaoferreira/beta/install/micro_ros_agent:/home/joaoferreira/beta/install/beta_controller:/opt/ros/humble LD_LIBRARY_PATH=/home/joaoferreira/beta/install/micro_ros_msgs/lib:/home/joaoferreira/beta/install/micro_ros_agent/lib:/opt/ros/humble/opt/rviz_ogre_vendor/lib:/opt/ros/humble/lib/x86_64-linux-gnu:/opt/ros/humble/lib /usr/bin/cmake --build /home/joaoferreira/beta/build/micro_ros_agent -- -j4 -l4
[2.216s] DEBUG:colcon.colcon_core.event_handler.log_command:Invoked command in '/home/joaoferreira/beta/build/micro_ros_agent' returned '0': CMAKE_PREFIX_PATH=/home/joaoferreira/beta/install/micro_ros_msgs:/home/joaoferreira/beta/install/micro_ros_setup:/home/joaoferreira/beta/install/micro_ros_agent:/home/joaoferreira/beta/install/beta_controller:/opt/ros/humble LD_LIBRARY_PATH=/home/joaoferreira/beta/install/micro_ros_msgs/lib:/home/joaoferreira/beta/install/micro_ros_agent/lib:/opt/ros/humble/opt/rviz_ogre_vendor/lib:/opt/ros/humble/lib/x86_64-linux-gnu:/opt/ros/humble/lib /usr/bin/cmake --build /home/joaoferreira/beta/build/micro_ros_agent -- -j4 -l4
[2.218s] DEBUG:colcon.colcon_core.event_handler.log_command:Invoking command in '/home/joaoferreira/beta/build/micro_ros_agent': CMAKE_PREFIX_PATH=/home/joaoferreira/beta/install/micro_ros_msgs:/home/joaoferreira/beta/install/micro_ros_setup:/home/joaoferreira/beta/install/micro_ros_agent:/home/joaoferreira/beta/install/beta_controller:/opt/ros/humble LD_LIBRARY_PATH=/home/joaoferreira/beta/install/micro_ros_msgs/lib:/home/joaoferreira/beta/install/micro_ros_agent/lib:/opt/ros/humble/opt/rviz_ogre_vendor/lib:/opt/ros/humble/lib/x86_64-linux-gnu:/opt/ros/humble/lib /usr/bin/cmake --install /home/joaoferreira/beta/build/micro_ros_agent
[2.238s] Level 1:colcon.colcon_core.environment:create_environment_scripts_only(micro_ros_agent)
[2.239s] Level 1:colcon.colcon_core.environment:checking '/home/joaoferreira/beta/install/micro_ros_agent' for CMake module files
[2.240s] Level 1:colcon.colcon_core.environment:checking '/home/joaoferreira/beta/install/micro_ros_agent' for CMake config files
[2.242s] DEBUG:colcon.colcon_core.event_handler.log_command:Invoked command in '/home/joaoferreira/beta/build/micro_ros_agent' returned '0': CMAKE_PREFIX_PATH=/home/joaoferreira/beta/install/micro_ros_msgs:/home/joaoferreira/beta/install/micro_ros_setup:/home/joaoferreira/beta/install/micro_ros_agent:/home/joaoferreira/beta/install/beta_controller:/opt/ros/humble LD_LIBRARY_PATH=/home/joaoferreira/beta/install/micro_ros_msgs/lib:/home/joaoferreira/beta/install/micro_ros_agent/lib:/opt/ros/humble/opt/rviz_ogre_vendor/lib:/opt/ros/humble/lib/x86_64-linux-gnu:/opt/ros/humble/lib /usr/bin/cmake --install /home/joaoferreira/beta/build/micro_ros_agent
[2.243s] Level 1:colcon.colcon_core.shell:create_environment_hook('micro_ros_agent', 'cmake_prefix_path')
[2.244s] INFO:colcon.colcon_core.shell:Creating environment hook '/home/joaoferreira/beta/install/micro_ros_agent/share/micro_ros_agent/hook/cmake_prefix_path.ps1'
[2.245s] INFO:colcon.colcon_core.shell:Creating environment descriptor '/home/joaoferreira/beta/install/micro_ros_agent/share/micro_ros_agent/hook/cmake_prefix_path.dsv'
[2.245s] INFO:colcon.colcon_core.shell:Creating environment hook '/home/joaoferreira/beta/install/micro_ros_agent/share/micro_ros_agent/hook/cmake_prefix_path.sh'
[2.247s] Level 1:colcon.colcon_core.environment:checking '/home/joaoferreira/beta/install/micro_ros_agent/lib'
[2.247s] Level 1:colcon.colcon_core.shell:create_environment_hook('micro_ros_agent', 'ld_library_path_lib')
[2.247s] INFO:colcon.colcon_core.shell:Creating environment hook '/home/joaoferreira/beta/install/micro_ros_agent/share/micro_ros_agent/hook/ld_library_path_lib.ps1'
[2.248s] INFO:colcon.colcon_core.shell:Creating environment descriptor '/home/joaoferreira/beta/install/micro_ros_agent/share/micro_ros_agent/hook/ld_library_path_lib.dsv'
[2.249s] INFO:colcon.colcon_core.shell:Creating environment hook '/home/joaoferreira/beta/install/micro_ros_agent/share/micro_ros_agent/hook/ld_library_path_lib.sh'
[2.250s] Level 1:colcon.colcon_core.environment:checking '/home/joaoferreira/beta/install/micro_ros_agent/bin'
[2.250s] Level 1:colcon.colcon_core.environment:checking '/home/joaoferreira/beta/install/micro_ros_agent/lib/pkgconfig/micro_ros_agent.pc'
[2.250s] Level 1:colcon.colcon_core.environment:checking '/home/joaoferreira/beta/install/micro_ros_agent/lib/python3.10/site-packages'
[2.251s] Level 1:colcon.colcon_core.environment:checking '/home/joaoferreira/beta/install/micro_ros_agent/bin'
[2.251s] INFO:colcon.colcon_core.shell:Creating package script '/home/joaoferreira/beta/install/micro_ros_agent/share/micro_ros_agent/package.ps1'
[2.254s] INFO:colcon.colcon_core.shell:Creating package descriptor '/home/joaoferreira/beta/install/micro_ros_agent/share/micro_ros_agent/package.dsv'
[2.255s] INFO:colcon.colcon_core.shell:Creating package script '/home/joaoferreira/beta/install/micro_ros_agent/share/micro_ros_agent/package.sh'
[2.257s] INFO:colcon.colcon_core.shell:Creating package script '/home/joaoferreira/beta/install/micro_ros_agent/share/micro_ros_agent/package.bash'
[2.258s] INFO:colcon.colcon_core.shell:Creating package script '/home/joaoferreira/beta/install/micro_ros_agent/share/micro_ros_agent/package.zsh'
[2.259s] Level 1:colcon.colcon_core.environment:create_file_with_runtime_dependencies(/home/joaoferreira/beta/install/micro_ros_agent/share/colcon-core/packages/micro_ros_agent)
[2.260s] Level 1:colcon.colcon_core.environment:create_environment_scripts_only(micro_ros_agent)
[2.260s] Level 1:colcon.colcon_core.environment:checking '/home/joaoferreira/beta/install/micro_ros_agent' for CMake module files
[2.261s] Level 1:colcon.colcon_core.environment:checking '/home/joaoferreira/beta/install/micro_ros_agent' for CMake config files
[2.265s] Level 1:colcon.colcon_core.shell:create_environment_hook('micro_ros_agent', 'cmake_prefix_path')
[2.266s] INFO:colcon.colcon_core.shell:Creating environment hook '/home/joaoferreira/beta/install/micro_ros_agent/share/micro_ros_agent/hook/cmake_prefix_path.ps1'
[2.270s] INFO:colcon.colcon_core.shell:Creating environment descriptor '/home/joaoferreira/beta/install/micro_ros_agent/share/micro_ros_agent/hook/cmake_prefix_path.dsv'
[2.271s] INFO:colcon.colcon_core.shell:Creating environment hook '/home/joaoferreira/beta/install/micro_ros_agent/share/micro_ros_agent/hook/cmake_prefix_path.sh'
[2.273s] Level 1:colcon.colcon_core.environment:checking '/home/joaoferreira/beta/install/micro_ros_agent/lib'
[2.273s] Level 1:colcon.colcon_core.shell:create_environment_hook('micro_ros_agent', 'ld_library_path_lib')
[2.273s] INFO:colcon.colcon_core.shell:Creating environment hook '/home/joaoferreira/beta/install/micro_ros_agent/share/micro_ros_agent/hook/ld_library_path_lib.ps1'
[2.274s] INFO:colcon.colcon_core.shell:Creating environment descriptor '/home/joaoferreira/beta/install/micro_ros_agent/share/micro_ros_agent/hook/ld_library_path_lib.dsv'
[2.277s] INFO:colcon.colcon_core.shell:Creating environment hook '/home/joaoferreira/beta/install/micro_ros_agent/share/micro_ros_agent/hook/ld_library_path_lib.sh'
[2.278s] Level 1:colcon.colcon_core.environment:checking '/home/joaoferreira/beta/install/micro_ros_agent/bin'
[2.278s] Level 1:colcon.colcon_core.environment:checking '/home/joaoferreira/beta/install/micro_ros_agent/lib/pkgconfig/micro_ros_agent.pc'
[2.278s] Level 1:colcon.colcon_core.environment:checking '/home/joaoferreira/beta/install/micro_ros_agent/lib/python3.10/site-packages'
[2.279s] Level 1:colcon.colcon_core.environment:checking '/home/joaoferreira/beta/install/micro_ros_agent/bin'
[2.280s] INFO:colcon.colcon_core.shell:Creating package script '/home/joaoferreira/beta/install/micro_ros_agent/share/micro_ros_agent/package.ps1'
[2.283s] INFO:colcon.colcon_core.shell:Creating package descriptor '/home/joaoferreira/beta/install/micro_ros_agent/share/micro_ros_agent/package.dsv'
[2.285s] INFO:colcon.colcon_core.shell:Creating package script '/home/joaoferreira/beta/install/micro_ros_agent/share/micro_ros_agent/package.sh'
[2.286s] INFO:colcon.colcon_core.shell:Creating package script '/home/joaoferreira/beta/install/micro_ros_agent/share/micro_ros_agent/package.bash'
[2.287s] INFO:colcon.colcon_core.shell:Creating package script '/home/joaoferreira/beta/install/micro_ros_agent/share/micro_ros_agent/package.zsh'
[2.288s] Level 1:colcon.colcon_core.environment:create_file_with_runtime_dependencies(/home/joaoferreira/beta/install/micro_ros_agent/share/colcon-core/packages/micro_ros_agent)
[2.316s] DEBUG:colcon.colcon_core.event_handler.log_command:Invoking command in '/home/joaoferreira/beta/src/beta_controller': PYTHONPATH=/home/joaoferreira/beta/build/beta_controller/prefix_override:/usr/lib/python3/dist-packages/colcon_core/task/python/colcon_distutils_commands:/home/joaoferreira/beta/install/beta_controller/lib/python3.10/site-packages:${PYTHONPATH} /usr/bin/python3 -W ignore:setup.py install is deprecated -W ignore:easy_install command is deprecated setup.py egg_info --egg-base ../../build/beta_controller build --build-base /home/joaoferreira/beta/build/beta_controller/build install --record /home/joaoferreira/beta/build/beta_controller/install.log --single-version-externally-managed install_data
[2.845s] Level 1:colcon.colcon_core.environment:checking '/home/joaoferreira/beta/install/beta_controller' for CMake module files
[2.847s] DEBUG:colcon.colcon_core.event_handler.log_command:Invoked command in '/home/joaoferreira/beta/src/beta_controller' returned '0': PYTHONPATH=/home/joaoferreira/beta/build/beta_controller/prefix_override:/usr/lib/python3/dist-packages/colcon_core/task/python/colcon_distutils_commands:/home/joaoferreira/beta/install/beta_controller/lib/python3.10/site-packages:${PYTHONPATH} /usr/bin/python3 -W ignore:setup.py install is deprecated -W ignore:easy_install command is deprecated setup.py egg_info --egg-base ../../build/beta_controller build --build-base /home/joaoferreira/beta/build/beta_controller/build install --record /home/joaoferreira/beta/build/beta_controller/install.log --single-version-externally-managed install_data
[2.848s] Level 1:colcon.colcon_core.environment:checking '/home/joaoferreira/beta/install/beta_controller' for CMake config files
[2.849s] Level 1:colcon.colcon_core.environment:checking '/home/joaoferreira/beta/install/beta_controller/lib'
[2.849s] Level 1:colcon.colcon_core.environment:checking '/home/joaoferreira/beta/install/beta_controller/bin'
[2.850s] Level 1:colcon.colcon_core.environment:checking '/home/joaoferreira/beta/install/beta_controller/lib/pkgconfig/beta_controller.pc'
[2.850s] Level 1:colcon.colcon_core.environment:checking '/home/joaoferreira/beta/install/beta_controller/lib/python3.10/site-packages'
[2.850s] Level 1:colcon.colcon_core.shell:create_environment_hook('beta_controller', 'pythonpath')
[2.851s] INFO:colcon.colcon_core.shell:Creating environment hook '/home/joaoferreira/beta/install/beta_controller/share/beta_controller/hook/pythonpath.ps1'
[2.852s] INFO:colcon.colcon_core.shell:Creating environment descriptor '/home/joaoferreira/beta/install/beta_controller/share/beta_controller/hook/pythonpath.dsv'
[2.853s] INFO:colcon.colcon_core.shell:Creating environment hook '/home/joaoferreira/beta/install/beta_controller/share/beta_controller/hook/pythonpath.sh'
[2.855s] Level 1:colcon.colcon_core.environment:checking '/home/joaoferreira/beta/install/beta_controller/bin'
[2.855s] Level 1:colcon.colcon_core.environment:create_environment_scripts_only(beta_controller)
[2.856s] INFO:colcon.colcon_core.shell:Creating package script '/home/joaoferreira/beta/install/beta_controller/share/beta_controller/package.ps1'
[2.858s] INFO:colcon.colcon_core.shell:Creating package descriptor '/home/joaoferreira/beta/install/beta_controller/share/beta_controller/package.dsv'
[2.859s] INFO:colcon.colcon_core.shell:Creating package script '/home/joaoferreira/beta/install/beta_controller/share/beta_controller/package.sh'
[2.861s] INFO:colcon.colcon_core.shell:Creating package script '/home/joaoferreira/beta/install/beta_controller/share/beta_controller/package.bash'
[2.863s] INFO:colcon.colcon_core.shell:Creating package script '/home/joaoferreira/beta/install/beta_controller/share/beta_controller/package.zsh'
[2.864s] Level 1:colcon.colcon_core.environment:create_file_with_runtime_dependencies(/home/joaoferreira/beta/install/beta_controller/share/colcon-core/packages/beta_controller)
[2.865s] DEBUG:colcon.colcon_parallel_executor.executor.parallel:closing loop
[2.866s] DEBUG:colcon.colcon_parallel_executor.executor.parallel:loop closed
[2.866s] DEBUG:colcon.colcon_parallel_executor.executor.parallel:run_until_complete finished with '0'
[2.866s] DEBUG:colcon.colcon_core.event_reactor:joining thread
[2.880s] INFO:colcon.colcon_core.plugin_system:Skipping extension 'colcon_notification.desktop_notification.terminal_notifier': Not used on non-Darwin systems
[2.880s] INFO:colcon.colcon_core.plugin_system:Skipping extension 'colcon_notification.desktop_notification.win32': Not used on non-Windows systems
[2.880s] INFO:colcon.colcon_notification.desktop_notification:Sending desktop notification using 'notify2'
[2.912s] DEBUG:colcon.colcon_core.event_reactor:joined thread
[2.913s] INFO:colcon.colcon_core.shell:Creating prefix script '/home/joaoferreira/beta/install/local_setup.ps1'
[2.916s] INFO:colcon.colcon_core.shell:Creating prefix util module '/home/joaoferreira/beta/install/_local_setup_util_ps1.py'
[2.922s] INFO:colcon.colcon_core.shell:Creating prefix chain script '/home/joaoferreira/beta/install/setup.ps1'
[2.927s] INFO:colcon.colcon_core.shell:Creating prefix script '/home/joaoferreira/beta/install/local_setup.sh'
[2.929s] INFO:colcon.colcon_core.shell:Creating prefix util module '/home/joaoferreira/beta/install/_local_setup_util_sh.py'
[2.931s] INFO:colcon.colcon_core.shell:Creating prefix chain script '/home/joaoferreira/beta/install/setup.sh'
[2.934s] INFO:colcon.colcon_core.shell:Creating prefix script '/home/joaoferreira/beta/install/local_setup.bash'
[2.935s] INFO:colcon.colcon_core.shell:Creating prefix chain script '/home/joaoferreira/beta/install/setup.bash'
[2.940s] INFO:colcon.colcon_core.shell:Creating prefix script '/home/joaoferreira/beta/install/local_setup.zsh'
[2.941s] INFO:colcon.colcon_core.shell:Creating prefix chain script '/home/joaoferreira/beta/install/setup.zsh'
