[6.029s] Invoking command in '/home/joaoferreira/beta/src/beta_controller': PYTHONPATH=/home/joaoferreira/beta/build/beta_controller/prefix_override:/usr/lib/python3/dist-packages/colcon_core/task/python/colcon_distutils_commands:/home/joaoferreira/beta/install/beta_controller/lib/python3.10/site-packages:${PYTHONPATH} /usr/bin/python3 -W ignore:setup.py install is deprecated -W ignore:easy_install command is deprecated setup.py egg_info --egg-base ../../build/beta_controller build --build-base /home/joaoferreira/beta/build/beta_controller/build install --record /home/joaoferreira/beta/build/beta_controller/install.log --single-version-externally-managed install_data
[6.382s] running egg_info
[6.382s] writing ../../build/beta_controller/beta_controller.egg-info/PKG-INFO
[6.461s] writing dependency_links to ../../build/beta_controller/beta_controller.egg-info/dependency_links.txt
[6.462s] writing entry points to ../../build/beta_controller/beta_controller.egg-info/entry_points.txt
[6.462s] writing requirements to ../../build/beta_controller/beta_controller.egg-info/requires.txt
[6.462s] writing top-level names to ../../build/beta_controller/beta_controller.egg-info/top_level.txt
[6.579s] reading manifest file '../../build/beta_controller/beta_controller.egg-info/SOURCES.txt'
[6.647s] writing manifest file '../../build/beta_controller/beta_controller.egg-info/SOURCES.txt'
[6.648s] running build
[6.648s] running build_py
[6.742s] running install
[6.743s] running install_lib
[6.759s] running install_data
[6.790s] running install_egg_info
[6.794s] removing '/home/joaoferreira/beta/install/beta_controller/lib/python3.10/site-packages/beta_controller-0.0.0-py3.10.egg-info' (and everything under it)
[6.870s] Copying ../../build/beta_controller/beta_controller.egg-info to /home/joaoferreira/beta/install/beta_controller/lib/python3.10/site-packages/beta_controller-0.0.0-py3.10.egg-info
[6.949s] running install_scripts
[7.005s] Installing beta_gui script to /home/joaoferreira/beta/install/beta_controller/lib/beta_controller
[7.027s] Installing beta_motion_planner script to /home/joaoferreira/beta/install/beta_controller/lib/beta_controller
[7.028s] writing list of installed files to '/home/joaoferreira/beta/build/beta_controller/install.log'
[7.211s] Invoked command in '/home/joaoferreira/beta/src/beta_controller' returned '0': PYTHONPATH=/home/joaoferreira/beta/build/beta_controller/prefix_override:/usr/lib/python3/dist-packages/colcon_core/task/python/colcon_distutils_commands:/home/joaoferreira/beta/install/beta_controller/lib/python3.10/site-packages:${PYTHONPATH} /usr/bin/python3 -W ignore:setup.py install is deprecated -W ignore:easy_install command is deprecated setup.py egg_info --egg-base ../../build/beta_controller build --build-base /home/joaoferreira/beta/build/beta_controller/build install --record /home/joaoferreira/beta/build/beta_controller/install.log --single-version-externally-managed install_data
