[1.940s] Invoking command in '/home/joaoferreira/beta/src/beta_controller': PYTHONPATH=/home/joaoferreira/beta/build/beta_controller/prefix_override:/usr/lib/python3/dist-packages/colcon_core/task/python/colcon_distutils_commands:/home/joaoferreira/beta/install/beta_controller/lib/python3.10/site-packages:${PYTHONPATH} /usr/bin/python3 -W ignore:setup.py install is deprecated -W ignore:easy_install command is deprecated setup.py egg_info --egg-base ../../build/beta_controller build --build-base /home/joaoferreira/beta/build/beta_controller/build install --record /home/joaoferreira/beta/build/beta_controller/install.log --single-version-externally-managed install_data
[2.404s] running egg_info
[2.406s] writing ../../build/beta_controller/beta_controller.egg-info/PKG-INFO
[2.409s] writing dependency_links to ../../build/beta_controller/beta_controller.egg-info/dependency_links.txt
[2.410s] writing entry points to ../../build/beta_controller/beta_controller.egg-info/entry_points.txt
[2.410s] writing requirements to ../../build/beta_controller/beta_controller.egg-info/requires.txt
[2.411s] writing top-level names to ../../build/beta_controller/beta_controller.egg-info/top_level.txt
[2.414s] reading manifest file '../../build/beta_controller/beta_controller.egg-info/SOURCES.txt'
[2.418s] writing manifest file '../../build/beta_controller/beta_controller.egg-info/SOURCES.txt'
[2.418s] running build
[2.419s] running build_py
[2.419s] running install
[2.419s] running install_lib
[2.422s] running install_data
[2.422s] running install_egg_info
[2.426s] removing '/home/joaoferreira/beta/install/beta_controller/lib/python3.10/site-packages/beta_controller-0.0.0-py3.10.egg-info' (and everything under it)
[2.427s] Copying ../../build/beta_controller/beta_controller.egg-info to /home/joaoferreira/beta/install/beta_controller/lib/python3.10/site-packages/beta_controller-0.0.0-py3.10.egg-info
[2.429s] running install_scripts
[2.478s] Installing beta_gui script to /home/joaoferreira/beta/install/beta_controller/lib/beta_controller
[2.479s] Installing beta_motion_planner script to /home/joaoferreira/beta/install/beta_controller/lib/beta_controller
[2.479s] writing list of installed files to '/home/joaoferreira/beta/build/beta_controller/install.log'
[2.542s] Invoked command in '/home/joaoferreira/beta/src/beta_controller' returned '0': PYTHONPATH=/home/joaoferreira/beta/build/beta_controller/prefix_override:/usr/lib/python3/dist-packages/colcon_core/task/python/colcon_distutils_commands:/home/joaoferreira/beta/install/beta_controller/lib/python3.10/site-packages:${PYTHONPATH} /usr/bin/python3 -W ignore:setup.py install is deprecated -W ignore:easy_install command is deprecated setup.py egg_info --egg-base ../../build/beta_controller build --build-base /home/joaoferreira/beta/build/beta_controller/build install --record /home/joaoferreira/beta/build/beta_controller/install.log --single-version-externally-managed install_data
