[0.690s] Invoking command in '/home/joaoferreira/beta/build/micro_ros_setup': CMAKE_PREFIX_PATH=${CMAKE_PREFIX_PATH}:/home/joaoferreira/beta/install/beta_controller:/opt/ros/humble /usr/bin/cmake --build /home/joaoferreira/beta/build/micro_ros_setup -- -j4 -l4
[1.849s] Invoked command in '/home/joaoferreira/beta/build/micro_ros_setup' returned '0': CMAKE_PREFIX_PATH=${CMAKE_PREFIX_PATH}:/home/joaoferreira/beta/install/beta_controller:/opt/ros/humble /usr/bin/cmake --build /home/joaoferreira/beta/build/micro_ros_setup -- -j4 -l4
[1.888s] Invoking command in '/home/joaoferreira/beta/build/micro_ros_setup': CMAKE_PREFIX_PATH=${CMAKE_PREFIX_PATH}:/home/joaoferreira/beta/install/beta_controller:/opt/ros/humble /usr/bin/cmake --install /home/joaoferreira/beta/build/micro_ros_setup
[1.972s] -- Install configuration: ""
[2.015s] -- Up-to-date: /home/joaoferreira/beta/install/micro_ros_setup/share/ament_index/resource_index/package_run_dependencies/micro_ros_setup
[2.043s] -- Up-to-date: /home/joaoferreira/beta/install/micro_ros_setup/share/ament_index/resource_index/parent_prefix_path/micro_ros_setup
[2.088s] -- Up-to-date: /home/joaoferreira/beta/install/micro_ros_setup/share/micro_ros_setup/environment/ament_prefix_path.sh
[2.088s] -- Up-to-date: /home/joaoferreira/beta/install/micro_ros_setup/share/micro_ros_setup/environment/ament_prefix_path.dsv
[2.088s] -- Up-to-date: /home/joaoferreira/beta/install/micro_ros_setup/share/micro_ros_setup/environment/path.sh
[2.088s] -- Up-to-date: /home/joaoferreira/beta/install/micro_ros_setup/share/micro_ros_setup/environment/path.dsv
[2.089s] -- Up-to-date: /home/joaoferreira/beta/install/micro_ros_setup/share/micro_ros_setup/local_setup.bash
[2.089s] -- Up-to-date: /home/joaoferreira/beta/install/micro_ros_setup/share/micro_ros_setup/local_setup.sh
[2.089s] -- Up-to-date: /home/joaoferreira/beta/install/micro_ros_setup/share/micro_ros_setup/local_setup.zsh
[2.089s] -- Up-to-date: /home/joaoferreira/beta/install/micro_ros_setup/share/micro_ros_setup/local_setup.dsv
[2.089s] -- Installing: /home/joaoferreira/beta/install/micro_ros_setup/share/micro_ros_setup/package.dsv
[2.129s] -- Up-to-date: /home/joaoferreira/beta/install/micro_ros_setup/share/ament_index/resource_index/packages/micro_ros_setup
[2.175s] -- Up-to-date: /home/joaoferreira/beta/install/micro_ros_setup/share/micro_ros_setup/cmake/micro_ros_setupConfig.cmake
[2.177s] -- Up-to-date: /home/joaoferreira/beta/install/micro_ros_setup/share/micro_ros_setup/cmake/micro_ros_setupConfig-version.cmake
[2.177s] -- Up-to-date: /home/joaoferreira/beta/install/micro_ros_setup/share/micro_ros_setup/package.xml
[2.177s] -- Up-to-date: /home/joaoferreira/beta/install/micro_ros_setup/./config
[2.177s] -- Up-to-date: /home/joaoferreira/beta/install/micro_ros_setup/./config/mbed
[2.198s] -- Up-to-date: /home/joaoferreira/beta/install/micro_ros_setup/./config/mbed/dev_uros_packages.repos
[2.199s] -- Up-to-date: /home/joaoferreira/beta/install/micro_ros_setup/./config/mbed/dev_ros2_packages.txt
[2.199s] -- Up-to-date: /home/joaoferreira/beta/install/micro_ros_setup/./config/mbed/generic
[2.199s] -- Up-to-date: /home/joaoferreira/beta/install/micro_ros_setup/./config/mbed/generic/supported_platforms
[2.199s] -- Up-to-date: /home/joaoferreira/beta/install/micro_ros_setup/./config/mbed/generic/flash.sh
[2.200s] -- Up-to-date: /home/joaoferreira/beta/install/micro_ros_setup/./config/mbed/generic/client_uros_packages.repos
[2.200s] -- Up-to-date: /home/joaoferreira/beta/install/micro_ros_setup/./config/mbed/generic/build.sh
[2.200s] -- Up-to-date: /home/joaoferreira/beta/install/micro_ros_setup/./config/mbed/generic/board.repos
[2.200s] -- Up-to-date: /home/joaoferreira/beta/install/micro_ros_setup/./config/mbed/generic/package.xml
[2.200s] -- Up-to-date: /home/joaoferreira/beta/install/micro_ros_setup/./config/mbed/generic/create.sh
[2.200s] -- Up-to-date: /home/joaoferreira/beta/install/micro_ros_setup/./config/mbed/list_apps.sh
[2.201s] -- Up-to-date: /home/joaoferreira/beta/install/micro_ros_setup/./config/agent_ros2_packages.txt
[2.201s] -- Up-to-date: /home/joaoferreira/beta/install/micro_ros_setup/./config/utils.sh
[2.201s] -- Up-to-date: /home/joaoferreira/beta/install/micro_ros_setup/./config/client_ros2_packages.txt
[2.201s] -- Up-to-date: /home/joaoferreira/beta/install/micro_ros_setup/./config/agent_uros_packages.repos
[2.201s] -- Up-to-date: /home/joaoferreira/beta/install/micro_ros_setup/./config/host
[2.224s] -- Up-to-date: /home/joaoferreira/beta/install/micro_ros_setup/./config/host/dev_uros_packages.repos
[2.224s] -- Up-to-date: /home/joaoferreira/beta/install/micro_ros_setup/./config/host/dev_ros2_packages.txt
[2.224s] -- Up-to-date: /home/joaoferreira/beta/install/micro_ros_setup/./config/host/generic
[2.224s] -- Up-to-date: /home/joaoferreira/beta/install/micro_ros_setup/./config/host/generic/client_host_packages.repos
[2.225s] -- Up-to-date: /home/joaoferreira/beta/install/micro_ros_setup/./config/host/generic/flash.sh
[2.225s] -- Up-to-date: /home/joaoferreira/beta/install/micro_ros_setup/./config/host/generic/build.sh
[2.251s] -- Up-to-date: /home/joaoferreira/beta/install/micro_ros_setup/./config/host/generic/client-host-colcon.meta
[2.251s] -- Up-to-date: /home/joaoferreira/beta/install/micro_ros_setup/./config/host/generic/package.xml
[2.251s] -- Up-to-date: /home/joaoferreira/beta/install/micro_ros_setup/./config/host/generic/create.sh
[2.252s] -- Up-to-date: /home/joaoferreira/beta/install/micro_ros_setup/./config/host/client_ros2_packages.txt
[2.252s] -- Up-to-date: /home/joaoferreira/beta/install/micro_ros_setup/./config/freertos
[2.252s] -- Up-to-date: /home/joaoferreira/beta/install/micro_ros_setup/./config/freertos/nucleo_f746zg
[2.272s] -- Up-to-date: /home/joaoferreira/beta/install/micro_ros_setup/./config/freertos/nucleo_f746zg/configure.sh
[2.273s] -- Up-to-date: /home/joaoferreira/beta/install/micro_ros_setup/./config/freertos/nucleo_f746zg/flash.sh
[2.273s] -- Up-to-date: /home/joaoferreira/beta/install/micro_ros_setup/./config/freertos/nucleo_f746zg/client-colcon.meta
[2.273s] -- Up-to-date: /home/joaoferreira/beta/install/micro_ros_setup/./config/freertos/nucleo_f746zg/client_uros_packages.repos
[2.273s] -- Up-to-date: /home/joaoferreira/beta/install/micro_ros_setup/./config/freertos/nucleo_f746zg/build.sh
[2.273s] -- Up-to-date: /home/joaoferreira/beta/install/micro_ros_setup/./config/freertos/nucleo_f746zg/board.repos
[2.274s] -- Up-to-date: /home/joaoferreira/beta/install/micro_ros_setup/./config/freertos/nucleo_f746zg/package.xml
[2.274s] -- Up-to-date: /home/joaoferreira/beta/install/micro_ros_setup/./config/freertos/nucleo_f746zg/create.sh
[2.274s] -- Up-to-date: /home/joaoferreira/beta/install/micro_ros_setup/./config/freertos/dev_uros_packages.repos
[2.274s] -- Up-to-date: /home/joaoferreira/beta/install/micro_ros_setup/./config/freertos/nucleo_f767zi
[2.288s] -- Up-to-date: /home/joaoferreira/beta/install/micro_ros_setup/./config/freertos/nucleo_f767zi/configure.sh
[2.289s] -- Up-to-date: /home/joaoferreira/beta/install/micro_ros_setup/./config/freertos/nucleo_f767zi/flash.sh
[2.289s] -- Up-to-date: /home/joaoferreira/beta/install/micro_ros_setup/./config/freertos/nucleo_f767zi/client-colcon.meta
[2.289s] -- Up-to-date: /home/joaoferreira/beta/install/micro_ros_setup/./config/freertos/nucleo_f767zi/client_uros_packages.repos
[2.289s] -- Up-to-date: /home/joaoferreira/beta/install/micro_ros_setup/./config/freertos/nucleo_f767zi/build.sh
[2.289s] -- Up-to-date: /home/joaoferreira/beta/install/micro_ros_setup/./config/freertos/nucleo_f767zi/board.repos
[2.289s] -- Up-to-date: /home/joaoferreira/beta/install/micro_ros_setup/./config/freertos/nucleo_f767zi/package.xml
[2.290s] -- Up-to-date: /home/joaoferreira/beta/install/micro_ros_setup/./config/freertos/nucleo_f767zi/create.sh
[2.290s] -- Up-to-date: /home/joaoferreira/beta/install/micro_ros_setup/./config/freertos/dev_ros2_packages.txt
[2.290s] -- Up-to-date: /home/joaoferreira/beta/install/micro_ros_setup/./config/freertos/crazyflie21
[2.301s] -- Up-to-date: /home/joaoferreira/beta/install/micro_ros_setup/./config/freertos/crazyflie21/configure.sh
[2.303s] -- Up-to-date: /home/joaoferreira/beta/install/micro_ros_setup/./config/freertos/crazyflie21/flash.sh
[2.303s] -- Up-to-date: /home/joaoferreira/beta/install/micro_ros_setup/./config/freertos/crazyflie21/client-colcon.meta
[2.303s] -- Up-to-date: /home/joaoferreira/beta/install/micro_ros_setup/./config/freertos/crazyflie21/client_uros_packages.repos
[2.304s] -- Up-to-date: /home/joaoferreira/beta/install/micro_ros_setup/./config/freertos/crazyflie21/build.sh
[2.304s] -- Up-to-date: /home/joaoferreira/beta/install/micro_ros_setup/./config/freertos/crazyflie21/board.repos
[2.304s] -- Up-to-date: /home/joaoferreira/beta/install/micro_ros_setup/./config/freertos/crazyflie21/package.xml
[2.304s] -- Up-to-date: /home/joaoferreira/beta/install/micro_ros_setup/./config/freertos/crazyflie21/create.sh
[2.305s] -- Up-to-date: /home/joaoferreira/beta/install/micro_ros_setup/./config/freertos/nucleo_f446re
[2.319s] -- Up-to-date: /home/joaoferreira/beta/install/micro_ros_setup/./config/freertos/nucleo_f446re/configure.sh
[2.319s] -- Up-to-date: /home/joaoferreira/beta/install/micro_ros_setup/./config/freertos/nucleo_f446re/flash.sh
[2.319s] -- Up-to-date: /home/joaoferreira/beta/install/micro_ros_setup/./config/freertos/nucleo_f446re/client-colcon.meta
[2.319s] -- Up-to-date: /home/joaoferreira/beta/install/micro_ros_setup/./config/freertos/nucleo_f446re/client_uros_packages.repos
[2.319s] -- Up-to-date: /home/joaoferreira/beta/install/micro_ros_setup/./config/freertos/nucleo_f446re/build.sh
[2.320s] -- Up-to-date: /home/joaoferreira/beta/install/micro_ros_setup/./config/freertos/nucleo_f446re/board.repos
[2.320s] -- Up-to-date: /home/joaoferreira/beta/install/micro_ros_setup/./config/freertos/nucleo_f446re/package.xml
[2.320s] -- Up-to-date: /home/joaoferreira/beta/install/micro_ros_setup/./config/freertos/nucleo_f446re/create.sh
[2.320s] -- Up-to-date: /home/joaoferreira/beta/install/micro_ros_setup/./config/freertos/list_apps.sh
[2.320s] -- Up-to-date: /home/joaoferreira/beta/install/micro_ros_setup/./config/freertos/nucleo_f446ze
[2.328s] -- Up-to-date: /home/joaoferreira/beta/install/micro_ros_setup/./config/freertos/nucleo_f446ze/configure.sh
[2.329s] -- Up-to-date: /home/joaoferreira/beta/install/micro_ros_setup/./config/freertos/nucleo_f446ze/flash.sh
[2.329s] -- Up-to-date: /home/joaoferreira/beta/install/micro_ros_setup/./config/freertos/nucleo_f446ze/client-colcon.meta
[2.329s] -- Up-to-date: /home/joaoferreira/beta/install/micro_ros_setup/./config/freertos/nucleo_f446ze/client_uros_packages.repos
[2.329s] -- Up-to-date: /home/joaoferreira/beta/install/micro_ros_setup/./config/freertos/nucleo_f446ze/build.sh
[2.329s] -- Up-to-date: /home/joaoferreira/beta/install/micro_ros_setup/./config/freertos/nucleo_f446ze/board.repos
[2.329s] -- Up-to-date: /home/joaoferreira/beta/install/micro_ros_setup/./config/freertos/nucleo_f446ze/package.xml
[2.330s] -- Up-to-date: /home/joaoferreira/beta/install/micro_ros_setup/./config/freertos/nucleo_f446ze/create.sh
[2.330s] -- Up-to-date: /home/joaoferreira/beta/install/micro_ros_setup/./config/freertos/olimex-stm32-e407
[2.353s] -- Up-to-date: /home/joaoferreira/beta/install/micro_ros_setup/./config/freertos/olimex-stm32-e407/configure.sh
[2.353s] -- Up-to-date: /home/joaoferreira/beta/install/micro_ros_setup/./config/freertos/olimex-stm32-e407/flash.sh
[2.354s] -- Up-to-date: /home/joaoferreira/beta/install/micro_ros_setup/./config/freertos/olimex-stm32-e407/client-colcon.meta
[2.355s] -- Up-to-date: /home/joaoferreira/beta/install/micro_ros_setup/./config/freertos/olimex-stm32-e407/client_uros_packages.repos
[2.355s] -- Up-to-date: /home/joaoferreira/beta/install/micro_ros_setup/./config/freertos/olimex-stm32-e407/build.sh
[2.355s] -- Up-to-date: /home/joaoferreira/beta/install/micro_ros_setup/./config/freertos/olimex-stm32-e407/board.repos
[2.356s] -- Up-to-date: /home/joaoferreira/beta/install/micro_ros_setup/./config/freertos/olimex-stm32-e407/package.xml
[2.356s] -- Up-to-date: /home/joaoferreira/beta/install/micro_ros_setup/./config/freertos/olimex-stm32-e407/create.sh
[2.356s] -- Up-to-date: /home/joaoferreira/beta/install/micro_ros_setup/./config/freertos/esp32
[2.356s] -- Up-to-date: /home/joaoferreira/beta/install/micro_ros_setup/./config/freertos/esp32/configure.sh
[2.356s] -- Up-to-date: /home/joaoferreira/beta/install/micro_ros_setup/./config/freertos/esp32/flash.sh
[2.357s] -- Up-to-date: /home/joaoferreira/beta/install/micro_ros_setup/./config/freertos/esp32/client-colcon.meta
[2.357s] -- Up-to-date: /home/joaoferreira/beta/install/micro_ros_setup/./config/freertos/esp32/client_uros_packages.repos
[2.358s] -- Up-to-date: /home/joaoferreira/beta/install/micro_ros_setup/./config/freertos/esp32/build.sh
[2.358s] -- Up-to-date: /home/joaoferreira/beta/install/micro_ros_setup/./config/freertos/esp32/board.repos
[2.358s] -- Up-to-date: /home/joaoferreira/beta/install/micro_ros_setup/./config/freertos/esp32/package.xml
[2.358s] -- Up-to-date: /home/joaoferreira/beta/install/micro_ros_setup/./config/freertos/esp32/create.sh
[2.358s] -- Up-to-date: /home/joaoferreira/beta/install/micro_ros_setup/./config/freertos/esp32/README.md
[2.359s] -- Up-to-date: /home/joaoferreira/beta/install/micro_ros_setup/./config/raspbian
[2.379s] -- Up-to-date: /home/joaoferreira/beta/install/micro_ros_setup/./config/raspbian/dev_uros_packages.repos
[2.380s] -- Up-to-date: /home/joaoferreira/beta/install/micro_ros_setup/./config/raspbian/dev_ros2_packages.txt
[2.382s] -- Up-to-date: /home/joaoferreira/beta/install/micro_ros_setup/./config/raspbian/generic
[2.382s] -- Up-to-date: /home/joaoferreira/beta/install/micro_ros_setup/./config/raspbian/generic/configure.sh
[2.382s] -- Up-to-date: /home/joaoferreira/beta/install/micro_ros_setup/./config/raspbian/generic/supported_platforms
[2.382s] -- Up-to-date: /home/joaoferreira/beta/install/micro_ros_setup/./config/raspbian/generic/flash.sh
[2.382s] -- Up-to-date: /home/joaoferreira/beta/install/micro_ros_setup/./config/raspbian/generic/client-colcon.meta
[2.382s] -- Up-to-date: /home/joaoferreira/beta/install/micro_ros_setup/./config/raspbian/generic/client_uros_packages.repos
[2.382s] -- Up-to-date: /home/joaoferreira/beta/install/micro_ros_setup/./config/raspbian/generic/build.sh
[2.383s] -- Up-to-date: /home/joaoferreira/beta/install/micro_ros_setup/./config/raspbian/generic/create.sh
[2.383s] -- Up-to-date: /home/joaoferreira/beta/install/micro_ros_setup/./config/generate_lib
[2.384s] -- Up-to-date: /home/joaoferreira/beta/install/micro_ros_setup/./config/generate_lib/dev_uros_packages.repos
[2.385s] -- Up-to-date: /home/joaoferreira/beta/install/micro_ros_setup/./config/generate_lib/dev_ros2_packages.txt
[2.385s] -- Up-to-date: /home/joaoferreira/beta/install/micro_ros_setup/./config/generate_lib/generic
[2.420s] -- Up-to-date: /home/joaoferreira/beta/install/micro_ros_setup/./config/generate_lib/generic/flash.sh
[2.420s] -- Up-to-date: /home/joaoferreira/beta/install/micro_ros_setup/./config/generate_lib/generic/client-colcon.meta
[2.420s] -- Up-to-date: /home/joaoferreira/beta/install/micro_ros_setup/./config/generate_lib/generic/client_uros_packages.repos
[2.421s] -- Up-to-date: /home/joaoferreira/beta/install/micro_ros_setup/./config/generate_lib/generic/build.sh
[2.421s] -- Up-to-date: /home/joaoferreira/beta/install/micro_ros_setup/./config/generate_lib/generic/package.xml
[2.421s] -- Up-to-date: /home/joaoferreira/beta/install/micro_ros_setup/./config/generate_lib/generic/create.sh
[2.421s] -- Up-to-date: /home/joaoferreira/beta/install/micro_ros_setup/./config/generate_lib/generic/demo_toolchain.cmake
[2.421s] -- Up-to-date: /home/joaoferreira/beta/install/micro_ros_setup/./config/renesas_ra
[2.441s] -- Up-to-date: /home/joaoferreira/beta/install/micro_ros_setup/./config/renesas_ra/dev_uros_packages.repos
[2.441s] -- Up-to-date: /home/joaoferreira/beta/install/micro_ros_setup/./config/renesas_ra/dev_ros2_packages.txt
[2.442s] -- Up-to-date: /home/joaoferreira/beta/install/micro_ros_setup/./config/renesas_ra/ra6m5
[2.467s] -- Up-to-date: /home/joaoferreira/beta/install/micro_ros_setup/./config/renesas_ra/ra6m5/configure.sh
[2.467s] -- Up-to-date: /home/joaoferreira/beta/install/micro_ros_setup/./config/renesas_ra/ra6m5/flash.sh
[2.467s] -- Up-to-date: /home/joaoferreira/beta/install/micro_ros_setup/./config/renesas_ra/ra6m5/client-colcon.meta
[2.467s] -- Up-to-date: /home/joaoferreira/beta/install/micro_ros_setup/./config/renesas_ra/ra6m5/client_uros_packages.repos
[2.467s] -- Up-to-date: /home/joaoferreira/beta/install/micro_ros_setup/./config/renesas_ra/ra6m5/build.sh
[2.468s] -- Up-to-date: /home/joaoferreira/beta/install/micro_ros_setup/./config/renesas_ra/ra6m5/board.repos
[2.468s] -- Up-to-date: /home/joaoferreira/beta/install/micro_ros_setup/./config/renesas_ra/ra6m5/create.sh
[2.468s] -- Up-to-date: /home/joaoferreira/beta/install/micro_ros_setup/./config/renesas_ra/list_apps.sh
[2.468s] -- Up-to-date: /home/joaoferreira/beta/install/micro_ros_setup/./config/android
[2.528s] -- Up-to-date: /home/joaoferreira/beta/install/micro_ros_setup/./config/android/dev_uros_packages.repos
[2.528s] -- Up-to-date: /home/joaoferreira/beta/install/micro_ros_setup/./config/android/dev_ros2_packages.txt
[2.528s] -- Up-to-date: /home/joaoferreira/beta/install/micro_ros_setup/./config/android/generic
[2.543s] -- Up-to-date: /home/joaoferreira/beta/install/micro_ros_setup/./config/android/generic/flash.sh
[2.543s] -- Up-to-date: /home/joaoferreira/beta/install/micro_ros_setup/./config/android/generic/client-colcon.meta
[2.543s] -- Up-to-date: /home/joaoferreira/beta/install/micro_ros_setup/./config/android/generic/client_uros_packages.repos
[2.543s] -- Up-to-date: /home/joaoferreira/beta/install/micro_ros_setup/./config/android/generic/build.sh
[2.543s] -- Up-to-date: /home/joaoferreira/beta/install/micro_ros_setup/./config/android/generic/package.xml
[2.544s] -- Up-to-date: /home/joaoferreira/beta/install/micro_ros_setup/./config/android/generic/create.sh
[2.544s] -- Up-to-date: /home/joaoferreira/beta/install/micro_ros_setup/./config/zephyr
[2.561s] -- Up-to-date: /home/joaoferreira/beta/install/micro_ros_setup/./config/zephyr/dev_uros_packages.repos
[2.562s] -- Up-to-date: /home/joaoferreira/beta/install/micro_ros_setup/./config/zephyr/dev_ros2_packages.txt
[2.562s] -- Up-to-date: /home/joaoferreira/beta/install/micro_ros_setup/./config/zephyr/generic
[2.584s] -- Up-to-date: /home/joaoferreira/beta/install/micro_ros_setup/./config/zephyr/generic/configure.sh
[2.584s] -- Up-to-date: /home/joaoferreira/beta/install/micro_ros_setup/./config/zephyr/generic/supported_platforms
[2.585s] -- Up-to-date: /home/joaoferreira/beta/install/micro_ros_setup/./config/zephyr/generic/flash.sh
[2.585s] -- Up-to-date: /home/joaoferreira/beta/install/micro_ros_setup/./config/zephyr/generic/client-colcon.meta
[2.585s] -- Up-to-date: /home/joaoferreira/beta/install/micro_ros_setup/./config/zephyr/generic/client_uros_packages.repos
[2.586s] -- Up-to-date: /home/joaoferreira/beta/install/micro_ros_setup/./config/zephyr/generic/build.sh
[2.587s] -- Up-to-date: /home/joaoferreira/beta/install/micro_ros_setup/./config/zephyr/generic/board.repos
[2.587s] -- Up-to-date: /home/joaoferreira/beta/install/micro_ros_setup/./config/zephyr/generic/package.xml
[2.587s] -- Up-to-date: /home/joaoferreira/beta/install/micro_ros_setup/./config/zephyr/generic/create.sh
[2.588s] -- Up-to-date: /home/joaoferreira/beta/install/micro_ros_setup/./config/zephyr/list_apps.sh
[2.588s] -- Up-to-date: /home/joaoferreira/beta/install/micro_ros_setup/./config/client_uros_packages.repos
[2.588s] -- Up-to-date: /home/joaoferreira/beta/install/micro_ros_setup/lib/micro_ros_setup/create_ws.sh
[2.588s] -- Up-to-date: /home/joaoferreira/beta/install/micro_ros_setup/lib/micro_ros_setup/create_agent_ws.sh
[2.588s] -- Up-to-date: /home/joaoferreira/beta/install/micro_ros_setup/lib/micro_ros_setup/create_firmware_ws.sh
[2.589s] -- Up-to-date: /home/joaoferreira/beta/install/micro_ros_setup/lib/micro_ros_setup/configure_firmware.sh
[2.589s] -- Up-to-date: /home/joaoferreira/beta/install/micro_ros_setup/lib/micro_ros_setup/flash_firmware.sh
[2.589s] -- Up-to-date: /home/joaoferreira/beta/install/micro_ros_setup/lib/micro_ros_setup/build_firmware.sh
[2.590s] -- Up-to-date: /home/joaoferreira/beta/install/micro_ros_setup/lib/micro_ros_setup/build_agent.sh
[2.590s] -- Up-to-date: /home/joaoferreira/beta/install/micro_ros_setup/lib/micro_ros_setup/yaml_filter.py
[2.590s] -- Up-to-date: /home/joaoferreira/beta/install/micro_ros_setup/lib/micro_ros_setup/clean_env.sh
[2.591s] -- Up-to-date: /home/joaoferreira/beta/install/micro_ros_setup/lib/micro_ros_setup/component
[2.591s] Invoked command in '/home/joaoferreira/beta/build/micro_ros_setup' returned '0': CMAKE_PREFIX_PATH=${CMAKE_PREFIX_PATH}:/home/joaoferreira/beta/install/beta_controller:/opt/ros/humble /usr/bin/cmake --install /home/joaoferreira/beta/build/micro_ros_setup
