[1.793s] Invoking command in '/home/joaoferreira/beta/src/beta_controller': PYTHONPATH=/home/joaoferreira/beta/build/beta_controller/prefix_override:/usr/lib/python3/dist-packages/colcon_core/task/python/colcon_distutils_commands:/home/joaoferreira/beta/install/beta_controller/lib/python3.10/site-packages:${PYTHONPATH} /usr/bin/python3 -W ignore:setup.py install is deprecated -W ignore:easy_install command is deprecated setup.py egg_info --egg-base ../../build/beta_controller build --build-base /home/joaoferreira/beta/build/beta_controller/build install --record /home/joaoferreira/beta/build/beta_controller/install.log --single-version-externally-managed install_data
[2.643s] running egg_info
[2.647s] writing ../../build/beta_controller/beta_controller.egg-info/PKG-INFO
[2.655s] writing dependency_links to ../../build/beta_controller/beta_controller.egg-info/dependency_links.txt
[2.656s] writing entry points to ../../build/beta_controller/beta_controller.egg-info/entry_points.txt
[2.657s] writing requirements to ../../build/beta_controller/beta_controller.egg-info/requires.txt
[2.660s] writing top-level names to ../../build/beta_controller/beta_controller.egg-info/top_level.txt
[2.674s] reading manifest file '../../build/beta_controller/beta_controller.egg-info/SOURCES.txt'
[2.684s] writing manifest file '../../build/beta_controller/beta_controller.egg-info/SOURCES.txt'
[2.686s] running build
[2.686s] running build_py
[2.687s] copying beta_controller/beta_motion_planner.py -> /home/joaoferreira/beta/build/beta_controller/build/lib/beta_controller
[2.687s] running install
[2.689s] running install_lib
[2.694s] copying /home/joaoferreira/beta/build/beta_controller/build/lib/beta_controller/beta_motion_planner.py -> /home/joaoferreira/beta/install/beta_controller/lib/python3.10/site-packages/beta_controller
[2.697s] byte-compiling /home/joaoferreira/beta/install/beta_controller/lib/python3.10/site-packages/beta_controller/beta_motion_planner.py to beta_motion_planner.cpython-310.pyc
[2.706s] running install_data
[2.707s] running install_egg_info
[2.717s] removing '/home/joaoferreira/beta/install/beta_controller/lib/python3.10/site-packages/beta_controller-0.0.0-py3.10.egg-info' (and everything under it)
[2.718s] Copying ../../build/beta_controller/beta_controller.egg-info to /home/joaoferreira/beta/install/beta_controller/lib/python3.10/site-packages/beta_controller-0.0.0-py3.10.egg-info
[2.736s] running install_scripts
[2.819s] Installing beta_gui script to /home/joaoferreira/beta/install/beta_controller/lib/beta_controller
[2.819s] Installing beta_motion_planner script to /home/joaoferreira/beta/install/beta_controller/lib/beta_controller
[2.820s] writing list of installed files to '/home/joaoferreira/beta/build/beta_controller/install.log'
[2.904s] Invoked command in '/home/joaoferreira/beta/src/beta_controller' returned '0': PYTHONPATH=/home/joaoferreira/beta/build/beta_controller/prefix_override:/usr/lib/python3/dist-packages/colcon_core/task/python/colcon_distutils_commands:/home/joaoferreira/beta/install/beta_controller/lib/python3.10/site-packages:${PYTHONPATH} /usr/bin/python3 -W ignore:setup.py install is deprecated -W ignore:easy_install command is deprecated setup.py egg_info --egg-base ../../build/beta_controller build --build-base /home/joaoferreira/beta/build/beta_controller/build install --record /home/joaoferreira/beta/build/beta_controller/install.log --single-version-externally-managed install_data
