[4.479s] Invoking command in '/home/joaoferreira/beta/src/beta_controller': PYTHONPATH=/home/joaoferreira/beta/build/beta_controller/prefix_override:/usr/lib/python3/dist-packages/colcon_core/task/python/colcon_distutils_commands:/home/joaoferreira/beta/install/beta_controller/lib/python3.10/site-packages:${PYTHONPATH} /usr/bin/python3 -W ignore:setup.py install is deprecated -W ignore:easy_install command is deprecated setup.py egg_info --egg-base ../../build/beta_controller build --build-base /home/joaoferreira/beta/build/beta_controller/build install --record /home/joaoferreira/beta/build/beta_controller/install.log --single-version-externally-managed install_data
[4.962s] running egg_info
[4.964s] writing ../../build/beta_controller/beta_controller.egg-info/PKG-INFO
[4.991s] writing dependency_links to ../../build/beta_controller/beta_controller.egg-info/dependency_links.txt
[4.995s] writing entry points to ../../build/beta_controller/beta_controller.egg-info/entry_points.txt
[4.995s] writing requirements to ../../build/beta_controller/beta_controller.egg-info/requires.txt
[4.996s] writing top-level names to ../../build/beta_controller/beta_controller.egg-info/top_level.txt
[5.063s] reading manifest file '../../build/beta_controller/beta_controller.egg-info/SOURCES.txt'
[5.088s] writing manifest file '../../build/beta_controller/beta_controller.egg-info/SOURCES.txt'
[5.090s] running build
[5.090s] running build_py
[5.104s] running install
[5.104s] running install_lib
[5.124s] running install_data
[5.124s] running install_egg_info
[5.127s] removing '/home/joaoferreira/beta/install/beta_controller/lib/python3.10/site-packages/beta_controller-0.0.0-py3.10.egg-info' (and everything under it)
[5.129s] Copying ../../build/beta_controller/beta_controller.egg-info to /home/joaoferreira/beta/install/beta_controller/lib/python3.10/site-packages/beta_controller-0.0.0-py3.10.egg-info
[5.150s] running install_scripts
[5.199s] Installing beta_gui script to /home/joaoferreira/beta/install/beta_controller/lib/beta_controller
[5.219s] Installing beta_motion_planner script to /home/joaoferreira/beta/install/beta_controller/lib/beta_controller
[5.220s] writing list of installed files to '/home/joaoferreira/beta/build/beta_controller/install.log'
[5.286s] Invoked command in '/home/joaoferreira/beta/src/beta_controller' returned '0': PYTHONPATH=/home/joaoferreira/beta/build/beta_controller/prefix_override:/usr/lib/python3/dist-packages/colcon_core/task/python/colcon_distutils_commands:/home/joaoferreira/beta/install/beta_controller/lib/python3.10/site-packages:${PYTHONPATH} /usr/bin/python3 -W ignore:setup.py install is deprecated -W ignore:easy_install command is deprecated setup.py egg_info --egg-base ../../build/beta_controller build --build-base /home/joaoferreira/beta/build/beta_controller/build install --record /home/joaoferreira/beta/build/beta_controller/install.log --single-version-externally-managed install_data
