[0.154s] DEBUG:colcon:Command line arguments: ['/usr/bin/colcon', 'build', '--packages-up-to', 'micro_ros_agent', '--cmake-args', '-DUAGENT_BUILD_EXECUTABLE=OFF', '-DUAGENT_P2P_PROFILE=OFF', '--no-warn-unused-cli']
[0.154s] DEBUG:colcon:Parsed command line arguments: Namespace(log_base=None, log_level=None, verb_name='build', build_base='build', install_base='install', merge_install=False, symlink_install=False, test_result_base=None, continue_on_error=False, executor='parallel', parallel_workers=4, event_handlers=None, ignore_user_meta=False, metas=['./colcon.meta'], base_paths=['.'], packages_ignore=None, packages_ignore_regex=None, paths=None, packages_up_to=['micro_ros_agent'], packages_up_to_regex=None, packages_above=None, packages_above_and_dependencies=None, packages_above_depth=None, packages_select_by_dep=None, packages_skip_by_dep=None, packages_skip_up_to=None, packages_select_build_failed=False, packages_skip_build_finished=False, packages_select_test_failures=False, packages_skip_test_passed=False, packages_select=None, packages_skip=None, packages_select_regex=None, packages_skip_regex=None, packages_start=None, packages_end=None, allow_overriding=[], cmake_args=['-DUAGENT_BUILD_EXECUTABLE=OFF', '-DUAGENT_P2P_PROFILE=OFF', '--no-warn-unused-cli'], cmake_target=None, cmake_target_skip_unavailable=False, cmake_clean_cache=False, cmake_clean_first=False, cmake_force_configure=False, ament_cmake_args=None, catkin_cmake_args=None, catkin_skip_building_tests=False, mixin_files=None, mixin=None, verb_parser=<colcon_mixin.mixin.mixin_argument.MixinArgumentDecorator object at 0x7da931269990>, verb_extension=<colcon_core.verb.build.BuildVerb object at 0x7da9312692a0>, main=<bound method BuildVerb.main of <colcon_core.verb.build.BuildVerb object at 0x7da9312692a0>>, mixin_verb=('build',))
[0.371s] Level 1:colcon.colcon_core.package_discovery:discover_packages(colcon_meta) check parameters
[0.372s] Level 1:colcon.colcon_core.package_discovery:discover_packages(recursive) check parameters
[0.372s] Level 1:colcon.colcon_core.package_discovery:discover_packages(ignore) check parameters
[0.372s] Level 1:colcon.colcon_core.package_discovery:discover_packages(path) check parameters
[0.372s] Level 1:colcon.colcon_core.package_discovery:discover_packages(colcon_meta) discover
[0.372s] Level 1:colcon.colcon_core.package_discovery:discover_packages(recursive) discover
[0.372s] INFO:colcon.colcon_core.package_discovery:Crawling recursively for packages in '/home/joaoferreira/beta/beta_firmware'
[0.372s] Level 1:colcon.colcon_core.package_identification:_identify(.) by extensions ['ignore', 'ignore_ament_install']
[0.372s] Level 1:colcon.colcon_core.package_identification:_identify(.) by extension 'ignore'
[0.372s] Level 1:colcon.colcon_core.package_identification:_identify(.) by extension 'ignore_ament_install'
[0.372s] Level 1:colcon.colcon_core.package_identification:_identify(.) by extensions ['colcon_pkg']
[0.372s] Level 1:colcon.colcon_core.package_identification:_identify(.) by extension 'colcon_pkg'
[0.372s] Level 1:colcon.colcon_core.package_identification:_identify(.) by extensions ['colcon_meta']
[0.373s] Level 1:colcon.colcon_core.package_identification:_identify(.) by extension 'colcon_meta'
[0.373s] Level 1:colcon.colcon_core.package_identification:_identify(.) by extensions ['ros']
[0.373s] Level 1:colcon.colcon_core.package_identification:_identify(.) by extension 'ros'
[0.389s] Level 1:colcon.colcon_core.package_identification:_identify(.) by extensions ['cmake', 'python']
[0.389s] Level 1:colcon.colcon_core.package_identification:_identify(.) by extension 'cmake'
[0.389s] Level 1:colcon.colcon_core.package_identification:_identify(.) by extension 'python'
[0.389s] Level 1:colcon.colcon_core.package_identification:_identify(.) by extensions ['python_setup_py']
[0.389s] Level 1:colcon.colcon_core.package_identification:_identify(.) by extension 'python_setup_py'
[0.389s] Level 1:colcon.colcon_core.package_identification:_identify(beta_firmware) by extensions ['ignore', 'ignore_ament_install']
[0.389s] Level 1:colcon.colcon_core.package_identification:_identify(beta_firmware) by extension 'ignore'
[0.389s] Level 1:colcon.colcon_core.package_identification:_identify(beta_firmware) by extension 'ignore_ament_install'
[0.389s] Level 1:colcon.colcon_core.package_identification:_identify(beta_firmware) by extensions ['colcon_pkg']
[0.389s] Level 1:colcon.colcon_core.package_identification:_identify(beta_firmware) by extension 'colcon_pkg'
[0.389s] Level 1:colcon.colcon_core.package_identification:_identify(beta_firmware) by extensions ['colcon_meta']
[0.390s] Level 1:colcon.colcon_core.package_identification:_identify(beta_firmware) by extension 'colcon_meta'
[0.390s] Level 1:colcon.colcon_core.package_identification:_identify(beta_firmware) by extensions ['ros']
[0.390s] Level 1:colcon.colcon_core.package_identification:_identify(beta_firmware) by extension 'ros'
[0.390s] Level 1:colcon.colcon_core.package_identification:_identify(beta_firmware) by extensions ['cmake', 'python']
[0.390s] Level 1:colcon.colcon_core.package_identification:_identify(beta_firmware) by extension 'cmake'
[0.390s] Level 1:colcon.colcon_core.package_identification:_identify(beta_firmware) by extension 'python'
[0.390s] Level 1:colcon.colcon_core.package_identification:_identify(beta_firmware) by extensions ['python_setup_py']
[0.390s] Level 1:colcon.colcon_core.package_identification:_identify(beta_firmware) by extension 'python_setup_py'
[0.390s] Level 1:colcon.colcon_core.package_identification:_identify(beta_firmware/build) by extensions ['ignore', 'ignore_ament_install']
[0.390s] Level 1:colcon.colcon_core.package_identification:_identify(beta_firmware/build) by extension 'ignore'
[0.390s] Level 1:colcon.colcon_core.package_identification:_identify(beta_firmware/build) ignored
[0.390s] Level 1:colcon.colcon_core.package_identification:_identify(beta_firmware/include) by extensions ['ignore', 'ignore_ament_install']
[0.391s] Level 1:colcon.colcon_core.package_identification:_identify(beta_firmware/include) by extension 'ignore'
[0.391s] Level 1:colcon.colcon_core.package_identification:_identify(beta_firmware/include) by extension 'ignore_ament_install'
[0.391s] Level 1:colcon.colcon_core.package_identification:_identify(beta_firmware/include) by extensions ['colcon_pkg']
[0.391s] Level 1:colcon.colcon_core.package_identification:_identify(beta_firmware/include) by extension 'colcon_pkg'
[0.391s] Level 1:colcon.colcon_core.package_identification:_identify(beta_firmware/include) by extensions ['colcon_meta']
[0.391s] Level 1:colcon.colcon_core.package_identification:_identify(beta_firmware/include) by extension 'colcon_meta'
[0.391s] Level 1:colcon.colcon_core.package_identification:_identify(beta_firmware/include) by extensions ['ros']
[0.391s] Level 1:colcon.colcon_core.package_identification:_identify(beta_firmware/include) by extension 'ros'
[0.391s] Level 1:colcon.colcon_core.package_identification:_identify(beta_firmware/include) by extensions ['cmake', 'python']
[0.391s] Level 1:colcon.colcon_core.package_identification:_identify(beta_firmware/include) by extension 'cmake'
[0.391s] Level 1:colcon.colcon_core.package_identification:_identify(beta_firmware/include) by extension 'python'
[0.391s] Level 1:colcon.colcon_core.package_identification:_identify(beta_firmware/include) by extensions ['python_setup_py']
[0.391s] Level 1:colcon.colcon_core.package_identification:_identify(beta_firmware/include) by extension 'python_setup_py'
[0.391s] Level 1:colcon.colcon_core.package_identification:_identify(beta_firmware/install) by extensions ['ignore', 'ignore_ament_install']
[0.391s] Level 1:colcon.colcon_core.package_identification:_identify(beta_firmware/install) by extension 'ignore'
[0.392s] Level 1:colcon.colcon_core.package_identification:_identify(beta_firmware/install) ignored
[0.392s] Level 1:colcon.colcon_core.package_identification:_identify(beta_firmware/lib) by extensions ['ignore', 'ignore_ament_install']
[0.392s] Level 1:colcon.colcon_core.package_identification:_identify(beta_firmware/lib) by extension 'ignore'
[0.392s] Level 1:colcon.colcon_core.package_identification:_identify(beta_firmware/lib) by extension 'ignore_ament_install'
[0.392s] Level 1:colcon.colcon_core.package_identification:_identify(beta_firmware/lib) by extensions ['colcon_pkg']
[0.392s] Level 1:colcon.colcon_core.package_identification:_identify(beta_firmware/lib) by extension 'colcon_pkg'
[0.392s] Level 1:colcon.colcon_core.package_identification:_identify(beta_firmware/lib) by extensions ['colcon_meta']
[0.392s] Level 1:colcon.colcon_core.package_identification:_identify(beta_firmware/lib) by extension 'colcon_meta'
[0.392s] Level 1:colcon.colcon_core.package_identification:_identify(beta_firmware/lib) by extensions ['ros']
[0.392s] Level 1:colcon.colcon_core.package_identification:_identify(beta_firmware/lib) by extension 'ros'
[0.392s] Level 1:colcon.colcon_core.package_identification:_identify(beta_firmware/lib) by extensions ['cmake', 'python']
[0.392s] Level 1:colcon.colcon_core.package_identification:_identify(beta_firmware/lib) by extension 'cmake'
[0.392s] Level 1:colcon.colcon_core.package_identification:_identify(beta_firmware/lib) by extension 'python'
[0.392s] Level 1:colcon.colcon_core.package_identification:_identify(beta_firmware/lib) by extensions ['python_setup_py']
[0.392s] Level 1:colcon.colcon_core.package_identification:_identify(beta_firmware/lib) by extension 'python_setup_py'
[0.393s] Level 1:colcon.colcon_core.package_identification:_identify(beta_firmware/log) by extensions ['ignore', 'ignore_ament_install']
[0.393s] Level 1:colcon.colcon_core.package_identification:_identify(beta_firmware/log) by extension 'ignore'
[0.393s] Level 1:colcon.colcon_core.package_identification:_identify(beta_firmware/log) ignored
[0.393s] Level 1:colcon.colcon_core.package_identification:_identify(beta_firmware/src) by extensions ['ignore', 'ignore_ament_install']
[0.393s] Level 1:colcon.colcon_core.package_identification:_identify(beta_firmware/src) by extension 'ignore'
[0.393s] Level 1:colcon.colcon_core.package_identification:_identify(beta_firmware/src) by extension 'ignore_ament_install'
[0.394s] Level 1:colcon.colcon_core.package_identification:_identify(beta_firmware/src) by extensions ['colcon_pkg']
[0.394s] Level 1:colcon.colcon_core.package_identification:_identify(beta_firmware/src) by extension 'colcon_pkg'
[0.394s] Level 1:colcon.colcon_core.package_identification:_identify(beta_firmware/src) by extensions ['colcon_meta']
[0.394s] Level 1:colcon.colcon_core.package_identification:_identify(beta_firmware/src) by extension 'colcon_meta'
[0.394s] Level 1:colcon.colcon_core.package_identification:_identify(beta_firmware/src) by extensions ['ros']
[0.394s] Level 1:colcon.colcon_core.package_identification:_identify(beta_firmware/src) by extension 'ros'
[0.394s] Level 1:colcon.colcon_core.package_identification:_identify(beta_firmware/src) by extensions ['cmake', 'python']
[0.394s] Level 1:colcon.colcon_core.package_identification:_identify(beta_firmware/src) by extension 'cmake'
[0.394s] Level 1:colcon.colcon_core.package_identification:_identify(beta_firmware/src) by extension 'python'
[0.394s] Level 1:colcon.colcon_core.package_identification:_identify(beta_firmware/src) by extensions ['python_setup_py']
[0.394s] Level 1:colcon.colcon_core.package_identification:_identify(beta_firmware/src) by extension 'python_setup_py'
[0.395s] Level 1:colcon.colcon_core.package_identification:_identify(beta_firmware/test) by extensions ['ignore', 'ignore_ament_install']
[0.395s] Level 1:colcon.colcon_core.package_identification:_identify(beta_firmware/test) by extension 'ignore'
[0.395s] Level 1:colcon.colcon_core.package_identification:_identify(beta_firmware/test) by extension 'ignore_ament_install'
[0.395s] Level 1:colcon.colcon_core.package_identification:_identify(beta_firmware/test) by extensions ['colcon_pkg']
[0.395s] Level 1:colcon.colcon_core.package_identification:_identify(beta_firmware/test) by extension 'colcon_pkg'
[0.395s] Level 1:colcon.colcon_core.package_identification:_identify(beta_firmware/test) by extensions ['colcon_meta']
[0.395s] Level 1:colcon.colcon_core.package_identification:_identify(beta_firmware/test) by extension 'colcon_meta'
[0.395s] Level 1:colcon.colcon_core.package_identification:_identify(beta_firmware/test) by extensions ['ros']
[0.395s] Level 1:colcon.colcon_core.package_identification:_identify(beta_firmware/test) by extension 'ros'
[0.395s] Level 1:colcon.colcon_core.package_identification:_identify(beta_firmware/test) by extensions ['cmake', 'python']
[0.396s] Level 1:colcon.colcon_core.package_identification:_identify(beta_firmware/test) by extension 'cmake'
[0.396s] Level 1:colcon.colcon_core.package_identification:_identify(beta_firmware/test) by extension 'python'
[0.396s] Level 1:colcon.colcon_core.package_identification:_identify(beta_firmware/test) by extensions ['python_setup_py']
[0.396s] Level 1:colcon.colcon_core.package_identification:_identify(beta_firmware/test) by extension 'python_setup_py'
[0.396s] Level 1:colcon.colcon_core.package_identification:_identify(build) by extensions ['ignore', 'ignore_ament_install']
[0.396s] Level 1:colcon.colcon_core.package_identification:_identify(build) by extension 'ignore'
[0.396s] Level 1:colcon.colcon_core.package_identification:_identify(build) ignored
[0.396s] Level 1:colcon.colcon_core.package_identification:_identify(install) by extensions ['ignore', 'ignore_ament_install']
[0.396s] Level 1:colcon.colcon_core.package_identification:_identify(install) by extension 'ignore'
[0.396s] Level 1:colcon.colcon_core.package_identification:_identify(install) ignored
[0.397s] Level 1:colcon.colcon_core.package_identification:_identify(log) by extensions ['ignore', 'ignore_ament_install']
[0.397s] Level 1:colcon.colcon_core.package_identification:_identify(log) by extension 'ignore'
[0.397s] Level 1:colcon.colcon_core.package_identification:_identify(log) ignored
[0.397s] Level 1:colcon.colcon_core.package_identification:_identify(microros_ws) by extensions ['ignore', 'ignore_ament_install']
[0.397s] Level 1:colcon.colcon_core.package_identification:_identify(microros_ws) by extension 'ignore'
[0.397s] Level 1:colcon.colcon_core.package_identification:_identify(microros_ws) by extension 'ignore_ament_install'
[0.397s] Level 1:colcon.colcon_core.package_identification:_identify(microros_ws) by extensions ['colcon_pkg']
[0.397s] Level 1:colcon.colcon_core.package_identification:_identify(microros_ws) by extension 'colcon_pkg'
[0.397s] Level 1:colcon.colcon_core.package_identification:_identify(microros_ws) by extensions ['colcon_meta']
[0.397s] Level 1:colcon.colcon_core.package_identification:_identify(microros_ws) by extension 'colcon_meta'
[0.397s] Level 1:colcon.colcon_core.package_identification:_identify(microros_ws) by extensions ['ros']
[0.397s] Level 1:colcon.colcon_core.package_identification:_identify(microros_ws) by extension 'ros'
[0.398s] Level 1:colcon.colcon_core.package_identification:_identify(microros_ws) by extensions ['cmake', 'python']
[0.398s] Level 1:colcon.colcon_core.package_identification:_identify(microros_ws) by extension 'cmake'
[0.398s] Level 1:colcon.colcon_core.package_identification:_identify(microros_ws) by extension 'python'
[0.398s] Level 1:colcon.colcon_core.package_identification:_identify(microros_ws) by extensions ['python_setup_py']
[0.398s] Level 1:colcon.colcon_core.package_identification:_identify(microros_ws) by extension 'python_setup_py'
[0.398s] Level 1:colcon.colcon_core.package_identification:_identify(microros_ws/build) by extensions ['ignore', 'ignore_ament_install']
[0.398s] Level 1:colcon.colcon_core.package_identification:_identify(microros_ws/build) by extension 'ignore'
[0.398s] Level 1:colcon.colcon_core.package_identification:_identify(microros_ws/build) ignored
[0.398s] Level 1:colcon.colcon_core.package_identification:_identify(microros_ws/install) by extensions ['ignore', 'ignore_ament_install']
[0.398s] Level 1:colcon.colcon_core.package_identification:_identify(microros_ws/install) by extension 'ignore'
[0.399s] Level 1:colcon.colcon_core.package_identification:_identify(microros_ws/install) ignored
[0.399s] Level 1:colcon.colcon_core.package_identification:_identify(microros_ws/log) by extensions ['ignore', 'ignore_ament_install']
[0.399s] Level 1:colcon.colcon_core.package_identification:_identify(microros_ws/log) by extension 'ignore'
[0.399s] Level 1:colcon.colcon_core.package_identification:_identify(microros_ws/log) ignored
[0.399s] Level 1:colcon.colcon_core.package_identification:_identify(microros_ws/src) by extensions ['ignore', 'ignore_ament_install']
[0.399s] Level 1:colcon.colcon_core.package_identification:_identify(microros_ws/src) by extension 'ignore'
[0.399s] Level 1:colcon.colcon_core.package_identification:_identify(microros_ws/src) by extension 'ignore_ament_install'
[0.399s] Level 1:colcon.colcon_core.package_identification:_identify(microros_ws/src) by extensions ['colcon_pkg']
[0.399s] Level 1:colcon.colcon_core.package_identification:_identify(microros_ws/src) by extension 'colcon_pkg'
[0.399s] Level 1:colcon.colcon_core.package_identification:_identify(microros_ws/src) by extensions ['colcon_meta']
[0.399s] Level 1:colcon.colcon_core.package_identification:_identify(microros_ws/src) by extension 'colcon_meta'
[0.400s] Level 1:colcon.colcon_core.package_identification:_identify(microros_ws/src) by extensions ['ros']
[0.400s] Level 1:colcon.colcon_core.package_identification:_identify(microros_ws/src) by extension 'ros'
[0.400s] Level 1:colcon.colcon_core.package_identification:_identify(microros_ws/src) by extensions ['cmake', 'python']
[0.400s] Level 1:colcon.colcon_core.package_identification:_identify(microros_ws/src) by extension 'cmake'
[0.400s] Level 1:colcon.colcon_core.package_identification:_identify(microros_ws/src) by extension 'python'
[0.400s] Level 1:colcon.colcon_core.package_identification:_identify(microros_ws/src) by extensions ['python_setup_py']
[0.400s] Level 1:colcon.colcon_core.package_identification:_identify(microros_ws/src) by extension 'python_setup_py'
[0.400s] Level 1:colcon.colcon_core.package_identification:_identify(microros_ws/src/micro_ros_setup) by extensions ['ignore', 'ignore_ament_install']
[0.400s] Level 1:colcon.colcon_core.package_identification:_identify(microros_ws/src/micro_ros_setup) by extension 'ignore'
[0.400s] Level 1:colcon.colcon_core.package_identification:_identify(microros_ws/src/micro_ros_setup) by extension 'ignore_ament_install'
[0.400s] Level 1:colcon.colcon_core.package_identification:_identify(microros_ws/src/micro_ros_setup) by extensions ['colcon_pkg']
[0.400s] Level 1:colcon.colcon_core.package_identification:_identify(microros_ws/src/micro_ros_setup) by extension 'colcon_pkg'
[0.400s] Level 1:colcon.colcon_core.package_identification:_identify(microros_ws/src/micro_ros_setup) by extensions ['colcon_meta']
[0.401s] Level 1:colcon.colcon_core.package_identification:_identify(microros_ws/src/micro_ros_setup) by extension 'colcon_meta'
[0.401s] Level 1:colcon.colcon_core.package_identification:_identify(microros_ws/src/micro_ros_setup) by extensions ['ros']
[0.401s] Level 1:colcon.colcon_core.package_identification:_identify(microros_ws/src/micro_ros_setup) by extension 'ros'
[0.405s] DEBUG:colcon.colcon_core.package_identification:Package 'microros_ws/src/micro_ros_setup' with type 'ros.ament_cmake' and name 'micro_ros_setup'
[0.405s] Level 1:colcon.colcon_core.package_identification:_identify(microros_ws/src/uros) by extensions ['ignore', 'ignore_ament_install']
[0.405s] Level 1:colcon.colcon_core.package_identification:_identify(microros_ws/src/uros) by extension 'ignore'
[0.405s] Level 1:colcon.colcon_core.package_identification:_identify(microros_ws/src/uros) by extension 'ignore_ament_install'
[0.405s] Level 1:colcon.colcon_core.package_identification:_identify(microros_ws/src/uros) by extensions ['colcon_pkg']
[0.405s] Level 1:colcon.colcon_core.package_identification:_identify(microros_ws/src/uros) by extension 'colcon_pkg'
[0.405s] Level 1:colcon.colcon_core.package_identification:_identify(microros_ws/src/uros) by extensions ['colcon_meta']
[0.405s] Level 1:colcon.colcon_core.package_identification:_identify(microros_ws/src/uros) by extension 'colcon_meta'
[0.406s] Level 1:colcon.colcon_core.package_identification:_identify(microros_ws/src/uros) by extensions ['ros']
[0.406s] Level 1:colcon.colcon_core.package_identification:_identify(microros_ws/src/uros) by extension 'ros'
[0.406s] Level 1:colcon.colcon_core.package_identification:_identify(microros_ws/src/uros) by extensions ['cmake', 'python']
[0.406s] Level 1:colcon.colcon_core.package_identification:_identify(microros_ws/src/uros) by extension 'cmake'
[0.406s] Level 1:colcon.colcon_core.package_identification:_identify(microros_ws/src/uros) by extension 'python'
[0.406s] Level 1:colcon.colcon_core.package_identification:_identify(microros_ws/src/uros) by extensions ['python_setup_py']
[0.406s] Level 1:colcon.colcon_core.package_identification:_identify(microros_ws/src/uros) by extension 'python_setup_py'
[0.406s] Level 1:colcon.colcon_core.package_identification:_identify(microros_ws/src/uros/micro-ROS-Agent) by extensions ['ignore', 'ignore_ament_install']
[0.406s] Level 1:colcon.colcon_core.package_identification:_identify(microros_ws/src/uros/micro-ROS-Agent) by extension 'ignore'
[0.406s] Level 1:colcon.colcon_core.package_identification:_identify(microros_ws/src/uros/micro-ROS-Agent) by extension 'ignore_ament_install'
[0.406s] Level 1:colcon.colcon_core.package_identification:_identify(microros_ws/src/uros/micro-ROS-Agent) by extensions ['colcon_pkg']
[0.406s] Level 1:colcon.colcon_core.package_identification:_identify(microros_ws/src/uros/micro-ROS-Agent) by extension 'colcon_pkg'
[0.406s] Level 1:colcon.colcon_core.package_identification:_identify(microros_ws/src/uros/micro-ROS-Agent) by extensions ['colcon_meta']
[0.406s] Level 1:colcon.colcon_core.package_identification:_identify(microros_ws/src/uros/micro-ROS-Agent) by extension 'colcon_meta'
[0.407s] Level 1:colcon.colcon_core.package_identification:_identify(microros_ws/src/uros/micro-ROS-Agent) by extensions ['ros']
[0.407s] Level 1:colcon.colcon_core.package_identification:_identify(microros_ws/src/uros/micro-ROS-Agent) by extension 'ros'
[0.407s] Level 1:colcon.colcon_core.package_identification:_identify(microros_ws/src/uros/micro-ROS-Agent) by extensions ['cmake', 'python']
[0.407s] Level 1:colcon.colcon_core.package_identification:_identify(microros_ws/src/uros/micro-ROS-Agent) by extension 'cmake'
[0.407s] Level 1:colcon.colcon_core.package_identification:_identify(microros_ws/src/uros/micro-ROS-Agent) by extension 'python'
[0.407s] Level 1:colcon.colcon_core.package_identification:_identify(microros_ws/src/uros/micro-ROS-Agent) by extensions ['python_setup_py']
[0.407s] Level 1:colcon.colcon_core.package_identification:_identify(microros_ws/src/uros/micro-ROS-Agent) by extension 'python_setup_py'
[0.407s] Level 1:colcon.colcon_core.package_identification:_identify(microros_ws/src/uros/micro-ROS-Agent/micro_ros_agent) by extensions ['ignore', 'ignore_ament_install']
[0.407s] Level 1:colcon.colcon_core.package_identification:_identify(microros_ws/src/uros/micro-ROS-Agent/micro_ros_agent) by extension 'ignore'
[0.407s] Level 1:colcon.colcon_core.package_identification:_identify(microros_ws/src/uros/micro-ROS-Agent/micro_ros_agent) by extension 'ignore_ament_install'
[0.407s] Level 1:colcon.colcon_core.package_identification:_identify(microros_ws/src/uros/micro-ROS-Agent/micro_ros_agent) by extensions ['colcon_pkg']
[0.407s] Level 1:colcon.colcon_core.package_identification:_identify(microros_ws/src/uros/micro-ROS-Agent/micro_ros_agent) by extension 'colcon_pkg'
[0.408s] Level 1:colcon.colcon_core.package_identification:_identify(microros_ws/src/uros/micro-ROS-Agent/micro_ros_agent) by extensions ['colcon_meta']
[0.408s] Level 1:colcon.colcon_core.package_identification:_identify(microros_ws/src/uros/micro-ROS-Agent/micro_ros_agent) by extension 'colcon_meta'
[0.408s] Level 1:colcon.colcon_core.package_identification:_identify(microros_ws/src/uros/micro-ROS-Agent/micro_ros_agent) by extensions ['ros']
[0.408s] Level 1:colcon.colcon_core.package_identification:_identify(microros_ws/src/uros/micro-ROS-Agent/micro_ros_agent) by extension 'ros'
[0.409s] DEBUG:colcon.colcon_core.package_identification:Package 'microros_ws/src/uros/micro-ROS-Agent/micro_ros_agent' with type 'ros.ament_cmake' and name 'micro_ros_agent'
[0.410s] Level 1:colcon.colcon_core.package_identification:_identify(microros_ws/src/uros/micro-ROS-Agent/snap) by extensions ['ignore', 'ignore_ament_install']
[0.410s] Level 1:colcon.colcon_core.package_identification:_identify(microros_ws/src/uros/micro-ROS-Agent/snap) by extension 'ignore'
[0.410s] Level 1:colcon.colcon_core.package_identification:_identify(microros_ws/src/uros/micro-ROS-Agent/snap) by extension 'ignore_ament_install'
[0.410s] Level 1:colcon.colcon_core.package_identification:_identify(microros_ws/src/uros/micro-ROS-Agent/snap) by extensions ['colcon_pkg']
[0.410s] Level 1:colcon.colcon_core.package_identification:_identify(microros_ws/src/uros/micro-ROS-Agent/snap) by extension 'colcon_pkg'
[0.410s] Level 1:colcon.colcon_core.package_identification:_identify(microros_ws/src/uros/micro-ROS-Agent/snap) by extensions ['colcon_meta']
[0.410s] Level 1:colcon.colcon_core.package_identification:_identify(microros_ws/src/uros/micro-ROS-Agent/snap) by extension 'colcon_meta'
[0.410s] Level 1:colcon.colcon_core.package_identification:_identify(microros_ws/src/uros/micro-ROS-Agent/snap) by extensions ['ros']
[0.410s] Level 1:colcon.colcon_core.package_identification:_identify(microros_ws/src/uros/micro-ROS-Agent/snap) by extension 'ros'
[0.410s] Level 1:colcon.colcon_core.package_identification:_identify(microros_ws/src/uros/micro-ROS-Agent/snap) by extensions ['cmake', 'python']
[0.411s] Level 1:colcon.colcon_core.package_identification:_identify(microros_ws/src/uros/micro-ROS-Agent/snap) by extension 'cmake'
[0.411s] Level 1:colcon.colcon_core.package_identification:_identify(microros_ws/src/uros/micro-ROS-Agent/snap) by extension 'python'
[0.411s] Level 1:colcon.colcon_core.package_identification:_identify(microros_ws/src/uros/micro-ROS-Agent/snap) by extensions ['python_setup_py']
[0.411s] Level 1:colcon.colcon_core.package_identification:_identify(microros_ws/src/uros/micro-ROS-Agent/snap) by extension 'python_setup_py'
[0.411s] Level 1:colcon.colcon_core.package_identification:_identify(microros_ws/src/uros/micro-ROS-Agent/snap/hooks) by extensions ['ignore', 'ignore_ament_install']
[0.411s] Level 1:colcon.colcon_core.package_identification:_identify(microros_ws/src/uros/micro-ROS-Agent/snap/hooks) by extension 'ignore'
[0.411s] Level 1:colcon.colcon_core.package_identification:_identify(microros_ws/src/uros/micro-ROS-Agent/snap/hooks) by extension 'ignore_ament_install'
[0.411s] Level 1:colcon.colcon_core.package_identification:_identify(microros_ws/src/uros/micro-ROS-Agent/snap/hooks) by extensions ['colcon_pkg']
[0.411s] Level 1:colcon.colcon_core.package_identification:_identify(microros_ws/src/uros/micro-ROS-Agent/snap/hooks) by extension 'colcon_pkg'
[0.411s] Level 1:colcon.colcon_core.package_identification:_identify(microros_ws/src/uros/micro-ROS-Agent/snap/hooks) by extensions ['colcon_meta']
[0.411s] Level 1:colcon.colcon_core.package_identification:_identify(microros_ws/src/uros/micro-ROS-Agent/snap/hooks) by extension 'colcon_meta'
[0.411s] Level 1:colcon.colcon_core.package_identification:_identify(microros_ws/src/uros/micro-ROS-Agent/snap/hooks) by extensions ['ros']
[0.412s] Level 1:colcon.colcon_core.package_identification:_identify(microros_ws/src/uros/micro-ROS-Agent/snap/hooks) by extension 'ros'
[0.412s] Level 1:colcon.colcon_core.package_identification:_identify(microros_ws/src/uros/micro-ROS-Agent/snap/hooks) by extensions ['cmake', 'python']
[0.412s] Level 1:colcon.colcon_core.package_identification:_identify(microros_ws/src/uros/micro-ROS-Agent/snap/hooks) by extension 'cmake'
[0.412s] Level 1:colcon.colcon_core.package_identification:_identify(microros_ws/src/uros/micro-ROS-Agent/snap/hooks) by extension 'python'
[0.412s] Level 1:colcon.colcon_core.package_identification:_identify(microros_ws/src/uros/micro-ROS-Agent/snap/hooks) by extensions ['python_setup_py']
[0.412s] Level 1:colcon.colcon_core.package_identification:_identify(microros_ws/src/uros/micro-ROS-Agent/snap/hooks) by extension 'python_setup_py'
[0.412s] Level 1:colcon.colcon_core.package_identification:_identify(microros_ws/src/uros/micro-ROS-Agent/snap/local) by extensions ['ignore', 'ignore_ament_install']
[0.412s] Level 1:colcon.colcon_core.package_identification:_identify(microros_ws/src/uros/micro-ROS-Agent/snap/local) by extension 'ignore'
[0.412s] Level 1:colcon.colcon_core.package_identification:_identify(microros_ws/src/uros/micro-ROS-Agent/snap/local) by extension 'ignore_ament_install'
[0.412s] Level 1:colcon.colcon_core.package_identification:_identify(microros_ws/src/uros/micro-ROS-Agent/snap/local) by extensions ['colcon_pkg']
[0.412s] Level 1:colcon.colcon_core.package_identification:_identify(microros_ws/src/uros/micro-ROS-Agent/snap/local) by extension 'colcon_pkg'
[0.413s] Level 1:colcon.colcon_core.package_identification:_identify(microros_ws/src/uros/micro-ROS-Agent/snap/local) by extensions ['colcon_meta']
[0.413s] Level 1:colcon.colcon_core.package_identification:_identify(microros_ws/src/uros/micro-ROS-Agent/snap/local) by extension 'colcon_meta'
[0.413s] Level 1:colcon.colcon_core.package_identification:_identify(microros_ws/src/uros/micro-ROS-Agent/snap/local) by extensions ['ros']
[0.413s] Level 1:colcon.colcon_core.package_identification:_identify(microros_ws/src/uros/micro-ROS-Agent/snap/local) by extension 'ros'
[0.413s] Level 1:colcon.colcon_core.package_identification:_identify(microros_ws/src/uros/micro-ROS-Agent/snap/local) by extensions ['cmake', 'python']
[0.413s] Level 1:colcon.colcon_core.package_identification:_identify(microros_ws/src/uros/micro-ROS-Agent/snap/local) by extension 'cmake'
[0.413s] Level 1:colcon.colcon_core.package_identification:_identify(microros_ws/src/uros/micro-ROS-Agent/snap/local) by extension 'python'
[0.413s] Level 1:colcon.colcon_core.package_identification:_identify(microros_ws/src/uros/micro-ROS-Agent/snap/local) by extensions ['python_setup_py']
[0.413s] Level 1:colcon.colcon_core.package_identification:_identify(microros_ws/src/uros/micro-ROS-Agent/snap/local) by extension 'python_setup_py'
[0.413s] Level 1:colcon.colcon_core.package_identification:_identify(microros_ws/src/uros/micro_ros_msgs) by extensions ['ignore', 'ignore_ament_install']
[0.413s] Level 1:colcon.colcon_core.package_identification:_identify(microros_ws/src/uros/micro_ros_msgs) by extension 'ignore'
[0.413s] Level 1:colcon.colcon_core.package_identification:_identify(microros_ws/src/uros/micro_ros_msgs) by extension 'ignore_ament_install'
[0.414s] Level 1:colcon.colcon_core.package_identification:_identify(microros_ws/src/uros/micro_ros_msgs) by extensions ['colcon_pkg']
[0.414s] Level 1:colcon.colcon_core.package_identification:_identify(microros_ws/src/uros/micro_ros_msgs) by extension 'colcon_pkg'
[0.414s] Level 1:colcon.colcon_core.package_identification:_identify(microros_ws/src/uros/micro_ros_msgs) by extensions ['colcon_meta']
[0.414s] Level 1:colcon.colcon_core.package_identification:_identify(microros_ws/src/uros/micro_ros_msgs) by extension 'colcon_meta'
[0.414s] Level 1:colcon.colcon_core.package_identification:_identify(microros_ws/src/uros/micro_ros_msgs) by extensions ['ros']
[0.414s] Level 1:colcon.colcon_core.package_identification:_identify(microros_ws/src/uros/micro_ros_msgs) by extension 'ros'
[0.415s] DEBUG:colcon.colcon_core.package_identification:Package 'microros_ws/src/uros/micro_ros_msgs' with type 'ros.ament_cmake' and name 'micro_ros_msgs'
[0.415s] Level 1:colcon.colcon_core.package_discovery:discover_packages(recursive) using defaults
[0.415s] Level 1:colcon.colcon_core.package_discovery:discover_packages(ignore) discover
[0.415s] Level 1:colcon.colcon_core.package_discovery:discover_packages(ignore) using defaults
[0.415s] Level 1:colcon.colcon_core.package_discovery:discover_packages(path) discover
[0.415s] Level 1:colcon.colcon_core.package_discovery:discover_packages(path) using defaults
[0.465s] INFO:colcon.colcon_core.package_selection:Skipping package 'micro_ros_setup' in 'microros_ws/src/micro_ros_setup'
[0.466s] Level 1:colcon.colcon_core.package_discovery:discover_packages(prefix_path) check parameters
[0.466s] Level 1:colcon.colcon_core.package_discovery:discover_packages(prefix_path) discover
[0.468s] WARNING:colcon.colcon_core.prefix_path.colcon:The path '/home/joaoferreira/microros_ws/install' in the environment variable COLCON_PREFIX_PATH doesn't exist
[0.468s] WARNING:colcon.colcon_ros.prefix_path.ament:The path '/home/joaoferreira/microros_ws/install/micro_ros_setup' in the environment variable AMENT_PREFIX_PATH doesn't exist
[0.469s] WARNING:colcon.colcon_ros.prefix_path.ament:The path '/home/joaoferreira/microros_ws/install/micro_ros_agent' in the environment variable AMENT_PREFIX_PATH doesn't exist
[0.469s] WARNING:colcon.colcon_ros.prefix_path.ament:The path '/home/joaoferreira/microros_ws/install/micro_ros_msgs' in the environment variable AMENT_PREFIX_PATH doesn't exist
[0.469s] WARNING:colcon.colcon_ros.prefix_path.catkin:The path '/home/joaoferreira/microros_ws/install/micro_ros_setup' in the environment variable CMAKE_PREFIX_PATH doesn't exist
[0.469s] WARNING:colcon.colcon_ros.prefix_path.catkin:The path '/home/joaoferreira/microros_ws/install/micro_ros_agent' in the environment variable CMAKE_PREFIX_PATH doesn't exist
[0.469s] WARNING:colcon.colcon_ros.prefix_path.catkin:The path '/home/joaoferreira/microros_ws/install/micro_ros_msgs' in the environment variable CMAKE_PREFIX_PATH doesn't exist
[0.471s] DEBUG:colcon.colcon_installed_package_information.package_discovery:Found 3 installed packages in /home/joaoferreira/beta/beta_firmware/install
[0.471s] DEBUG:colcon.colcon_installed_package_information.package_discovery:Found 1 installed packages in /home/joaoferreira/beta/install
[0.474s] DEBUG:colcon.colcon_installed_package_information.package_discovery:Found 294 installed packages in /opt/ros/humble
[0.478s] Level 1:colcon.colcon_core.package_discovery:discover_packages(prefix_path) using defaults
[0.577s] Level 5:colcon.colcon_core.verb:set package 'micro_ros_msgs' build argument 'cmake_args' from command line to '['-DUAGENT_BUILD_EXECUTABLE=OFF', '-DUAGENT_P2P_PROFILE=OFF', '--no-warn-unused-cli']'
[0.577s] Level 5:colcon.colcon_core.verb:set package 'micro_ros_msgs' build argument 'cmake_target' from command line to 'None'
[0.577s] Level 5:colcon.colcon_core.verb:set package 'micro_ros_msgs' build argument 'cmake_target_skip_unavailable' from command line to 'False'
[0.577s] Level 5:colcon.colcon_core.verb:set package 'micro_ros_msgs' build argument 'cmake_clean_cache' from command line to 'False'
[0.577s] Level 5:colcon.colcon_core.verb:set package 'micro_ros_msgs' build argument 'cmake_clean_first' from command line to 'False'
[0.577s] Level 5:colcon.colcon_core.verb:set package 'micro_ros_msgs' build argument 'cmake_force_configure' from command line to 'False'
[0.577s] Level 5:colcon.colcon_core.verb:set package 'micro_ros_msgs' build argument 'ament_cmake_args' from command line to 'None'
[0.577s] Level 5:colcon.colcon_core.verb:set package 'micro_ros_msgs' build argument 'catkin_cmake_args' from command line to 'None'
[0.577s] Level 5:colcon.colcon_core.verb:set package 'micro_ros_msgs' build argument 'catkin_skip_building_tests' from command line to 'False'
[0.577s] DEBUG:colcon.colcon_core.verb:Building package 'micro_ros_msgs' with the following arguments: {'ament_cmake_args': None, 'build_base': '/home/joaoferreira/beta/beta_firmware/build/micro_ros_msgs', 'catkin_cmake_args': None, 'catkin_skip_building_tests': False, 'cmake_args': ['-DUAGENT_BUILD_EXECUTABLE=OFF', '-DUAGENT_P2P_PROFILE=OFF', '--no-warn-unused-cli'], 'cmake_clean_cache': False, 'cmake_clean_first': False, 'cmake_force_configure': False, 'cmake_target': None, 'cmake_target_skip_unavailable': False, 'install_base': '/home/joaoferreira/beta/beta_firmware/install/micro_ros_msgs', 'merge_install': False, 'path': '/home/joaoferreira/beta/beta_firmware/microros_ws/src/uros/micro_ros_msgs', 'symlink_install': False, 'test_result_base': None}
[0.578s] Level 5:colcon.colcon_core.verb:set package 'micro_ros_agent' build argument 'cmake_args' from command line to '['-DUAGENT_BUILD_EXECUTABLE=OFF', '-DUAGENT_P2P_PROFILE=OFF', '--no-warn-unused-cli']'
[0.579s] Level 5:colcon.colcon_core.verb:set package 'micro_ros_agent' build argument 'cmake_target' from command line to 'None'
[0.579s] Level 5:colcon.colcon_core.verb:set package 'micro_ros_agent' build argument 'cmake_target_skip_unavailable' from command line to 'False'
[0.579s] Level 5:colcon.colcon_core.verb:set package 'micro_ros_agent' build argument 'cmake_clean_cache' from command line to 'False'
[0.579s] Level 5:colcon.colcon_core.verb:set package 'micro_ros_agent' build argument 'cmake_clean_first' from command line to 'False'
[0.579s] Level 5:colcon.colcon_core.verb:set package 'micro_ros_agent' build argument 'cmake_force_configure' from command line to 'False'
[0.579s] Level 5:colcon.colcon_core.verb:set package 'micro_ros_agent' build argument 'ament_cmake_args' from command line to 'None'
[0.579s] Level 5:colcon.colcon_core.verb:set package 'micro_ros_agent' build argument 'catkin_cmake_args' from command line to 'None'
[0.579s] Level 5:colcon.colcon_core.verb:set package 'micro_ros_agent' build argument 'catkin_skip_building_tests' from command line to 'False'
[0.579s] DEBUG:colcon.colcon_core.verb:Building package 'micro_ros_agent' with the following arguments: {'ament_cmake_args': None, 'build_base': '/home/joaoferreira/beta/beta_firmware/build/micro_ros_agent', 'catkin_cmake_args': None, 'catkin_skip_building_tests': False, 'cmake_args': ['-DUAGENT_BUILD_EXECUTABLE=OFF', '-DUAGENT_P2P_PROFILE=OFF', '--no-warn-unused-cli'], 'cmake_clean_cache': False, 'cmake_clean_first': False, 'cmake_force_configure': False, 'cmake_target': None, 'cmake_target_skip_unavailable': False, 'install_base': '/home/joaoferreira/beta/beta_firmware/install/micro_ros_agent', 'merge_install': False, 'path': '/home/joaoferreira/beta/beta_firmware/microros_ws/src/uros/micro-ROS-Agent/micro_ros_agent', 'symlink_install': False, 'test_result_base': None}
[0.579s] INFO:colcon.colcon_core.executor:Executing jobs using 'parallel' executor
[0.582s] DEBUG:colcon.colcon_parallel_executor.executor.parallel:run_until_complete
[0.582s] INFO:colcon.colcon_ros.task.ament_cmake.build:Building ROS package in '/home/joaoferreira/beta/beta_firmware/microros_ws/src/uros/micro_ros_msgs' with build type 'ament_cmake'
[0.582s] INFO:colcon.colcon_cmake.task.cmake.build:Building CMake package in '/home/joaoferreira/beta/beta_firmware/microros_ws/src/uros/micro_ros_msgs'
[0.587s] INFO:colcon.colcon_core.plugin_system:Skipping extension 'colcon_core.shell.bat': Not used on non-Windows systems
[0.588s] INFO:colcon.colcon_core.shell:Skip shell extension 'powershell' for command environment: Not usable outside of PowerShell
[0.588s] DEBUG:colcon.colcon_core.shell:Skip shell extension 'dsv' for command environment
[0.615s] DEBUG:colcon.colcon_core.event_handler.log_command:Invoking command in '/home/joaoferreira/beta/beta_firmware/build/micro_ros_msgs': CMAKE_PREFIX_PATH=${CMAKE_PREFIX_PATH}:/home/joaoferreira/beta/install/beta_controller:/opt/ros/humble /usr/bin/cmake /home/joaoferreira/beta/beta_firmware/microros_ws/src/uros/micro_ros_msgs -DUAGENT_BUILD_EXECUTABLE=OFF -DUAGENT_P2P_PROFILE=OFF --no-warn-unused-cli -DCMAKE_INSTALL_PREFIX=/home/joaoferreira/beta/beta_firmware/install/micro_ros_msgs
[2.289s] DEBUG:colcon.colcon_core.event_handler.log_command:Invoked command in '/home/joaoferreira/beta/beta_firmware/build/micro_ros_msgs' returned '0': CMAKE_PREFIX_PATH=${CMAKE_PREFIX_PATH}:/home/joaoferreira/beta/install/beta_controller:/opt/ros/humble /usr/bin/cmake /home/joaoferreira/beta/beta_firmware/microros_ws/src/uros/micro_ros_msgs -DUAGENT_BUILD_EXECUTABLE=OFF -DUAGENT_P2P_PROFILE=OFF --no-warn-unused-cli -DCMAKE_INSTALL_PREFIX=/home/joaoferreira/beta/beta_firmware/install/micro_ros_msgs
[2.293s] DEBUG:colcon.colcon_core.event_handler.log_command:Invoking command in '/home/joaoferreira/beta/beta_firmware/build/micro_ros_msgs': CMAKE_PREFIX_PATH=${CMAKE_PREFIX_PATH}:/home/joaoferreira/beta/install/beta_controller:/opt/ros/humble /usr/bin/cmake --build /home/joaoferreira/beta/beta_firmware/build/micro_ros_msgs -- -j4 -l4
[2.896s] DEBUG:colcon.colcon_core.event_handler.log_command:Invoked command in '/home/joaoferreira/beta/beta_firmware/build/micro_ros_msgs' returned '0': CMAKE_PREFIX_PATH=${CMAKE_PREFIX_PATH}:/home/joaoferreira/beta/install/beta_controller:/opt/ros/humble /usr/bin/cmake --build /home/joaoferreira/beta/beta_firmware/build/micro_ros_msgs -- -j4 -l4
[2.926s] DEBUG:colcon.colcon_core.event_handler.log_command:Invoking command in '/home/joaoferreira/beta/beta_firmware/build/micro_ros_msgs': CMAKE_PREFIX_PATH=${CMAKE_PREFIX_PATH}:/home/joaoferreira/beta/install/beta_controller:/opt/ros/humble /usr/bin/cmake --install /home/joaoferreira/beta/beta_firmware/build/micro_ros_msgs
[3.116s] Level 1:colcon.colcon_core.environment:create_environment_scripts_only(micro_ros_msgs)
[3.119s] DEBUG:colcon.colcon_core.event_handler.log_command:Invoked command in '/home/joaoferreira/beta/beta_firmware/build/micro_ros_msgs' returned '0': CMAKE_PREFIX_PATH=${CMAKE_PREFIX_PATH}:/home/joaoferreira/beta/install/beta_controller:/opt/ros/humble /usr/bin/cmake --install /home/joaoferreira/beta/beta_firmware/build/micro_ros_msgs
[3.126s] Level 1:colcon.colcon_core.environment:checking '/home/joaoferreira/beta/beta_firmware/install/micro_ros_msgs' for CMake module files
[3.128s] Level 1:colcon.colcon_core.environment:checking '/home/joaoferreira/beta/beta_firmware/install/micro_ros_msgs' for CMake config files
[3.130s] Level 1:colcon.colcon_core.shell:create_environment_hook('micro_ros_msgs', 'cmake_prefix_path')
[3.132s] INFO:colcon.colcon_core.shell:Creating environment hook '/home/joaoferreira/beta/beta_firmware/install/micro_ros_msgs/share/micro_ros_msgs/hook/cmake_prefix_path.ps1'
[3.134s] INFO:colcon.colcon_core.shell:Creating environment descriptor '/home/joaoferreira/beta/beta_firmware/install/micro_ros_msgs/share/micro_ros_msgs/hook/cmake_prefix_path.dsv'
[3.136s] INFO:colcon.colcon_core.shell:Creating environment hook '/home/joaoferreira/beta/beta_firmware/install/micro_ros_msgs/share/micro_ros_msgs/hook/cmake_prefix_path.sh'
[3.138s] Level 1:colcon.colcon_core.environment:checking '/home/joaoferreira/beta/beta_firmware/install/micro_ros_msgs/lib'
[3.139s] Level 1:colcon.colcon_core.shell:create_environment_hook('micro_ros_msgs', 'ld_library_path_lib')
[3.139s] INFO:colcon.colcon_core.shell:Creating environment hook '/home/joaoferreira/beta/beta_firmware/install/micro_ros_msgs/share/micro_ros_msgs/hook/ld_library_path_lib.ps1'
[3.140s] INFO:colcon.colcon_core.shell:Creating environment descriptor '/home/joaoferreira/beta/beta_firmware/install/micro_ros_msgs/share/micro_ros_msgs/hook/ld_library_path_lib.dsv'
[3.141s] INFO:colcon.colcon_core.shell:Creating environment hook '/home/joaoferreira/beta/beta_firmware/install/micro_ros_msgs/share/micro_ros_msgs/hook/ld_library_path_lib.sh'
[3.142s] Level 1:colcon.colcon_core.environment:checking '/home/joaoferreira/beta/beta_firmware/install/micro_ros_msgs/bin'
[3.142s] Level 1:colcon.colcon_core.environment:checking '/home/joaoferreira/beta/beta_firmware/install/micro_ros_msgs/lib/pkgconfig/micro_ros_msgs.pc'
[3.143s] Level 1:colcon.colcon_core.environment:checking '/home/joaoferreira/beta/beta_firmware/install/micro_ros_msgs/lib/python3.10/site-packages'
[3.143s] Level 1:colcon.colcon_core.environment:checking '/home/joaoferreira/beta/beta_firmware/install/micro_ros_msgs/bin'
[3.145s] INFO:colcon.colcon_core.shell:Creating package script '/home/joaoferreira/beta/beta_firmware/install/micro_ros_msgs/share/micro_ros_msgs/package.ps1'
[3.148s] INFO:colcon.colcon_core.shell:Creating package descriptor '/home/joaoferreira/beta/beta_firmware/install/micro_ros_msgs/share/micro_ros_msgs/package.dsv'
[3.150s] INFO:colcon.colcon_core.shell:Creating package script '/home/joaoferreira/beta/beta_firmware/install/micro_ros_msgs/share/micro_ros_msgs/package.sh'
[3.152s] INFO:colcon.colcon_core.shell:Creating package script '/home/joaoferreira/beta/beta_firmware/install/micro_ros_msgs/share/micro_ros_msgs/package.bash'
[3.154s] INFO:colcon.colcon_core.shell:Creating package script '/home/joaoferreira/beta/beta_firmware/install/micro_ros_msgs/share/micro_ros_msgs/package.zsh'
[3.156s] Level 1:colcon.colcon_core.environment:create_file_with_runtime_dependencies(/home/joaoferreira/beta/beta_firmware/install/micro_ros_msgs/share/colcon-core/packages/micro_ros_msgs)
[3.158s] Level 1:colcon.colcon_core.environment:create_environment_scripts_only(micro_ros_msgs)
[3.159s] Level 1:colcon.colcon_core.environment:checking '/home/joaoferreira/beta/beta_firmware/install/micro_ros_msgs' for CMake module files
[3.161s] Level 1:colcon.colcon_core.environment:checking '/home/joaoferreira/beta/beta_firmware/install/micro_ros_msgs' for CMake config files
[3.163s] Level 1:colcon.colcon_core.shell:create_environment_hook('micro_ros_msgs', 'cmake_prefix_path')
[3.164s] INFO:colcon.colcon_core.shell:Creating environment hook '/home/joaoferreira/beta/beta_firmware/install/micro_ros_msgs/share/micro_ros_msgs/hook/cmake_prefix_path.ps1'
[3.165s] INFO:colcon.colcon_core.shell:Creating environment descriptor '/home/joaoferreira/beta/beta_firmware/install/micro_ros_msgs/share/micro_ros_msgs/hook/cmake_prefix_path.dsv'
[3.166s] INFO:colcon.colcon_core.shell:Creating environment hook '/home/joaoferreira/beta/beta_firmware/install/micro_ros_msgs/share/micro_ros_msgs/hook/cmake_prefix_path.sh'
[3.167s] Level 1:colcon.colcon_core.environment:checking '/home/joaoferreira/beta/beta_firmware/install/micro_ros_msgs/lib'
[3.168s] Level 1:colcon.colcon_core.shell:create_environment_hook('micro_ros_msgs', 'ld_library_path_lib')
[3.168s] INFO:colcon.colcon_core.shell:Creating environment hook '/home/joaoferreira/beta/beta_firmware/install/micro_ros_msgs/share/micro_ros_msgs/hook/ld_library_path_lib.ps1'
[3.169s] INFO:colcon.colcon_core.shell:Creating environment descriptor '/home/joaoferreira/beta/beta_firmware/install/micro_ros_msgs/share/micro_ros_msgs/hook/ld_library_path_lib.dsv'
[3.170s] INFO:colcon.colcon_core.shell:Creating environment hook '/home/joaoferreira/beta/beta_firmware/install/micro_ros_msgs/share/micro_ros_msgs/hook/ld_library_path_lib.sh'
[3.171s] Level 1:colcon.colcon_core.environment:checking '/home/joaoferreira/beta/beta_firmware/install/micro_ros_msgs/bin'
[3.172s] Level 1:colcon.colcon_core.environment:checking '/home/joaoferreira/beta/beta_firmware/install/micro_ros_msgs/lib/pkgconfig/micro_ros_msgs.pc'
[3.172s] Level 1:colcon.colcon_core.environment:checking '/home/joaoferreira/beta/beta_firmware/install/micro_ros_msgs/lib/python3.10/site-packages'
[3.173s] Level 1:colcon.colcon_core.environment:checking '/home/joaoferreira/beta/beta_firmware/install/micro_ros_msgs/bin'
[3.173s] INFO:colcon.colcon_core.shell:Creating package script '/home/joaoferreira/beta/beta_firmware/install/micro_ros_msgs/share/micro_ros_msgs/package.ps1'
[3.175s] INFO:colcon.colcon_core.shell:Creating package descriptor '/home/joaoferreira/beta/beta_firmware/install/micro_ros_msgs/share/micro_ros_msgs/package.dsv'
[3.176s] INFO:colcon.colcon_core.shell:Creating package script '/home/joaoferreira/beta/beta_firmware/install/micro_ros_msgs/share/micro_ros_msgs/package.sh'
[3.178s] INFO:colcon.colcon_core.shell:Creating package script '/home/joaoferreira/beta/beta_firmware/install/micro_ros_msgs/share/micro_ros_msgs/package.bash'
[3.179s] INFO:colcon.colcon_core.shell:Creating package script '/home/joaoferreira/beta/beta_firmware/install/micro_ros_msgs/share/micro_ros_msgs/package.zsh'
[3.180s] Level 1:colcon.colcon_core.environment:create_file_with_runtime_dependencies(/home/joaoferreira/beta/beta_firmware/install/micro_ros_msgs/share/colcon-core/packages/micro_ros_msgs)
[3.181s] INFO:colcon.colcon_ros.task.ament_cmake.build:Building ROS package in '/home/joaoferreira/beta/beta_firmware/microros_ws/src/uros/micro-ROS-Agent/micro_ros_agent' with build type 'ament_cmake'
[3.181s] INFO:colcon.colcon_cmake.task.cmake.build:Building CMake package in '/home/joaoferreira/beta/beta_firmware/microros_ws/src/uros/micro-ROS-Agent/micro_ros_agent'
[3.181s] INFO:colcon.colcon_core.shell:Skip shell extension 'powershell' for command environment: Not usable outside of PowerShell
[3.182s] DEBUG:colcon.colcon_core.shell:Skip shell extension 'dsv' for command environment
[3.218s] DEBUG:colcon.colcon_core.event_handler.log_command:Invoking command in '/home/joaoferreira/beta/beta_firmware/build/micro_ros_agent': CMAKE_PREFIX_PATH=/home/joaoferreira/beta/beta_firmware/install/micro_ros_msgs:/home/joaoferreira/beta/beta_firmware/install/micro_ros_setup:/home/joaoferreira/beta/beta_firmware/install/micro_ros_agent:/home/joaoferreira/microros_ws/install/micro_ros_setup:/home/joaoferreira/microros_ws/install/micro_ros_agent:/home/joaoferreira/microros_ws/install/micro_ros_msgs:/home/joaoferreira/beta/install/beta_controller:/opt/ros/humble LD_LIBRARY_PATH=/home/joaoferreira/beta/beta_firmware/install/micro_ros_msgs/lib:/home/joaoferreira/beta/beta_firmware/install/micro_ros_agent/lib:/home/joaoferreira/microros_ws/install/micro_ros_agent/lib:/home/joaoferreira/microros_ws/install/micro_ros_msgs/lib:/opt/ros/humble/opt/rviz_ogre_vendor/lib:/opt/ros/humble/lib/x86_64-linux-gnu:/opt/ros/humble/lib /usr/bin/cmake /home/joaoferreira/beta/beta_firmware/microros_ws/src/uros/micro-ROS-Agent/micro_ros_agent -DUAGENT_BUILD_EXECUTABLE=OFF -DUAGENT_P2P_PROFILE=OFF --no-warn-unused-cli -DCMAKE_INSTALL_PREFIX=/home/joaoferreira/beta/beta_firmware/install/micro_ros_agent
[3.870s] DEBUG:colcon.colcon_core.event_handler.log_command:Invoked command in '/home/joaoferreira/beta/beta_firmware/build/micro_ros_agent' returned '0': CMAKE_PREFIX_PATH=/home/joaoferreira/beta/beta_firmware/install/micro_ros_msgs:/home/joaoferreira/beta/beta_firmware/install/micro_ros_setup:/home/joaoferreira/beta/beta_firmware/install/micro_ros_agent:/home/joaoferreira/microros_ws/install/micro_ros_setup:/home/joaoferreira/microros_ws/install/micro_ros_agent:/home/joaoferreira/microros_ws/install/micro_ros_msgs:/home/joaoferreira/beta/install/beta_controller:/opt/ros/humble LD_LIBRARY_PATH=/home/joaoferreira/beta/beta_firmware/install/micro_ros_msgs/lib:/home/joaoferreira/beta/beta_firmware/install/micro_ros_agent/lib:/home/joaoferreira/microros_ws/install/micro_ros_agent/lib:/home/joaoferreira/microros_ws/install/micro_ros_msgs/lib:/opt/ros/humble/opt/rviz_ogre_vendor/lib:/opt/ros/humble/lib/x86_64-linux-gnu:/opt/ros/humble/lib /usr/bin/cmake /home/joaoferreira/beta/beta_firmware/microros_ws/src/uros/micro-ROS-Agent/micro_ros_agent -DUAGENT_BUILD_EXECUTABLE=OFF -DUAGENT_P2P_PROFILE=OFF --no-warn-unused-cli -DCMAKE_INSTALL_PREFIX=/home/joaoferreira/beta/beta_firmware/install/micro_ros_agent
[3.872s] DEBUG:colcon.colcon_core.event_handler.log_command:Invoking command in '/home/joaoferreira/beta/beta_firmware/build/micro_ros_agent': CMAKE_PREFIX_PATH=/home/joaoferreira/beta/beta_firmware/install/micro_ros_msgs:/home/joaoferreira/beta/beta_firmware/install/micro_ros_setup:/home/joaoferreira/beta/beta_firmware/install/micro_ros_agent:/home/joaoferreira/microros_ws/install/micro_ros_setup:/home/joaoferreira/microros_ws/install/micro_ros_agent:/home/joaoferreira/microros_ws/install/micro_ros_msgs:/home/joaoferreira/beta/install/beta_controller:/opt/ros/humble LD_LIBRARY_PATH=/home/joaoferreira/beta/beta_firmware/install/micro_ros_msgs/lib:/home/joaoferreira/beta/beta_firmware/install/micro_ros_agent/lib:/home/joaoferreira/microros_ws/install/micro_ros_agent/lib:/home/joaoferreira/microros_ws/install/micro_ros_msgs/lib:/opt/ros/humble/opt/rviz_ogre_vendor/lib:/opt/ros/humble/lib/x86_64-linux-gnu:/opt/ros/humble/lib /usr/bin/cmake --build /home/joaoferreira/beta/beta_firmware/build/micro_ros_agent -- -j4 -l4
[4.004s] DEBUG:colcon.colcon_core.event_handler.log_command:Invoked command in '/home/joaoferreira/beta/beta_firmware/build/micro_ros_agent' returned '0': CMAKE_PREFIX_PATH=/home/joaoferreira/beta/beta_firmware/install/micro_ros_msgs:/home/joaoferreira/beta/beta_firmware/install/micro_ros_setup:/home/joaoferreira/beta/beta_firmware/install/micro_ros_agent:/home/joaoferreira/microros_ws/install/micro_ros_setup:/home/joaoferreira/microros_ws/install/micro_ros_agent:/home/joaoferreira/microros_ws/install/micro_ros_msgs:/home/joaoferreira/beta/install/beta_controller:/opt/ros/humble LD_LIBRARY_PATH=/home/joaoferreira/beta/beta_firmware/install/micro_ros_msgs/lib:/home/joaoferreira/beta/beta_firmware/install/micro_ros_agent/lib:/home/joaoferreira/microros_ws/install/micro_ros_agent/lib:/home/joaoferreira/microros_ws/install/micro_ros_msgs/lib:/opt/ros/humble/opt/rviz_ogre_vendor/lib:/opt/ros/humble/lib/x86_64-linux-gnu:/opt/ros/humble/lib /usr/bin/cmake --build /home/joaoferreira/beta/beta_firmware/build/micro_ros_agent -- -j4 -l4
[4.006s] DEBUG:colcon.colcon_core.event_handler.log_command:Invoking command in '/home/joaoferreira/beta/beta_firmware/build/micro_ros_agent': CMAKE_PREFIX_PATH=/home/joaoferreira/beta/beta_firmware/install/micro_ros_msgs:/home/joaoferreira/beta/beta_firmware/install/micro_ros_setup:/home/joaoferreira/beta/beta_firmware/install/micro_ros_agent:/home/joaoferreira/microros_ws/install/micro_ros_setup:/home/joaoferreira/microros_ws/install/micro_ros_agent:/home/joaoferreira/microros_ws/install/micro_ros_msgs:/home/joaoferreira/beta/install/beta_controller:/opt/ros/humble LD_LIBRARY_PATH=/home/joaoferreira/beta/beta_firmware/install/micro_ros_msgs/lib:/home/joaoferreira/beta/beta_firmware/install/micro_ros_agent/lib:/home/joaoferreira/microros_ws/install/micro_ros_agent/lib:/home/joaoferreira/microros_ws/install/micro_ros_msgs/lib:/opt/ros/humble/opt/rviz_ogre_vendor/lib:/opt/ros/humble/lib/x86_64-linux-gnu:/opt/ros/humble/lib /usr/bin/cmake --install /home/joaoferreira/beta/beta_firmware/build/micro_ros_agent
[4.025s] Level 1:colcon.colcon_core.environment:create_environment_scripts_only(micro_ros_agent)
[4.026s] Level 1:colcon.colcon_core.environment:checking '/home/joaoferreira/beta/beta_firmware/install/micro_ros_agent' for CMake module files
[4.027s] DEBUG:colcon.colcon_core.event_handler.log_command:Invoked command in '/home/joaoferreira/beta/beta_firmware/build/micro_ros_agent' returned '0': CMAKE_PREFIX_PATH=/home/joaoferreira/beta/beta_firmware/install/micro_ros_msgs:/home/joaoferreira/beta/beta_firmware/install/micro_ros_setup:/home/joaoferreira/beta/beta_firmware/install/micro_ros_agent:/home/joaoferreira/microros_ws/install/micro_ros_setup:/home/joaoferreira/microros_ws/install/micro_ros_agent:/home/joaoferreira/microros_ws/install/micro_ros_msgs:/home/joaoferreira/beta/install/beta_controller:/opt/ros/humble LD_LIBRARY_PATH=/home/joaoferreira/beta/beta_firmware/install/micro_ros_msgs/lib:/home/joaoferreira/beta/beta_firmware/install/micro_ros_agent/lib:/home/joaoferreira/microros_ws/install/micro_ros_agent/lib:/home/joaoferreira/microros_ws/install/micro_ros_msgs/lib:/opt/ros/humble/opt/rviz_ogre_vendor/lib:/opt/ros/humble/lib/x86_64-linux-gnu:/opt/ros/humble/lib /usr/bin/cmake --install /home/joaoferreira/beta/beta_firmware/build/micro_ros_agent
[4.028s] Level 1:colcon.colcon_core.environment:checking '/home/joaoferreira/beta/beta_firmware/install/micro_ros_agent' for CMake config files
[4.029s] Level 1:colcon.colcon_core.shell:create_environment_hook('micro_ros_agent', 'cmake_prefix_path')
[4.029s] INFO:colcon.colcon_core.shell:Creating environment hook '/home/joaoferreira/beta/beta_firmware/install/micro_ros_agent/share/micro_ros_agent/hook/cmake_prefix_path.ps1'
[4.030s] INFO:colcon.colcon_core.shell:Creating environment descriptor '/home/joaoferreira/beta/beta_firmware/install/micro_ros_agent/share/micro_ros_agent/hook/cmake_prefix_path.dsv'
[4.031s] INFO:colcon.colcon_core.shell:Creating environment hook '/home/joaoferreira/beta/beta_firmware/install/micro_ros_agent/share/micro_ros_agent/hook/cmake_prefix_path.sh'
[4.031s] Level 1:colcon.colcon_core.environment:checking '/home/joaoferreira/beta/beta_firmware/install/micro_ros_agent/lib'
[4.031s] Level 1:colcon.colcon_core.shell:create_environment_hook('micro_ros_agent', 'ld_library_path_lib')
[4.032s] INFO:colcon.colcon_core.shell:Creating environment hook '/home/joaoferreira/beta/beta_firmware/install/micro_ros_agent/share/micro_ros_agent/hook/ld_library_path_lib.ps1'
[4.032s] INFO:colcon.colcon_core.shell:Creating environment descriptor '/home/joaoferreira/beta/beta_firmware/install/micro_ros_agent/share/micro_ros_agent/hook/ld_library_path_lib.dsv'
[4.033s] INFO:colcon.colcon_core.shell:Creating environment hook '/home/joaoferreira/beta/beta_firmware/install/micro_ros_agent/share/micro_ros_agent/hook/ld_library_path_lib.sh'
[4.034s] Level 1:colcon.colcon_core.environment:checking '/home/joaoferreira/beta/beta_firmware/install/micro_ros_agent/bin'
[4.034s] Level 1:colcon.colcon_core.environment:checking '/home/joaoferreira/beta/beta_firmware/install/micro_ros_agent/lib/pkgconfig/micro_ros_agent.pc'
[4.034s] Level 1:colcon.colcon_core.environment:checking '/home/joaoferreira/beta/beta_firmware/install/micro_ros_agent/lib/python3.10/site-packages'
[4.035s] Level 1:colcon.colcon_core.environment:checking '/home/joaoferreira/beta/beta_firmware/install/micro_ros_agent/bin'
[4.035s] INFO:colcon.colcon_core.shell:Creating package script '/home/joaoferreira/beta/beta_firmware/install/micro_ros_agent/share/micro_ros_agent/package.ps1'
[4.036s] INFO:colcon.colcon_core.shell:Creating package descriptor '/home/joaoferreira/beta/beta_firmware/install/micro_ros_agent/share/micro_ros_agent/package.dsv'
[4.037s] INFO:colcon.colcon_core.shell:Creating package script '/home/joaoferreira/beta/beta_firmware/install/micro_ros_agent/share/micro_ros_agent/package.sh'
[4.037s] INFO:colcon.colcon_core.shell:Creating package script '/home/joaoferreira/beta/beta_firmware/install/micro_ros_agent/share/micro_ros_agent/package.bash'
[4.038s] INFO:colcon.colcon_core.shell:Creating package script '/home/joaoferreira/beta/beta_firmware/install/micro_ros_agent/share/micro_ros_agent/package.zsh'
[4.038s] Level 1:colcon.colcon_core.environment:create_file_with_runtime_dependencies(/home/joaoferreira/beta/beta_firmware/install/micro_ros_agent/share/colcon-core/packages/micro_ros_agent)
[4.039s] Level 1:colcon.colcon_core.environment:create_environment_scripts_only(micro_ros_agent)
[4.039s] Level 1:colcon.colcon_core.environment:checking '/home/joaoferreira/beta/beta_firmware/install/micro_ros_agent' for CMake module files
[4.040s] Level 1:colcon.colcon_core.environment:checking '/home/joaoferreira/beta/beta_firmware/install/micro_ros_agent' for CMake config files
[4.041s] Level 1:colcon.colcon_core.shell:create_environment_hook('micro_ros_agent', 'cmake_prefix_path')
[4.041s] INFO:colcon.colcon_core.shell:Creating environment hook '/home/joaoferreira/beta/beta_firmware/install/micro_ros_agent/share/micro_ros_agent/hook/cmake_prefix_path.ps1'
[4.042s] INFO:colcon.colcon_core.shell:Creating environment descriptor '/home/joaoferreira/beta/beta_firmware/install/micro_ros_agent/share/micro_ros_agent/hook/cmake_prefix_path.dsv'
[4.042s] INFO:colcon.colcon_core.shell:Creating environment hook '/home/joaoferreira/beta/beta_firmware/install/micro_ros_agent/share/micro_ros_agent/hook/cmake_prefix_path.sh'
[4.043s] Level 1:colcon.colcon_core.environment:checking '/home/joaoferreira/beta/beta_firmware/install/micro_ros_agent/lib'
[4.043s] Level 1:colcon.colcon_core.shell:create_environment_hook('micro_ros_agent', 'ld_library_path_lib')
[4.044s] INFO:colcon.colcon_core.shell:Creating environment hook '/home/joaoferreira/beta/beta_firmware/install/micro_ros_agent/share/micro_ros_agent/hook/ld_library_path_lib.ps1'
[4.044s] INFO:colcon.colcon_core.shell:Creating environment descriptor '/home/joaoferreira/beta/beta_firmware/install/micro_ros_agent/share/micro_ros_agent/hook/ld_library_path_lib.dsv'
[4.045s] INFO:colcon.colcon_core.shell:Creating environment hook '/home/joaoferreira/beta/beta_firmware/install/micro_ros_agent/share/micro_ros_agent/hook/ld_library_path_lib.sh'
[4.045s] Level 1:colcon.colcon_core.environment:checking '/home/joaoferreira/beta/beta_firmware/install/micro_ros_agent/bin'
[4.045s] Level 1:colcon.colcon_core.environment:checking '/home/joaoferreira/beta/beta_firmware/install/micro_ros_agent/lib/pkgconfig/micro_ros_agent.pc'
[4.046s] Level 1:colcon.colcon_core.environment:checking '/home/joaoferreira/beta/beta_firmware/install/micro_ros_agent/lib/python3.10/site-packages'
[4.046s] Level 1:colcon.colcon_core.environment:checking '/home/joaoferreira/beta/beta_firmware/install/micro_ros_agent/bin'
[4.046s] INFO:colcon.colcon_core.shell:Creating package script '/home/joaoferreira/beta/beta_firmware/install/micro_ros_agent/share/micro_ros_agent/package.ps1'
[4.047s] INFO:colcon.colcon_core.shell:Creating package descriptor '/home/joaoferreira/beta/beta_firmware/install/micro_ros_agent/share/micro_ros_agent/package.dsv'
[4.047s] INFO:colcon.colcon_core.shell:Creating package script '/home/joaoferreira/beta/beta_firmware/install/micro_ros_agent/share/micro_ros_agent/package.sh'
[4.048s] INFO:colcon.colcon_core.shell:Creating package script '/home/joaoferreira/beta/beta_firmware/install/micro_ros_agent/share/micro_ros_agent/package.bash'
[4.048s] INFO:colcon.colcon_core.shell:Creating package script '/home/joaoferreira/beta/beta_firmware/install/micro_ros_agent/share/micro_ros_agent/package.zsh'
[4.049s] Level 1:colcon.colcon_core.environment:create_file_with_runtime_dependencies(/home/joaoferreira/beta/beta_firmware/install/micro_ros_agent/share/colcon-core/packages/micro_ros_agent)
[4.049s] DEBUG:colcon.colcon_parallel_executor.executor.parallel:closing loop
[4.050s] DEBUG:colcon.colcon_parallel_executor.executor.parallel:loop closed
[4.050s] DEBUG:colcon.colcon_parallel_executor.executor.parallel:run_until_complete finished with '0'
[4.050s] DEBUG:colcon.colcon_core.event_reactor:joining thread
[4.063s] INFO:colcon.colcon_core.plugin_system:Skipping extension 'colcon_notification.desktop_notification.terminal_notifier': Not used on non-Darwin systems
[4.063s] INFO:colcon.colcon_core.plugin_system:Skipping extension 'colcon_notification.desktop_notification.win32': Not used on non-Windows systems
[4.064s] INFO:colcon.colcon_notification.desktop_notification:Sending desktop notification using 'notify2'
[4.083s] DEBUG:colcon.colcon_core.event_reactor:joined thread
[4.083s] INFO:colcon.colcon_core.shell:Creating prefix script '/home/joaoferreira/beta/beta_firmware/install/local_setup.ps1'
[4.085s] INFO:colcon.colcon_core.shell:Creating prefix util module '/home/joaoferreira/beta/beta_firmware/install/_local_setup_util_ps1.py'
[4.088s] INFO:colcon.colcon_core.shell:Creating prefix chain script '/home/joaoferreira/beta/beta_firmware/install/setup.ps1'
[4.091s] INFO:colcon.colcon_core.shell:Creating prefix script '/home/joaoferreira/beta/beta_firmware/install/local_setup.sh'
[4.093s] INFO:colcon.colcon_core.shell:Creating prefix util module '/home/joaoferreira/beta/beta_firmware/install/_local_setup_util_sh.py'
[4.094s] INFO:colcon.colcon_core.shell:Creating prefix chain script '/home/joaoferreira/beta/beta_firmware/install/setup.sh'
[4.096s] INFO:colcon.colcon_core.shell:Creating prefix script '/home/joaoferreira/beta/beta_firmware/install/local_setup.bash'
[4.097s] INFO:colcon.colcon_core.shell:Creating prefix chain script '/home/joaoferreira/beta/beta_firmware/install/setup.bash'
[4.100s] INFO:colcon.colcon_core.shell:Creating prefix script '/home/joaoferreira/beta/beta_firmware/install/local_setup.zsh'
[4.101s] INFO:colcon.colcon_core.shell:Creating prefix chain script '/home/joaoferreira/beta/beta_firmware/install/setup.zsh'
