[3.611s] Invoking command in '/home/joaoferreira/beta/src/beta_controller': PYTHONPATH=/home/joaoferreira/beta/build/beta_controller/prefix_override:/usr/lib/python3/dist-packages/colcon_core/task/python/colcon_distutils_commands:/home/joaoferreira/beta/install/beta_controller/lib/python3.10/site-packages:${PYTHONPATH} /usr/bin/python3 -W ignore:setup.py install is deprecated -W ignore:easy_install command is deprecated setup.py egg_info --egg-base ../../build/beta_controller build --build-base /home/joaoferreira/beta/build/beta_controller/build install --record /home/joaoferreira/beta/build/beta_controller/install.log --single-version-externally-managed install_data
[4.942s] running egg_info
[4.945s] writing ../../build/beta_controller/beta_controller.egg-info/PKG-INFO
[4.947s] writing dependency_links to ../../build/beta_controller/beta_controller.egg-info/dependency_links.txt
[4.948s] writing entry points to ../../build/beta_controller/beta_controller.egg-info/entry_points.txt
[4.948s] writing requirements to ../../build/beta_controller/beta_controller.egg-info/requires.txt
[4.948s] writing top-level names to ../../build/beta_controller/beta_controller.egg-info/top_level.txt
[4.954s] reading manifest file '../../build/beta_controller/beta_controller.egg-info/SOURCES.txt'
[4.959s] writing manifest file '../../build/beta_controller/beta_controller.egg-info/SOURCES.txt'
[4.960s] running build
[4.961s] running build_py
[4.961s] running install
[4.961s] running install_lib
[4.961s] running install_data
[4.962s] running install_egg_info
[4.968s] removing '/home/joaoferreira/beta/install/beta_controller/lib/python3.10/site-packages/beta_controller-0.0.0-py3.10.egg-info' (and everything under it)
[4.970s] Copying ../../build/beta_controller/beta_controller.egg-info to /home/joaoferreira/beta/install/beta_controller/lib/python3.10/site-packages/beta_controller-0.0.0-py3.10.egg-info
[5.000s] running install_scripts
[5.040s] Installing beta_gui script to /home/joaoferreira/beta/install/beta_controller/lib/beta_controller
[5.043s] Installing beta_motion_planner script to /home/joaoferreira/beta/install/beta_controller/lib/beta_controller
[5.043s] writing list of installed files to '/home/joaoferreira/beta/build/beta_controller/install.log'
[5.095s] Invoked command in '/home/joaoferreira/beta/src/beta_controller' returned '0': PYTHONPATH=/home/joaoferreira/beta/build/beta_controller/prefix_override:/usr/lib/python3/dist-packages/colcon_core/task/python/colcon_distutils_commands:/home/joaoferreira/beta/install/beta_controller/lib/python3.10/site-packages:${PYTHONPATH} /usr/bin/python3 -W ignore:setup.py install is deprecated -W ignore:easy_install command is deprecated setup.py egg_info --egg-base ../../build/beta_controller build --build-base /home/joaoferreira/beta/build/beta_controller/build install --record /home/joaoferreira/beta/build/beta_controller/install.log --single-version-externally-managed install_data
