[1.225s] Invoking command in '/home/joaoferreira/beta/src/beta_controller': PYTHONPATH=/home/joaoferreira/beta/build/beta_controller/prefix_override:/usr/lib/python3/dist-packages/colcon_core/task/python/colcon_distutils_commands:/home/joaoferreira/beta/install/beta_controller/lib/python3.10/site-packages:${PYTHONPATH} /usr/bin/python3 -W ignore:setup.py install is deprecated -W ignore:easy_install command is deprecated setup.py egg_info --egg-base ../../build/beta_controller build --build-base /home/joaoferreira/beta/build/beta_controller/build install --record /home/joaoferreira/beta/build/beta_controller/install.log --single-version-externally-managed install_data
[1.716s] running egg_info
[1.717s] writing ../../build/beta_controller/beta_controller.egg-info/PKG-INFO
[1.718s] writing dependency_links to ../../build/beta_controller/beta_controller.egg-info/dependency_links.txt
[1.718s] writing entry points to ../../build/beta_controller/beta_controller.egg-info/entry_points.txt
[1.718s] writing requirements to ../../build/beta_controller/beta_controller.egg-info/requires.txt
[1.718s] writing top-level names to ../../build/beta_controller/beta_controller.egg-info/top_level.txt
[1.721s] reading manifest file '../../build/beta_controller/beta_controller.egg-info/SOURCES.txt'
[1.722s] writing manifest file '../../build/beta_controller/beta_controller.egg-info/SOURCES.txt'
[1.722s] running build
[1.723s] running build_py
[1.723s] copying beta_controller/frontEnd.py -> /home/joaoferreira/beta/build/beta_controller/build/lib/beta_controller
[1.723s] running install
[1.723s] running install_lib
[1.724s] copying /home/joaoferreira/beta/build/beta_controller/build/lib/beta_controller/frontEnd.py -> /home/joaoferreira/beta/install/beta_controller/lib/python3.10/site-packages/beta_controller
[1.725s] byte-compiling /home/joaoferreira/beta/install/beta_controller/lib/python3.10/site-packages/beta_controller/frontEnd.py to frontEnd.cpython-310.pyc
[1.730s] running install_data
[1.730s] running install_egg_info
[1.733s] removing '/home/joaoferreira/beta/install/beta_controller/lib/python3.10/site-packages/beta_controller-0.0.0-py3.10.egg-info' (and everything under it)
[1.733s] Copying ../../build/beta_controller/beta_controller.egg-info to /home/joaoferreira/beta/install/beta_controller/lib/python3.10/site-packages/beta_controller-0.0.0-py3.10.egg-info
[1.734s] running install_scripts
[1.763s] Installing beta_gui script to /home/joaoferreira/beta/install/beta_controller/lib/beta_controller
[1.763s] Installing beta_motion_planner script to /home/joaoferreira/beta/install/beta_controller/lib/beta_controller
[1.764s] writing list of installed files to '/home/joaoferreira/beta/build/beta_controller/install.log'
[1.798s] Invoked command in '/home/joaoferreira/beta/src/beta_controller' returned '0': PYTHONPATH=/home/joaoferreira/beta/build/beta_controller/prefix_override:/usr/lib/python3/dist-packages/colcon_core/task/python/colcon_distutils_commands:/home/joaoferreira/beta/install/beta_controller/lib/python3.10/site-packages:${PYTHONPATH} /usr/bin/python3 -W ignore:setup.py install is deprecated -W ignore:easy_install command is deprecated setup.py egg_info --egg-base ../../build/beta_controller build --build-base /home/joaoferreira/beta/build/beta_controller/build install --record /home/joaoferreira/beta/build/beta_controller/install.log --single-version-externally-managed install_data
