[2.734s] Invoking command in '/home/joaoferreira/beta/src/beta_controller': PYTHONPATH=/home/joaoferreira/beta/build/beta_controller/prefix_override:/usr/lib/python3/dist-packages/colcon_core/task/python/colcon_distutils_commands:/home/joaoferreira/beta/install/beta_controller/lib/python3.10/site-packages:${PYTHONPATH} /usr/bin/python3 -W ignore:setup.py install is deprecated -W ignore:easy_install command is deprecated setup.py egg_info --egg-base ../../build/beta_controller build --build-base /home/joaoferreira/beta/build/beta_controller/build install --record /home/joaoferreira/beta/build/beta_controller/install.log --single-version-externally-managed install_data
[3.055s] running egg_info
[3.056s] writing ../../build/beta_controller/beta_controller.egg-info/PKG-INFO
[3.067s] writing dependency_links to ../../build/beta_controller/beta_controller.egg-info/dependency_links.txt
[3.067s] writing entry points to ../../build/beta_controller/beta_controller.egg-info/entry_points.txt
[3.067s] writing requirements to ../../build/beta_controller/beta_controller.egg-info/requires.txt
[3.068s] writing top-level names to ../../build/beta_controller/beta_controller.egg-info/top_level.txt
[3.071s] reading manifest file '../../build/beta_controller/beta_controller.egg-info/SOURCES.txt'
[3.090s] writing manifest file '../../build/beta_controller/beta_controller.egg-info/SOURCES.txt'
[3.090s] running build
[3.090s] running build_py
[3.092s] copying beta_controller/beta_motion_planner.py -> /home/joaoferreira/beta/build/beta_controller/build/lib/beta_controller
[3.092s] running install
[3.093s] running install_lib
[3.095s] copying /home/joaoferreira/beta/build/beta_controller/build/lib/beta_controller/beta_motion_planner.py -> /home/joaoferreira/beta/install/beta_controller/lib/python3.10/site-packages/beta_controller
[3.096s] byte-compiling /home/joaoferreira/beta/install/beta_controller/lib/python3.10/site-packages/beta_controller/beta_motion_planner.py to beta_motion_planner.cpython-310.pyc
[3.099s] running install_data
[3.099s] running install_egg_info
[3.101s] removing '/home/joaoferreira/beta/install/beta_controller/lib/python3.10/site-packages/beta_controller-0.0.0-py3.10.egg-info' (and everything under it)
[3.103s] Copying ../../build/beta_controller/beta_controller.egg-info to /home/joaoferreira/beta/install/beta_controller/lib/python3.10/site-packages/beta_controller-0.0.0-py3.10.egg-info
[3.142s] running install_scripts
[3.188s] Installing beta_gui script to /home/joaoferreira/beta/install/beta_controller/lib/beta_controller
[3.189s] Installing beta_motion_planner script to /home/joaoferreira/beta/install/beta_controller/lib/beta_controller
[3.190s] writing list of installed files to '/home/joaoferreira/beta/build/beta_controller/install.log'
[3.259s] Invoked command in '/home/joaoferreira/beta/src/beta_controller' returned '0': PYTHONPATH=/home/joaoferreira/beta/build/beta_controller/prefix_override:/usr/lib/python3/dist-packages/colcon_core/task/python/colcon_distutils_commands:/home/joaoferreira/beta/install/beta_controller/lib/python3.10/site-packages:${PYTHONPATH} /usr/bin/python3 -W ignore:setup.py install is deprecated -W ignore:easy_install command is deprecated setup.py egg_info --egg-base ../../build/beta_controller build --build-base /home/joaoferreira/beta/build/beta_controller/build install --record /home/joaoferreira/beta/build/beta_controller/install.log --single-version-externally-managed install_data
