[6.769s] Invoking command in '/home/joaoferreira/beta/src/beta_controller': PYTHONPATH=/home/joaoferreira/beta/build/beta_controller/prefix_override:/usr/lib/python3/dist-packages/colcon_core/task/python/colcon_distutils_commands:/home/joaoferreira/beta/install/beta_controller/lib/python3.10/site-packages:${PYTHONPATH} /usr/bin/python3 -W ignore:setup.py install is deprecated -W ignore:easy_install command is deprecated setup.py egg_info --egg-base ../../build/beta_controller build --build-base /home/joaoferreira/beta/build/beta_controller/build install --record /home/joaoferreira/beta/build/beta_controller/install.log --single-version-externally-managed install_data
[7.197s] running egg_info
[7.200s] writing ../../build/beta_controller/beta_controller.egg-info/PKG-INFO
[7.200s] writing dependency_links to ../../build/beta_controller/beta_controller.egg-info/dependency_links.txt
[7.202s] writing entry points to ../../build/beta_controller/beta_controller.egg-info/entry_points.txt
[7.202s] writing requirements to ../../build/beta_controller/beta_controller.egg-info/requires.txt
[7.203s] writing top-level names to ../../build/beta_controller/beta_controller.egg-info/top_level.txt
[7.204s] reading manifest file '../../build/beta_controller/beta_controller.egg-info/SOURCES.txt'
[7.235s] writing manifest file '../../build/beta_controller/beta_controller.egg-info/SOURCES.txt'
[7.235s] running build
[7.235s] running build_py
[7.237s] running install
[7.237s] running install_lib
[7.240s] running install_data
[7.240s] running install_egg_info
[7.244s] removing '/home/joaoferreira/beta/install/beta_controller/lib/python3.10/site-packages/beta_controller-0.0.0-py3.10.egg-info' (and everything under it)
[7.283s] Copying ../../build/beta_controller/beta_controller.egg-info to /home/joaoferreira/beta/install/beta_controller/lib/python3.10/site-packages/beta_controller-0.0.0-py3.10.egg-info
[7.372s] running install_scripts
[7.401s] Installing beta_gui script to /home/joaoferreira/beta/install/beta_controller/lib/beta_controller
[7.401s] Installing beta_motion_planner script to /home/joaoferreira/beta/install/beta_controller/lib/beta_controller
[7.401s] writing list of installed files to '/home/joaoferreira/beta/build/beta_controller/install.log'
[7.444s] Invoked command in '/home/joaoferreira/beta/src/beta_controller' returned '0': PYTHONPATH=/home/joaoferreira/beta/build/beta_controller/prefix_override:/usr/lib/python3/dist-packages/colcon_core/task/python/colcon_distutils_commands:/home/joaoferreira/beta/install/beta_controller/lib/python3.10/site-packages:${PYTHONPATH} /usr/bin/python3 -W ignore:setup.py install is deprecated -W ignore:easy_install command is deprecated setup.py egg_info --egg-base ../../build/beta_controller build --build-base /home/joaoferreira/beta/build/beta_controller/build install --record /home/joaoferreira/beta/build/beta_controller/install.log --single-version-externally-managed install_data
