[0.216s] Invoking command in '/home/joaoferreira/microros_ws/build/micro_ros_msgs': CMAKE_PREFIX_PATH=${CMAKE_PREFIX_PATH}:/opt/ros/humble /usr/bin/cmake --build /home/joaoferreira/microros_ws/build/micro_ros_msgs -- -j4 -l4
[4.621s] [  2%] Built target micro_ros_msgs__cpp
[4.859s] [  2%] Built target ament_cmake_python_copy_micro_ros_msgs
[4.962s] [35m[1mConsolidate compiler generated dependencies of target micro_ros_msgs__rosidl_typesupport_fastrtps_cpp[0m
[4.991s] [ 12%] Built target micro_ros_msgs__rosidl_typesupport_fastrtps_cpp
[5.259s] [35m[1mConsolidate compiler generated dependencies of target micro_ros_msgs__rosidl_typesupport_introspection_cpp[0m
[5.287s] [ 23%] Built target micro_ros_msgs__rosidl_typesupport_introspection_cpp
[6.193s] running egg_info
[6.196s] writing micro_ros_msgs.egg-info/PKG-INFO
[6.196s] writing dependency_links to micro_ros_msgs.egg-info/dependency_links.txt
[6.197s] writing top-level names to micro_ros_msgs.egg-info/top_level.txt
[6.255s] reading manifest file 'micro_ros_msgs.egg-info/SOURCES.txt'
[6.288s] writing manifest file 'micro_ros_msgs.egg-info/SOURCES.txt'
[6.345s] [ 23%] Built target ament_cmake_python_build_micro_ros_msgs_egg
[6.544s] [35m[1mConsolidate compiler generated dependencies of target micro_ros_msgs__rosidl_typesupport_cpp[0m
[6.570s] [ 34%] Built target micro_ros_msgs__rosidl_typesupport_cpp
[6.878s] [35m[1mConsolidate compiler generated dependencies of target micro_ros_msgs__rosidl_generator_c[0m
[6.897s] [ 44%] Built target micro_ros_msgs__rosidl_generator_c
[7.130s] [35m[1mConsolidate compiler generated dependencies of target micro_ros_msgs__rosidl_typesupport_fastrtps_c[0m
[7.159s] [ 55%] Built target micro_ros_msgs__rosidl_typesupport_fastrtps_c
[7.282s] [35m[1mConsolidate compiler generated dependencies of target micro_ros_msgs__rosidl_typesupport_c[0m
[7.308s] [ 65%] Built target micro_ros_msgs__rosidl_typesupport_c
[7.356s] [35m[1mConsolidate compiler generated dependencies of target micro_ros_msgs__rosidl_typesupport_introspection_c[0m
[7.383s] [ 76%] Built target micro_ros_msgs__rosidl_typesupport_introspection_c
[7.459s] [ 76%] Built target micro_ros_msgs
[7.529s] [ 78%] Built target micro_ros_msgs__py
[7.553s] [35m[1mConsolidate compiler generated dependencies of target micro_ros_msgs__rosidl_generator_py[0m
[7.647s] [ 87%] Built target micro_ros_msgs__rosidl_generator_py
[7.711s] [35m[1mConsolidate compiler generated dependencies of target micro_ros_msgs__rosidl_typesupport_fastrtps_c__pyext[0m
[7.737s] [ 91%] Built target micro_ros_msgs__rosidl_typesupport_fastrtps_c__pyext
[7.882s] [35m[1mConsolidate compiler generated dependencies of target micro_ros_msgs__rosidl_typesupport_c__pyext[0m
[7.909s] [ 95%] Built target micro_ros_msgs__rosidl_typesupport_c__pyext
[7.973s] [35m[1mConsolidate compiler generated dependencies of target micro_ros_msgs__rosidl_typesupport_introspection_c__pyext[0m
[7.998s] [100%] Built target micro_ros_msgs__rosidl_typesupport_introspection_c__pyext
[8.041s] Invoked command in '/home/joaoferreira/microros_ws/build/micro_ros_msgs' returned '0': CMAKE_PREFIX_PATH=${CMAKE_PREFIX_PATH}:/opt/ros/humble /usr/bin/cmake --build /home/joaoferreira/microros_ws/build/micro_ros_msgs -- -j4 -l4
[8.225s] Invoking command in '/home/joaoferreira/microros_ws/build/micro_ros_msgs': CMAKE_PREFIX_PATH=${CMAKE_PREFIX_PATH}:/opt/ros/humble /usr/bin/cmake --install /home/joaoferreira/microros_ws/build/micro_ros_msgs
[8.271s] -- Install configuration: ""
[8.334s] -- Up-to-date: /home/joaoferreira/microros_ws/install/micro_ros_msgs/share/ament_index/resource_index/rosidl_interfaces/micro_ros_msgs
[8.364s] -- Up-to-date: /home/joaoferreira/microros_ws/install/micro_ros_msgs/include/micro_ros_msgs/micro_ros_msgs
[8.365s] -- Up-to-date: /home/joaoferreira/microros_ws/install/micro_ros_msgs/include/micro_ros_msgs/micro_ros_msgs/msg
[8.365s] -- Up-to-date: /home/joaoferreira/microros_ws/install/micro_ros_msgs/include/micro_ros_msgs/micro_ros_msgs/msg/detail
[8.370s] -- Up-to-date: /home/joaoferreira/microros_ws/install/micro_ros_msgs/include/micro_ros_msgs/micro_ros_msgs/msg/detail/entity__struct.h
[8.370s] -- Up-to-date: /home/joaoferreira/microros_ws/install/micro_ros_msgs/include/micro_ros_msgs/micro_ros_msgs/msg/detail/entity__functions.h
[8.370s] -- Up-to-date: /home/joaoferreira/microros_ws/install/micro_ros_msgs/include/micro_ros_msgs/micro_ros_msgs/msg/detail/node__type_support.h
[8.371s] -- Up-to-date: /home/joaoferreira/microros_ws/install/micro_ros_msgs/include/micro_ros_msgs/micro_ros_msgs/msg/detail/graph__functions.c
[8.371s] -- Up-to-date: /home/joaoferreira/microros_ws/install/micro_ros_msgs/include/micro_ros_msgs/micro_ros_msgs/msg/detail/graph__functions.h
[8.371s] -- Up-to-date: /home/joaoferreira/microros_ws/install/micro_ros_msgs/include/micro_ros_msgs/micro_ros_msgs/msg/detail/entity__functions.c
[8.371s] -- Up-to-date: /home/joaoferreira/microros_ws/install/micro_ros_msgs/include/micro_ros_msgs/micro_ros_msgs/msg/detail/graph__struct.h
[8.371s] -- Up-to-date: /home/joaoferreira/microros_ws/install/micro_ros_msgs/include/micro_ros_msgs/micro_ros_msgs/msg/detail/graph__type_support.h
[8.371s] -- Up-to-date: /home/joaoferreira/microros_ws/install/micro_ros_msgs/include/micro_ros_msgs/micro_ros_msgs/msg/detail/node__functions.h
[8.371s] -- Up-to-date: /home/joaoferreira/microros_ws/install/micro_ros_msgs/include/micro_ros_msgs/micro_ros_msgs/msg/detail/node__functions.c
[8.372s] -- Up-to-date: /home/joaoferreira/microros_ws/install/micro_ros_msgs/include/micro_ros_msgs/micro_ros_msgs/msg/detail/node__struct.h
[8.372s] -- Up-to-date: /home/joaoferreira/microros_ws/install/micro_ros_msgs/include/micro_ros_msgs/micro_ros_msgs/msg/detail/entity__type_support.h
[8.372s] -- Up-to-date: /home/joaoferreira/microros_ws/install/micro_ros_msgs/include/micro_ros_msgs/micro_ros_msgs/msg/entity.h
[8.372s] -- Up-to-date: /home/joaoferreira/microros_ws/install/micro_ros_msgs/include/micro_ros_msgs/micro_ros_msgs/msg/graph.h
[8.372s] -- Up-to-date: /home/joaoferreira/microros_ws/install/micro_ros_msgs/include/micro_ros_msgs/micro_ros_msgs/msg/rosidl_generator_c__visibility_control.h
[8.373s] -- Up-to-date: /home/joaoferreira/microros_ws/install/micro_ros_msgs/include/micro_ros_msgs/micro_ros_msgs/msg/node.h
[8.373s] -- Up-to-date: /home/joaoferreira/microros_ws/install/micro_ros_msgs/share/micro_ros_msgs/environment/library_path.sh
[8.373s] -- Up-to-date: /home/joaoferreira/microros_ws/install/micro_ros_msgs/share/micro_ros_msgs/environment/library_path.dsv
[8.470s] -- Up-to-date: /home/joaoferreira/microros_ws/install/micro_ros_msgs/lib/libmicro_ros_msgs__rosidl_generator_c.so
[8.471s] -- Up-to-date: /home/joaoferreira/microros_ws/install/micro_ros_msgs/include/micro_ros_msgs/micro_ros_msgs
[8.471s] -- Up-to-date: /home/joaoferreira/microros_ws/install/micro_ros_msgs/include/micro_ros_msgs/micro_ros_msgs/msg
[8.471s] -- Up-to-date: /home/joaoferreira/microros_ws/install/micro_ros_msgs/include/micro_ros_msgs/micro_ros_msgs/msg/detail
[8.471s] -- Up-to-date: /home/joaoferreira/microros_ws/install/micro_ros_msgs/include/micro_ros_msgs/micro_ros_msgs/msg/detail/node__rosidl_typesupport_fastrtps_c.h
[8.471s] -- Up-to-date: /home/joaoferreira/microros_ws/install/micro_ros_msgs/include/micro_ros_msgs/micro_ros_msgs/msg/detail/entity__rosidl_typesupport_fastrtps_c.h
[8.471s] -- Up-to-date: /home/joaoferreira/microros_ws/install/micro_ros_msgs/include/micro_ros_msgs/micro_ros_msgs/msg/detail/graph__rosidl_typesupport_fastrtps_c.h
[8.472s] -- Up-to-date: /home/joaoferreira/microros_ws/install/micro_ros_msgs/include/micro_ros_msgs/micro_ros_msgs/msg/rosidl_typesupport_fastrtps_c__visibility_control.h
[8.472s] -- Up-to-date: /home/joaoferreira/microros_ws/install/micro_ros_msgs/lib/libmicro_ros_msgs__rosidl_typesupport_fastrtps_c.so
[8.472s] -- Up-to-date: /home/joaoferreira/microros_ws/install/micro_ros_msgs/include/micro_ros_msgs/micro_ros_msgs
[8.472s] -- Up-to-date: /home/joaoferreira/microros_ws/install/micro_ros_msgs/include/micro_ros_msgs/micro_ros_msgs/msg
[8.473s] -- Up-to-date: /home/joaoferreira/microros_ws/install/micro_ros_msgs/include/micro_ros_msgs/micro_ros_msgs/msg/detail
[8.473s] -- Up-to-date: /home/joaoferreira/microros_ws/install/micro_ros_msgs/include/micro_ros_msgs/micro_ros_msgs/msg/detail/graph__type_support.c
[8.473s] -- Up-to-date: /home/joaoferreira/microros_ws/install/micro_ros_msgs/include/micro_ros_msgs/micro_ros_msgs/msg/detail/node__type_support.c
[8.473s] -- Up-to-date: /home/joaoferreira/microros_ws/install/micro_ros_msgs/include/micro_ros_msgs/micro_ros_msgs/msg/detail/graph__rosidl_typesupport_introspection_c.h
[8.473s] -- Up-to-date: /home/joaoferreira/microros_ws/install/micro_ros_msgs/include/micro_ros_msgs/micro_ros_msgs/msg/detail/entity__rosidl_typesupport_introspection_c.h
[8.473s] -- Up-to-date: /home/joaoferreira/microros_ws/install/micro_ros_msgs/include/micro_ros_msgs/micro_ros_msgs/msg/detail/entity__type_support.c
[8.473s] -- Up-to-date: /home/joaoferreira/microros_ws/install/micro_ros_msgs/include/micro_ros_msgs/micro_ros_msgs/msg/detail/node__rosidl_typesupport_introspection_c.h
[8.474s] -- Up-to-date: /home/joaoferreira/microros_ws/install/micro_ros_msgs/include/micro_ros_msgs/micro_ros_msgs/msg/rosidl_typesupport_introspection_c__visibility_control.h
[8.474s] -- Up-to-date: /home/joaoferreira/microros_ws/install/micro_ros_msgs/lib/libmicro_ros_msgs__rosidl_typesupport_introspection_c.so
[8.474s] -- Up-to-date: /home/joaoferreira/microros_ws/install/micro_ros_msgs/lib/libmicro_ros_msgs__rosidl_typesupport_c.so
[8.475s] -- Up-to-date: /home/joaoferreira/microros_ws/install/micro_ros_msgs/include/micro_ros_msgs/micro_ros_msgs
[8.475s] -- Up-to-date: /home/joaoferreira/microros_ws/install/micro_ros_msgs/include/micro_ros_msgs/micro_ros_msgs/msg
[8.476s] -- Up-to-date: /home/joaoferreira/microros_ws/install/micro_ros_msgs/include/micro_ros_msgs/micro_ros_msgs/msg/entity.hpp
[8.476s] -- Up-to-date: /home/joaoferreira/microros_ws/install/micro_ros_msgs/include/micro_ros_msgs/micro_ros_msgs/msg/detail
[8.476s] -- Up-to-date: /home/joaoferreira/microros_ws/install/micro_ros_msgs/include/micro_ros_msgs/micro_ros_msgs/msg/detail/node__builder.hpp
[8.477s] -- Up-to-date: /home/joaoferreira/microros_ws/install/micro_ros_msgs/include/micro_ros_msgs/micro_ros_msgs/msg/detail/node__type_support.hpp
[8.477s] -- Up-to-date: /home/joaoferreira/microros_ws/install/micro_ros_msgs/include/micro_ros_msgs/micro_ros_msgs/msg/detail/graph__traits.hpp
[8.477s] -- Up-to-date: /home/joaoferreira/microros_ws/install/micro_ros_msgs/include/micro_ros_msgs/micro_ros_msgs/msg/detail/entity__type_support.hpp
[8.477s] -- Up-to-date: /home/joaoferreira/microros_ws/install/micro_ros_msgs/include/micro_ros_msgs/micro_ros_msgs/msg/detail/node__struct.hpp
[8.477s] -- Up-to-date: /home/joaoferreira/microros_ws/install/micro_ros_msgs/include/micro_ros_msgs/micro_ros_msgs/msg/detail/entity__builder.hpp
[8.478s] -- Up-to-date: /home/joaoferreira/microros_ws/install/micro_ros_msgs/include/micro_ros_msgs/micro_ros_msgs/msg/detail/entity__struct.hpp
[8.478s] -- Up-to-date: /home/joaoferreira/microros_ws/install/micro_ros_msgs/include/micro_ros_msgs/micro_ros_msgs/msg/detail/graph__type_support.hpp
[8.478s] -- Up-to-date: /home/joaoferreira/microros_ws/install/micro_ros_msgs/include/micro_ros_msgs/micro_ros_msgs/msg/detail/entity__traits.hpp
[8.478s] -- Up-to-date: /home/joaoferreira/microros_ws/install/micro_ros_msgs/include/micro_ros_msgs/micro_ros_msgs/msg/detail/graph__builder.hpp
[8.479s] -- Up-to-date: /home/joaoferreira/microros_ws/install/micro_ros_msgs/include/micro_ros_msgs/micro_ros_msgs/msg/detail/node__traits.hpp
[8.479s] -- Up-to-date: /home/joaoferreira/microros_ws/install/micro_ros_msgs/include/micro_ros_msgs/micro_ros_msgs/msg/detail/graph__struct.hpp
[8.479s] -- Up-to-date: /home/joaoferreira/microros_ws/install/micro_ros_msgs/include/micro_ros_msgs/micro_ros_msgs/msg/node.hpp
[8.479s] -- Up-to-date: /home/joaoferreira/microros_ws/install/micro_ros_msgs/include/micro_ros_msgs/micro_ros_msgs/msg/rosidl_generator_cpp__visibility_control.hpp
[8.479s] -- Up-to-date: /home/joaoferreira/microros_ws/install/micro_ros_msgs/include/micro_ros_msgs/micro_ros_msgs/msg/graph.hpp
[8.479s] -- Up-to-date: /home/joaoferreira/microros_ws/install/micro_ros_msgs/include/micro_ros_msgs/micro_ros_msgs
[8.480s] -- Up-to-date: /home/joaoferreira/microros_ws/install/micro_ros_msgs/include/micro_ros_msgs/micro_ros_msgs/msg
[8.480s] -- Up-to-date: /home/joaoferreira/microros_ws/install/micro_ros_msgs/include/micro_ros_msgs/micro_ros_msgs/msg/detail
[8.480s] -- Up-to-date: /home/joaoferreira/microros_ws/install/micro_ros_msgs/include/micro_ros_msgs/micro_ros_msgs/msg/detail/graph__rosidl_typesupport_fastrtps_cpp.hpp
[8.480s] -- Up-to-date: /home/joaoferreira/microros_ws/install/micro_ros_msgs/include/micro_ros_msgs/micro_ros_msgs/msg/detail/node__rosidl_typesupport_fastrtps_cpp.hpp
[8.480s] -- Up-to-date: /home/joaoferreira/microros_ws/install/micro_ros_msgs/include/micro_ros_msgs/micro_ros_msgs/msg/detail/entity__rosidl_typesupport_fastrtps_cpp.hpp
[8.480s] -- Up-to-date: /home/joaoferreira/microros_ws/install/micro_ros_msgs/include/micro_ros_msgs/micro_ros_msgs/msg/detail/dds_fastrtps
[8.480s] -- Up-to-date: /home/joaoferreira/microros_ws/install/micro_ros_msgs/include/micro_ros_msgs/micro_ros_msgs/msg/rosidl_typesupport_fastrtps_cpp__visibility_control.h
[8.522s] -- Up-to-date: /home/joaoferreira/microros_ws/install/micro_ros_msgs/lib/libmicro_ros_msgs__rosidl_typesupport_fastrtps_cpp.so
[8.522s] -- Up-to-date: /home/joaoferreira/microros_ws/install/micro_ros_msgs/include/micro_ros_msgs/micro_ros_msgs
[8.523s] -- Up-to-date: /home/joaoferreira/microros_ws/install/micro_ros_msgs/include/micro_ros_msgs/micro_ros_msgs/msg
[8.523s] -- Up-to-date: /home/joaoferreira/microros_ws/install/micro_ros_msgs/include/micro_ros_msgs/micro_ros_msgs/msg/detail
[8.523s] -- Up-to-date: /home/joaoferreira/microros_ws/install/micro_ros_msgs/include/micro_ros_msgs/micro_ros_msgs/msg/detail/graph__type_support.cpp
[8.523s] -- Up-to-date: /home/joaoferreira/microros_ws/install/micro_ros_msgs/include/micro_ros_msgs/micro_ros_msgs/msg/detail/entity__rosidl_typesupport_introspection_cpp.hpp
[8.523s] -- Up-to-date: /home/joaoferreira/microros_ws/install/micro_ros_msgs/include/micro_ros_msgs/micro_ros_msgs/msg/detail/graph__rosidl_typesupport_introspection_cpp.hpp
[8.523s] -- Up-to-date: /home/joaoferreira/microros_ws/install/micro_ros_msgs/include/micro_ros_msgs/micro_ros_msgs/msg/detail/entity__type_support.cpp
[8.523s] -- Up-to-date: /home/joaoferreira/microros_ws/install/micro_ros_msgs/include/micro_ros_msgs/micro_ros_msgs/msg/detail/node__rosidl_typesupport_introspection_cpp.hpp
[8.523s] -- Up-to-date: /home/joaoferreira/microros_ws/install/micro_ros_msgs/include/micro_ros_msgs/micro_ros_msgs/msg/detail/node__type_support.cpp
[8.554s] -- Up-to-date: /home/joaoferreira/microros_ws/install/micro_ros_msgs/lib/libmicro_ros_msgs__rosidl_typesupport_introspection_cpp.so
[8.623s] -- Up-to-date: /home/joaoferreira/microros_ws/install/micro_ros_msgs/lib/libmicro_ros_msgs__rosidl_typesupport_cpp.so
[8.624s] -- Up-to-date: /home/joaoferreira/microros_ws/install/micro_ros_msgs/share/micro_ros_msgs/environment/pythonpath.sh
[8.624s] -- Up-to-date: /home/joaoferreira/microros_ws/install/micro_ros_msgs/share/micro_ros_msgs/environment/pythonpath.dsv
[8.624s] -- Up-to-date: /home/joaoferreira/microros_ws/install/micro_ros_msgs/local/lib/python3.10/dist-packages/micro_ros_msgs-3.0.1-py3.10.egg-info
[8.625s] -- Installing: /home/joaoferreira/microros_ws/install/micro_ros_msgs/local/lib/python3.10/dist-packages/micro_ros_msgs-3.0.1-py3.10.egg-info/SOURCES.txt
[8.625s] -- Installing: /home/joaoferreira/microros_ws/install/micro_ros_msgs/local/lib/python3.10/dist-packages/micro_ros_msgs-3.0.1-py3.10.egg-info/dependency_links.txt
[8.625s] -- Installing: /home/joaoferreira/microros_ws/install/micro_ros_msgs/local/lib/python3.10/dist-packages/micro_ros_msgs-3.0.1-py3.10.egg-info/top_level.txt
[8.625s] -- Installing: /home/joaoferreira/microros_ws/install/micro_ros_msgs/local/lib/python3.10/dist-packages/micro_ros_msgs-3.0.1-py3.10.egg-info/PKG-INFO
[8.625s] -- Up-to-date: /home/joaoferreira/microros_ws/install/micro_ros_msgs/local/lib/python3.10/dist-packages/micro_ros_msgs
[8.626s] -- Up-to-date: /home/joaoferreira/microros_ws/install/micro_ros_msgs/local/lib/python3.10/dist-packages/micro_ros_msgs/libmicro_ros_msgs__rosidl_generator_py.so
[8.626s] -- Up-to-date: /home/joaoferreira/microros_ws/install/micro_ros_msgs/local/lib/python3.10/dist-packages/micro_ros_msgs/msg
[8.633s] -- Up-to-date: /home/joaoferreira/microros_ws/install/micro_ros_msgs/local/lib/python3.10/dist-packages/micro_ros_msgs/msg/_entity_s.c
[8.633s] -- Up-to-date: /home/joaoferreira/microros_ws/install/micro_ros_msgs/local/lib/python3.10/dist-packages/micro_ros_msgs/msg/_node.py
[8.634s] -- Up-to-date: /home/joaoferreira/microros_ws/install/micro_ros_msgs/local/lib/python3.10/dist-packages/micro_ros_msgs/msg/_graph.py
[8.634s] -- Up-to-date: /home/joaoferreira/microros_ws/install/micro_ros_msgs/local/lib/python3.10/dist-packages/micro_ros_msgs/msg/_node_s.c
[8.634s] -- Up-to-date: /home/joaoferreira/microros_ws/install/micro_ros_msgs/local/lib/python3.10/dist-packages/micro_ros_msgs/msg/_graph_s.c
[8.634s] -- Up-to-date: /home/joaoferreira/microros_ws/install/micro_ros_msgs/local/lib/python3.10/dist-packages/micro_ros_msgs/msg/_entity.py
[8.635s] -- Up-to-date: /home/joaoferreira/microros_ws/install/micro_ros_msgs/local/lib/python3.10/dist-packages/micro_ros_msgs/msg/__init__.py
[8.635s] -- Up-to-date: /home/joaoferreira/microros_ws/install/micro_ros_msgs/local/lib/python3.10/dist-packages/micro_ros_msgs/_micro_ros_msgs_s.ep.rosidl_typesupport_c.c
[8.635s] -- Up-to-date: /home/joaoferreira/microros_ws/install/micro_ros_msgs/local/lib/python3.10/dist-packages/micro_ros_msgs/micro_ros_msgs_s__rosidl_typesupport_introspection_c.cpython-310-x86_64-linux-gnu.so
[8.635s] -- Up-to-date: /home/joaoferreira/microros_ws/install/micro_ros_msgs/local/lib/python3.10/dist-packages/micro_ros_msgs/_micro_ros_msgs_s.ep.rosidl_typesupport_introspection_c.c
[8.635s] -- Up-to-date: /home/joaoferreira/microros_ws/install/micro_ros_msgs/local/lib/python3.10/dist-packages/micro_ros_msgs/micro_ros_msgs_s__rosidl_typesupport_c.cpython-310-x86_64-linux-gnu.so
[8.635s] -- Up-to-date: /home/joaoferreira/microros_ws/install/micro_ros_msgs/local/lib/python3.10/dist-packages/micro_ros_msgs/_micro_ros_msgs_s.ep.rosidl_typesupport_fastrtps_c.c
[8.635s] -- Up-to-date: /home/joaoferreira/microros_ws/install/micro_ros_msgs/local/lib/python3.10/dist-packages/micro_ros_msgs/micro_ros_msgs_s__rosidl_typesupport_fastrtps_c.cpython-310-x86_64-linux-gnu.so
[8.636s] -- Up-to-date: /home/joaoferreira/microros_ws/install/micro_ros_msgs/local/lib/python3.10/dist-packages/micro_ros_msgs/__init__.py
[8.788s] Listing '/home/joaoferreira/microros_ws/install/micro_ros_msgs/local/lib/python3.10/dist-packages/micro_ros_msgs'...
[8.788s] Listing '/home/joaoferreira/microros_ws/install/micro_ros_msgs/local/lib/python3.10/dist-packages/micro_ros_msgs/msg'...
[8.795s] -- Up-to-date: /home/joaoferreira/microros_ws/install/micro_ros_msgs/local/lib/python3.10/dist-packages/micro_ros_msgs/micro_ros_msgs_s__rosidl_typesupport_fastrtps_c.cpython-310-x86_64-linux-gnu.so
[8.795s] -- Up-to-date: /home/joaoferreira/microros_ws/install/micro_ros_msgs/local/lib/python3.10/dist-packages/micro_ros_msgs/micro_ros_msgs_s__rosidl_typesupport_introspection_c.cpython-310-x86_64-linux-gnu.so
[8.796s] -- Up-to-date: /home/joaoferreira/microros_ws/install/micro_ros_msgs/local/lib/python3.10/dist-packages/micro_ros_msgs/micro_ros_msgs_s__rosidl_typesupport_c.cpython-310-x86_64-linux-gnu.so
[8.797s] -- Up-to-date: /home/joaoferreira/microros_ws/install/micro_ros_msgs/lib/libmicro_ros_msgs__rosidl_generator_py.so
[8.797s] -- Up-to-date: /home/joaoferreira/microros_ws/install/micro_ros_msgs/share/micro_ros_msgs/msg/Graph.idl
[8.798s] -- Up-to-date: /home/joaoferreira/microros_ws/install/micro_ros_msgs/share/micro_ros_msgs/msg/Node.idl
[8.798s] -- Up-to-date: /home/joaoferreira/microros_ws/install/micro_ros_msgs/share/micro_ros_msgs/msg/Entity.idl
[8.798s] -- Up-to-date: /home/joaoferreira/microros_ws/install/micro_ros_msgs/share/micro_ros_msgs/msg/Graph.msg
[8.798s] -- Up-to-date: /home/joaoferreira/microros_ws/install/micro_ros_msgs/share/micro_ros_msgs/msg/Node.msg
[8.799s] -- Up-to-date: /home/joaoferreira/microros_ws/install/micro_ros_msgs/share/micro_ros_msgs/msg/Entity.msg
[8.799s] -- Up-to-date: /home/joaoferreira/microros_ws/install/micro_ros_msgs/share/ament_index/resource_index/package_run_dependencies/micro_ros_msgs
[8.799s] -- Up-to-date: /home/joaoferreira/microros_ws/install/micro_ros_msgs/share/ament_index/resource_index/parent_prefix_path/micro_ros_msgs
[8.799s] -- Up-to-date: /home/joaoferreira/microros_ws/install/micro_ros_msgs/share/micro_ros_msgs/environment/ament_prefix_path.sh
[8.800s] -- Up-to-date: /home/joaoferreira/microros_ws/install/micro_ros_msgs/share/micro_ros_msgs/environment/ament_prefix_path.dsv
[8.800s] -- Up-to-date: /home/joaoferreira/microros_ws/install/micro_ros_msgs/share/micro_ros_msgs/environment/path.sh
[8.800s] -- Up-to-date: /home/joaoferreira/microros_ws/install/micro_ros_msgs/share/micro_ros_msgs/environment/path.dsv
[8.801s] -- Up-to-date: /home/joaoferreira/microros_ws/install/micro_ros_msgs/share/micro_ros_msgs/local_setup.bash
[8.801s] -- Up-to-date: /home/joaoferreira/microros_ws/install/micro_ros_msgs/share/micro_ros_msgs/local_setup.sh
[8.801s] -- Up-to-date: /home/joaoferreira/microros_ws/install/micro_ros_msgs/share/micro_ros_msgs/local_setup.zsh
[8.801s] -- Up-to-date: /home/joaoferreira/microros_ws/install/micro_ros_msgs/share/micro_ros_msgs/local_setup.dsv
[8.801s] -- Installing: /home/joaoferreira/microros_ws/install/micro_ros_msgs/share/micro_ros_msgs/package.dsv
[8.805s] -- Up-to-date: /home/joaoferreira/microros_ws/install/micro_ros_msgs/share/ament_index/resource_index/packages/micro_ros_msgs
[8.807s] -- Up-to-date: /home/joaoferreira/microros_ws/install/micro_ros_msgs/share/micro_ros_msgs/cmake/export_micro_ros_msgs__rosidl_generator_cExport.cmake
[8.807s] -- Up-to-date: /home/joaoferreira/microros_ws/install/micro_ros_msgs/share/micro_ros_msgs/cmake/export_micro_ros_msgs__rosidl_generator_cExport-noconfig.cmake
[8.807s] -- Up-to-date: /home/joaoferreira/microros_ws/install/micro_ros_msgs/share/micro_ros_msgs/cmake/export_micro_ros_msgs__rosidl_typesupport_fastrtps_cExport.cmake
[8.808s] -- Up-to-date: /home/joaoferreira/microros_ws/install/micro_ros_msgs/share/micro_ros_msgs/cmake/export_micro_ros_msgs__rosidl_typesupport_fastrtps_cExport-noconfig.cmake
[8.808s] -- Up-to-date: /home/joaoferreira/microros_ws/install/micro_ros_msgs/share/micro_ros_msgs/cmake/micro_ros_msgs__rosidl_typesupport_introspection_cExport.cmake
[8.808s] -- Up-to-date: /home/joaoferreira/microros_ws/install/micro_ros_msgs/share/micro_ros_msgs/cmake/micro_ros_msgs__rosidl_typesupport_introspection_cExport-noconfig.cmake
[8.809s] -- Up-to-date: /home/joaoferreira/microros_ws/install/micro_ros_msgs/share/micro_ros_msgs/cmake/micro_ros_msgs__rosidl_typesupport_cExport.cmake
[8.809s] -- Up-to-date: /home/joaoferreira/microros_ws/install/micro_ros_msgs/share/micro_ros_msgs/cmake/micro_ros_msgs__rosidl_typesupport_cExport-noconfig.cmake
[8.809s] -- Up-to-date: /home/joaoferreira/microros_ws/install/micro_ros_msgs/share/micro_ros_msgs/cmake/export_micro_ros_msgs__rosidl_generator_cppExport.cmake
[8.810s] -- Up-to-date: /home/joaoferreira/microros_ws/install/micro_ros_msgs/share/micro_ros_msgs/cmake/export_micro_ros_msgs__rosidl_typesupport_fastrtps_cppExport.cmake
[8.810s] -- Up-to-date: /home/joaoferreira/microros_ws/install/micro_ros_msgs/share/micro_ros_msgs/cmake/export_micro_ros_msgs__rosidl_typesupport_fastrtps_cppExport-noconfig.cmake
[8.810s] -- Up-to-date: /home/joaoferreira/microros_ws/install/micro_ros_msgs/share/micro_ros_msgs/cmake/micro_ros_msgs__rosidl_typesupport_introspection_cppExport.cmake
[8.810s] -- Up-to-date: /home/joaoferreira/microros_ws/install/micro_ros_msgs/share/micro_ros_msgs/cmake/micro_ros_msgs__rosidl_typesupport_introspection_cppExport-noconfig.cmake
[8.811s] -- Up-to-date: /home/joaoferreira/microros_ws/install/micro_ros_msgs/share/micro_ros_msgs/cmake/micro_ros_msgs__rosidl_typesupport_cppExport.cmake
[8.811s] -- Up-to-date: /home/joaoferreira/microros_ws/install/micro_ros_msgs/share/micro_ros_msgs/cmake/micro_ros_msgs__rosidl_typesupport_cppExport-noconfig.cmake
[8.811s] -- Up-to-date: /home/joaoferreira/microros_ws/install/micro_ros_msgs/share/micro_ros_msgs/cmake/export_micro_ros_msgs__rosidl_generator_pyExport.cmake
[8.812s] -- Up-to-date: /home/joaoferreira/microros_ws/install/micro_ros_msgs/share/micro_ros_msgs/cmake/export_micro_ros_msgs__rosidl_generator_pyExport-noconfig.cmake
[8.812s] -- Up-to-date: /home/joaoferreira/microros_ws/install/micro_ros_msgs/share/micro_ros_msgs/cmake/rosidl_cmake-extras.cmake
[8.812s] -- Up-to-date: /home/joaoferreira/microros_ws/install/micro_ros_msgs/share/micro_ros_msgs/cmake/ament_cmake_export_include_directories-extras.cmake
[8.812s] -- Up-to-date: /home/joaoferreira/microros_ws/install/micro_ros_msgs/share/micro_ros_msgs/cmake/ament_cmake_export_libraries-extras.cmake
[8.812s] -- Up-to-date: /home/joaoferreira/microros_ws/install/micro_ros_msgs/share/micro_ros_msgs/cmake/ament_cmake_export_targets-extras.cmake
[8.812s] -- Up-to-date: /home/joaoferreira/microros_ws/install/micro_ros_msgs/share/micro_ros_msgs/cmake/rosidl_cmake_export_typesupport_targets-extras.cmake
[8.812s] -- Up-to-date: /home/joaoferreira/microros_ws/install/micro_ros_msgs/share/micro_ros_msgs/cmake/ament_cmake_export_dependencies-extras.cmake
[8.813s] -- Up-to-date: /home/joaoferreira/microros_ws/install/micro_ros_msgs/share/micro_ros_msgs/cmake/rosidl_cmake_export_typesupport_libraries-extras.cmake
[8.813s] -- Up-to-date: /home/joaoferreira/microros_ws/install/micro_ros_msgs/share/micro_ros_msgs/cmake/micro_ros_msgsConfig.cmake
[8.813s] -- Up-to-date: /home/joaoferreira/microros_ws/install/micro_ros_msgs/share/micro_ros_msgs/cmake/micro_ros_msgsConfig-version.cmake
[8.813s] -- Up-to-date: /home/joaoferreira/microros_ws/install/micro_ros_msgs/share/micro_ros_msgs/package.xml
[8.820s] Invoked command in '/home/joaoferreira/microros_ws/build/micro_ros_msgs' returned '0': CMAKE_PREFIX_PATH=${CMAKE_PREFIX_PATH}:/opt/ros/humble /usr/bin/cmake --install /home/joaoferreira/microros_ws/build/micro_ros_msgs
