[0.380s] Invoking command in '/home/joaoferreira/microros_ws/build/micro_ros_msgs': CMAKE_PREFIX_PATH=${CMAKE_PREFIX_PATH}:/home/joaoferreira/beta/install/beta_controller:/opt/ros/humble /usr/bin/cmake --build /home/joaoferreira/microros_ws/build/micro_ros_msgs -- -j4 -l4
[1.708s] [  2%] Built target micro_ros_msgs__cpp
[1.847s] [35m[1mConsolidate compiler generated dependencies of target micro_ros_msgs__rosidl_generator_c[0m
[1.875s] [ 12%] Built target micro_ros_msgs__rosidl_generator_c
[1.928s] [35m[1mConsolidate compiler generated dependencies of target micro_ros_msgs__rosidl_typesupport_cpp[0m
[1.955s] [ 23%] Built target micro_ros_msgs__rosidl_typesupport_cpp
[1.970s] [ 23%] Built target ament_cmake_python_copy_micro_ros_msgs
[2.012s] [35m[1mConsolidate compiler generated dependencies of target micro_ros_msgs__rosidl_typesupport_fastrtps_cpp[0m
[2.044s] [ 34%] Built target micro_ros_msgs__rosidl_typesupport_fastrtps_cpp
[2.133s] [35m[1mConsolidate compiler generated dependencies of target micro_ros_msgs__rosidl_typesupport_fastrtps_c[0m
[2.147s] [35m[1mConsolidate compiler generated dependencies of target micro_ros_msgs__rosidl_typesupport_introspection_c[0m
[2.159s] [ 44%] Built target micro_ros_msgs__rosidl_typesupport_fastrtps_c
[2.165s] [ 55%] Built target micro_ros_msgs__rosidl_typesupport_introspection_c
[2.172s] [35m[1mConsolidate compiler generated dependencies of target micro_ros_msgs__rosidl_typesupport_introspection_cpp[0m
[2.195s] [35m[1mConsolidate compiler generated dependencies of target micro_ros_msgs__rosidl_typesupport_c[0m
[2.200s] [ 65%] Built target micro_ros_msgs__rosidl_typesupport_introspection_cpp
[2.231s] [ 76%] Built target micro_ros_msgs__rosidl_typesupport_c
[2.272s] [ 76%] Built target micro_ros_msgs
[2.323s] [ 78%] Built target micro_ros_msgs__py
[2.360s] [35m[1mConsolidate compiler generated dependencies of target micro_ros_msgs__rosidl_generator_py[0m
[2.389s] [ 87%] Built target micro_ros_msgs__rosidl_generator_py
[2.493s] [35m[1mConsolidate compiler generated dependencies of target micro_ros_msgs__rosidl_typesupport_fastrtps_c__pyext[0m
[2.493s] [35m[1mConsolidate compiler generated dependencies of target micro_ros_msgs__rosidl_typesupport_introspection_c__pyext[0m
[2.521s] [ 91%] Built target micro_ros_msgs__rosidl_typesupport_fastrtps_c__pyext
[2.548s] [35m[1mConsolidate compiler generated dependencies of target micro_ros_msgs__rosidl_typesupport_c__pyext[0m
[2.559s] [ 95%] Built target micro_ros_msgs__rosidl_typesupport_introspection_c__pyext
[2.574s] [100%] Built target micro_ros_msgs__rosidl_typesupport_c__pyext
[2.632s] running egg_info
[2.634s] writing micro_ros_msgs.egg-info/PKG-INFO
[2.636s] writing dependency_links to micro_ros_msgs.egg-info/dependency_links.txt
[2.636s] writing top-level names to micro_ros_msgs.egg-info/top_level.txt
[2.646s] reading manifest file 'micro_ros_msgs.egg-info/SOURCES.txt'
[2.648s] writing manifest file 'micro_ros_msgs.egg-info/SOURCES.txt'
[2.704s] [100%] Built target ament_cmake_python_build_micro_ros_msgs_egg
[2.730s] Invoked command in '/home/joaoferreira/microros_ws/build/micro_ros_msgs' returned '0': CMAKE_PREFIX_PATH=${CMAKE_PREFIX_PATH}:/home/joaoferreira/beta/install/beta_controller:/opt/ros/humble /usr/bin/cmake --build /home/joaoferreira/microros_ws/build/micro_ros_msgs -- -j4 -l4
[2.802s] Invoking command in '/home/joaoferreira/microros_ws/build/micro_ros_msgs': CMAKE_PREFIX_PATH=${CMAKE_PREFIX_PATH}:/home/joaoferreira/beta/install/beta_controller:/opt/ros/humble /usr/bin/cmake --install /home/joaoferreira/microros_ws/build/micro_ros_msgs
[2.816s] -- Install configuration: ""
[2.817s] -- Up-to-date: /home/joaoferreira/microros_ws/install/micro_ros_msgs/share/ament_index/resource_index/rosidl_interfaces/micro_ros_msgs
[2.817s] -- Up-to-date: /home/joaoferreira/microros_ws/install/micro_ros_msgs/include/micro_ros_msgs/micro_ros_msgs
[2.817s] -- Up-to-date: /home/joaoferreira/microros_ws/install/micro_ros_msgs/include/micro_ros_msgs/micro_ros_msgs/msg
[2.817s] -- Up-to-date: /home/joaoferreira/microros_ws/install/micro_ros_msgs/include/micro_ros_msgs/micro_ros_msgs/msg/detail
[2.818s] -- Up-to-date: /home/joaoferreira/microros_ws/install/micro_ros_msgs/include/micro_ros_msgs/micro_ros_msgs/msg/detail/entity__struct.h
[2.818s] -- Up-to-date: /home/joaoferreira/microros_ws/install/micro_ros_msgs/include/micro_ros_msgs/micro_ros_msgs/msg/detail/entity__functions.h
[2.818s] -- Up-to-date: /home/joaoferreira/microros_ws/install/micro_ros_msgs/include/micro_ros_msgs/micro_ros_msgs/msg/detail/node__type_support.h
[2.818s] -- Up-to-date: /home/joaoferreira/microros_ws/install/micro_ros_msgs/include/micro_ros_msgs/micro_ros_msgs/msg/detail/graph__functions.c
[2.818s] -- Up-to-date: /home/joaoferreira/microros_ws/install/micro_ros_msgs/include/micro_ros_msgs/micro_ros_msgs/msg/detail/graph__functions.h
[2.818s] -- Up-to-date: /home/joaoferreira/microros_ws/install/micro_ros_msgs/include/micro_ros_msgs/micro_ros_msgs/msg/detail/entity__functions.c
[2.818s] -- Up-to-date: /home/joaoferreira/microros_ws/install/micro_ros_msgs/include/micro_ros_msgs/micro_ros_msgs/msg/detail/graph__struct.h
[2.819s] -- Up-to-date: /home/joaoferreira/microros_ws/install/micro_ros_msgs/include/micro_ros_msgs/micro_ros_msgs/msg/detail/graph__type_support.h
[2.819s] -- Up-to-date: /home/joaoferreira/microros_ws/install/micro_ros_msgs/include/micro_ros_msgs/micro_ros_msgs/msg/detail/node__functions.h
[2.819s] -- Up-to-date: /home/joaoferreira/microros_ws/install/micro_ros_msgs/include/micro_ros_msgs/micro_ros_msgs/msg/detail/node__functions.c
[2.819s] -- Up-to-date: /home/joaoferreira/microros_ws/install/micro_ros_msgs/include/micro_ros_msgs/micro_ros_msgs/msg/detail/node__struct.h
[2.819s] -- Up-to-date: /home/joaoferreira/microros_ws/install/micro_ros_msgs/include/micro_ros_msgs/micro_ros_msgs/msg/detail/entity__type_support.h
[2.819s] -- Up-to-date: /home/joaoferreira/microros_ws/install/micro_ros_msgs/include/micro_ros_msgs/micro_ros_msgs/msg/entity.h
[2.819s] -- Up-to-date: /home/joaoferreira/microros_ws/install/micro_ros_msgs/include/micro_ros_msgs/micro_ros_msgs/msg/graph.h
[2.819s] -- Up-to-date: /home/joaoferreira/microros_ws/install/micro_ros_msgs/include/micro_ros_msgs/micro_ros_msgs/msg/rosidl_generator_c__visibility_control.h
[2.819s] -- Up-to-date: /home/joaoferreira/microros_ws/install/micro_ros_msgs/include/micro_ros_msgs/micro_ros_msgs/msg/node.h
[2.819s] -- Up-to-date: /home/joaoferreira/microros_ws/install/micro_ros_msgs/share/micro_ros_msgs/environment/library_path.sh
[2.819s] -- Up-to-date: /home/joaoferreira/microros_ws/install/micro_ros_msgs/share/micro_ros_msgs/environment/library_path.dsv
[2.820s] -- Up-to-date: /home/joaoferreira/microros_ws/install/micro_ros_msgs/lib/libmicro_ros_msgs__rosidl_generator_c.so
[2.820s] -- Up-to-date: /home/joaoferreira/microros_ws/install/micro_ros_msgs/include/micro_ros_msgs/micro_ros_msgs
[2.820s] -- Up-to-date: /home/joaoferreira/microros_ws/install/micro_ros_msgs/include/micro_ros_msgs/micro_ros_msgs/msg
[2.821s] -- Up-to-date: /home/joaoferreira/microros_ws/install/micro_ros_msgs/include/micro_ros_msgs/micro_ros_msgs/msg/detail
[2.821s] -- Up-to-date: /home/joaoferreira/microros_ws/install/micro_ros_msgs/include/micro_ros_msgs/micro_ros_msgs/msg/detail/node__rosidl_typesupport_fastrtps_c.h
[2.821s] -- Up-to-date: /home/joaoferreira/microros_ws/install/micro_ros_msgs/include/micro_ros_msgs/micro_ros_msgs/msg/detail/entity__rosidl_typesupport_fastrtps_c.h
[2.821s] -- Up-to-date: /home/joaoferreira/microros_ws/install/micro_ros_msgs/include/micro_ros_msgs/micro_ros_msgs/msg/detail/graph__rosidl_typesupport_fastrtps_c.h
[2.821s] -- Up-to-date: /home/joaoferreira/microros_ws/install/micro_ros_msgs/include/micro_ros_msgs/micro_ros_msgs/msg/rosidl_typesupport_fastrtps_c__visibility_control.h
[2.821s] -- Up-to-date: /home/joaoferreira/microros_ws/install/micro_ros_msgs/lib/libmicro_ros_msgs__rosidl_typesupport_fastrtps_c.so
[2.822s] -- Up-to-date: /home/joaoferreira/microros_ws/install/micro_ros_msgs/include/micro_ros_msgs/micro_ros_msgs
[2.822s] -- Up-to-date: /home/joaoferreira/microros_ws/install/micro_ros_msgs/include/micro_ros_msgs/micro_ros_msgs/msg
[2.823s] -- Up-to-date: /home/joaoferreira/microros_ws/install/micro_ros_msgs/include/micro_ros_msgs/micro_ros_msgs/msg/detail
[2.823s] -- Up-to-date: /home/joaoferreira/microros_ws/install/micro_ros_msgs/include/micro_ros_msgs/micro_ros_msgs/msg/detail/graph__type_support.c
[2.823s] -- Up-to-date: /home/joaoferreira/microros_ws/install/micro_ros_msgs/include/micro_ros_msgs/micro_ros_msgs/msg/detail/node__type_support.c
[2.823s] -- Up-to-date: /home/joaoferreira/microros_ws/install/micro_ros_msgs/include/micro_ros_msgs/micro_ros_msgs/msg/detail/graph__rosidl_typesupport_introspection_c.h
[2.823s] -- Up-to-date: /home/joaoferreira/microros_ws/install/micro_ros_msgs/include/micro_ros_msgs/micro_ros_msgs/msg/detail/entity__rosidl_typesupport_introspection_c.h
[2.824s] -- Up-to-date: /home/joaoferreira/microros_ws/install/micro_ros_msgs/include/micro_ros_msgs/micro_ros_msgs/msg/detail/entity__type_support.c
[2.824s] -- Up-to-date: /home/joaoferreira/microros_ws/install/micro_ros_msgs/include/micro_ros_msgs/micro_ros_msgs/msg/detail/node__rosidl_typesupport_introspection_c.h
[2.824s] -- Up-to-date: /home/joaoferreira/microros_ws/install/micro_ros_msgs/include/micro_ros_msgs/micro_ros_msgs/msg/rosidl_typesupport_introspection_c__visibility_control.h
[2.825s] -- Up-to-date: /home/joaoferreira/microros_ws/install/micro_ros_msgs/lib/libmicro_ros_msgs__rosidl_typesupport_introspection_c.so
[2.825s] -- Up-to-date: /home/joaoferreira/microros_ws/install/micro_ros_msgs/lib/libmicro_ros_msgs__rosidl_typesupport_c.so
[2.826s] -- Up-to-date: /home/joaoferreira/microros_ws/install/micro_ros_msgs/include/micro_ros_msgs/micro_ros_msgs
[2.826s] -- Up-to-date: /home/joaoferreira/microros_ws/install/micro_ros_msgs/include/micro_ros_msgs/micro_ros_msgs/msg
[2.826s] -- Up-to-date: /home/joaoferreira/microros_ws/install/micro_ros_msgs/include/micro_ros_msgs/micro_ros_msgs/msg/entity.hpp
[2.827s] -- Up-to-date: /home/joaoferreira/microros_ws/install/micro_ros_msgs/include/micro_ros_msgs/micro_ros_msgs/msg/detail
[2.827s] -- Up-to-date: /home/joaoferreira/microros_ws/install/micro_ros_msgs/include/micro_ros_msgs/micro_ros_msgs/msg/detail/node__builder.hpp
[2.827s] -- Up-to-date: /home/joaoferreira/microros_ws/install/micro_ros_msgs/include/micro_ros_msgs/micro_ros_msgs/msg/detail/node__type_support.hpp
[2.828s] -- Up-to-date: /home/joaoferreira/microros_ws/install/micro_ros_msgs/include/micro_ros_msgs/micro_ros_msgs/msg/detail/graph__traits.hpp
[2.828s] -- Up-to-date: /home/joaoferreira/microros_ws/install/micro_ros_msgs/include/micro_ros_msgs/micro_ros_msgs/msg/detail/entity__type_support.hpp
[2.828s] -- Up-to-date: /home/joaoferreira/microros_ws/install/micro_ros_msgs/include/micro_ros_msgs/micro_ros_msgs/msg/detail/node__struct.hpp
[2.828s] -- Up-to-date: /home/joaoferreira/microros_ws/install/micro_ros_msgs/include/micro_ros_msgs/micro_ros_msgs/msg/detail/entity__builder.hpp
[2.828s] -- Up-to-date: /home/joaoferreira/microros_ws/install/micro_ros_msgs/include/micro_ros_msgs/micro_ros_msgs/msg/detail/entity__struct.hpp
[2.829s] -- Up-to-date: /home/joaoferreira/microros_ws/install/micro_ros_msgs/include/micro_ros_msgs/micro_ros_msgs/msg/detail/graph__type_support.hpp
[2.829s] -- Up-to-date: /home/joaoferreira/microros_ws/install/micro_ros_msgs/include/micro_ros_msgs/micro_ros_msgs/msg/detail/entity__traits.hpp
[2.829s] -- Up-to-date: /home/joaoferreira/microros_ws/install/micro_ros_msgs/include/micro_ros_msgs/micro_ros_msgs/msg/detail/graph__builder.hpp
[2.829s] -- Up-to-date: /home/joaoferreira/microros_ws/install/micro_ros_msgs/include/micro_ros_msgs/micro_ros_msgs/msg/detail/node__traits.hpp
[2.829s] -- Up-to-date: /home/joaoferreira/microros_ws/install/micro_ros_msgs/include/micro_ros_msgs/micro_ros_msgs/msg/detail/graph__struct.hpp
[2.829s] -- Up-to-date: /home/joaoferreira/microros_ws/install/micro_ros_msgs/include/micro_ros_msgs/micro_ros_msgs/msg/node.hpp
[2.830s] -- Up-to-date: /home/joaoferreira/microros_ws/install/micro_ros_msgs/include/micro_ros_msgs/micro_ros_msgs/msg/rosidl_generator_cpp__visibility_control.hpp
[2.830s] -- Up-to-date: /home/joaoferreira/microros_ws/install/micro_ros_msgs/include/micro_ros_msgs/micro_ros_msgs/msg/graph.hpp
[2.830s] -- Up-to-date: /home/joaoferreira/microros_ws/install/micro_ros_msgs/include/micro_ros_msgs/micro_ros_msgs
[2.830s] -- Up-to-date: /home/joaoferreira/microros_ws/install/micro_ros_msgs/include/micro_ros_msgs/micro_ros_msgs/msg
[2.830s] -- Up-to-date: /home/joaoferreira/microros_ws/install/micro_ros_msgs/include/micro_ros_msgs/micro_ros_msgs/msg/detail
[2.831s] -- Up-to-date: /home/joaoferreira/microros_ws/install/micro_ros_msgs/include/micro_ros_msgs/micro_ros_msgs/msg/detail/graph__rosidl_typesupport_fastrtps_cpp.hpp
[2.831s] -- Up-to-date: /home/joaoferreira/microros_ws/install/micro_ros_msgs/include/micro_ros_msgs/micro_ros_msgs/msg/detail/node__rosidl_typesupport_fastrtps_cpp.hpp
[2.831s] -- Up-to-date: /home/joaoferreira/microros_ws/install/micro_ros_msgs/include/micro_ros_msgs/micro_ros_msgs/msg/detail/entity__rosidl_typesupport_fastrtps_cpp.hpp
[2.831s] -- Up-to-date: /home/joaoferreira/microros_ws/install/micro_ros_msgs/include/micro_ros_msgs/micro_ros_msgs/msg/detail/dds_fastrtps
[2.831s] -- Up-to-date: /home/joaoferreira/microros_ws/install/micro_ros_msgs/include/micro_ros_msgs/micro_ros_msgs/msg/rosidl_typesupport_fastrtps_cpp__visibility_control.h
[2.840s] -- Up-to-date: /home/joaoferreira/microros_ws/install/micro_ros_msgs/lib/libmicro_ros_msgs__rosidl_typesupport_fastrtps_cpp.so
[2.840s] -- Up-to-date: /home/joaoferreira/microros_ws/install/micro_ros_msgs/include/micro_ros_msgs/micro_ros_msgs
[2.840s] -- Up-to-date: /home/joaoferreira/microros_ws/install/micro_ros_msgs/include/micro_ros_msgs/micro_ros_msgs/msg
[2.841s] -- Up-to-date: /home/joaoferreira/microros_ws/install/micro_ros_msgs/include/micro_ros_msgs/micro_ros_msgs/msg/detail
[2.841s] -- Up-to-date: /home/joaoferreira/microros_ws/install/micro_ros_msgs/include/micro_ros_msgs/micro_ros_msgs/msg/detail/graph__type_support.cpp
[2.841s] -- Up-to-date: /home/joaoferreira/microros_ws/install/micro_ros_msgs/include/micro_ros_msgs/micro_ros_msgs/msg/detail/entity__rosidl_typesupport_introspection_cpp.hpp
[2.842s] -- Up-to-date: /home/joaoferreira/microros_ws/install/micro_ros_msgs/include/micro_ros_msgs/micro_ros_msgs/msg/detail/graph__rosidl_typesupport_introspection_cpp.hpp
[2.842s] -- Up-to-date: /home/joaoferreira/microros_ws/install/micro_ros_msgs/include/micro_ros_msgs/micro_ros_msgs/msg/detail/entity__type_support.cpp
[2.842s] -- Up-to-date: /home/joaoferreira/microros_ws/install/micro_ros_msgs/include/micro_ros_msgs/micro_ros_msgs/msg/detail/node__rosidl_typesupport_introspection_cpp.hpp
[2.842s] -- Up-to-date: /home/joaoferreira/microros_ws/install/micro_ros_msgs/include/micro_ros_msgs/micro_ros_msgs/msg/detail/node__type_support.cpp
[2.866s] -- Up-to-date: /home/joaoferreira/microros_ws/install/micro_ros_msgs/lib/libmicro_ros_msgs__rosidl_typesupport_introspection_cpp.so
[2.867s] -- Up-to-date: /home/joaoferreira/microros_ws/install/micro_ros_msgs/lib/libmicro_ros_msgs__rosidl_typesupport_cpp.so
[2.867s] -- Up-to-date: /home/joaoferreira/microros_ws/install/micro_ros_msgs/share/micro_ros_msgs/environment/pythonpath.sh
[2.868s] -- Up-to-date: /home/joaoferreira/microros_ws/install/micro_ros_msgs/share/micro_ros_msgs/environment/pythonpath.dsv
[2.868s] -- Up-to-date: /home/joaoferreira/microros_ws/install/micro_ros_msgs/local/lib/python3.10/dist-packages/micro_ros_msgs-3.0.1-py3.10.egg-info
[2.869s] -- Installing: /home/joaoferreira/microros_ws/install/micro_ros_msgs/local/lib/python3.10/dist-packages/micro_ros_msgs-3.0.1-py3.10.egg-info/SOURCES.txt
[2.869s] -- Installing: /home/joaoferreira/microros_ws/install/micro_ros_msgs/local/lib/python3.10/dist-packages/micro_ros_msgs-3.0.1-py3.10.egg-info/dependency_links.txt
[2.869s] -- Installing: /home/joaoferreira/microros_ws/install/micro_ros_msgs/local/lib/python3.10/dist-packages/micro_ros_msgs-3.0.1-py3.10.egg-info/top_level.txt
[2.869s] -- Installing: /home/joaoferreira/microros_ws/install/micro_ros_msgs/local/lib/python3.10/dist-packages/micro_ros_msgs-3.0.1-py3.10.egg-info/PKG-INFO
[2.869s] -- Up-to-date: /home/joaoferreira/microros_ws/install/micro_ros_msgs/local/lib/python3.10/dist-packages/micro_ros_msgs
[2.891s] -- Up-to-date: /home/joaoferreira/microros_ws/install/micro_ros_msgs/local/lib/python3.10/dist-packages/micro_ros_msgs/libmicro_ros_msgs__rosidl_generator_py.so
[2.892s] -- Up-to-date: /home/joaoferreira/microros_ws/install/micro_ros_msgs/local/lib/python3.10/dist-packages/micro_ros_msgs/msg
[2.892s] -- Up-to-date: /home/joaoferreira/microros_ws/install/micro_ros_msgs/local/lib/python3.10/dist-packages/micro_ros_msgs/msg/_entity_s.c
[2.893s] -- Up-to-date: /home/joaoferreira/microros_ws/install/micro_ros_msgs/local/lib/python3.10/dist-packages/micro_ros_msgs/msg/_node.py
[2.893s] -- Up-to-date: /home/joaoferreira/microros_ws/install/micro_ros_msgs/local/lib/python3.10/dist-packages/micro_ros_msgs/msg/_graph.py
[2.893s] -- Up-to-date: /home/joaoferreira/microros_ws/install/micro_ros_msgs/local/lib/python3.10/dist-packages/micro_ros_msgs/msg/_node_s.c
[2.893s] -- Up-to-date: /home/joaoferreira/microros_ws/install/micro_ros_msgs/local/lib/python3.10/dist-packages/micro_ros_msgs/msg/_graph_s.c
[2.894s] -- Up-to-date: /home/joaoferreira/microros_ws/install/micro_ros_msgs/local/lib/python3.10/dist-packages/micro_ros_msgs/msg/_entity.py
[2.894s] -- Up-to-date: /home/joaoferreira/microros_ws/install/micro_ros_msgs/local/lib/python3.10/dist-packages/micro_ros_msgs/msg/__init__.py
[2.894s] -- Up-to-date: /home/joaoferreira/microros_ws/install/micro_ros_msgs/local/lib/python3.10/dist-packages/micro_ros_msgs/_micro_ros_msgs_s.ep.rosidl_typesupport_c.c
[2.894s] -- Up-to-date: /home/joaoferreira/microros_ws/install/micro_ros_msgs/local/lib/python3.10/dist-packages/micro_ros_msgs/micro_ros_msgs_s__rosidl_typesupport_introspection_c.cpython-310-x86_64-linux-gnu.so
[2.895s] -- Up-to-date: /home/joaoferreira/microros_ws/install/micro_ros_msgs/local/lib/python3.10/dist-packages/micro_ros_msgs/_micro_ros_msgs_s.ep.rosidl_typesupport_introspection_c.c
[2.895s] -- Up-to-date: /home/joaoferreira/microros_ws/install/micro_ros_msgs/local/lib/python3.10/dist-packages/micro_ros_msgs/micro_ros_msgs_s__rosidl_typesupport_c.cpython-310-x86_64-linux-gnu.so
[2.895s] -- Up-to-date: /home/joaoferreira/microros_ws/install/micro_ros_msgs/local/lib/python3.10/dist-packages/micro_ros_msgs/_micro_ros_msgs_s.ep.rosidl_typesupport_fastrtps_c.c
[2.896s] -- Up-to-date: /home/joaoferreira/microros_ws/install/micro_ros_msgs/local/lib/python3.10/dist-packages/micro_ros_msgs/micro_ros_msgs_s__rosidl_typesupport_fastrtps_c.cpython-310-x86_64-linux-gnu.so
[2.896s] -- Up-to-date: /home/joaoferreira/microros_ws/install/micro_ros_msgs/local/lib/python3.10/dist-packages/micro_ros_msgs/__init__.py
[2.960s] Listing '/home/joaoferreira/microros_ws/install/micro_ros_msgs/local/lib/python3.10/dist-packages/micro_ros_msgs'...
[2.960s] Listing '/home/joaoferreira/microros_ws/install/micro_ros_msgs/local/lib/python3.10/dist-packages/micro_ros_msgs/msg'...
[2.975s] -- Up-to-date: /home/joaoferreira/microros_ws/install/micro_ros_msgs/local/lib/python3.10/dist-packages/micro_ros_msgs/micro_ros_msgs_s__rosidl_typesupport_fastrtps_c.cpython-310-x86_64-linux-gnu.so
[2.977s] -- Up-to-date: /home/joaoferreira/microros_ws/install/micro_ros_msgs/local/lib/python3.10/dist-packages/micro_ros_msgs/micro_ros_msgs_s__rosidl_typesupport_introspection_c.cpython-310-x86_64-linux-gnu.so
[2.977s] -- Up-to-date: /home/joaoferreira/microros_ws/install/micro_ros_msgs/local/lib/python3.10/dist-packages/micro_ros_msgs/micro_ros_msgs_s__rosidl_typesupport_c.cpython-310-x86_64-linux-gnu.so
[2.978s] -- Up-to-date: /home/joaoferreira/microros_ws/install/micro_ros_msgs/lib/libmicro_ros_msgs__rosidl_generator_py.so
[2.979s] -- Up-to-date: /home/joaoferreira/microros_ws/install/micro_ros_msgs/share/micro_ros_msgs/msg/Graph.idl
[2.979s] -- Up-to-date: /home/joaoferreira/microros_ws/install/micro_ros_msgs/share/micro_ros_msgs/msg/Node.idl
[2.979s] -- Up-to-date: /home/joaoferreira/microros_ws/install/micro_ros_msgs/share/micro_ros_msgs/msg/Entity.idl
[2.979s] -- Up-to-date: /home/joaoferreira/microros_ws/install/micro_ros_msgs/share/micro_ros_msgs/msg/Graph.msg
[2.979s] -- Up-to-date: /home/joaoferreira/microros_ws/install/micro_ros_msgs/share/micro_ros_msgs/msg/Node.msg
[2.980s] -- Up-to-date: /home/joaoferreira/microros_ws/install/micro_ros_msgs/share/micro_ros_msgs/msg/Entity.msg
[2.980s] -- Up-to-date: /home/joaoferreira/microros_ws/install/micro_ros_msgs/share/ament_index/resource_index/package_run_dependencies/micro_ros_msgs
[2.980s] -- Up-to-date: /home/joaoferreira/microros_ws/install/micro_ros_msgs/share/ament_index/resource_index/parent_prefix_path/micro_ros_msgs
[2.980s] -- Up-to-date: /home/joaoferreira/microros_ws/install/micro_ros_msgs/share/micro_ros_msgs/environment/ament_prefix_path.sh
[2.981s] -- Up-to-date: /home/joaoferreira/microros_ws/install/micro_ros_msgs/share/micro_ros_msgs/environment/ament_prefix_path.dsv
[2.981s] -- Up-to-date: /home/joaoferreira/microros_ws/install/micro_ros_msgs/share/micro_ros_msgs/environment/path.sh
[2.981s] -- Up-to-date: /home/joaoferreira/microros_ws/install/micro_ros_msgs/share/micro_ros_msgs/environment/path.dsv
[2.981s] -- Up-to-date: /home/joaoferreira/microros_ws/install/micro_ros_msgs/share/micro_ros_msgs/local_setup.bash
[2.981s] -- Up-to-date: /home/joaoferreira/microros_ws/install/micro_ros_msgs/share/micro_ros_msgs/local_setup.sh
[2.981s] -- Up-to-date: /home/joaoferreira/microros_ws/install/micro_ros_msgs/share/micro_ros_msgs/local_setup.zsh
[2.982s] -- Up-to-date: /home/joaoferreira/microros_ws/install/micro_ros_msgs/share/micro_ros_msgs/local_setup.dsv
[2.982s] -- Installing: /home/joaoferreira/microros_ws/install/micro_ros_msgs/share/micro_ros_msgs/package.dsv
[2.982s] -- Up-to-date: /home/joaoferreira/microros_ws/install/micro_ros_msgs/share/ament_index/resource_index/packages/micro_ros_msgs
[2.997s] -- Up-to-date: /home/joaoferreira/microros_ws/install/micro_ros_msgs/share/micro_ros_msgs/cmake/export_micro_ros_msgs__rosidl_generator_cExport.cmake
[2.997s] -- Up-to-date: /home/joaoferreira/microros_ws/install/micro_ros_msgs/share/micro_ros_msgs/cmake/export_micro_ros_msgs__rosidl_generator_cExport-noconfig.cmake
[2.998s] -- Up-to-date: /home/joaoferreira/microros_ws/install/micro_ros_msgs/share/micro_ros_msgs/cmake/export_micro_ros_msgs__rosidl_typesupport_fastrtps_cExport.cmake
[2.998s] -- Up-to-date: /home/joaoferreira/microros_ws/install/micro_ros_msgs/share/micro_ros_msgs/cmake/export_micro_ros_msgs__rosidl_typesupport_fastrtps_cExport-noconfig.cmake
[3.009s] -- Up-to-date: /home/joaoferreira/microros_ws/install/micro_ros_msgs/share/micro_ros_msgs/cmake/micro_ros_msgs__rosidl_typesupport_introspection_cExport.cmake
[3.009s] -- Up-to-date: /home/joaoferreira/microros_ws/install/micro_ros_msgs/share/micro_ros_msgs/cmake/micro_ros_msgs__rosidl_typesupport_introspection_cExport-noconfig.cmake
[3.010s] -- Up-to-date: /home/joaoferreira/microros_ws/install/micro_ros_msgs/share/micro_ros_msgs/cmake/micro_ros_msgs__rosidl_typesupport_cExport.cmake
[3.010s] -- Up-to-date: /home/joaoferreira/microros_ws/install/micro_ros_msgs/share/micro_ros_msgs/cmake/micro_ros_msgs__rosidl_typesupport_cExport-noconfig.cmake
[3.011s] -- Up-to-date: /home/joaoferreira/microros_ws/install/micro_ros_msgs/share/micro_ros_msgs/cmake/export_micro_ros_msgs__rosidl_generator_cppExport.cmake
[3.012s] -- Up-to-date: /home/joaoferreira/microros_ws/install/micro_ros_msgs/share/micro_ros_msgs/cmake/export_micro_ros_msgs__rosidl_typesupport_fastrtps_cppExport.cmake
[3.012s] -- Up-to-date: /home/joaoferreira/microros_ws/install/micro_ros_msgs/share/micro_ros_msgs/cmake/export_micro_ros_msgs__rosidl_typesupport_fastrtps_cppExport-noconfig.cmake
[3.013s] -- Up-to-date: /home/joaoferreira/microros_ws/install/micro_ros_msgs/share/micro_ros_msgs/cmake/micro_ros_msgs__rosidl_typesupport_introspection_cppExport.cmake
[3.013s] -- Up-to-date: /home/joaoferreira/microros_ws/install/micro_ros_msgs/share/micro_ros_msgs/cmake/micro_ros_msgs__rosidl_typesupport_introspection_cppExport-noconfig.cmake
[3.014s] -- Up-to-date: /home/joaoferreira/microros_ws/install/micro_ros_msgs/share/micro_ros_msgs/cmake/micro_ros_msgs__rosidl_typesupport_cppExport.cmake
[3.014s] -- Up-to-date: /home/joaoferreira/microros_ws/install/micro_ros_msgs/share/micro_ros_msgs/cmake/micro_ros_msgs__rosidl_typesupport_cppExport-noconfig.cmake
[3.015s] -- Up-to-date: /home/joaoferreira/microros_ws/install/micro_ros_msgs/share/micro_ros_msgs/cmake/export_micro_ros_msgs__rosidl_generator_pyExport.cmake
[3.016s] -- Up-to-date: /home/joaoferreira/microros_ws/install/micro_ros_msgs/share/micro_ros_msgs/cmake/export_micro_ros_msgs__rosidl_generator_pyExport-noconfig.cmake
[3.017s] -- Up-to-date: /home/joaoferreira/microros_ws/install/micro_ros_msgs/share/micro_ros_msgs/cmake/rosidl_cmake-extras.cmake
[3.018s] -- Up-to-date: /home/joaoferreira/microros_ws/install/micro_ros_msgs/share/micro_ros_msgs/cmake/ament_cmake_export_include_directories-extras.cmake
[3.018s] -- Up-to-date: /home/joaoferreira/microros_ws/install/micro_ros_msgs/share/micro_ros_msgs/cmake/ament_cmake_export_libraries-extras.cmake
[3.019s] -- Up-to-date: /home/joaoferreira/microros_ws/install/micro_ros_msgs/share/micro_ros_msgs/cmake/ament_cmake_export_targets-extras.cmake
[3.019s] -- Up-to-date: /home/joaoferreira/microros_ws/install/micro_ros_msgs/share/micro_ros_msgs/cmake/rosidl_cmake_export_typesupport_targets-extras.cmake
[3.020s] -- Up-to-date: /home/joaoferreira/microros_ws/install/micro_ros_msgs/share/micro_ros_msgs/cmake/ament_cmake_export_dependencies-extras.cmake
[3.020s] -- Up-to-date: /home/joaoferreira/microros_ws/install/micro_ros_msgs/share/micro_ros_msgs/cmake/rosidl_cmake_export_typesupport_libraries-extras.cmake
[3.020s] -- Up-to-date: /home/joaoferreira/microros_ws/install/micro_ros_msgs/share/micro_ros_msgs/cmake/micro_ros_msgsConfig.cmake
[3.020s] -- Up-to-date: /home/joaoferreira/microros_ws/install/micro_ros_msgs/share/micro_ros_msgs/cmake/micro_ros_msgsConfig-version.cmake
[3.021s] -- Up-to-date: /home/joaoferreira/microros_ws/install/micro_ros_msgs/share/micro_ros_msgs/package.xml
[3.029s] Invoked command in '/home/joaoferreira/microros_ws/build/micro_ros_msgs' returned '0': CMAKE_PREFIX_PATH=${CMAKE_PREFIX_PATH}:/home/joaoferreira/beta/install/beta_controller:/opt/ros/humble /usr/bin/cmake --install /home/joaoferreira/microros_ws/build/micro_ros_msgs
