[2.597s] Invoking command in '/home/joaoferreira/beta/src/beta_controller': PYTHONPATH=/home/joaoferreira/beta/build/beta_controller/prefix_override:/usr/lib/python3/dist-packages/colcon_core/task/python/colcon_distutils_commands:/home/joaoferreira/beta/install/beta_controller/lib/python3.10/site-packages:${PYTHONPATH} /usr/bin/python3 -W ignore:setup.py install is deprecated -W ignore:easy_install command is deprecated setup.py egg_info --egg-base ../../build/beta_controller build --build-base /home/joaoferreira/beta/build/beta_controller/build install --record /home/joaoferreira/beta/build/beta_controller/install.log --single-version-externally-managed install_data
[3.126s] running egg_info
[3.129s] writing ../../build/beta_controller/beta_controller.egg-info/PKG-INFO
[3.141s] writing dependency_links to ../../build/beta_controller/beta_controller.egg-info/dependency_links.txt
[3.141s] writing entry points to ../../build/beta_controller/beta_controller.egg-info/entry_points.txt
[3.142s] writing requirements to ../../build/beta_controller/beta_controller.egg-info/requires.txt
[3.143s] writing top-level names to ../../build/beta_controller/beta_controller.egg-info/top_level.txt
[3.159s] reading manifest file '../../build/beta_controller/beta_controller.egg-info/SOURCES.txt'
[3.191s] writing manifest file '../../build/beta_controller/beta_controller.egg-info/SOURCES.txt'
[3.192s] running build
[3.192s] running build_py
[3.193s] running install
[3.194s] running install_lib
[3.198s] running install_data
[3.199s] running install_egg_info
[3.203s] removing '/home/joaoferreira/beta/install/beta_controller/lib/python3.10/site-packages/beta_controller-0.0.0-py3.10.egg-info' (and everything under it)
[3.204s] Copying ../../build/beta_controller/beta_controller.egg-info to /home/joaoferreira/beta/install/beta_controller/lib/python3.10/site-packages/beta_controller-0.0.0-py3.10.egg-info
[3.221s] running install_scripts
[3.276s] Installing beta_gui script to /home/joaoferreira/beta/install/beta_controller/lib/beta_controller
[3.276s] Installing beta_motion_planner script to /home/joaoferreira/beta/install/beta_controller/lib/beta_controller
[3.280s] writing list of installed files to '/home/joaoferreira/beta/build/beta_controller/install.log'
[3.344s] Invoked command in '/home/joaoferreira/beta/src/beta_controller' returned '0': PYTHONPATH=/home/joaoferreira/beta/build/beta_controller/prefix_override:/usr/lib/python3/dist-packages/colcon_core/task/python/colcon_distutils_commands:/home/joaoferreira/beta/install/beta_controller/lib/python3.10/site-packages:${PYTHONPATH} /usr/bin/python3 -W ignore:setup.py install is deprecated -W ignore:easy_install command is deprecated setup.py egg_info --egg-base ../../build/beta_controller build --build-base /home/joaoferreira/beta/build/beta_controller/build install --record /home/joaoferreira/beta/build/beta_controller/install.log --single-version-externally-managed install_data
