[1.256s] Invoking command in '/home/joaoferreira/beta/src/beta_controller': PYTHONPATH=/home/joaoferreira/beta/build/beta_controller/prefix_override:/usr/lib/python3/dist-packages/colcon_core/task/python/colcon_distutils_commands:/home/joaoferreira/beta/install/beta_controller/lib/python3.10/site-packages:${PYTHONPATH} /usr/bin/python3 -W ignore:setup.py install is deprecated -W ignore:easy_install command is deprecated setup.py egg_info --egg-base ../../build/beta_controller build --build-base /home/joaoferreira/beta/build/beta_controller/build install --record /home/joaoferreira/beta/build/beta_controller/install.log --single-version-externally-managed install_data
[1.720s] running egg_info
[1.721s] writing ../../build/beta_controller/beta_controller.egg-info/PKG-INFO
[1.722s] writing dependency_links to ../../build/beta_controller/beta_controller.egg-info/dependency_links.txt
[1.722s] writing entry points to ../../build/beta_controller/beta_controller.egg-info/entry_points.txt
[1.723s] writing requirements to ../../build/beta_controller/beta_controller.egg-info/requires.txt
[1.723s] writing top-level names to ../../build/beta_controller/beta_controller.egg-info/top_level.txt
[1.729s] reading manifest file '../../build/beta_controller/beta_controller.egg-info/SOURCES.txt'
[1.731s] writing manifest file '../../build/beta_controller/beta_controller.egg-info/SOURCES.txt'
[1.731s] running build
[1.731s] running build_py
[1.732s] copying beta_controller/beta_motion_planner.py -> /home/joaoferreira/beta/build/beta_controller/build/lib/beta_controller
[1.732s] running install
[1.733s] running install_lib
[1.734s] copying /home/joaoferreira/beta/build/beta_controller/build/lib/beta_controller/beta_motion_planner.py -> /home/joaoferreira/beta/install/beta_controller/lib/python3.10/site-packages/beta_controller
[1.736s] byte-compiling /home/joaoferreira/beta/install/beta_controller/lib/python3.10/site-packages/beta_controller/beta_motion_planner.py to beta_motion_planner.cpython-310.pyc
[1.739s] running install_data
[1.740s] running install_egg_info
[1.743s] removing '/home/joaoferreira/beta/install/beta_controller/lib/python3.10/site-packages/beta_controller-0.0.0-py3.10.egg-info' (and everything under it)
[1.744s] Copying ../../build/beta_controller/beta_controller.egg-info to /home/joaoferreira/beta/install/beta_controller/lib/python3.10/site-packages/beta_controller-0.0.0-py3.10.egg-info
[1.746s] running install_scripts
[1.790s] Installing beta_gui script to /home/joaoferreira/beta/install/beta_controller/lib/beta_controller
[1.791s] Installing beta_motion_planner script to /home/joaoferreira/beta/install/beta_controller/lib/beta_controller
[1.791s] writing list of installed files to '/home/joaoferreira/beta/build/beta_controller/install.log'
[1.868s] Invoked command in '/home/joaoferreira/beta/src/beta_controller' returned '0': PYTHONPATH=/home/joaoferreira/beta/build/beta_controller/prefix_override:/usr/lib/python3/dist-packages/colcon_core/task/python/colcon_distutils_commands:/home/joaoferreira/beta/install/beta_controller/lib/python3.10/site-packages:${PYTHONPATH} /usr/bin/python3 -W ignore:setup.py install is deprecated -W ignore:easy_install command is deprecated setup.py egg_info --egg-base ../../build/beta_controller build --build-base /home/joaoferreira/beta/build/beta_controller/build install --record /home/joaoferreira/beta/build/beta_controller/install.log --single-version-externally-managed install_data
