[4.605s] DEBUG:colcon:Command line arguments: ['/usr/bin/colcon', 'build']
[4.605s] DEBUG:colcon:Parsed command line arguments: Namespace(log_base=None, log_level=None, verb_name='build', build_base='build', install_base='install', merge_install=False, symlink_install=False, test_result_base=None, continue_on_error=False, executor='parallel', parallel_workers=4, event_handlers=None, ignore_user_meta=False, metas=['./colcon.meta'], base_paths=['.'], packages_ignore=None, packages_ignore_regex=None, paths=None, packages_up_to=None, packages_up_to_regex=None, packages_above=None, packages_above_and_dependencies=None, packages_above_depth=None, packages_select_by_dep=None, packages_skip_by_dep=None, packages_skip_up_to=None, packages_select_build_failed=False, packages_skip_build_finished=False, packages_select_test_failures=False, packages_skip_test_passed=False, packages_select=None, packages_skip=None, packages_select_regex=None, packages_skip_regex=None, packages_start=None, packages_end=None, allow_overriding=[], cmake_args=None, cmake_target=None, cmake_target_skip_unavailable=False, cmake_clean_cache=False, cmake_clean_first=False, cmake_force_configure=False, ament_cmake_args=None, catkin_cmake_args=None, catkin_skip_building_tests=False, mixin_files=None, mixin=None, verb_parser=<colcon_mixin.mixin.mixin_argument.MixinArgumentDecorator object at 0x75f5b5555660>, verb_extension=<colcon_core.verb.build.BuildVerb object at 0x75f5b5554f70>, main=<bound method BuildVerb.main of <colcon_core.verb.build.BuildVerb object at 0x75f5b5554f70>>, mixin_verb=('build',))
[10.114s] Level 1:colcon.colcon_core.package_discovery:discover_packages(colcon_meta) check parameters
[10.114s] Level 1:colcon.colcon_core.package_discovery:discover_packages(recursive) check parameters
[10.115s] Level 1:colcon.colcon_core.package_discovery:discover_packages(ignore) check parameters
[10.115s] Level 1:colcon.colcon_core.package_discovery:discover_packages(path) check parameters
[10.115s] Level 1:colcon.colcon_core.package_discovery:discover_packages(colcon_meta) discover
[10.115s] Level 1:colcon.colcon_core.package_discovery:discover_packages(recursive) discover
[10.115s] INFO:colcon.colcon_core.package_discovery:Crawling recursively for packages in '/home/joaoferreira/beta'
[10.116s] Level 1:colcon.colcon_core.package_identification:_identify(.) by extensions ['ignore', 'ignore_ament_install']
[10.116s] Level 1:colcon.colcon_core.package_identification:_identify(.) by extension 'ignore'
[10.116s] Level 1:colcon.colcon_core.package_identification:_identify(.) by extension 'ignore_ament_install'
[10.116s] Level 1:colcon.colcon_core.package_identification:_identify(.) by extensions ['colcon_pkg']
[10.117s] Level 1:colcon.colcon_core.package_identification:_identify(.) by extension 'colcon_pkg'
[10.117s] Level 1:colcon.colcon_core.package_identification:_identify(.) by extensions ['colcon_meta']
[10.117s] Level 1:colcon.colcon_core.package_identification:_identify(.) by extension 'colcon_meta'
[10.117s] Level 1:colcon.colcon_core.package_identification:_identify(.) by extensions ['ros']
[10.117s] Level 1:colcon.colcon_core.package_identification:_identify(.) by extension 'ros'
[10.231s] Level 1:colcon.colcon_core.package_identification:_identify(.) by extensions ['cmake', 'python']
[10.231s] Level 1:colcon.colcon_core.package_identification:_identify(.) by extension 'cmake'
[10.231s] Level 1:colcon.colcon_core.package_identification:_identify(.) by extension 'python'
[10.231s] Level 1:colcon.colcon_core.package_identification:_identify(.) by extensions ['python_setup_py']
[10.231s] Level 1:colcon.colcon_core.package_identification:_identify(.) by extension 'python_setup_py'
[10.232s] Level 1:colcon.colcon_core.package_identification:_identify(beta_firmware) by extensions ['ignore', 'ignore_ament_install']
[10.232s] Level 1:colcon.colcon_core.package_identification:_identify(beta_firmware) by extension 'ignore'
[10.232s] Level 1:colcon.colcon_core.package_identification:_identify(beta_firmware) by extension 'ignore_ament_install'
[10.233s] Level 1:colcon.colcon_core.package_identification:_identify(beta_firmware) by extensions ['colcon_pkg']
[10.233s] Level 1:colcon.colcon_core.package_identification:_identify(beta_firmware) by extension 'colcon_pkg'
[10.233s] Level 1:colcon.colcon_core.package_identification:_identify(beta_firmware) by extensions ['colcon_meta']
[10.233s] Level 1:colcon.colcon_core.package_identification:_identify(beta_firmware) by extension 'colcon_meta'
[10.233s] Level 1:colcon.colcon_core.package_identification:_identify(beta_firmware) by extensions ['ros']
[10.234s] Level 1:colcon.colcon_core.package_identification:_identify(beta_firmware) by extension 'ros'
[10.234s] Level 1:colcon.colcon_core.package_identification:_identify(beta_firmware) by extensions ['cmake', 'python']
[10.234s] Level 1:colcon.colcon_core.package_identification:_identify(beta_firmware) by extension 'cmake'
[10.234s] Level 1:colcon.colcon_core.package_identification:_identify(beta_firmware) by extension 'python'
[10.234s] Level 1:colcon.colcon_core.package_identification:_identify(beta_firmware) by extensions ['python_setup_py']
[10.235s] Level 1:colcon.colcon_core.package_identification:_identify(beta_firmware) by extension 'python_setup_py'
[10.235s] Level 1:colcon.colcon_core.package_identification:_identify(beta_firmware/beta_firmware) by extensions ['ignore', 'ignore_ament_install']
[10.235s] Level 1:colcon.colcon_core.package_identification:_identify(beta_firmware/beta_firmware) by extension 'ignore'
[10.236s] Level 1:colcon.colcon_core.package_identification:_identify(beta_firmware/beta_firmware) by extension 'ignore_ament_install'
[10.236s] Level 1:colcon.colcon_core.package_identification:_identify(beta_firmware/beta_firmware) by extensions ['colcon_pkg']
[10.236s] Level 1:colcon.colcon_core.package_identification:_identify(beta_firmware/beta_firmware) by extension 'colcon_pkg'
[10.236s] Level 1:colcon.colcon_core.package_identification:_identify(beta_firmware/beta_firmware) by extensions ['colcon_meta']
[10.236s] Level 1:colcon.colcon_core.package_identification:_identify(beta_firmware/beta_firmware) by extension 'colcon_meta'
[10.236s] Level 1:colcon.colcon_core.package_identification:_identify(beta_firmware/beta_firmware) by extensions ['ros']
[10.237s] Level 1:colcon.colcon_core.package_identification:_identify(beta_firmware/beta_firmware) by extension 'ros'
[10.237s] Level 1:colcon.colcon_core.package_identification:_identify(beta_firmware/beta_firmware) by extensions ['cmake', 'python']
[10.237s] Level 1:colcon.colcon_core.package_identification:_identify(beta_firmware/beta_firmware) by extension 'cmake'
[10.237s] Level 1:colcon.colcon_core.package_identification:_identify(beta_firmware/beta_firmware) by extension 'python'
[10.237s] Level 1:colcon.colcon_core.package_identification:_identify(beta_firmware/beta_firmware) by extensions ['python_setup_py']
[10.238s] Level 1:colcon.colcon_core.package_identification:_identify(beta_firmware/beta_firmware) by extension 'python_setup_py'
[10.238s] Level 1:colcon.colcon_core.package_identification:_identify(beta_firmware/beta_firmware/build) by extensions ['ignore', 'ignore_ament_install']
[10.238s] Level 1:colcon.colcon_core.package_identification:_identify(beta_firmware/beta_firmware/build) by extension 'ignore'
[10.238s] Level 1:colcon.colcon_core.package_identification:_identify(beta_firmware/beta_firmware/build) ignored
[10.239s] Level 1:colcon.colcon_core.package_identification:_identify(beta_firmware/beta_firmware/include) by extensions ['ignore', 'ignore_ament_install']
[10.239s] Level 1:colcon.colcon_core.package_identification:_identify(beta_firmware/beta_firmware/include) by extension 'ignore'
[10.239s] Level 1:colcon.colcon_core.package_identification:_identify(beta_firmware/beta_firmware/include) by extension 'ignore_ament_install'
[10.240s] Level 1:colcon.colcon_core.package_identification:_identify(beta_firmware/beta_firmware/include) by extensions ['colcon_pkg']
[10.240s] Level 1:colcon.colcon_core.package_identification:_identify(beta_firmware/beta_firmware/include) by extension 'colcon_pkg'
[10.240s] Level 1:colcon.colcon_core.package_identification:_identify(beta_firmware/beta_firmware/include) by extensions ['colcon_meta']
[10.240s] Level 1:colcon.colcon_core.package_identification:_identify(beta_firmware/beta_firmware/include) by extension 'colcon_meta'
[10.240s] Level 1:colcon.colcon_core.package_identification:_identify(beta_firmware/beta_firmware/include) by extensions ['ros']
[10.240s] Level 1:colcon.colcon_core.package_identification:_identify(beta_firmware/beta_firmware/include) by extension 'ros'
[10.241s] Level 1:colcon.colcon_core.package_identification:_identify(beta_firmware/beta_firmware/include) by extensions ['cmake', 'python']
[10.241s] Level 1:colcon.colcon_core.package_identification:_identify(beta_firmware/beta_firmware/include) by extension 'cmake'
[10.241s] Level 1:colcon.colcon_core.package_identification:_identify(beta_firmware/beta_firmware/include) by extension 'python'
[10.241s] Level 1:colcon.colcon_core.package_identification:_identify(beta_firmware/beta_firmware/include) by extensions ['python_setup_py']
[10.241s] Level 1:colcon.colcon_core.package_identification:_identify(beta_firmware/beta_firmware/include) by extension 'python_setup_py'
[10.242s] Level 1:colcon.colcon_core.package_identification:_identify(beta_firmware/beta_firmware/install) by extensions ['ignore', 'ignore_ament_install']
[10.242s] Level 1:colcon.colcon_core.package_identification:_identify(beta_firmware/beta_firmware/install) by extension 'ignore'
[10.242s] Level 1:colcon.colcon_core.package_identification:_identify(beta_firmware/beta_firmware/install) ignored
[10.243s] Level 1:colcon.colcon_core.package_identification:_identify(beta_firmware/beta_firmware/lib) by extensions ['ignore', 'ignore_ament_install']
[10.243s] Level 1:colcon.colcon_core.package_identification:_identify(beta_firmware/beta_firmware/lib) by extension 'ignore'
[10.243s] Level 1:colcon.colcon_core.package_identification:_identify(beta_firmware/beta_firmware/lib) by extension 'ignore_ament_install'
[10.243s] Level 1:colcon.colcon_core.package_identification:_identify(beta_firmware/beta_firmware/lib) by extensions ['colcon_pkg']
[10.244s] Level 1:colcon.colcon_core.package_identification:_identify(beta_firmware/beta_firmware/lib) by extension 'colcon_pkg'
[10.244s] Level 1:colcon.colcon_core.package_identification:_identify(beta_firmware/beta_firmware/lib) by extensions ['colcon_meta']
[10.244s] Level 1:colcon.colcon_core.package_identification:_identify(beta_firmware/beta_firmware/lib) by extension 'colcon_meta'
[10.244s] Level 1:colcon.colcon_core.package_identification:_identify(beta_firmware/beta_firmware/lib) by extensions ['ros']
[10.244s] Level 1:colcon.colcon_core.package_identification:_identify(beta_firmware/beta_firmware/lib) by extension 'ros'
[10.245s] Level 1:colcon.colcon_core.package_identification:_identify(beta_firmware/beta_firmware/lib) by extensions ['cmake', 'python']
[10.245s] Level 1:colcon.colcon_core.package_identification:_identify(beta_firmware/beta_firmware/lib) by extension 'cmake'
[10.245s] Level 1:colcon.colcon_core.package_identification:_identify(beta_firmware/beta_firmware/lib) by extension 'python'
[10.245s] Level 1:colcon.colcon_core.package_identification:_identify(beta_firmware/beta_firmware/lib) by extensions ['python_setup_py']
[10.245s] Level 1:colcon.colcon_core.package_identification:_identify(beta_firmware/beta_firmware/lib) by extension 'python_setup_py'
[10.246s] Level 1:colcon.colcon_core.package_identification:_identify(beta_firmware/beta_firmware/log) by extensions ['ignore', 'ignore_ament_install']
[10.246s] Level 1:colcon.colcon_core.package_identification:_identify(beta_firmware/beta_firmware/log) by extension 'ignore'
[10.246s] Level 1:colcon.colcon_core.package_identification:_identify(beta_firmware/beta_firmware/log) ignored
[10.246s] Level 1:colcon.colcon_core.package_identification:_identify(beta_firmware/beta_firmware/src) by extensions ['ignore', 'ignore_ament_install']
[10.247s] Level 1:colcon.colcon_core.package_identification:_identify(beta_firmware/beta_firmware/src) by extension 'ignore'
[10.247s] Level 1:colcon.colcon_core.package_identification:_identify(beta_firmware/beta_firmware/src) by extension 'ignore_ament_install'
[10.247s] Level 1:colcon.colcon_core.package_identification:_identify(beta_firmware/beta_firmware/src) by extensions ['colcon_pkg']
[10.247s] Level 1:colcon.colcon_core.package_identification:_identify(beta_firmware/beta_firmware/src) by extension 'colcon_pkg'
[10.248s] Level 1:colcon.colcon_core.package_identification:_identify(beta_firmware/beta_firmware/src) by extensions ['colcon_meta']
[10.248s] Level 1:colcon.colcon_core.package_identification:_identify(beta_firmware/beta_firmware/src) by extension 'colcon_meta'
[10.248s] Level 1:colcon.colcon_core.package_identification:_identify(beta_firmware/beta_firmware/src) by extensions ['ros']
[10.248s] Level 1:colcon.colcon_core.package_identification:_identify(beta_firmware/beta_firmware/src) by extension 'ros'
[10.248s] Level 1:colcon.colcon_core.package_identification:_identify(beta_firmware/beta_firmware/src) by extensions ['cmake', 'python']
[10.249s] Level 1:colcon.colcon_core.package_identification:_identify(beta_firmware/beta_firmware/src) by extension 'cmake'
[10.249s] Level 1:colcon.colcon_core.package_identification:_identify(beta_firmware/beta_firmware/src) by extension 'python'
[10.249s] Level 1:colcon.colcon_core.package_identification:_identify(beta_firmware/beta_firmware/src) by extensions ['python_setup_py']
[10.249s] Level 1:colcon.colcon_core.package_identification:_identify(beta_firmware/beta_firmware/src) by extension 'python_setup_py'
[10.249s] Level 1:colcon.colcon_core.package_identification:_identify(beta_firmware/beta_firmware/test) by extensions ['ignore', 'ignore_ament_install']
[10.250s] Level 1:colcon.colcon_core.package_identification:_identify(beta_firmware/beta_firmware/test) by extension 'ignore'
[10.250s] Level 1:colcon.colcon_core.package_identification:_identify(beta_firmware/beta_firmware/test) by extension 'ignore_ament_install'
[10.250s] Level 1:colcon.colcon_core.package_identification:_identify(beta_firmware/beta_firmware/test) by extensions ['colcon_pkg']
[10.250s] Level 1:colcon.colcon_core.package_identification:_identify(beta_firmware/beta_firmware/test) by extension 'colcon_pkg'
[10.250s] Level 1:colcon.colcon_core.package_identification:_identify(beta_firmware/beta_firmware/test) by extensions ['colcon_meta']
[10.251s] Level 1:colcon.colcon_core.package_identification:_identify(beta_firmware/beta_firmware/test) by extension 'colcon_meta'
[10.251s] Level 1:colcon.colcon_core.package_identification:_identify(beta_firmware/beta_firmware/test) by extensions ['ros']
[10.251s] Level 1:colcon.colcon_core.package_identification:_identify(beta_firmware/beta_firmware/test) by extension 'ros'
[10.251s] Level 1:colcon.colcon_core.package_identification:_identify(beta_firmware/beta_firmware/test) by extensions ['cmake', 'python']
[10.251s] Level 1:colcon.colcon_core.package_identification:_identify(beta_firmware/beta_firmware/test) by extension 'cmake'
[10.252s] Level 1:colcon.colcon_core.package_identification:_identify(beta_firmware/beta_firmware/test) by extension 'python'
[10.252s] Level 1:colcon.colcon_core.package_identification:_identify(beta_firmware/beta_firmware/test) by extensions ['python_setup_py']
[10.252s] Level 1:colcon.colcon_core.package_identification:_identify(beta_firmware/beta_firmware/test) by extension 'python_setup_py'
[10.252s] Level 1:colcon.colcon_core.package_identification:_identify(beta_firmware/build) by extensions ['ignore', 'ignore_ament_install']
[10.253s] Level 1:colcon.colcon_core.package_identification:_identify(beta_firmware/build) by extension 'ignore'
[10.253s] Level 1:colcon.colcon_core.package_identification:_identify(beta_firmware/build) ignored
[10.253s] Level 1:colcon.colcon_core.package_identification:_identify(beta_firmware/install) by extensions ['ignore', 'ignore_ament_install']
[10.253s] Level 1:colcon.colcon_core.package_identification:_identify(beta_firmware/install) by extension 'ignore'
[10.254s] Level 1:colcon.colcon_core.package_identification:_identify(beta_firmware/install) ignored
[10.254s] Level 1:colcon.colcon_core.package_identification:_identify(beta_firmware/log) by extensions ['ignore', 'ignore_ament_install']
[10.254s] Level 1:colcon.colcon_core.package_identification:_identify(beta_firmware/log) by extension 'ignore'
[10.254s] Level 1:colcon.colcon_core.package_identification:_identify(beta_firmware/log) ignored
[10.255s] Level 1:colcon.colcon_core.package_identification:_identify(beta_firmware/microros_ws) by extensions ['ignore', 'ignore_ament_install']
[10.255s] Level 1:colcon.colcon_core.package_identification:_identify(beta_firmware/microros_ws) by extension 'ignore'
[10.255s] Level 1:colcon.colcon_core.package_identification:_identify(beta_firmware/microros_ws) by extension 'ignore_ament_install'
[10.256s] Level 1:colcon.colcon_core.package_identification:_identify(beta_firmware/microros_ws) by extensions ['colcon_pkg']
[10.256s] Level 1:colcon.colcon_core.package_identification:_identify(beta_firmware/microros_ws) by extension 'colcon_pkg'
[10.256s] Level 1:colcon.colcon_core.package_identification:_identify(beta_firmware/microros_ws) by extensions ['colcon_meta']
[10.256s] Level 1:colcon.colcon_core.package_identification:_identify(beta_firmware/microros_ws) by extension 'colcon_meta'
[10.256s] Level 1:colcon.colcon_core.package_identification:_identify(beta_firmware/microros_ws) by extensions ['ros']
[10.256s] Level 1:colcon.colcon_core.package_identification:_identify(beta_firmware/microros_ws) by extension 'ros'
[10.256s] Level 1:colcon.colcon_core.package_identification:_identify(beta_firmware/microros_ws) by extensions ['cmake', 'python']
[10.256s] Level 1:colcon.colcon_core.package_identification:_identify(beta_firmware/microros_ws) by extension 'cmake'
[10.257s] Level 1:colcon.colcon_core.package_identification:_identify(beta_firmware/microros_ws) by extension 'python'
[10.257s] Level 1:colcon.colcon_core.package_identification:_identify(beta_firmware/microros_ws) by extensions ['python_setup_py']
[10.257s] Level 1:colcon.colcon_core.package_identification:_identify(beta_firmware/microros_ws) by extension 'python_setup_py'
[10.257s] Level 1:colcon.colcon_core.package_identification:_identify(beta_firmware/microros_ws/build) by extensions ['ignore', 'ignore_ament_install']
[10.257s] Level 1:colcon.colcon_core.package_identification:_identify(beta_firmware/microros_ws/build) by extension 'ignore'
[10.257s] Level 1:colcon.colcon_core.package_identification:_identify(beta_firmware/microros_ws/build) ignored
[10.257s] Level 1:colcon.colcon_core.package_identification:_identify(beta_firmware/microros_ws/install) by extensions ['ignore', 'ignore_ament_install']
[10.257s] Level 1:colcon.colcon_core.package_identification:_identify(beta_firmware/microros_ws/install) by extension 'ignore'
[10.258s] Level 1:colcon.colcon_core.package_identification:_identify(beta_firmware/microros_ws/install) ignored
[10.258s] Level 1:colcon.colcon_core.package_identification:_identify(beta_firmware/microros_ws/log) by extensions ['ignore', 'ignore_ament_install']
[10.258s] Level 1:colcon.colcon_core.package_identification:_identify(beta_firmware/microros_ws/log) by extension 'ignore'
[10.258s] Level 1:colcon.colcon_core.package_identification:_identify(beta_firmware/microros_ws/log) ignored
[10.258s] Level 1:colcon.colcon_core.package_identification:_identify(beta_firmware/microros_ws/src) by extensions ['ignore', 'ignore_ament_install']
[10.258s] Level 1:colcon.colcon_core.package_identification:_identify(beta_firmware/microros_ws/src) by extension 'ignore'
[10.258s] Level 1:colcon.colcon_core.package_identification:_identify(beta_firmware/microros_ws/src) by extension 'ignore_ament_install'
[10.258s] Level 1:colcon.colcon_core.package_identification:_identify(beta_firmware/microros_ws/src) by extensions ['colcon_pkg']
[10.258s] Level 1:colcon.colcon_core.package_identification:_identify(beta_firmware/microros_ws/src) by extension 'colcon_pkg'
[10.258s] Level 1:colcon.colcon_core.package_identification:_identify(beta_firmware/microros_ws/src) by extensions ['colcon_meta']
[10.259s] Level 1:colcon.colcon_core.package_identification:_identify(beta_firmware/microros_ws/src) by extension 'colcon_meta'
[10.259s] Level 1:colcon.colcon_core.package_identification:_identify(beta_firmware/microros_ws/src) by extensions ['ros']
[10.259s] Level 1:colcon.colcon_core.package_identification:_identify(beta_firmware/microros_ws/src) by extension 'ros'
[10.259s] Level 1:colcon.colcon_core.package_identification:_identify(beta_firmware/microros_ws/src) by extensions ['cmake', 'python']
[10.259s] Level 1:colcon.colcon_core.package_identification:_identify(beta_firmware/microros_ws/src) by extension 'cmake'
[10.259s] Level 1:colcon.colcon_core.package_identification:_identify(beta_firmware/microros_ws/src) by extension 'python'
[10.259s] Level 1:colcon.colcon_core.package_identification:_identify(beta_firmware/microros_ws/src) by extensions ['python_setup_py']
[10.259s] Level 1:colcon.colcon_core.package_identification:_identify(beta_firmware/microros_ws/src) by extension 'python_setup_py'
[10.259s] Level 1:colcon.colcon_core.package_identification:_identify(beta_firmware/microros_ws/src/micro_ros_setup) by extensions ['ignore', 'ignore_ament_install']
[10.259s] Level 1:colcon.colcon_core.package_identification:_identify(beta_firmware/microros_ws/src/micro_ros_setup) by extension 'ignore'
[10.259s] Level 1:colcon.colcon_core.package_identification:_identify(beta_firmware/microros_ws/src/micro_ros_setup) by extension 'ignore_ament_install'
[10.260s] Level 1:colcon.colcon_core.package_identification:_identify(beta_firmware/microros_ws/src/micro_ros_setup) by extensions ['colcon_pkg']
[10.260s] Level 1:colcon.colcon_core.package_identification:_identify(beta_firmware/microros_ws/src/micro_ros_setup) by extension 'colcon_pkg'
[10.260s] Level 1:colcon.colcon_core.package_identification:_identify(beta_firmware/microros_ws/src/micro_ros_setup) by extensions ['colcon_meta']
[10.260s] Level 1:colcon.colcon_core.package_identification:_identify(beta_firmware/microros_ws/src/micro_ros_setup) by extension 'colcon_meta'
[10.260s] Level 1:colcon.colcon_core.package_identification:_identify(beta_firmware/microros_ws/src/micro_ros_setup) by extensions ['ros']
[10.260s] Level 1:colcon.colcon_core.package_identification:_identify(beta_firmware/microros_ws/src/micro_ros_setup) by extension 'ros'
[10.290s] DEBUG:colcon.colcon_core.package_identification:Package 'beta_firmware/microros_ws/src/micro_ros_setup' with type 'ros.ament_cmake' and name 'micro_ros_setup'
[10.291s] Level 1:colcon.colcon_core.package_identification:_identify(beta_firmware/microros_ws/src/uros) by extensions ['ignore', 'ignore_ament_install']
[10.291s] Level 1:colcon.colcon_core.package_identification:_identify(beta_firmware/microros_ws/src/uros) by extension 'ignore'
[10.291s] Level 1:colcon.colcon_core.package_identification:_identify(beta_firmware/microros_ws/src/uros) by extension 'ignore_ament_install'
[10.291s] Level 1:colcon.colcon_core.package_identification:_identify(beta_firmware/microros_ws/src/uros) by extensions ['colcon_pkg']
[10.291s] Level 1:colcon.colcon_core.package_identification:_identify(beta_firmware/microros_ws/src/uros) by extension 'colcon_pkg'
[10.291s] Level 1:colcon.colcon_core.package_identification:_identify(beta_firmware/microros_ws/src/uros) by extensions ['colcon_meta']
[10.291s] Level 1:colcon.colcon_core.package_identification:_identify(beta_firmware/microros_ws/src/uros) by extension 'colcon_meta'
[10.292s] Level 1:colcon.colcon_core.package_identification:_identify(beta_firmware/microros_ws/src/uros) by extensions ['ros']
[10.292s] Level 1:colcon.colcon_core.package_identification:_identify(beta_firmware/microros_ws/src/uros) by extension 'ros'
[10.292s] Level 1:colcon.colcon_core.package_identification:_identify(beta_firmware/microros_ws/src/uros) by extensions ['cmake', 'python']
[10.292s] Level 1:colcon.colcon_core.package_identification:_identify(beta_firmware/microros_ws/src/uros) by extension 'cmake'
[10.292s] Level 1:colcon.colcon_core.package_identification:_identify(beta_firmware/microros_ws/src/uros) by extension 'python'
[10.292s] Level 1:colcon.colcon_core.package_identification:_identify(beta_firmware/microros_ws/src/uros) by extensions ['python_setup_py']
[10.292s] Level 1:colcon.colcon_core.package_identification:_identify(beta_firmware/microros_ws/src/uros) by extension 'python_setup_py'
[10.293s] Level 1:colcon.colcon_core.package_identification:_identify(beta_firmware/microros_ws/src/uros/micro-ROS-Agent) by extensions ['ignore', 'ignore_ament_install']
[10.293s] Level 1:colcon.colcon_core.package_identification:_identify(beta_firmware/microros_ws/src/uros/micro-ROS-Agent) by extension 'ignore'
[10.293s] Level 1:colcon.colcon_core.package_identification:_identify(beta_firmware/microros_ws/src/uros/micro-ROS-Agent) by extension 'ignore_ament_install'
[10.294s] Level 1:colcon.colcon_core.package_identification:_identify(beta_firmware/microros_ws/src/uros/micro-ROS-Agent) by extensions ['colcon_pkg']
[10.294s] Level 1:colcon.colcon_core.package_identification:_identify(beta_firmware/microros_ws/src/uros/micro-ROS-Agent) by extension 'colcon_pkg'
[10.294s] Level 1:colcon.colcon_core.package_identification:_identify(beta_firmware/microros_ws/src/uros/micro-ROS-Agent) by extensions ['colcon_meta']
[10.294s] Level 1:colcon.colcon_core.package_identification:_identify(beta_firmware/microros_ws/src/uros/micro-ROS-Agent) by extension 'colcon_meta'
[10.294s] Level 1:colcon.colcon_core.package_identification:_identify(beta_firmware/microros_ws/src/uros/micro-ROS-Agent) by extensions ['ros']
[10.294s] Level 1:colcon.colcon_core.package_identification:_identify(beta_firmware/microros_ws/src/uros/micro-ROS-Agent) by extension 'ros'
[10.295s] Level 1:colcon.colcon_core.package_identification:_identify(beta_firmware/microros_ws/src/uros/micro-ROS-Agent) by extensions ['cmake', 'python']
[10.295s] Level 1:colcon.colcon_core.package_identification:_identify(beta_firmware/microros_ws/src/uros/micro-ROS-Agent) by extension 'cmake'
[10.295s] Level 1:colcon.colcon_core.package_identification:_identify(beta_firmware/microros_ws/src/uros/micro-ROS-Agent) by extension 'python'
[10.295s] Level 1:colcon.colcon_core.package_identification:_identify(beta_firmware/microros_ws/src/uros/micro-ROS-Agent) by extensions ['python_setup_py']
[10.295s] Level 1:colcon.colcon_core.package_identification:_identify(beta_firmware/microros_ws/src/uros/micro-ROS-Agent) by extension 'python_setup_py'
[10.296s] Level 1:colcon.colcon_core.package_identification:_identify(beta_firmware/microros_ws/src/uros/micro-ROS-Agent/micro_ros_agent) by extensions ['ignore', 'ignore_ament_install']
[10.296s] Level 1:colcon.colcon_core.package_identification:_identify(beta_firmware/microros_ws/src/uros/micro-ROS-Agent/micro_ros_agent) by extension 'ignore'
[10.296s] Level 1:colcon.colcon_core.package_identification:_identify(beta_firmware/microros_ws/src/uros/micro-ROS-Agent/micro_ros_agent) by extension 'ignore_ament_install'
[10.296s] Level 1:colcon.colcon_core.package_identification:_identify(beta_firmware/microros_ws/src/uros/micro-ROS-Agent/micro_ros_agent) by extensions ['colcon_pkg']
[10.297s] Level 1:colcon.colcon_core.package_identification:_identify(beta_firmware/microros_ws/src/uros/micro-ROS-Agent/micro_ros_agent) by extension 'colcon_pkg'
[10.297s] Level 1:colcon.colcon_core.package_identification:_identify(beta_firmware/microros_ws/src/uros/micro-ROS-Agent/micro_ros_agent) by extensions ['colcon_meta']
[10.297s] Level 1:colcon.colcon_core.package_identification:_identify(beta_firmware/microros_ws/src/uros/micro-ROS-Agent/micro_ros_agent) by extension 'colcon_meta'
[10.297s] Level 1:colcon.colcon_core.package_identification:_identify(beta_firmware/microros_ws/src/uros/micro-ROS-Agent/micro_ros_agent) by extensions ['ros']
[10.297s] Level 1:colcon.colcon_core.package_identification:_identify(beta_firmware/microros_ws/src/uros/micro-ROS-Agent/micro_ros_agent) by extension 'ros'
[10.308s] DEBUG:colcon.colcon_core.package_identification:Package 'beta_firmware/microros_ws/src/uros/micro-ROS-Agent/micro_ros_agent' with type 'ros.ament_cmake' and name 'micro_ros_agent'
[10.308s] Level 1:colcon.colcon_core.package_identification:_identify(beta_firmware/microros_ws/src/uros/micro-ROS-Agent/snap) by extensions ['ignore', 'ignore_ament_install']
[10.309s] Level 1:colcon.colcon_core.package_identification:_identify(beta_firmware/microros_ws/src/uros/micro-ROS-Agent/snap) by extension 'ignore'
[10.309s] Level 1:colcon.colcon_core.package_identification:_identify(beta_firmware/microros_ws/src/uros/micro-ROS-Agent/snap) by extension 'ignore_ament_install'
[10.309s] Level 1:colcon.colcon_core.package_identification:_identify(beta_firmware/microros_ws/src/uros/micro-ROS-Agent/snap) by extensions ['colcon_pkg']
[10.309s] Level 1:colcon.colcon_core.package_identification:_identify(beta_firmware/microros_ws/src/uros/micro-ROS-Agent/snap) by extension 'colcon_pkg'
[10.310s] Level 1:colcon.colcon_core.package_identification:_identify(beta_firmware/microros_ws/src/uros/micro-ROS-Agent/snap) by extensions ['colcon_meta']
[10.310s] Level 1:colcon.colcon_core.package_identification:_identify(beta_firmware/microros_ws/src/uros/micro-ROS-Agent/snap) by extension 'colcon_meta'
[10.310s] Level 1:colcon.colcon_core.package_identification:_identify(beta_firmware/microros_ws/src/uros/micro-ROS-Agent/snap) by extensions ['ros']
[10.310s] Level 1:colcon.colcon_core.package_identification:_identify(beta_firmware/microros_ws/src/uros/micro-ROS-Agent/snap) by extension 'ros'
[10.311s] Level 1:colcon.colcon_core.package_identification:_identify(beta_firmware/microros_ws/src/uros/micro-ROS-Agent/snap) by extensions ['cmake', 'python']
[10.311s] Level 1:colcon.colcon_core.package_identification:_identify(beta_firmware/microros_ws/src/uros/micro-ROS-Agent/snap) by extension 'cmake'
[10.311s] Level 1:colcon.colcon_core.package_identification:_identify(beta_firmware/microros_ws/src/uros/micro-ROS-Agent/snap) by extension 'python'
[10.311s] Level 1:colcon.colcon_core.package_identification:_identify(beta_firmware/microros_ws/src/uros/micro-ROS-Agent/snap) by extensions ['python_setup_py']
[10.311s] Level 1:colcon.colcon_core.package_identification:_identify(beta_firmware/microros_ws/src/uros/micro-ROS-Agent/snap) by extension 'python_setup_py'
[10.312s] Level 1:colcon.colcon_core.package_identification:_identify(beta_firmware/microros_ws/src/uros/micro-ROS-Agent/snap/hooks) by extensions ['ignore', 'ignore_ament_install']
[10.312s] Level 1:colcon.colcon_core.package_identification:_identify(beta_firmware/microros_ws/src/uros/micro-ROS-Agent/snap/hooks) by extension 'ignore'
[10.312s] Level 1:colcon.colcon_core.package_identification:_identify(beta_firmware/microros_ws/src/uros/micro-ROS-Agent/snap/hooks) by extension 'ignore_ament_install'
[10.312s] Level 1:colcon.colcon_core.package_identification:_identify(beta_firmware/microros_ws/src/uros/micro-ROS-Agent/snap/hooks) by extensions ['colcon_pkg']
[10.313s] Level 1:colcon.colcon_core.package_identification:_identify(beta_firmware/microros_ws/src/uros/micro-ROS-Agent/snap/hooks) by extension 'colcon_pkg'
[10.313s] Level 1:colcon.colcon_core.package_identification:_identify(beta_firmware/microros_ws/src/uros/micro-ROS-Agent/snap/hooks) by extensions ['colcon_meta']
[10.313s] Level 1:colcon.colcon_core.package_identification:_identify(beta_firmware/microros_ws/src/uros/micro-ROS-Agent/snap/hooks) by extension 'colcon_meta'
[10.313s] Level 1:colcon.colcon_core.package_identification:_identify(beta_firmware/microros_ws/src/uros/micro-ROS-Agent/snap/hooks) by extensions ['ros']
[10.313s] Level 1:colcon.colcon_core.package_identification:_identify(beta_firmware/microros_ws/src/uros/micro-ROS-Agent/snap/hooks) by extension 'ros'
[10.314s] Level 1:colcon.colcon_core.package_identification:_identify(beta_firmware/microros_ws/src/uros/micro-ROS-Agent/snap/hooks) by extensions ['cmake', 'python']
[10.314s] Level 1:colcon.colcon_core.package_identification:_identify(beta_firmware/microros_ws/src/uros/micro-ROS-Agent/snap/hooks) by extension 'cmake'
[10.314s] Level 1:colcon.colcon_core.package_identification:_identify(beta_firmware/microros_ws/src/uros/micro-ROS-Agent/snap/hooks) by extension 'python'
[10.314s] Level 1:colcon.colcon_core.package_identification:_identify(beta_firmware/microros_ws/src/uros/micro-ROS-Agent/snap/hooks) by extensions ['python_setup_py']
[10.314s] Level 1:colcon.colcon_core.package_identification:_identify(beta_firmware/microros_ws/src/uros/micro-ROS-Agent/snap/hooks) by extension 'python_setup_py'
[10.315s] Level 1:colcon.colcon_core.package_identification:_identify(beta_firmware/microros_ws/src/uros/micro-ROS-Agent/snap/local) by extensions ['ignore', 'ignore_ament_install']
[10.315s] Level 1:colcon.colcon_core.package_identification:_identify(beta_firmware/microros_ws/src/uros/micro-ROS-Agent/snap/local) by extension 'ignore'
[10.315s] Level 1:colcon.colcon_core.package_identification:_identify(beta_firmware/microros_ws/src/uros/micro-ROS-Agent/snap/local) by extension 'ignore_ament_install'
[10.316s] Level 1:colcon.colcon_core.package_identification:_identify(beta_firmware/microros_ws/src/uros/micro-ROS-Agent/snap/local) by extensions ['colcon_pkg']
[10.316s] Level 1:colcon.colcon_core.package_identification:_identify(beta_firmware/microros_ws/src/uros/micro-ROS-Agent/snap/local) by extension 'colcon_pkg'
[10.316s] Level 1:colcon.colcon_core.package_identification:_identify(beta_firmware/microros_ws/src/uros/micro-ROS-Agent/snap/local) by extensions ['colcon_meta']
[10.316s] Level 1:colcon.colcon_core.package_identification:_identify(beta_firmware/microros_ws/src/uros/micro-ROS-Agent/snap/local) by extension 'colcon_meta'
[10.316s] Level 1:colcon.colcon_core.package_identification:_identify(beta_firmware/microros_ws/src/uros/micro-ROS-Agent/snap/local) by extensions ['ros']
[10.317s] Level 1:colcon.colcon_core.package_identification:_identify(beta_firmware/microros_ws/src/uros/micro-ROS-Agent/snap/local) by extension 'ros'
[10.317s] Level 1:colcon.colcon_core.package_identification:_identify(beta_firmware/microros_ws/src/uros/micro-ROS-Agent/snap/local) by extensions ['cmake', 'python']
[10.317s] Level 1:colcon.colcon_core.package_identification:_identify(beta_firmware/microros_ws/src/uros/micro-ROS-Agent/snap/local) by extension 'cmake'
[10.317s] Level 1:colcon.colcon_core.package_identification:_identify(beta_firmware/microros_ws/src/uros/micro-ROS-Agent/snap/local) by extension 'python'
[10.317s] Level 1:colcon.colcon_core.package_identification:_identify(beta_firmware/microros_ws/src/uros/micro-ROS-Agent/snap/local) by extensions ['python_setup_py']
[10.318s] Level 1:colcon.colcon_core.package_identification:_identify(beta_firmware/microros_ws/src/uros/micro-ROS-Agent/snap/local) by extension 'python_setup_py'
[10.318s] Level 1:colcon.colcon_core.package_identification:_identify(beta_firmware/microros_ws/src/uros/micro_ros_msgs) by extensions ['ignore', 'ignore_ament_install']
[10.318s] Level 1:colcon.colcon_core.package_identification:_identify(beta_firmware/microros_ws/src/uros/micro_ros_msgs) by extension 'ignore'
[10.319s] Level 1:colcon.colcon_core.package_identification:_identify(beta_firmware/microros_ws/src/uros/micro_ros_msgs) by extension 'ignore_ament_install'
[10.319s] Level 1:colcon.colcon_core.package_identification:_identify(beta_firmware/microros_ws/src/uros/micro_ros_msgs) by extensions ['colcon_pkg']
[10.319s] Level 1:colcon.colcon_core.package_identification:_identify(beta_firmware/microros_ws/src/uros/micro_ros_msgs) by extension 'colcon_pkg'
[10.319s] Level 1:colcon.colcon_core.package_identification:_identify(beta_firmware/microros_ws/src/uros/micro_ros_msgs) by extensions ['colcon_meta']
[10.319s] Level 1:colcon.colcon_core.package_identification:_identify(beta_firmware/microros_ws/src/uros/micro_ros_msgs) by extension 'colcon_meta'
[10.319s] Level 1:colcon.colcon_core.package_identification:_identify(beta_firmware/microros_ws/src/uros/micro_ros_msgs) by extensions ['ros']
[10.320s] Level 1:colcon.colcon_core.package_identification:_identify(beta_firmware/microros_ws/src/uros/micro_ros_msgs) by extension 'ros'
[10.330s] DEBUG:colcon.colcon_core.package_identification:Package 'beta_firmware/microros_ws/src/uros/micro_ros_msgs' with type 'ros.ament_cmake' and name 'micro_ros_msgs'
[10.331s] Level 1:colcon.colcon_core.package_identification:_identify(build) by extensions ['ignore', 'ignore_ament_install']
[10.331s] Level 1:colcon.colcon_core.package_identification:_identify(build) by extension 'ignore'
[10.331s] Level 1:colcon.colcon_core.package_identification:_identify(build) ignored
[10.332s] Level 1:colcon.colcon_core.package_identification:_identify(install) by extensions ['ignore', 'ignore_ament_install']
[10.332s] Level 1:colcon.colcon_core.package_identification:_identify(install) by extension 'ignore'
[10.332s] Level 1:colcon.colcon_core.package_identification:_identify(install) ignored
[10.333s] Level 1:colcon.colcon_core.package_identification:_identify(log) by extensions ['ignore', 'ignore_ament_install']
[10.333s] Level 1:colcon.colcon_core.package_identification:_identify(log) by extension 'ignore'
[10.334s] Level 1:colcon.colcon_core.package_identification:_identify(log) ignored
[10.334s] Level 1:colcon.colcon_core.package_identification:_identify(src) by extensions ['ignore', 'ignore_ament_install']
[10.334s] Level 1:colcon.colcon_core.package_identification:_identify(src) by extension 'ignore'
[10.334s] Level 1:colcon.colcon_core.package_identification:_identify(src) by extension 'ignore_ament_install'
[10.335s] Level 1:colcon.colcon_core.package_identification:_identify(src) by extensions ['colcon_pkg']
[10.335s] Level 1:colcon.colcon_core.package_identification:_identify(src) by extension 'colcon_pkg'
[10.335s] Level 1:colcon.colcon_core.package_identification:_identify(src) by extensions ['colcon_meta']
[10.335s] Level 1:colcon.colcon_core.package_identification:_identify(src) by extension 'colcon_meta'
[10.335s] Level 1:colcon.colcon_core.package_identification:_identify(src) by extensions ['ros']
[10.335s] Level 1:colcon.colcon_core.package_identification:_identify(src) by extension 'ros'
[10.336s] Level 1:colcon.colcon_core.package_identification:_identify(src) by extensions ['cmake', 'python']
[10.336s] Level 1:colcon.colcon_core.package_identification:_identify(src) by extension 'cmake'
[10.336s] Level 1:colcon.colcon_core.package_identification:_identify(src) by extension 'python'
[10.336s] Level 1:colcon.colcon_core.package_identification:_identify(src) by extensions ['python_setup_py']
[10.336s] Level 1:colcon.colcon_core.package_identification:_identify(src) by extension 'python_setup_py'
[10.337s] Level 1:colcon.colcon_core.package_identification:_identify(src/beta_controller) by extensions ['ignore', 'ignore_ament_install']
[10.337s] Level 1:colcon.colcon_core.package_identification:_identify(src/beta_controller) by extension 'ignore'
[10.337s] Level 1:colcon.colcon_core.package_identification:_identify(src/beta_controller) by extension 'ignore_ament_install'
[10.338s] Level 1:colcon.colcon_core.package_identification:_identify(src/beta_controller) by extensions ['colcon_pkg']
[10.338s] Level 1:colcon.colcon_core.package_identification:_identify(src/beta_controller) by extension 'colcon_pkg'
[10.338s] Level 1:colcon.colcon_core.package_identification:_identify(src/beta_controller) by extensions ['colcon_meta']
[10.338s] Level 1:colcon.colcon_core.package_identification:_identify(src/beta_controller) by extension 'colcon_meta'
[10.338s] Level 1:colcon.colcon_core.package_identification:_identify(src/beta_controller) by extensions ['ros']
[10.338s] Level 1:colcon.colcon_core.package_identification:_identify(src/beta_controller) by extension 'ros'
[10.361s] DEBUG:colcon.colcon_core.package_identification:Package 'src/beta_controller' with type 'ros.ament_python' and name 'beta_controller'
[10.361s] Level 1:colcon.colcon_core.package_discovery:discover_packages(recursive) using defaults
[10.362s] Level 1:colcon.colcon_core.package_discovery:discover_packages(ignore) discover
[10.362s] Level 1:colcon.colcon_core.package_discovery:discover_packages(ignore) using defaults
[10.362s] Level 1:colcon.colcon_core.package_discovery:discover_packages(path) discover
[10.362s] Level 1:colcon.colcon_core.package_discovery:discover_packages(path) using defaults
[10.709s] Level 1:colcon.colcon_core.package_discovery:discover_packages(prefix_path) check parameters
[10.710s] Level 1:colcon.colcon_core.package_discovery:discover_packages(prefix_path) discover
[10.717s] DEBUG:colcon.colcon_installed_package_information.package_discovery:Found 4 installed packages in /home/joaoferreira/beta/install
[10.772s] DEBUG:colcon.colcon_installed_package_information.package_discovery:Found 294 installed packages in /opt/ros/humble
[10.778s] Level 1:colcon.colcon_core.package_discovery:discover_packages(prefix_path) using defaults
[14.971s] Level 5:colcon.colcon_core.verb:set package 'beta_controller' build argument 'cmake_args' from command line to 'None'
[14.972s] Level 5:colcon.colcon_core.verb:set package 'beta_controller' build argument 'cmake_target' from command line to 'None'
[14.972s] Level 5:colcon.colcon_core.verb:set package 'beta_controller' build argument 'cmake_target_skip_unavailable' from command line to 'False'
[14.972s] Level 5:colcon.colcon_core.verb:set package 'beta_controller' build argument 'cmake_clean_cache' from command line to 'False'
[14.972s] Level 5:colcon.colcon_core.verb:set package 'beta_controller' build argument 'cmake_clean_first' from command line to 'False'
[14.972s] Level 5:colcon.colcon_core.verb:set package 'beta_controller' build argument 'cmake_force_configure' from command line to 'False'
[14.972s] Level 5:colcon.colcon_core.verb:set package 'beta_controller' build argument 'ament_cmake_args' from command line to 'None'
[14.972s] Level 5:colcon.colcon_core.verb:set package 'beta_controller' build argument 'catkin_cmake_args' from command line to 'None'
[14.972s] Level 5:colcon.colcon_core.verb:set package 'beta_controller' build argument 'catkin_skip_building_tests' from command line to 'False'
[14.972s] DEBUG:colcon.colcon_core.verb:Building package 'beta_controller' with the following arguments: {'ament_cmake_args': None, 'build_base': '/home/joaoferreira/beta/build/beta_controller', 'catkin_cmake_args': None, 'catkin_skip_building_tests': False, 'cmake_args': None, 'cmake_clean_cache': False, 'cmake_clean_first': False, 'cmake_force_configure': False, 'cmake_target': None, 'cmake_target_skip_unavailable': False, 'install_base': '/home/joaoferreira/beta/install/beta_controller', 'merge_install': False, 'path': '/home/joaoferreira/beta/src/beta_controller', 'symlink_install': False, 'test_result_base': None}
[14.973s] Level 5:colcon.colcon_core.verb:set package 'micro_ros_msgs' build argument 'cmake_args' from command line to 'None'
[14.973s] Level 5:colcon.colcon_core.verb:set package 'micro_ros_msgs' build argument 'cmake_target' from command line to 'None'
[14.973s] Level 5:colcon.colcon_core.verb:set package 'micro_ros_msgs' build argument 'cmake_target_skip_unavailable' from command line to 'False'
[14.973s] Level 5:colcon.colcon_core.verb:set package 'micro_ros_msgs' build argument 'cmake_clean_cache' from command line to 'False'
[14.973s] Level 5:colcon.colcon_core.verb:set package 'micro_ros_msgs' build argument 'cmake_clean_first' from command line to 'False'
[14.973s] Level 5:colcon.colcon_core.verb:set package 'micro_ros_msgs' build argument 'cmake_force_configure' from command line to 'False'
[14.973s] Level 5:colcon.colcon_core.verb:set package 'micro_ros_msgs' build argument 'ament_cmake_args' from command line to 'None'
[14.973s] Level 5:colcon.colcon_core.verb:set package 'micro_ros_msgs' build argument 'catkin_cmake_args' from command line to 'None'
[14.973s] Level 5:colcon.colcon_core.verb:set package 'micro_ros_msgs' build argument 'catkin_skip_building_tests' from command line to 'False'
[14.973s] DEBUG:colcon.colcon_core.verb:Building package 'micro_ros_msgs' with the following arguments: {'ament_cmake_args': None, 'build_base': '/home/joaoferreira/beta/build/micro_ros_msgs', 'catkin_cmake_args': None, 'catkin_skip_building_tests': False, 'cmake_args': None, 'cmake_clean_cache': False, 'cmake_clean_first': False, 'cmake_force_configure': False, 'cmake_target': None, 'cmake_target_skip_unavailable': False, 'install_base': '/home/joaoferreira/beta/install/micro_ros_msgs', 'merge_install': False, 'path': '/home/joaoferreira/beta/beta_firmware/microros_ws/src/uros/micro_ros_msgs', 'symlink_install': False, 'test_result_base': None}
[14.973s] Level 5:colcon.colcon_core.verb:set package 'micro_ros_setup' build argument 'cmake_args' from command line to 'None'
[14.974s] Level 5:colcon.colcon_core.verb:set package 'micro_ros_setup' build argument 'cmake_target' from command line to 'None'
[14.974s] Level 5:colcon.colcon_core.verb:set package 'micro_ros_setup' build argument 'cmake_target_skip_unavailable' from command line to 'False'
[14.974s] Level 5:colcon.colcon_core.verb:set package 'micro_ros_setup' build argument 'cmake_clean_cache' from command line to 'False'
[14.974s] Level 5:colcon.colcon_core.verb:set package 'micro_ros_setup' build argument 'cmake_clean_first' from command line to 'False'
[14.974s] Level 5:colcon.colcon_core.verb:set package 'micro_ros_setup' build argument 'cmake_force_configure' from command line to 'False'
[14.974s] Level 5:colcon.colcon_core.verb:set package 'micro_ros_setup' build argument 'ament_cmake_args' from command line to 'None'
[14.974s] Level 5:colcon.colcon_core.verb:set package 'micro_ros_setup' build argument 'catkin_cmake_args' from command line to 'None'
[14.974s] Level 5:colcon.colcon_core.verb:set package 'micro_ros_setup' build argument 'catkin_skip_building_tests' from command line to 'False'
[14.974s] DEBUG:colcon.colcon_core.verb:Building package 'micro_ros_setup' with the following arguments: {'ament_cmake_args': None, 'build_base': '/home/joaoferreira/beta/build/micro_ros_setup', 'catkin_cmake_args': None, 'catkin_skip_building_tests': False, 'cmake_args': None, 'cmake_clean_cache': False, 'cmake_clean_first': False, 'cmake_force_configure': False, 'cmake_target': None, 'cmake_target_skip_unavailable': False, 'install_base': '/home/joaoferreira/beta/install/micro_ros_setup', 'merge_install': False, 'path': '/home/joaoferreira/beta/beta_firmware/microros_ws/src/micro_ros_setup', 'symlink_install': False, 'test_result_base': None}
[14.974s] Level 5:colcon.colcon_core.verb:set package 'micro_ros_agent' build argument 'cmake_args' from command line to 'None'
[14.974s] Level 5:colcon.colcon_core.verb:set package 'micro_ros_agent' build argument 'cmake_target' from command line to 'None'
[14.975s] Level 5:colcon.colcon_core.verb:set package 'micro_ros_agent' build argument 'cmake_target_skip_unavailable' from command line to 'False'
[14.975s] Level 5:colcon.colcon_core.verb:set package 'micro_ros_agent' build argument 'cmake_clean_cache' from command line to 'False'
[14.975s] Level 5:colcon.colcon_core.verb:set package 'micro_ros_agent' build argument 'cmake_clean_first' from command line to 'False'
[14.975s] Level 5:colcon.colcon_core.verb:set package 'micro_ros_agent' build argument 'cmake_force_configure' from command line to 'False'
[14.975s] Level 5:colcon.colcon_core.verb:set package 'micro_ros_agent' build argument 'ament_cmake_args' from command line to 'None'
[14.975s] Level 5:colcon.colcon_core.verb:set package 'micro_ros_agent' build argument 'catkin_cmake_args' from command line to 'None'
[14.975s] Level 5:colcon.colcon_core.verb:set package 'micro_ros_agent' build argument 'catkin_skip_building_tests' from command line to 'False'
[14.975s] DEBUG:colcon.colcon_core.verb:Building package 'micro_ros_agent' with the following arguments: {'ament_cmake_args': None, 'build_base': '/home/joaoferreira/beta/build/micro_ros_agent', 'catkin_cmake_args': None, 'catkin_skip_building_tests': False, 'cmake_args': None, 'cmake_clean_cache': False, 'cmake_clean_first': False, 'cmake_force_configure': False, 'cmake_target': None, 'cmake_target_skip_unavailable': False, 'install_base': '/home/joaoferreira/beta/install/micro_ros_agent', 'merge_install': False, 'path': '/home/joaoferreira/beta/beta_firmware/microros_ws/src/uros/micro-ROS-Agent/micro_ros_agent', 'symlink_install': False, 'test_result_base': None}
[14.975s] INFO:colcon.colcon_core.executor:Executing jobs using 'parallel' executor
[14.976s] DEBUG:colcon.colcon_parallel_executor.executor.parallel:run_until_complete
[14.977s] INFO:colcon.colcon_ros.task.ament_cmake.build:Building ROS package in '/home/joaoferreira/beta/beta_firmware/microros_ws/src/uros/micro_ros_msgs' with build type 'ament_cmake'
[14.977s] INFO:colcon.colcon_cmake.task.cmake.build:Building CMake package in '/home/joaoferreira/beta/beta_firmware/microros_ws/src/uros/micro_ros_msgs'
[15.124s] INFO:colcon.colcon_core.plugin_system:Skipping extension 'colcon_core.shell.bat': Not used on non-Windows systems
[15.125s] INFO:colcon.colcon_core.shell:Skip shell extension 'powershell' for command environment: Not usable outside of PowerShell
[15.125s] DEBUG:colcon.colcon_core.shell:Skip shell extension 'dsv' for command environment
[15.153s] INFO:colcon.colcon_ros.task.ament_python.build:Building ROS package in '/home/joaoferreira/beta/src/beta_controller' with build type 'ament_python'
[15.153s] Level 1:colcon.colcon_core.shell:create_environment_hook('beta_controller', 'ament_prefix_path')
[15.154s] INFO:colcon.colcon_core.shell:Creating environment hook '/home/joaoferreira/beta/install/beta_controller/share/beta_controller/hook/ament_prefix_path.ps1'
[15.183s] INFO:colcon.colcon_core.shell:Creating environment descriptor '/home/joaoferreira/beta/install/beta_controller/share/beta_controller/hook/ament_prefix_path.dsv'
[15.197s] INFO:colcon.colcon_core.shell:Creating environment hook '/home/joaoferreira/beta/install/beta_controller/share/beta_controller/hook/ament_prefix_path.sh'
[15.201s] INFO:colcon.colcon_core.shell:Skip shell extension 'powershell' for command environment: Not usable outside of PowerShell
[15.202s] DEBUG:colcon.colcon_core.shell:Skip shell extension 'dsv' for command environment
[15.212s] INFO:colcon.colcon_ros.task.ament_cmake.build:Building ROS package in '/home/joaoferreira/beta/beta_firmware/microros_ws/src/micro_ros_setup' with build type 'ament_cmake'
[15.213s] INFO:colcon.colcon_cmake.task.cmake.build:Building CMake package in '/home/joaoferreira/beta/beta_firmware/microros_ws/src/micro_ros_setup'
[15.213s] INFO:colcon.colcon_core.shell:Skip shell extension 'powershell' for command environment: Not usable outside of PowerShell
[15.213s] DEBUG:colcon.colcon_core.shell:Skip shell extension 'dsv' for command environment
[15.267s] DEBUG:colcon.colcon_core.event_handler.log_command:Invoking command in '/home/joaoferreira/beta/build/micro_ros_msgs': CMAKE_PREFIX_PATH=${CMAKE_PREFIX_PATH}:/home/joaoferreira/beta/install/beta_controller:/opt/ros/humble /usr/bin/cmake --build /home/joaoferreira/beta/build/micro_ros_msgs -- -j4 -l4
[15.987s] INFO:colcon.colcon_core.task.python.build:Building Python package in '/home/joaoferreira/beta/src/beta_controller'
[15.988s] INFO:colcon.colcon_core.shell:Skip shell extension 'powershell' for command environment: Not usable outside of PowerShell
[15.988s] DEBUG:colcon.colcon_core.shell:Skip shell extension 'dsv' for command environment
[16.013s] DEBUG:colcon.colcon_core.event_handler.log_command:Invoking command in '/home/joaoferreira/beta/build/micro_ros_setup': CMAKE_PREFIX_PATH=${CMAKE_PREFIX_PATH}:/home/joaoferreira/beta/install/beta_controller:/opt/ros/humble /usr/bin/cmake --build /home/joaoferreira/beta/build/micro_ros_setup -- -j4 -l4
[20.165s] DEBUG:colcon.colcon_core.event_handler.log_command:Invoking command in '/home/joaoferreira/beta/src/beta_controller': PYTHONPATH=/home/joaoferreira/beta/build/beta_controller/prefix_override:/usr/lib/python3/dist-packages/colcon_core/task/python/colcon_distutils_commands:/home/joaoferreira/beta/install/beta_controller/lib/python3.10/site-packages:${PYTHONPATH} /usr/bin/python3 -W ignore:setup.py install is deprecated -W ignore:easy_install command is deprecated setup.py egg_info --egg-base ../../build/beta_controller build --build-base /home/joaoferreira/beta/build/beta_controller/build install --record /home/joaoferreira/beta/build/beta_controller/install.log --single-version-externally-managed install_data
[20.454s] DEBUG:colcon.colcon_core.event_handler.log_command:Invoked command in '/home/joaoferreira/beta/build/micro_ros_setup' returned '0': CMAKE_PREFIX_PATH=${CMAKE_PREFIX_PATH}:/home/joaoferreira/beta/install/beta_controller:/opt/ros/humble /usr/bin/cmake --build /home/joaoferreira/beta/build/micro_ros_setup -- -j4 -l4
[20.481s] DEBUG:colcon.colcon_core.event_handler.log_command:Invoking command in '/home/joaoferreira/beta/build/micro_ros_setup': CMAKE_PREFIX_PATH=${CMAKE_PREFIX_PATH}:/home/joaoferreira/beta/install/beta_controller:/opt/ros/humble /usr/bin/cmake --install /home/joaoferreira/beta/build/micro_ros_setup
[20.596s] Level 1:colcon.colcon_core.environment:create_environment_scripts_only(micro_ros_setup)
[20.625s] DEBUG:colcon.colcon_core.event_handler.log_command:Invoked command in '/home/joaoferreira/beta/build/micro_ros_setup' returned '0': CMAKE_PREFIX_PATH=${CMAKE_PREFIX_PATH}:/home/joaoferreira/beta/install/beta_controller:/opt/ros/humble /usr/bin/cmake --install /home/joaoferreira/beta/build/micro_ros_setup
[21.126s] Level 1:colcon.colcon_core.environment:checking '/home/joaoferreira/beta/install/micro_ros_setup' for CMake module files
[21.127s] Level 1:colcon.colcon_core.environment:checking '/home/joaoferreira/beta/install/micro_ros_setup' for CMake config files
[21.128s] Level 1:colcon.colcon_core.shell:create_environment_hook('micro_ros_setup', 'cmake_prefix_path')
[21.128s] INFO:colcon.colcon_core.shell:Creating environment hook '/home/joaoferreira/beta/install/micro_ros_setup/share/micro_ros_setup/hook/cmake_prefix_path.ps1'
[21.129s] INFO:colcon.colcon_core.shell:Creating environment descriptor '/home/joaoferreira/beta/install/micro_ros_setup/share/micro_ros_setup/hook/cmake_prefix_path.dsv'
[21.130s] INFO:colcon.colcon_core.shell:Creating environment hook '/home/joaoferreira/beta/install/micro_ros_setup/share/micro_ros_setup/hook/cmake_prefix_path.sh'
[21.132s] Level 1:colcon.colcon_core.environment:checking '/home/joaoferreira/beta/install/micro_ros_setup/lib'
[21.132s] Level 1:colcon.colcon_core.environment:checking '/home/joaoferreira/beta/install/micro_ros_setup/bin'
[21.132s] Level 1:colcon.colcon_core.environment:checking '/home/joaoferreira/beta/install/micro_ros_setup/lib/pkgconfig/micro_ros_setup.pc'
[21.133s] Level 1:colcon.colcon_core.environment:checking '/home/joaoferreira/beta/install/micro_ros_setup/lib/python3.10/site-packages'
[21.133s] Level 1:colcon.colcon_core.environment:checking '/home/joaoferreira/beta/install/micro_ros_setup/bin'
[21.134s] INFO:colcon.colcon_core.shell:Creating package script '/home/joaoferreira/beta/install/micro_ros_setup/share/micro_ros_setup/package.ps1'
[21.149s] INFO:colcon.colcon_core.shell:Creating package descriptor '/home/joaoferreira/beta/install/micro_ros_setup/share/micro_ros_setup/package.dsv'
[21.174s] INFO:colcon.colcon_core.shell:Creating package script '/home/joaoferreira/beta/install/micro_ros_setup/share/micro_ros_setup/package.sh'
[21.194s] INFO:colcon.colcon_core.shell:Creating package script '/home/joaoferreira/beta/install/micro_ros_setup/share/micro_ros_setup/package.bash'
[21.210s] INFO:colcon.colcon_core.shell:Creating package script '/home/joaoferreira/beta/install/micro_ros_setup/share/micro_ros_setup/package.zsh'
[21.224s] Level 1:colcon.colcon_core.environment:create_file_with_runtime_dependencies(/home/joaoferreira/beta/install/micro_ros_setup/share/colcon-core/packages/micro_ros_setup)
[21.227s] Level 1:colcon.colcon_core.environment:create_environment_scripts_only(micro_ros_setup)
[21.229s] Level 1:colcon.colcon_core.environment:checking '/home/joaoferreira/beta/install/micro_ros_setup' for CMake module files
[21.234s] Level 1:colcon.colcon_core.environment:checking '/home/joaoferreira/beta/install/micro_ros_setup' for CMake config files
[21.236s] Level 1:colcon.colcon_core.shell:create_environment_hook('micro_ros_setup', 'cmake_prefix_path')
[21.237s] INFO:colcon.colcon_core.shell:Creating environment hook '/home/joaoferreira/beta/install/micro_ros_setup/share/micro_ros_setup/hook/cmake_prefix_path.ps1'
[21.238s] INFO:colcon.colcon_core.shell:Creating environment descriptor '/home/joaoferreira/beta/install/micro_ros_setup/share/micro_ros_setup/hook/cmake_prefix_path.dsv'
[21.239s] INFO:colcon.colcon_core.shell:Creating environment hook '/home/joaoferreira/beta/install/micro_ros_setup/share/micro_ros_setup/hook/cmake_prefix_path.sh'
[21.241s] Level 1:colcon.colcon_core.environment:checking '/home/joaoferreira/beta/install/micro_ros_setup/lib'
[21.241s] Level 1:colcon.colcon_core.environment:checking '/home/joaoferreira/beta/install/micro_ros_setup/bin'
[21.241s] Level 1:colcon.colcon_core.environment:checking '/home/joaoferreira/beta/install/micro_ros_setup/lib/pkgconfig/micro_ros_setup.pc'
[21.242s] Level 1:colcon.colcon_core.environment:checking '/home/joaoferreira/beta/install/micro_ros_setup/lib/python3.10/site-packages'
[21.242s] Level 1:colcon.colcon_core.environment:checking '/home/joaoferreira/beta/install/micro_ros_setup/bin'
[21.243s] INFO:colcon.colcon_core.shell:Creating package script '/home/joaoferreira/beta/install/micro_ros_setup/share/micro_ros_setup/package.ps1'
[21.244s] INFO:colcon.colcon_core.shell:Creating package descriptor '/home/joaoferreira/beta/install/micro_ros_setup/share/micro_ros_setup/package.dsv'
[21.245s] INFO:colcon.colcon_core.shell:Creating package script '/home/joaoferreira/beta/install/micro_ros_setup/share/micro_ros_setup/package.sh'
[21.246s] INFO:colcon.colcon_core.shell:Creating package script '/home/joaoferreira/beta/install/micro_ros_setup/share/micro_ros_setup/package.bash'
[21.247s] INFO:colcon.colcon_core.shell:Creating package script '/home/joaoferreira/beta/install/micro_ros_setup/share/micro_ros_setup/package.zsh'
[21.248s] Level 1:colcon.colcon_core.environment:create_file_with_runtime_dependencies(/home/joaoferreira/beta/install/micro_ros_setup/share/colcon-core/packages/micro_ros_setup)
[21.251s] Level 1:colcon.colcon_core.environment:checking '/home/joaoferreira/beta/install/beta_controller' for CMake module files
[21.252s] Level 1:colcon.colcon_core.environment:checking '/home/joaoferreira/beta/install/beta_controller' for CMake config files
[21.253s] Level 1:colcon.colcon_core.environment:checking '/home/joaoferreira/beta/install/beta_controller/lib'
[21.254s] Level 1:colcon.colcon_core.environment:checking '/home/joaoferreira/beta/install/beta_controller/bin'
[21.254s] Level 1:colcon.colcon_core.environment:checking '/home/joaoferreira/beta/install/beta_controller/lib/pkgconfig/beta_controller.pc'
[21.254s] Level 1:colcon.colcon_core.environment:checking '/home/joaoferreira/beta/install/beta_controller/lib/python3.10/site-packages'
[21.255s] Level 1:colcon.colcon_core.shell:create_environment_hook('beta_controller', 'pythonpath')
[21.255s] INFO:colcon.colcon_core.shell:Creating environment hook '/home/joaoferreira/beta/install/beta_controller/share/beta_controller/hook/pythonpath.ps1'
[21.258s] INFO:colcon.colcon_core.shell:Creating environment descriptor '/home/joaoferreira/beta/install/beta_controller/share/beta_controller/hook/pythonpath.dsv'
[21.260s] DEBUG:colcon.colcon_core.event_handler.log_command:Invoked command in '/home/joaoferreira/beta/src/beta_controller' returned '0': PYTHONPATH=/home/joaoferreira/beta/build/beta_controller/prefix_override:/usr/lib/python3/dist-packages/colcon_core/task/python/colcon_distutils_commands:/home/joaoferreira/beta/install/beta_controller/lib/python3.10/site-packages:${PYTHONPATH} /usr/bin/python3 -W ignore:setup.py install is deprecated -W ignore:easy_install command is deprecated setup.py egg_info --egg-base ../../build/beta_controller build --build-base /home/joaoferreira/beta/build/beta_controller/build install --record /home/joaoferreira/beta/build/beta_controller/install.log --single-version-externally-managed install_data
[21.260s] INFO:colcon.colcon_core.shell:Creating environment hook '/home/joaoferreira/beta/install/beta_controller/share/beta_controller/hook/pythonpath.sh'
[21.261s] Level 1:colcon.colcon_core.environment:checking '/home/joaoferreira/beta/install/beta_controller/bin'
[21.262s] Level 1:colcon.colcon_core.environment:create_environment_scripts_only(beta_controller)
[21.263s] INFO:colcon.colcon_core.shell:Creating package script '/home/joaoferreira/beta/install/beta_controller/share/beta_controller/package.ps1'
[21.265s] INFO:colcon.colcon_core.shell:Creating package descriptor '/home/joaoferreira/beta/install/beta_controller/share/beta_controller/package.dsv'
[21.268s] INFO:colcon.colcon_core.shell:Creating package script '/home/joaoferreira/beta/install/beta_controller/share/beta_controller/package.sh'
[21.269s] INFO:colcon.colcon_core.shell:Creating package script '/home/joaoferreira/beta/install/beta_controller/share/beta_controller/package.bash'
[21.270s] INFO:colcon.colcon_core.shell:Creating package script '/home/joaoferreira/beta/install/beta_controller/share/beta_controller/package.zsh'
[21.271s] Level 1:colcon.colcon_core.environment:create_file_with_runtime_dependencies(/home/joaoferreira/beta/install/beta_controller/share/colcon-core/packages/beta_controller)
[21.948s] DEBUG:colcon.colcon_core.event_handler.log_command:Invoked command in '/home/joaoferreira/beta/build/micro_ros_msgs' returned '0': CMAKE_PREFIX_PATH=${CMAKE_PREFIX_PATH}:/home/joaoferreira/beta/install/beta_controller:/opt/ros/humble /usr/bin/cmake --build /home/joaoferreira/beta/build/micro_ros_msgs -- -j4 -l4
[21.977s] DEBUG:colcon.colcon_core.event_handler.log_command:Invoking command in '/home/joaoferreira/beta/build/micro_ros_msgs': CMAKE_PREFIX_PATH=${CMAKE_PREFIX_PATH}:/home/joaoferreira/beta/install/beta_controller:/opt/ros/humble /usr/bin/cmake --install /home/joaoferreira/beta/build/micro_ros_msgs
[22.257s] Level 1:colcon.colcon_core.environment:create_environment_scripts_only(micro_ros_msgs)
[22.258s] Level 1:colcon.colcon_core.environment:checking '/home/joaoferreira/beta/install/micro_ros_msgs' for CMake module files
[22.257s] DEBUG:colcon.colcon_core.event_handler.log_command:Invoked command in '/home/joaoferreira/beta/build/micro_ros_msgs' returned '0': CMAKE_PREFIX_PATH=${CMAKE_PREFIX_PATH}:/home/joaoferreira/beta/install/beta_controller:/opt/ros/humble /usr/bin/cmake --install /home/joaoferreira/beta/build/micro_ros_msgs
[22.260s] Level 1:colcon.colcon_core.environment:checking '/home/joaoferreira/beta/install/micro_ros_msgs' for CMake config files
[22.262s] Level 1:colcon.colcon_core.shell:create_environment_hook('micro_ros_msgs', 'cmake_prefix_path')
[22.263s] INFO:colcon.colcon_core.shell:Creating environment hook '/home/joaoferreira/beta/install/micro_ros_msgs/share/micro_ros_msgs/hook/cmake_prefix_path.ps1'
[22.263s] INFO:colcon.colcon_core.shell:Creating environment descriptor '/home/joaoferreira/beta/install/micro_ros_msgs/share/micro_ros_msgs/hook/cmake_prefix_path.dsv'
[22.264s] INFO:colcon.colcon_core.shell:Creating environment hook '/home/joaoferreira/beta/install/micro_ros_msgs/share/micro_ros_msgs/hook/cmake_prefix_path.sh'
[22.265s] Level 1:colcon.colcon_core.environment:checking '/home/joaoferreira/beta/install/micro_ros_msgs/lib'
[22.265s] Level 1:colcon.colcon_core.shell:create_environment_hook('micro_ros_msgs', 'ld_library_path_lib')
[22.265s] INFO:colcon.colcon_core.shell:Creating environment hook '/home/joaoferreira/beta/install/micro_ros_msgs/share/micro_ros_msgs/hook/ld_library_path_lib.ps1'
[22.267s] INFO:colcon.colcon_core.shell:Creating environment descriptor '/home/joaoferreira/beta/install/micro_ros_msgs/share/micro_ros_msgs/hook/ld_library_path_lib.dsv'
[22.267s] INFO:colcon.colcon_core.shell:Creating environment hook '/home/joaoferreira/beta/install/micro_ros_msgs/share/micro_ros_msgs/hook/ld_library_path_lib.sh'
[22.268s] Level 1:colcon.colcon_core.environment:checking '/home/joaoferreira/beta/install/micro_ros_msgs/bin'
[22.268s] Level 1:colcon.colcon_core.environment:checking '/home/joaoferreira/beta/install/micro_ros_msgs/lib/pkgconfig/micro_ros_msgs.pc'
[22.268s] Level 1:colcon.colcon_core.environment:checking '/home/joaoferreira/beta/install/micro_ros_msgs/lib/python3.10/site-packages'
[22.269s] Level 1:colcon.colcon_core.environment:checking '/home/joaoferreira/beta/install/micro_ros_msgs/bin'
[22.269s] INFO:colcon.colcon_core.shell:Creating package script '/home/joaoferreira/beta/install/micro_ros_msgs/share/micro_ros_msgs/package.ps1'
[22.270s] INFO:colcon.colcon_core.shell:Creating package descriptor '/home/joaoferreira/beta/install/micro_ros_msgs/share/micro_ros_msgs/package.dsv'
[22.271s] INFO:colcon.colcon_core.shell:Creating package script '/home/joaoferreira/beta/install/micro_ros_msgs/share/micro_ros_msgs/package.sh'
[22.272s] INFO:colcon.colcon_core.shell:Creating package script '/home/joaoferreira/beta/install/micro_ros_msgs/share/micro_ros_msgs/package.bash'
[22.272s] INFO:colcon.colcon_core.shell:Creating package script '/home/joaoferreira/beta/install/micro_ros_msgs/share/micro_ros_msgs/package.zsh'
[22.273s] Level 1:colcon.colcon_core.environment:create_file_with_runtime_dependencies(/home/joaoferreira/beta/install/micro_ros_msgs/share/colcon-core/packages/micro_ros_msgs)
[22.275s] Level 1:colcon.colcon_core.environment:create_environment_scripts_only(micro_ros_msgs)
[22.275s] Level 1:colcon.colcon_core.environment:checking '/home/joaoferreira/beta/install/micro_ros_msgs' for CMake module files
[22.276s] Level 1:colcon.colcon_core.environment:checking '/home/joaoferreira/beta/install/micro_ros_msgs' for CMake config files
[22.278s] Level 1:colcon.colcon_core.shell:create_environment_hook('micro_ros_msgs', 'cmake_prefix_path')
[22.278s] INFO:colcon.colcon_core.shell:Creating environment hook '/home/joaoferreira/beta/install/micro_ros_msgs/share/micro_ros_msgs/hook/cmake_prefix_path.ps1'
[22.279s] INFO:colcon.colcon_core.shell:Creating environment descriptor '/home/joaoferreira/beta/install/micro_ros_msgs/share/micro_ros_msgs/hook/cmake_prefix_path.dsv'
[22.280s] INFO:colcon.colcon_core.shell:Creating environment hook '/home/joaoferreira/beta/install/micro_ros_msgs/share/micro_ros_msgs/hook/cmake_prefix_path.sh'
[22.281s] Level 1:colcon.colcon_core.environment:checking '/home/joaoferreira/beta/install/micro_ros_msgs/lib'
[22.281s] Level 1:colcon.colcon_core.shell:create_environment_hook('micro_ros_msgs', 'ld_library_path_lib')
[22.282s] INFO:colcon.colcon_core.shell:Creating environment hook '/home/joaoferreira/beta/install/micro_ros_msgs/share/micro_ros_msgs/hook/ld_library_path_lib.ps1'
[22.282s] INFO:colcon.colcon_core.shell:Creating environment descriptor '/home/joaoferreira/beta/install/micro_ros_msgs/share/micro_ros_msgs/hook/ld_library_path_lib.dsv'
[22.283s] INFO:colcon.colcon_core.shell:Creating environment hook '/home/joaoferreira/beta/install/micro_ros_msgs/share/micro_ros_msgs/hook/ld_library_path_lib.sh'
[22.284s] Level 1:colcon.colcon_core.environment:checking '/home/joaoferreira/beta/install/micro_ros_msgs/bin'
[22.284s] Level 1:colcon.colcon_core.environment:checking '/home/joaoferreira/beta/install/micro_ros_msgs/lib/pkgconfig/micro_ros_msgs.pc'
[22.284s] Level 1:colcon.colcon_core.environment:checking '/home/joaoferreira/beta/install/micro_ros_msgs/lib/python3.10/site-packages'
[22.285s] Level 1:colcon.colcon_core.environment:checking '/home/joaoferreira/beta/install/micro_ros_msgs/bin'
[22.285s] INFO:colcon.colcon_core.shell:Creating package script '/home/joaoferreira/beta/install/micro_ros_msgs/share/micro_ros_msgs/package.ps1'
[22.287s] INFO:colcon.colcon_core.shell:Creating package descriptor '/home/joaoferreira/beta/install/micro_ros_msgs/share/micro_ros_msgs/package.dsv'
[22.287s] INFO:colcon.colcon_core.shell:Creating package script '/home/joaoferreira/beta/install/micro_ros_msgs/share/micro_ros_msgs/package.sh'
[22.288s] INFO:colcon.colcon_core.shell:Creating package script '/home/joaoferreira/beta/install/micro_ros_msgs/share/micro_ros_msgs/package.bash'
[22.289s] INFO:colcon.colcon_core.shell:Creating package script '/home/joaoferreira/beta/install/micro_ros_msgs/share/micro_ros_msgs/package.zsh'
[22.290s] Level 1:colcon.colcon_core.environment:create_file_with_runtime_dependencies(/home/joaoferreira/beta/install/micro_ros_msgs/share/colcon-core/packages/micro_ros_msgs)
[22.291s] INFO:colcon.colcon_ros.task.ament_cmake.build:Building ROS package in '/home/joaoferreira/beta/beta_firmware/microros_ws/src/uros/micro-ROS-Agent/micro_ros_agent' with build type 'ament_cmake'
[22.291s] INFO:colcon.colcon_cmake.task.cmake.build:Building CMake package in '/home/joaoferreira/beta/beta_firmware/microros_ws/src/uros/micro-ROS-Agent/micro_ros_agent'
[22.291s] INFO:colcon.colcon_core.shell:Skip shell extension 'powershell' for command environment: Not usable outside of PowerShell
[22.291s] DEBUG:colcon.colcon_core.shell:Skip shell extension 'dsv' for command environment
[22.372s] DEBUG:colcon.colcon_core.event_handler.log_command:Invoking command in '/home/joaoferreira/beta/build/micro_ros_agent': CMAKE_PREFIX_PATH=/home/joaoferreira/beta/install/micro_ros_msgs:/home/joaoferreira/beta/install/micro_ros_setup:/home/joaoferreira/beta/install/micro_ros_agent:/home/joaoferreira/beta/install/beta_controller:/opt/ros/humble LD_LIBRARY_PATH=/home/joaoferreira/beta/install/micro_ros_msgs/lib:/home/joaoferreira/beta/install/micro_ros_agent/lib:/opt/ros/humble/opt/rviz_ogre_vendor/lib:/opt/ros/humble/lib/x86_64-linux-gnu:/opt/ros/humble/lib /usr/bin/cmake --build /home/joaoferreira/beta/build/micro_ros_agent -- -j4 -l4
[22.944s] DEBUG:colcon.colcon_core.event_handler.log_command:Invoked command in '/home/joaoferreira/beta/build/micro_ros_agent' returned '0': CMAKE_PREFIX_PATH=/home/joaoferreira/beta/install/micro_ros_msgs:/home/joaoferreira/beta/install/micro_ros_setup:/home/joaoferreira/beta/install/micro_ros_agent:/home/joaoferreira/beta/install/beta_controller:/opt/ros/humble LD_LIBRARY_PATH=/home/joaoferreira/beta/install/micro_ros_msgs/lib:/home/joaoferreira/beta/install/micro_ros_agent/lib:/opt/ros/humble/opt/rviz_ogre_vendor/lib:/opt/ros/humble/lib/x86_64-linux-gnu:/opt/ros/humble/lib /usr/bin/cmake --build /home/joaoferreira/beta/build/micro_ros_agent -- -j4 -l4
[22.951s] DEBUG:colcon.colcon_core.event_handler.log_command:Invoking command in '/home/joaoferreira/beta/build/micro_ros_agent': CMAKE_PREFIX_PATH=/home/joaoferreira/beta/install/micro_ros_msgs:/home/joaoferreira/beta/install/micro_ros_setup:/home/joaoferreira/beta/install/micro_ros_agent:/home/joaoferreira/beta/install/beta_controller:/opt/ros/humble LD_LIBRARY_PATH=/home/joaoferreira/beta/install/micro_ros_msgs/lib:/home/joaoferreira/beta/install/micro_ros_agent/lib:/opt/ros/humble/opt/rviz_ogre_vendor/lib:/opt/ros/humble/lib/x86_64-linux-gnu:/opt/ros/humble/lib /usr/bin/cmake --install /home/joaoferreira/beta/build/micro_ros_agent
[23.036s] Level 1:colcon.colcon_core.environment:create_environment_scripts_only(micro_ros_agent)
[23.037s] Level 1:colcon.colcon_core.environment:checking '/home/joaoferreira/beta/install/micro_ros_agent' for CMake module files
[23.039s] DEBUG:colcon.colcon_core.event_handler.log_command:Invoked command in '/home/joaoferreira/beta/build/micro_ros_agent' returned '0': CMAKE_PREFIX_PATH=/home/joaoferreira/beta/install/micro_ros_msgs:/home/joaoferreira/beta/install/micro_ros_setup:/home/joaoferreira/beta/install/micro_ros_agent:/home/joaoferreira/beta/install/beta_controller:/opt/ros/humble LD_LIBRARY_PATH=/home/joaoferreira/beta/install/micro_ros_msgs/lib:/home/joaoferreira/beta/install/micro_ros_agent/lib:/opt/ros/humble/opt/rviz_ogre_vendor/lib:/opt/ros/humble/lib/x86_64-linux-gnu:/opt/ros/humble/lib /usr/bin/cmake --install /home/joaoferreira/beta/build/micro_ros_agent
[23.040s] Level 1:colcon.colcon_core.environment:checking '/home/joaoferreira/beta/install/micro_ros_agent' for CMake config files
[23.044s] Level 1:colcon.colcon_core.shell:create_environment_hook('micro_ros_agent', 'cmake_prefix_path')
[23.045s] INFO:colcon.colcon_core.shell:Creating environment hook '/home/joaoferreira/beta/install/micro_ros_agent/share/micro_ros_agent/hook/cmake_prefix_path.ps1'
[23.046s] INFO:colcon.colcon_core.shell:Creating environment descriptor '/home/joaoferreira/beta/install/micro_ros_agent/share/micro_ros_agent/hook/cmake_prefix_path.dsv'
[23.047s] INFO:colcon.colcon_core.shell:Creating environment hook '/home/joaoferreira/beta/install/micro_ros_agent/share/micro_ros_agent/hook/cmake_prefix_path.sh'
[23.049s] Level 1:colcon.colcon_core.environment:checking '/home/joaoferreira/beta/install/micro_ros_agent/lib'
[23.050s] Level 1:colcon.colcon_core.shell:create_environment_hook('micro_ros_agent', 'ld_library_path_lib')
[23.050s] INFO:colcon.colcon_core.shell:Creating environment hook '/home/joaoferreira/beta/install/micro_ros_agent/share/micro_ros_agent/hook/ld_library_path_lib.ps1'
[23.052s] INFO:colcon.colcon_core.shell:Creating environment descriptor '/home/joaoferreira/beta/install/micro_ros_agent/share/micro_ros_agent/hook/ld_library_path_lib.dsv'
[23.053s] INFO:colcon.colcon_core.shell:Creating environment hook '/home/joaoferreira/beta/install/micro_ros_agent/share/micro_ros_agent/hook/ld_library_path_lib.sh'
[23.054s] Level 1:colcon.colcon_core.environment:checking '/home/joaoferreira/beta/install/micro_ros_agent/bin'
[23.055s] Level 1:colcon.colcon_core.environment:checking '/home/joaoferreira/beta/install/micro_ros_agent/lib/pkgconfig/micro_ros_agent.pc'
[23.055s] Level 1:colcon.colcon_core.environment:checking '/home/joaoferreira/beta/install/micro_ros_agent/lib/python3.10/site-packages'
[23.056s] Level 1:colcon.colcon_core.environment:checking '/home/joaoferreira/beta/install/micro_ros_agent/bin'
[23.057s] INFO:colcon.colcon_core.shell:Creating package script '/home/joaoferreira/beta/install/micro_ros_agent/share/micro_ros_agent/package.ps1'
[23.060s] INFO:colcon.colcon_core.shell:Creating package descriptor '/home/joaoferreira/beta/install/micro_ros_agent/share/micro_ros_agent/package.dsv'
[23.062s] INFO:colcon.colcon_core.shell:Creating package script '/home/joaoferreira/beta/install/micro_ros_agent/share/micro_ros_agent/package.sh'
[23.063s] INFO:colcon.colcon_core.shell:Creating package script '/home/joaoferreira/beta/install/micro_ros_agent/share/micro_ros_agent/package.bash'
[23.065s] INFO:colcon.colcon_core.shell:Creating package script '/home/joaoferreira/beta/install/micro_ros_agent/share/micro_ros_agent/package.zsh'
[23.066s] Level 1:colcon.colcon_core.environment:create_file_with_runtime_dependencies(/home/joaoferreira/beta/install/micro_ros_agent/share/colcon-core/packages/micro_ros_agent)
[23.068s] Level 1:colcon.colcon_core.environment:create_environment_scripts_only(micro_ros_agent)
[23.068s] Level 1:colcon.colcon_core.environment:checking '/home/joaoferreira/beta/install/micro_ros_agent' for CMake module files
[23.070s] Level 1:colcon.colcon_core.environment:checking '/home/joaoferreira/beta/install/micro_ros_agent' for CMake config files
[23.073s] Level 1:colcon.colcon_core.shell:create_environment_hook('micro_ros_agent', 'cmake_prefix_path')
[23.074s] INFO:colcon.colcon_core.shell:Creating environment hook '/home/joaoferreira/beta/install/micro_ros_agent/share/micro_ros_agent/hook/cmake_prefix_path.ps1'
[23.075s] INFO:colcon.colcon_core.shell:Creating environment descriptor '/home/joaoferreira/beta/install/micro_ros_agent/share/micro_ros_agent/hook/cmake_prefix_path.dsv'
[23.076s] INFO:colcon.colcon_core.shell:Creating environment hook '/home/joaoferreira/beta/install/micro_ros_agent/share/micro_ros_agent/hook/cmake_prefix_path.sh'
[23.079s] Level 1:colcon.colcon_core.environment:checking '/home/joaoferreira/beta/install/micro_ros_agent/lib'
[23.080s] Level 1:colcon.colcon_core.shell:create_environment_hook('micro_ros_agent', 'ld_library_path_lib')
[23.081s] INFO:colcon.colcon_core.shell:Creating environment hook '/home/joaoferreira/beta/install/micro_ros_agent/share/micro_ros_agent/hook/ld_library_path_lib.ps1'
[23.082s] INFO:colcon.colcon_core.shell:Creating environment descriptor '/home/joaoferreira/beta/install/micro_ros_agent/share/micro_ros_agent/hook/ld_library_path_lib.dsv'
[23.082s] INFO:colcon.colcon_core.shell:Creating environment hook '/home/joaoferreira/beta/install/micro_ros_agent/share/micro_ros_agent/hook/ld_library_path_lib.sh'
[23.084s] Level 1:colcon.colcon_core.environment:checking '/home/joaoferreira/beta/install/micro_ros_agent/bin'
[23.084s] Level 1:colcon.colcon_core.environment:checking '/home/joaoferreira/beta/install/micro_ros_agent/lib/pkgconfig/micro_ros_agent.pc'
[23.084s] Level 1:colcon.colcon_core.environment:checking '/home/joaoferreira/beta/install/micro_ros_agent/lib/python3.10/site-packages'
[23.085s] Level 1:colcon.colcon_core.environment:checking '/home/joaoferreira/beta/install/micro_ros_agent/bin'
[23.085s] INFO:colcon.colcon_core.shell:Creating package script '/home/joaoferreira/beta/install/micro_ros_agent/share/micro_ros_agent/package.ps1'
[23.086s] INFO:colcon.colcon_core.shell:Creating package descriptor '/home/joaoferreira/beta/install/micro_ros_agent/share/micro_ros_agent/package.dsv'
[23.087s] INFO:colcon.colcon_core.shell:Creating package script '/home/joaoferreira/beta/install/micro_ros_agent/share/micro_ros_agent/package.sh'
[23.087s] INFO:colcon.colcon_core.shell:Creating package script '/home/joaoferreira/beta/install/micro_ros_agent/share/micro_ros_agent/package.bash'
[23.088s] INFO:colcon.colcon_core.shell:Creating package script '/home/joaoferreira/beta/install/micro_ros_agent/share/micro_ros_agent/package.zsh'
[23.088s] Level 1:colcon.colcon_core.environment:create_file_with_runtime_dependencies(/home/joaoferreira/beta/install/micro_ros_agent/share/colcon-core/packages/micro_ros_agent)
[23.089s] DEBUG:colcon.colcon_parallel_executor.executor.parallel:closing loop
[23.089s] DEBUG:colcon.colcon_parallel_executor.executor.parallel:loop closed
[23.089s] DEBUG:colcon.colcon_parallel_executor.executor.parallel:run_until_complete finished with '0'
[23.089s] DEBUG:colcon.colcon_core.event_reactor:joining thread
[23.350s] INFO:colcon.colcon_core.plugin_system:Skipping extension 'colcon_notification.desktop_notification.terminal_notifier': Not used on non-Darwin systems
[23.350s] INFO:colcon.colcon_core.plugin_system:Skipping extension 'colcon_notification.desktop_notification.win32': Not used on non-Windows systems
[23.350s] INFO:colcon.colcon_notification.desktop_notification:Sending desktop notification using 'notify2'
[24.038s] DEBUG:colcon.colcon_core.event_reactor:joined thread
[24.039s] INFO:colcon.colcon_core.shell:Creating prefix script '/home/joaoferreira/beta/install/local_setup.ps1'
[24.107s] INFO:colcon.colcon_core.shell:Creating prefix util module '/home/joaoferreira/beta/install/_local_setup_util_ps1.py'
[24.123s] INFO:colcon.colcon_core.shell:Creating prefix chain script '/home/joaoferreira/beta/install/setup.ps1'
[24.127s] INFO:colcon.colcon_core.shell:Creating prefix script '/home/joaoferreira/beta/install/local_setup.sh'
[24.129s] INFO:colcon.colcon_core.shell:Creating prefix util module '/home/joaoferreira/beta/install/_local_setup_util_sh.py'
[24.131s] INFO:colcon.colcon_core.shell:Creating prefix chain script '/home/joaoferreira/beta/install/setup.sh'
[24.135s] INFO:colcon.colcon_core.shell:Creating prefix script '/home/joaoferreira/beta/install/local_setup.bash'
[24.143s] INFO:colcon.colcon_core.shell:Creating prefix chain script '/home/joaoferreira/beta/install/setup.bash'
[24.146s] INFO:colcon.colcon_core.shell:Creating prefix script '/home/joaoferreira/beta/install/local_setup.zsh'
[24.153s] INFO:colcon.colcon_core.shell:Creating prefix chain script '/home/joaoferreira/beta/install/setup.zsh'
