[0.231s] DEBUG:colcon:Command line arguments: ['/usr/bin/colcon', 'build']
[0.231s] DEBUG:colcon:Parsed command line arguments: Namespace(log_base=None, log_level=None, verb_name='build', build_base='build', install_base='install', merge_install=False, symlink_install=False, test_result_base=None, continue_on_error=False, executor='parallel', parallel_workers=4, event_handlers=None, ignore_user_meta=False, metas=['./colcon.meta'], base_paths=['.'], packages_ignore=None, packages_ignore_regex=None, paths=None, packages_up_to=None, packages_up_to_regex=None, packages_above=None, packages_above_and_dependencies=None, packages_above_depth=None, packages_select_by_dep=None, packages_skip_by_dep=None, packages_skip_up_to=None, packages_select_build_failed=False, packages_skip_build_finished=False, packages_select_test_failures=False, packages_skip_test_passed=False, packages_select=None, packages_skip=None, packages_select_regex=None, packages_skip_regex=None, packages_start=None, packages_end=None, allow_overriding=[], cmake_args=None, cmake_target=None, cmake_target_skip_unavailable=False, cmake_clean_cache=False, cmake_clean_first=False, cmake_force_configure=False, ament_cmake_args=None, catkin_cmake_args=None, catkin_skip_building_tests=False, mixin_files=None, mixin=None, verb_parser=<colcon_mixin.mixin.mixin_argument.MixinArgumentDecorator object at 0x7b501f36d630>, verb_extension=<colcon_core.verb.build.BuildVerb object at 0x7b501f36cf40>, main=<bound method BuildVerb.main of <colcon_core.verb.build.BuildVerb object at 0x7b501f36cf40>>, mixin_verb=('build',))
[0.436s] Level 1:colcon.colcon_core.package_discovery:discover_packages(colcon_meta) check parameters
[0.436s] Level 1:colcon.colcon_core.package_discovery:discover_packages(recursive) check parameters
[0.436s] Level 1:colcon.colcon_core.package_discovery:discover_packages(ignore) check parameters
[0.436s] Level 1:colcon.colcon_core.package_discovery:discover_packages(path) check parameters
[0.436s] Level 1:colcon.colcon_core.package_discovery:discover_packages(colcon_meta) discover
[0.436s] Level 1:colcon.colcon_core.package_discovery:discover_packages(recursive) discover
[0.436s] INFO:colcon.colcon_core.package_discovery:Crawling recursively for packages in '/home/joaoferreira/beta'
[0.436s] Level 1:colcon.colcon_core.package_identification:_identify(.) by extensions ['ignore', 'ignore_ament_install']
[0.436s] Level 1:colcon.colcon_core.package_identification:_identify(.) by extension 'ignore'
[0.436s] Level 1:colcon.colcon_core.package_identification:_identify(.) by extension 'ignore_ament_install'
[0.437s] Level 1:colcon.colcon_core.package_identification:_identify(.) by extensions ['colcon_pkg']
[0.437s] Level 1:colcon.colcon_core.package_identification:_identify(.) by extension 'colcon_pkg'
[0.437s] Level 1:colcon.colcon_core.package_identification:_identify(.) by extensions ['colcon_meta']
[0.437s] Level 1:colcon.colcon_core.package_identification:_identify(.) by extension 'colcon_meta'
[0.437s] Level 1:colcon.colcon_core.package_identification:_identify(.) by extensions ['ros']
[0.437s] Level 1:colcon.colcon_core.package_identification:_identify(.) by extension 'ros'
[0.459s] Level 1:colcon.colcon_core.package_identification:_identify(.) by extensions ['cmake', 'python']
[0.459s] Level 1:colcon.colcon_core.package_identification:_identify(.) by extension 'cmake'
[0.459s] Level 1:colcon.colcon_core.package_identification:_identify(.) by extension 'python'
[0.459s] Level 1:colcon.colcon_core.package_identification:_identify(.) by extensions ['python_setup_py']
[0.459s] Level 1:colcon.colcon_core.package_identification:_identify(.) by extension 'python_setup_py'
[0.459s] Level 1:colcon.colcon_core.package_identification:_identify(beta_firmware) by extensions ['ignore', 'ignore_ament_install']
[0.459s] Level 1:colcon.colcon_core.package_identification:_identify(beta_firmware) by extension 'ignore'
[0.460s] Level 1:colcon.colcon_core.package_identification:_identify(beta_firmware) by extension 'ignore_ament_install'
[0.460s] Level 1:colcon.colcon_core.package_identification:_identify(beta_firmware) by extensions ['colcon_pkg']
[0.460s] Level 1:colcon.colcon_core.package_identification:_identify(beta_firmware) by extension 'colcon_pkg'
[0.460s] Level 1:colcon.colcon_core.package_identification:_identify(beta_firmware) by extensions ['colcon_meta']
[0.460s] Level 1:colcon.colcon_core.package_identification:_identify(beta_firmware) by extension 'colcon_meta'
[0.460s] Level 1:colcon.colcon_core.package_identification:_identify(beta_firmware) by extensions ['ros']
[0.460s] Level 1:colcon.colcon_core.package_identification:_identify(beta_firmware) by extension 'ros'
[0.460s] Level 1:colcon.colcon_core.package_identification:_identify(beta_firmware) by extensions ['cmake', 'python']
[0.460s] Level 1:colcon.colcon_core.package_identification:_identify(beta_firmware) by extension 'cmake'
[0.460s] Level 1:colcon.colcon_core.package_identification:_identify(beta_firmware) by extension 'python'
[0.460s] Level 1:colcon.colcon_core.package_identification:_identify(beta_firmware) by extensions ['python_setup_py']
[0.460s] Level 1:colcon.colcon_core.package_identification:_identify(beta_firmware) by extension 'python_setup_py'
[0.460s] Level 1:colcon.colcon_core.package_identification:_identify(beta_firmware/beta_firmware) by extensions ['ignore', 'ignore_ament_install']
[0.460s] Level 1:colcon.colcon_core.package_identification:_identify(beta_firmware/beta_firmware) by extension 'ignore'
[0.460s] Level 1:colcon.colcon_core.package_identification:_identify(beta_firmware/beta_firmware) by extension 'ignore_ament_install'
[0.460s] Level 1:colcon.colcon_core.package_identification:_identify(beta_firmware/beta_firmware) by extensions ['colcon_pkg']
[0.461s] Level 1:colcon.colcon_core.package_identification:_identify(beta_firmware/beta_firmware) by extension 'colcon_pkg'
[0.461s] Level 1:colcon.colcon_core.package_identification:_identify(beta_firmware/beta_firmware) by extensions ['colcon_meta']
[0.461s] Level 1:colcon.colcon_core.package_identification:_identify(beta_firmware/beta_firmware) by extension 'colcon_meta'
[0.461s] Level 1:colcon.colcon_core.package_identification:_identify(beta_firmware/beta_firmware) by extensions ['ros']
[0.461s] Level 1:colcon.colcon_core.package_identification:_identify(beta_firmware/beta_firmware) by extension 'ros'
[0.461s] Level 1:colcon.colcon_core.package_identification:_identify(beta_firmware/beta_firmware) by extensions ['cmake', 'python']
[0.461s] Level 1:colcon.colcon_core.package_identification:_identify(beta_firmware/beta_firmware) by extension 'cmake'
[0.461s] Level 1:colcon.colcon_core.package_identification:_identify(beta_firmware/beta_firmware) by extension 'python'
[0.461s] Level 1:colcon.colcon_core.package_identification:_identify(beta_firmware/beta_firmware) by extensions ['python_setup_py']
[0.461s] Level 1:colcon.colcon_core.package_identification:_identify(beta_firmware/beta_firmware) by extension 'python_setup_py'
[0.461s] Level 1:colcon.colcon_core.package_identification:_identify(beta_firmware/beta_firmware/build) by extensions ['ignore', 'ignore_ament_install']
[0.461s] Level 1:colcon.colcon_core.package_identification:_identify(beta_firmware/beta_firmware/build) by extension 'ignore'
[0.461s] Level 1:colcon.colcon_core.package_identification:_identify(beta_firmware/beta_firmware/build) ignored
[0.461s] Level 1:colcon.colcon_core.package_identification:_identify(beta_firmware/beta_firmware/include) by extensions ['ignore', 'ignore_ament_install']
[0.461s] Level 1:colcon.colcon_core.package_identification:_identify(beta_firmware/beta_firmware/include) by extension 'ignore'
[0.462s] Level 1:colcon.colcon_core.package_identification:_identify(beta_firmware/beta_firmware/include) by extension 'ignore_ament_install'
[0.462s] Level 1:colcon.colcon_core.package_identification:_identify(beta_firmware/beta_firmware/include) by extensions ['colcon_pkg']
[0.462s] Level 1:colcon.colcon_core.package_identification:_identify(beta_firmware/beta_firmware/include) by extension 'colcon_pkg'
[0.462s] Level 1:colcon.colcon_core.package_identification:_identify(beta_firmware/beta_firmware/include) by extensions ['colcon_meta']
[0.462s] Level 1:colcon.colcon_core.package_identification:_identify(beta_firmware/beta_firmware/include) by extension 'colcon_meta'
[0.462s] Level 1:colcon.colcon_core.package_identification:_identify(beta_firmware/beta_firmware/include) by extensions ['ros']
[0.462s] Level 1:colcon.colcon_core.package_identification:_identify(beta_firmware/beta_firmware/include) by extension 'ros'
[0.462s] Level 1:colcon.colcon_core.package_identification:_identify(beta_firmware/beta_firmware/include) by extensions ['cmake', 'python']
[0.462s] Level 1:colcon.colcon_core.package_identification:_identify(beta_firmware/beta_firmware/include) by extension 'cmake'
[0.462s] Level 1:colcon.colcon_core.package_identification:_identify(beta_firmware/beta_firmware/include) by extension 'python'
[0.462s] Level 1:colcon.colcon_core.package_identification:_identify(beta_firmware/beta_firmware/include) by extensions ['python_setup_py']
[0.462s] Level 1:colcon.colcon_core.package_identification:_identify(beta_firmware/beta_firmware/include) by extension 'python_setup_py'
[0.462s] Level 1:colcon.colcon_core.package_identification:_identify(beta_firmware/beta_firmware/install) by extensions ['ignore', 'ignore_ament_install']
[0.462s] Level 1:colcon.colcon_core.package_identification:_identify(beta_firmware/beta_firmware/install) by extension 'ignore'
[0.462s] Level 1:colcon.colcon_core.package_identification:_identify(beta_firmware/beta_firmware/install) ignored
[0.463s] Level 1:colcon.colcon_core.package_identification:_identify(beta_firmware/beta_firmware/lib) by extensions ['ignore', 'ignore_ament_install']
[0.463s] Level 1:colcon.colcon_core.package_identification:_identify(beta_firmware/beta_firmware/lib) by extension 'ignore'
[0.463s] Level 1:colcon.colcon_core.package_identification:_identify(beta_firmware/beta_firmware/lib) by extension 'ignore_ament_install'
[0.463s] Level 1:colcon.colcon_core.package_identification:_identify(beta_firmware/beta_firmware/lib) by extensions ['colcon_pkg']
[0.463s] Level 1:colcon.colcon_core.package_identification:_identify(beta_firmware/beta_firmware/lib) by extension 'colcon_pkg'
[0.463s] Level 1:colcon.colcon_core.package_identification:_identify(beta_firmware/beta_firmware/lib) by extensions ['colcon_meta']
[0.463s] Level 1:colcon.colcon_core.package_identification:_identify(beta_firmware/beta_firmware/lib) by extension 'colcon_meta'
[0.463s] Level 1:colcon.colcon_core.package_identification:_identify(beta_firmware/beta_firmware/lib) by extensions ['ros']
[0.463s] Level 1:colcon.colcon_core.package_identification:_identify(beta_firmware/beta_firmware/lib) by extension 'ros'
[0.463s] Level 1:colcon.colcon_core.package_identification:_identify(beta_firmware/beta_firmware/lib) by extensions ['cmake', 'python']
[0.463s] Level 1:colcon.colcon_core.package_identification:_identify(beta_firmware/beta_firmware/lib) by extension 'cmake'
[0.463s] Level 1:colcon.colcon_core.package_identification:_identify(beta_firmware/beta_firmware/lib) by extension 'python'
[0.463s] Level 1:colcon.colcon_core.package_identification:_identify(beta_firmware/beta_firmware/lib) by extensions ['python_setup_py']
[0.463s] Level 1:colcon.colcon_core.package_identification:_identify(beta_firmware/beta_firmware/lib) by extension 'python_setup_py'
[0.463s] Level 1:colcon.colcon_core.package_identification:_identify(beta_firmware/beta_firmware/log) by extensions ['ignore', 'ignore_ament_install']
[0.463s] Level 1:colcon.colcon_core.package_identification:_identify(beta_firmware/beta_firmware/log) by extension 'ignore'
[0.464s] Level 1:colcon.colcon_core.package_identification:_identify(beta_firmware/beta_firmware/log) ignored
[0.464s] Level 1:colcon.colcon_core.package_identification:_identify(beta_firmware/beta_firmware/src) by extensions ['ignore', 'ignore_ament_install']
[0.464s] Level 1:colcon.colcon_core.package_identification:_identify(beta_firmware/beta_firmware/src) by extension 'ignore'
[0.464s] Level 1:colcon.colcon_core.package_identification:_identify(beta_firmware/beta_firmware/src) by extension 'ignore_ament_install'
[0.464s] Level 1:colcon.colcon_core.package_identification:_identify(beta_firmware/beta_firmware/src) by extensions ['colcon_pkg']
[0.464s] Level 1:colcon.colcon_core.package_identification:_identify(beta_firmware/beta_firmware/src) by extension 'colcon_pkg'
[0.464s] Level 1:colcon.colcon_core.package_identification:_identify(beta_firmware/beta_firmware/src) by extensions ['colcon_meta']
[0.464s] Level 1:colcon.colcon_core.package_identification:_identify(beta_firmware/beta_firmware/src) by extension 'colcon_meta'
[0.464s] Level 1:colcon.colcon_core.package_identification:_identify(beta_firmware/beta_firmware/src) by extensions ['ros']
[0.464s] Level 1:colcon.colcon_core.package_identification:_identify(beta_firmware/beta_firmware/src) by extension 'ros'
[0.464s] Level 1:colcon.colcon_core.package_identification:_identify(beta_firmware/beta_firmware/src) by extensions ['cmake', 'python']
[0.464s] Level 1:colcon.colcon_core.package_identification:_identify(beta_firmware/beta_firmware/src) by extension 'cmake'
[0.464s] Level 1:colcon.colcon_core.package_identification:_identify(beta_firmware/beta_firmware/src) by extension 'python'
[0.464s] Level 1:colcon.colcon_core.package_identification:_identify(beta_firmware/beta_firmware/src) by extensions ['python_setup_py']
[0.464s] Level 1:colcon.colcon_core.package_identification:_identify(beta_firmware/beta_firmware/src) by extension 'python_setup_py'
[0.465s] Level 1:colcon.colcon_core.package_identification:_identify(beta_firmware/beta_firmware/test) by extensions ['ignore', 'ignore_ament_install']
[0.465s] Level 1:colcon.colcon_core.package_identification:_identify(beta_firmware/beta_firmware/test) by extension 'ignore'
[0.465s] Level 1:colcon.colcon_core.package_identification:_identify(beta_firmware/beta_firmware/test) by extension 'ignore_ament_install'
[0.465s] Level 1:colcon.colcon_core.package_identification:_identify(beta_firmware/beta_firmware/test) by extensions ['colcon_pkg']
[0.465s] Level 1:colcon.colcon_core.package_identification:_identify(beta_firmware/beta_firmware/test) by extension 'colcon_pkg'
[0.465s] Level 1:colcon.colcon_core.package_identification:_identify(beta_firmware/beta_firmware/test) by extensions ['colcon_meta']
[0.465s] Level 1:colcon.colcon_core.package_identification:_identify(beta_firmware/beta_firmware/test) by extension 'colcon_meta'
[0.465s] Level 1:colcon.colcon_core.package_identification:_identify(beta_firmware/beta_firmware/test) by extensions ['ros']
[0.465s] Level 1:colcon.colcon_core.package_identification:_identify(beta_firmware/beta_firmware/test) by extension 'ros'
[0.465s] Level 1:colcon.colcon_core.package_identification:_identify(beta_firmware/beta_firmware/test) by extensions ['cmake', 'python']
[0.465s] Level 1:colcon.colcon_core.package_identification:_identify(beta_firmware/beta_firmware/test) by extension 'cmake'
[0.465s] Level 1:colcon.colcon_core.package_identification:_identify(beta_firmware/beta_firmware/test) by extension 'python'
[0.465s] Level 1:colcon.colcon_core.package_identification:_identify(beta_firmware/beta_firmware/test) by extensions ['python_setup_py']
[0.465s] Level 1:colcon.colcon_core.package_identification:_identify(beta_firmware/beta_firmware/test) by extension 'python_setup_py'
[0.465s] Level 1:colcon.colcon_core.package_identification:_identify(beta_firmware/build) by extensions ['ignore', 'ignore_ament_install']
[0.465s] Level 1:colcon.colcon_core.package_identification:_identify(beta_firmware/build) by extension 'ignore'
[0.466s] Level 1:colcon.colcon_core.package_identification:_identify(beta_firmware/build) ignored
[0.466s] Level 1:colcon.colcon_core.package_identification:_identify(beta_firmware/install) by extensions ['ignore', 'ignore_ament_install']
[0.466s] Level 1:colcon.colcon_core.package_identification:_identify(beta_firmware/install) by extension 'ignore'
[0.466s] Level 1:colcon.colcon_core.package_identification:_identify(beta_firmware/install) ignored
[0.466s] Level 1:colcon.colcon_core.package_identification:_identify(beta_firmware/log) by extensions ['ignore', 'ignore_ament_install']
[0.466s] Level 1:colcon.colcon_core.package_identification:_identify(beta_firmware/log) by extension 'ignore'
[0.466s] Level 1:colcon.colcon_core.package_identification:_identify(beta_firmware/log) ignored
[0.466s] Level 1:colcon.colcon_core.package_identification:_identify(beta_firmware/microros_ws) by extensions ['ignore', 'ignore_ament_install']
[0.466s] Level 1:colcon.colcon_core.package_identification:_identify(beta_firmware/microros_ws) by extension 'ignore'
[0.466s] Level 1:colcon.colcon_core.package_identification:_identify(beta_firmware/microros_ws) by extension 'ignore_ament_install'
[0.466s] Level 1:colcon.colcon_core.package_identification:_identify(beta_firmware/microros_ws) by extensions ['colcon_pkg']
[0.466s] Level 1:colcon.colcon_core.package_identification:_identify(beta_firmware/microros_ws) by extension 'colcon_pkg'
[0.466s] Level 1:colcon.colcon_core.package_identification:_identify(beta_firmware/microros_ws) by extensions ['colcon_meta']
[0.467s] Level 1:colcon.colcon_core.package_identification:_identify(beta_firmware/microros_ws) by extension 'colcon_meta'
[0.467s] Level 1:colcon.colcon_core.package_identification:_identify(beta_firmware/microros_ws) by extensions ['ros']
[0.467s] Level 1:colcon.colcon_core.package_identification:_identify(beta_firmware/microros_ws) by extension 'ros'
[0.467s] Level 1:colcon.colcon_core.package_identification:_identify(beta_firmware/microros_ws) by extensions ['cmake', 'python']
[0.467s] Level 1:colcon.colcon_core.package_identification:_identify(beta_firmware/microros_ws) by extension 'cmake'
[0.467s] Level 1:colcon.colcon_core.package_identification:_identify(beta_firmware/microros_ws) by extension 'python'
[0.467s] Level 1:colcon.colcon_core.package_identification:_identify(beta_firmware/microros_ws) by extensions ['python_setup_py']
[0.467s] Level 1:colcon.colcon_core.package_identification:_identify(beta_firmware/microros_ws) by extension 'python_setup_py'
[0.467s] Level 1:colcon.colcon_core.package_identification:_identify(beta_firmware/microros_ws/build) by extensions ['ignore', 'ignore_ament_install']
[0.467s] Level 1:colcon.colcon_core.package_identification:_identify(beta_firmware/microros_ws/build) by extension 'ignore'
[0.467s] Level 1:colcon.colcon_core.package_identification:_identify(beta_firmware/microros_ws/build) ignored
[0.467s] Level 1:colcon.colcon_core.package_identification:_identify(beta_firmware/microros_ws/install) by extensions ['ignore', 'ignore_ament_install']
[0.467s] Level 1:colcon.colcon_core.package_identification:_identify(beta_firmware/microros_ws/install) by extension 'ignore'
[0.467s] Level 1:colcon.colcon_core.package_identification:_identify(beta_firmware/microros_ws/install) ignored
[0.468s] Level 1:colcon.colcon_core.package_identification:_identify(beta_firmware/microros_ws/log) by extensions ['ignore', 'ignore_ament_install']
[0.468s] Level 1:colcon.colcon_core.package_identification:_identify(beta_firmware/microros_ws/log) by extension 'ignore'
[0.468s] Level 1:colcon.colcon_core.package_identification:_identify(beta_firmware/microros_ws/log) ignored
[0.468s] Level 1:colcon.colcon_core.package_identification:_identify(beta_firmware/microros_ws/src) by extensions ['ignore', 'ignore_ament_install']
[0.468s] Level 1:colcon.colcon_core.package_identification:_identify(beta_firmware/microros_ws/src) by extension 'ignore'
[0.468s] Level 1:colcon.colcon_core.package_identification:_identify(beta_firmware/microros_ws/src) by extension 'ignore_ament_install'
[0.468s] Level 1:colcon.colcon_core.package_identification:_identify(beta_firmware/microros_ws/src) by extensions ['colcon_pkg']
[0.468s] Level 1:colcon.colcon_core.package_identification:_identify(beta_firmware/microros_ws/src) by extension 'colcon_pkg'
[0.468s] Level 1:colcon.colcon_core.package_identification:_identify(beta_firmware/microros_ws/src) by extensions ['colcon_meta']
[0.468s] Level 1:colcon.colcon_core.package_identification:_identify(beta_firmware/microros_ws/src) by extension 'colcon_meta'
[0.468s] Level 1:colcon.colcon_core.package_identification:_identify(beta_firmware/microros_ws/src) by extensions ['ros']
[0.468s] Level 1:colcon.colcon_core.package_identification:_identify(beta_firmware/microros_ws/src) by extension 'ros'
[0.468s] Level 1:colcon.colcon_core.package_identification:_identify(beta_firmware/microros_ws/src) by extensions ['cmake', 'python']
[0.468s] Level 1:colcon.colcon_core.package_identification:_identify(beta_firmware/microros_ws/src) by extension 'cmake'
[0.468s] Level 1:colcon.colcon_core.package_identification:_identify(beta_firmware/microros_ws/src) by extension 'python'
[0.468s] Level 1:colcon.colcon_core.package_identification:_identify(beta_firmware/microros_ws/src) by extensions ['python_setup_py']
[0.469s] Level 1:colcon.colcon_core.package_identification:_identify(beta_firmware/microros_ws/src) by extension 'python_setup_py'
[0.469s] Level 1:colcon.colcon_core.package_identification:_identify(beta_firmware/microros_ws/src/micro_ros_setup) by extensions ['ignore', 'ignore_ament_install']
[0.469s] Level 1:colcon.colcon_core.package_identification:_identify(beta_firmware/microros_ws/src/micro_ros_setup) by extension 'ignore'
[0.469s] Level 1:colcon.colcon_core.package_identification:_identify(beta_firmware/microros_ws/src/micro_ros_setup) by extension 'ignore_ament_install'
[0.469s] Level 1:colcon.colcon_core.package_identification:_identify(beta_firmware/microros_ws/src/micro_ros_setup) by extensions ['colcon_pkg']
[0.469s] Level 1:colcon.colcon_core.package_identification:_identify(beta_firmware/microros_ws/src/micro_ros_setup) by extension 'colcon_pkg'
[0.469s] Level 1:colcon.colcon_core.package_identification:_identify(beta_firmware/microros_ws/src/micro_ros_setup) by extensions ['colcon_meta']
[0.469s] Level 1:colcon.colcon_core.package_identification:_identify(beta_firmware/microros_ws/src/micro_ros_setup) by extension 'colcon_meta'
[0.469s] Level 1:colcon.colcon_core.package_identification:_identify(beta_firmware/microros_ws/src/micro_ros_setup) by extensions ['ros']
[0.469s] Level 1:colcon.colcon_core.package_identification:_identify(beta_firmware/microros_ws/src/micro_ros_setup) by extension 'ros'
[0.472s] DEBUG:colcon.colcon_core.package_identification:Package 'beta_firmware/microros_ws/src/micro_ros_setup' with type 'ros.ament_cmake' and name 'micro_ros_setup'
[0.473s] Level 1:colcon.colcon_core.package_identification:_identify(beta_firmware/microros_ws/src/uros) by extensions ['ignore', 'ignore_ament_install']
[0.473s] Level 1:colcon.colcon_core.package_identification:_identify(beta_firmware/microros_ws/src/uros) by extension 'ignore'
[0.473s] Level 1:colcon.colcon_core.package_identification:_identify(beta_firmware/microros_ws/src/uros) by extension 'ignore_ament_install'
[0.473s] Level 1:colcon.colcon_core.package_identification:_identify(beta_firmware/microros_ws/src/uros) by extensions ['colcon_pkg']
[0.473s] Level 1:colcon.colcon_core.package_identification:_identify(beta_firmware/microros_ws/src/uros) by extension 'colcon_pkg'
[0.473s] Level 1:colcon.colcon_core.package_identification:_identify(beta_firmware/microros_ws/src/uros) by extensions ['colcon_meta']
[0.473s] Level 1:colcon.colcon_core.package_identification:_identify(beta_firmware/microros_ws/src/uros) by extension 'colcon_meta'
[0.473s] Level 1:colcon.colcon_core.package_identification:_identify(beta_firmware/microros_ws/src/uros) by extensions ['ros']
[0.473s] Level 1:colcon.colcon_core.package_identification:_identify(beta_firmware/microros_ws/src/uros) by extension 'ros'
[0.473s] Level 1:colcon.colcon_core.package_identification:_identify(beta_firmware/microros_ws/src/uros) by extensions ['cmake', 'python']
[0.473s] Level 1:colcon.colcon_core.package_identification:_identify(beta_firmware/microros_ws/src/uros) by extension 'cmake'
[0.473s] Level 1:colcon.colcon_core.package_identification:_identify(beta_firmware/microros_ws/src/uros) by extension 'python'
[0.473s] Level 1:colcon.colcon_core.package_identification:_identify(beta_firmware/microros_ws/src/uros) by extensions ['python_setup_py']
[0.473s] Level 1:colcon.colcon_core.package_identification:_identify(beta_firmware/microros_ws/src/uros) by extension 'python_setup_py'
[0.473s] Level 1:colcon.colcon_core.package_identification:_identify(beta_firmware/microros_ws/src/uros/micro-ROS-Agent) by extensions ['ignore', 'ignore_ament_install']
[0.474s] Level 1:colcon.colcon_core.package_identification:_identify(beta_firmware/microros_ws/src/uros/micro-ROS-Agent) by extension 'ignore'
[0.474s] Level 1:colcon.colcon_core.package_identification:_identify(beta_firmware/microros_ws/src/uros/micro-ROS-Agent) by extension 'ignore_ament_install'
[0.474s] Level 1:colcon.colcon_core.package_identification:_identify(beta_firmware/microros_ws/src/uros/micro-ROS-Agent) by extensions ['colcon_pkg']
[0.474s] Level 1:colcon.colcon_core.package_identification:_identify(beta_firmware/microros_ws/src/uros/micro-ROS-Agent) by extension 'colcon_pkg'
[0.474s] Level 1:colcon.colcon_core.package_identification:_identify(beta_firmware/microros_ws/src/uros/micro-ROS-Agent) by extensions ['colcon_meta']
[0.474s] Level 1:colcon.colcon_core.package_identification:_identify(beta_firmware/microros_ws/src/uros/micro-ROS-Agent) by extension 'colcon_meta'
[0.474s] Level 1:colcon.colcon_core.package_identification:_identify(beta_firmware/microros_ws/src/uros/micro-ROS-Agent) by extensions ['ros']
[0.474s] Level 1:colcon.colcon_core.package_identification:_identify(beta_firmware/microros_ws/src/uros/micro-ROS-Agent) by extension 'ros'
[0.474s] Level 1:colcon.colcon_core.package_identification:_identify(beta_firmware/microros_ws/src/uros/micro-ROS-Agent) by extensions ['cmake', 'python']
[0.474s] Level 1:colcon.colcon_core.package_identification:_identify(beta_firmware/microros_ws/src/uros/micro-ROS-Agent) by extension 'cmake'
[0.474s] Level 1:colcon.colcon_core.package_identification:_identify(beta_firmware/microros_ws/src/uros/micro-ROS-Agent) by extension 'python'
[0.474s] Level 1:colcon.colcon_core.package_identification:_identify(beta_firmware/microros_ws/src/uros/micro-ROS-Agent) by extensions ['python_setup_py']
[0.474s] Level 1:colcon.colcon_core.package_identification:_identify(beta_firmware/microros_ws/src/uros/micro-ROS-Agent) by extension 'python_setup_py'
[0.474s] Level 1:colcon.colcon_core.package_identification:_identify(beta_firmware/microros_ws/src/uros/micro-ROS-Agent/micro_ros_agent) by extensions ['ignore', 'ignore_ament_install']
[0.474s] Level 1:colcon.colcon_core.package_identification:_identify(beta_firmware/microros_ws/src/uros/micro-ROS-Agent/micro_ros_agent) by extension 'ignore'
[0.475s] Level 1:colcon.colcon_core.package_identification:_identify(beta_firmware/microros_ws/src/uros/micro-ROS-Agent/micro_ros_agent) by extension 'ignore_ament_install'
[0.475s] Level 1:colcon.colcon_core.package_identification:_identify(beta_firmware/microros_ws/src/uros/micro-ROS-Agent/micro_ros_agent) by extensions ['colcon_pkg']
[0.475s] Level 1:colcon.colcon_core.package_identification:_identify(beta_firmware/microros_ws/src/uros/micro-ROS-Agent/micro_ros_agent) by extension 'colcon_pkg'
[0.475s] Level 1:colcon.colcon_core.package_identification:_identify(beta_firmware/microros_ws/src/uros/micro-ROS-Agent/micro_ros_agent) by extensions ['colcon_meta']
[0.475s] Level 1:colcon.colcon_core.package_identification:_identify(beta_firmware/microros_ws/src/uros/micro-ROS-Agent/micro_ros_agent) by extension 'colcon_meta'
[0.475s] Level 1:colcon.colcon_core.package_identification:_identify(beta_firmware/microros_ws/src/uros/micro-ROS-Agent/micro_ros_agent) by extensions ['ros']
[0.475s] Level 1:colcon.colcon_core.package_identification:_identify(beta_firmware/microros_ws/src/uros/micro-ROS-Agent/micro_ros_agent) by extension 'ros'
[0.476s] DEBUG:colcon.colcon_core.package_identification:Package 'beta_firmware/microros_ws/src/uros/micro-ROS-Agent/micro_ros_agent' with type 'ros.ament_cmake' and name 'micro_ros_agent'
[0.476s] Level 1:colcon.colcon_core.package_identification:_identify(beta_firmware/microros_ws/src/uros/micro-ROS-Agent/snap) by extensions ['ignore', 'ignore_ament_install']
[0.477s] Level 1:colcon.colcon_core.package_identification:_identify(beta_firmware/microros_ws/src/uros/micro-ROS-Agent/snap) by extension 'ignore'
[0.477s] Level 1:colcon.colcon_core.package_identification:_identify(beta_firmware/microros_ws/src/uros/micro-ROS-Agent/snap) by extension 'ignore_ament_install'
[0.477s] Level 1:colcon.colcon_core.package_identification:_identify(beta_firmware/microros_ws/src/uros/micro-ROS-Agent/snap) by extensions ['colcon_pkg']
[0.477s] Level 1:colcon.colcon_core.package_identification:_identify(beta_firmware/microros_ws/src/uros/micro-ROS-Agent/snap) by extension 'colcon_pkg'
[0.477s] Level 1:colcon.colcon_core.package_identification:_identify(beta_firmware/microros_ws/src/uros/micro-ROS-Agent/snap) by extensions ['colcon_meta']
[0.477s] Level 1:colcon.colcon_core.package_identification:_identify(beta_firmware/microros_ws/src/uros/micro-ROS-Agent/snap) by extension 'colcon_meta'
[0.477s] Level 1:colcon.colcon_core.package_identification:_identify(beta_firmware/microros_ws/src/uros/micro-ROS-Agent/snap) by extensions ['ros']
[0.477s] Level 1:colcon.colcon_core.package_identification:_identify(beta_firmware/microros_ws/src/uros/micro-ROS-Agent/snap) by extension 'ros'
[0.477s] Level 1:colcon.colcon_core.package_identification:_identify(beta_firmware/microros_ws/src/uros/micro-ROS-Agent/snap) by extensions ['cmake', 'python']
[0.477s] Level 1:colcon.colcon_core.package_identification:_identify(beta_firmware/microros_ws/src/uros/micro-ROS-Agent/snap) by extension 'cmake'
[0.477s] Level 1:colcon.colcon_core.package_identification:_identify(beta_firmware/microros_ws/src/uros/micro-ROS-Agent/snap) by extension 'python'
[0.477s] Level 1:colcon.colcon_core.package_identification:_identify(beta_firmware/microros_ws/src/uros/micro-ROS-Agent/snap) by extensions ['python_setup_py']
[0.477s] Level 1:colcon.colcon_core.package_identification:_identify(beta_firmware/microros_ws/src/uros/micro-ROS-Agent/snap) by extension 'python_setup_py'
[0.477s] Level 1:colcon.colcon_core.package_identification:_identify(beta_firmware/microros_ws/src/uros/micro-ROS-Agent/snap/hooks) by extensions ['ignore', 'ignore_ament_install']
[0.477s] Level 1:colcon.colcon_core.package_identification:_identify(beta_firmware/microros_ws/src/uros/micro-ROS-Agent/snap/hooks) by extension 'ignore'
[0.478s] Level 1:colcon.colcon_core.package_identification:_identify(beta_firmware/microros_ws/src/uros/micro-ROS-Agent/snap/hooks) by extension 'ignore_ament_install'
[0.478s] Level 1:colcon.colcon_core.package_identification:_identify(beta_firmware/microros_ws/src/uros/micro-ROS-Agent/snap/hooks) by extensions ['colcon_pkg']
[0.478s] Level 1:colcon.colcon_core.package_identification:_identify(beta_firmware/microros_ws/src/uros/micro-ROS-Agent/snap/hooks) by extension 'colcon_pkg'
[0.478s] Level 1:colcon.colcon_core.package_identification:_identify(beta_firmware/microros_ws/src/uros/micro-ROS-Agent/snap/hooks) by extensions ['colcon_meta']
[0.478s] Level 1:colcon.colcon_core.package_identification:_identify(beta_firmware/microros_ws/src/uros/micro-ROS-Agent/snap/hooks) by extension 'colcon_meta'
[0.478s] Level 1:colcon.colcon_core.package_identification:_identify(beta_firmware/microros_ws/src/uros/micro-ROS-Agent/snap/hooks) by extensions ['ros']
[0.478s] Level 1:colcon.colcon_core.package_identification:_identify(beta_firmware/microros_ws/src/uros/micro-ROS-Agent/snap/hooks) by extension 'ros'
[0.478s] Level 1:colcon.colcon_core.package_identification:_identify(beta_firmware/microros_ws/src/uros/micro-ROS-Agent/snap/hooks) by extensions ['cmake', 'python']
[0.478s] Level 1:colcon.colcon_core.package_identification:_identify(beta_firmware/microros_ws/src/uros/micro-ROS-Agent/snap/hooks) by extension 'cmake'
[0.478s] Level 1:colcon.colcon_core.package_identification:_identify(beta_firmware/microros_ws/src/uros/micro-ROS-Agent/snap/hooks) by extension 'python'
[0.478s] Level 1:colcon.colcon_core.package_identification:_identify(beta_firmware/microros_ws/src/uros/micro-ROS-Agent/snap/hooks) by extensions ['python_setup_py']
[0.478s] Level 1:colcon.colcon_core.package_identification:_identify(beta_firmware/microros_ws/src/uros/micro-ROS-Agent/snap/hooks) by extension 'python_setup_py'
[0.478s] Level 1:colcon.colcon_core.package_identification:_identify(beta_firmware/microros_ws/src/uros/micro-ROS-Agent/snap/local) by extensions ['ignore', 'ignore_ament_install']
[0.478s] Level 1:colcon.colcon_core.package_identification:_identify(beta_firmware/microros_ws/src/uros/micro-ROS-Agent/snap/local) by extension 'ignore'
[0.478s] Level 1:colcon.colcon_core.package_identification:_identify(beta_firmware/microros_ws/src/uros/micro-ROS-Agent/snap/local) by extension 'ignore_ament_install'
[0.479s] Level 1:colcon.colcon_core.package_identification:_identify(beta_firmware/microros_ws/src/uros/micro-ROS-Agent/snap/local) by extensions ['colcon_pkg']
[0.479s] Level 1:colcon.colcon_core.package_identification:_identify(beta_firmware/microros_ws/src/uros/micro-ROS-Agent/snap/local) by extension 'colcon_pkg'
[0.479s] Level 1:colcon.colcon_core.package_identification:_identify(beta_firmware/microros_ws/src/uros/micro-ROS-Agent/snap/local) by extensions ['colcon_meta']
[0.479s] Level 1:colcon.colcon_core.package_identification:_identify(beta_firmware/microros_ws/src/uros/micro-ROS-Agent/snap/local) by extension 'colcon_meta'
[0.479s] Level 1:colcon.colcon_core.package_identification:_identify(beta_firmware/microros_ws/src/uros/micro-ROS-Agent/snap/local) by extensions ['ros']
[0.479s] Level 1:colcon.colcon_core.package_identification:_identify(beta_firmware/microros_ws/src/uros/micro-ROS-Agent/snap/local) by extension 'ros'
[0.479s] Level 1:colcon.colcon_core.package_identification:_identify(beta_firmware/microros_ws/src/uros/micro-ROS-Agent/snap/local) by extensions ['cmake', 'python']
[0.479s] Level 1:colcon.colcon_core.package_identification:_identify(beta_firmware/microros_ws/src/uros/micro-ROS-Agent/snap/local) by extension 'cmake'
[0.479s] Level 1:colcon.colcon_core.package_identification:_identify(beta_firmware/microros_ws/src/uros/micro-ROS-Agent/snap/local) by extension 'python'
[0.479s] Level 1:colcon.colcon_core.package_identification:_identify(beta_firmware/microros_ws/src/uros/micro-ROS-Agent/snap/local) by extensions ['python_setup_py']
[0.479s] Level 1:colcon.colcon_core.package_identification:_identify(beta_firmware/microros_ws/src/uros/micro-ROS-Agent/snap/local) by extension 'python_setup_py'
[0.479s] Level 1:colcon.colcon_core.package_identification:_identify(beta_firmware/microros_ws/src/uros/micro_ros_msgs) by extensions ['ignore', 'ignore_ament_install']
[0.479s] Level 1:colcon.colcon_core.package_identification:_identify(beta_firmware/microros_ws/src/uros/micro_ros_msgs) by extension 'ignore'
[0.479s] Level 1:colcon.colcon_core.package_identification:_identify(beta_firmware/microros_ws/src/uros/micro_ros_msgs) by extension 'ignore_ament_install'
[0.479s] Level 1:colcon.colcon_core.package_identification:_identify(beta_firmware/microros_ws/src/uros/micro_ros_msgs) by extensions ['colcon_pkg']
[0.479s] Level 1:colcon.colcon_core.package_identification:_identify(beta_firmware/microros_ws/src/uros/micro_ros_msgs) by extension 'colcon_pkg'
[0.480s] Level 1:colcon.colcon_core.package_identification:_identify(beta_firmware/microros_ws/src/uros/micro_ros_msgs) by extensions ['colcon_meta']
[0.480s] Level 1:colcon.colcon_core.package_identification:_identify(beta_firmware/microros_ws/src/uros/micro_ros_msgs) by extension 'colcon_meta'
[0.480s] Level 1:colcon.colcon_core.package_identification:_identify(beta_firmware/microros_ws/src/uros/micro_ros_msgs) by extensions ['ros']
[0.480s] Level 1:colcon.colcon_core.package_identification:_identify(beta_firmware/microros_ws/src/uros/micro_ros_msgs) by extension 'ros'
[0.481s] DEBUG:colcon.colcon_core.package_identification:Package 'beta_firmware/microros_ws/src/uros/micro_ros_msgs' with type 'ros.ament_cmake' and name 'micro_ros_msgs'
[0.481s] Level 1:colcon.colcon_core.package_identification:_identify(build) by extensions ['ignore', 'ignore_ament_install']
[0.481s] Level 1:colcon.colcon_core.package_identification:_identify(build) by extension 'ignore'
[0.481s] Level 1:colcon.colcon_core.package_identification:_identify(build) ignored
[0.481s] Level 1:colcon.colcon_core.package_identification:_identify(install) by extensions ['ignore', 'ignore_ament_install']
[0.481s] Level 1:colcon.colcon_core.package_identification:_identify(install) by extension 'ignore'
[0.481s] Level 1:colcon.colcon_core.package_identification:_identify(install) ignored
[0.482s] Level 1:colcon.colcon_core.package_identification:_identify(log) by extensions ['ignore', 'ignore_ament_install']
[0.482s] Level 1:colcon.colcon_core.package_identification:_identify(log) by extension 'ignore'
[0.482s] Level 1:colcon.colcon_core.package_identification:_identify(log) ignored
[0.482s] Level 1:colcon.colcon_core.package_identification:_identify(src) by extensions ['ignore', 'ignore_ament_install']
[0.482s] Level 1:colcon.colcon_core.package_identification:_identify(src) by extension 'ignore'
[0.482s] Level 1:colcon.colcon_core.package_identification:_identify(src) by extension 'ignore_ament_install'
[0.482s] Level 1:colcon.colcon_core.package_identification:_identify(src) by extensions ['colcon_pkg']
[0.482s] Level 1:colcon.colcon_core.package_identification:_identify(src) by extension 'colcon_pkg'
[0.482s] Level 1:colcon.colcon_core.package_identification:_identify(src) by extensions ['colcon_meta']
[0.482s] Level 1:colcon.colcon_core.package_identification:_identify(src) by extension 'colcon_meta'
[0.482s] Level 1:colcon.colcon_core.package_identification:_identify(src) by extensions ['ros']
[0.482s] Level 1:colcon.colcon_core.package_identification:_identify(src) by extension 'ros'
[0.482s] Level 1:colcon.colcon_core.package_identification:_identify(src) by extensions ['cmake', 'python']
[0.482s] Level 1:colcon.colcon_core.package_identification:_identify(src) by extension 'cmake'
[0.482s] Level 1:colcon.colcon_core.package_identification:_identify(src) by extension 'python'
[0.482s] Level 1:colcon.colcon_core.package_identification:_identify(src) by extensions ['python_setup_py']
[0.483s] Level 1:colcon.colcon_core.package_identification:_identify(src) by extension 'python_setup_py'
[0.483s] Level 1:colcon.colcon_core.package_identification:_identify(src/beta_controller) by extensions ['ignore', 'ignore_ament_install']
[0.483s] Level 1:colcon.colcon_core.package_identification:_identify(src/beta_controller) by extension 'ignore'
[0.483s] Level 1:colcon.colcon_core.package_identification:_identify(src/beta_controller) by extension 'ignore_ament_install'
[0.483s] Level 1:colcon.colcon_core.package_identification:_identify(src/beta_controller) by extensions ['colcon_pkg']
[0.483s] Level 1:colcon.colcon_core.package_identification:_identify(src/beta_controller) by extension 'colcon_pkg'
[0.483s] Level 1:colcon.colcon_core.package_identification:_identify(src/beta_controller) by extensions ['colcon_meta']
[0.483s] Level 1:colcon.colcon_core.package_identification:_identify(src/beta_controller) by extension 'colcon_meta'
[0.483s] Level 1:colcon.colcon_core.package_identification:_identify(src/beta_controller) by extensions ['ros']
[0.483s] Level 1:colcon.colcon_core.package_identification:_identify(src/beta_controller) by extension 'ros'
[0.484s] DEBUG:colcon.colcon_core.package_identification:Package 'src/beta_controller' with type 'ros.ament_python' and name 'beta_controller'
[0.484s] Level 1:colcon.colcon_core.package_discovery:discover_packages(recursive) using defaults
[0.484s] Level 1:colcon.colcon_core.package_discovery:discover_packages(ignore) discover
[0.484s] Level 1:colcon.colcon_core.package_discovery:discover_packages(ignore) using defaults
[0.484s] Level 1:colcon.colcon_core.package_discovery:discover_packages(path) discover
[0.484s] Level 1:colcon.colcon_core.package_discovery:discover_packages(path) using defaults
[0.522s] Level 1:colcon.colcon_core.package_discovery:discover_packages(prefix_path) check parameters
[0.522s] Level 1:colcon.colcon_core.package_discovery:discover_packages(prefix_path) discover
[0.525s] DEBUG:colcon.colcon_installed_package_information.package_discovery:Found 4 installed packages in /home/joaoferreira/beta/install
[0.526s] DEBUG:colcon.colcon_installed_package_information.package_discovery:Found 294 installed packages in /opt/ros/humble
[0.528s] Level 1:colcon.colcon_core.package_discovery:discover_packages(prefix_path) using defaults
[1.891s] Level 5:colcon.colcon_core.verb:set package 'beta_controller' build argument 'cmake_args' from command line to 'None'
[1.891s] Level 5:colcon.colcon_core.verb:set package 'beta_controller' build argument 'cmake_target' from command line to 'None'
[1.891s] Level 5:colcon.colcon_core.verb:set package 'beta_controller' build argument 'cmake_target_skip_unavailable' from command line to 'False'
[1.891s] Level 5:colcon.colcon_core.verb:set package 'beta_controller' build argument 'cmake_clean_cache' from command line to 'False'
[1.891s] Level 5:colcon.colcon_core.verb:set package 'beta_controller' build argument 'cmake_clean_first' from command line to 'False'
[1.891s] Level 5:colcon.colcon_core.verb:set package 'beta_controller' build argument 'cmake_force_configure' from command line to 'False'
[1.891s] Level 5:colcon.colcon_core.verb:set package 'beta_controller' build argument 'ament_cmake_args' from command line to 'None'
[1.891s] Level 5:colcon.colcon_core.verb:set package 'beta_controller' build argument 'catkin_cmake_args' from command line to 'None'
[1.891s] Level 5:colcon.colcon_core.verb:set package 'beta_controller' build argument 'catkin_skip_building_tests' from command line to 'False'
[1.892s] DEBUG:colcon.colcon_core.verb:Building package 'beta_controller' with the following arguments: {'ament_cmake_args': None, 'build_base': '/home/joaoferreira/beta/build/beta_controller', 'catkin_cmake_args': None, 'catkin_skip_building_tests': False, 'cmake_args': None, 'cmake_clean_cache': False, 'cmake_clean_first': False, 'cmake_force_configure': False, 'cmake_target': None, 'cmake_target_skip_unavailable': False, 'install_base': '/home/joaoferreira/beta/install/beta_controller', 'merge_install': False, 'path': '/home/joaoferreira/beta/src/beta_controller', 'symlink_install': False, 'test_result_base': None}
[1.892s] Level 5:colcon.colcon_core.verb:set package 'micro_ros_msgs' build argument 'cmake_args' from command line to 'None'
[1.892s] Level 5:colcon.colcon_core.verb:set package 'micro_ros_msgs' build argument 'cmake_target' from command line to 'None'
[1.892s] Level 5:colcon.colcon_core.verb:set package 'micro_ros_msgs' build argument 'cmake_target_skip_unavailable' from command line to 'False'
[1.892s] Level 5:colcon.colcon_core.verb:set package 'micro_ros_msgs' build argument 'cmake_clean_cache' from command line to 'False'
[1.892s] Level 5:colcon.colcon_core.verb:set package 'micro_ros_msgs' build argument 'cmake_clean_first' from command line to 'False'
[1.892s] Level 5:colcon.colcon_core.verb:set package 'micro_ros_msgs' build argument 'cmake_force_configure' from command line to 'False'
[1.892s] Level 5:colcon.colcon_core.verb:set package 'micro_ros_msgs' build argument 'ament_cmake_args' from command line to 'None'
[1.892s] Level 5:colcon.colcon_core.verb:set package 'micro_ros_msgs' build argument 'catkin_cmake_args' from command line to 'None'
[1.892s] Level 5:colcon.colcon_core.verb:set package 'micro_ros_msgs' build argument 'catkin_skip_building_tests' from command line to 'False'
[1.892s] DEBUG:colcon.colcon_core.verb:Building package 'micro_ros_msgs' with the following arguments: {'ament_cmake_args': None, 'build_base': '/home/joaoferreira/beta/build/micro_ros_msgs', 'catkin_cmake_args': None, 'catkin_skip_building_tests': False, 'cmake_args': None, 'cmake_clean_cache': False, 'cmake_clean_first': False, 'cmake_force_configure': False, 'cmake_target': None, 'cmake_target_skip_unavailable': False, 'install_base': '/home/joaoferreira/beta/install/micro_ros_msgs', 'merge_install': False, 'path': '/home/joaoferreira/beta/beta_firmware/microros_ws/src/uros/micro_ros_msgs', 'symlink_install': False, 'test_result_base': None}
[1.893s] Level 5:colcon.colcon_core.verb:set package 'micro_ros_setup' build argument 'cmake_args' from command line to 'None'
[1.893s] Level 5:colcon.colcon_core.verb:set package 'micro_ros_setup' build argument 'cmake_target' from command line to 'None'
[1.893s] Level 5:colcon.colcon_core.verb:set package 'micro_ros_setup' build argument 'cmake_target_skip_unavailable' from command line to 'False'
[1.893s] Level 5:colcon.colcon_core.verb:set package 'micro_ros_setup' build argument 'cmake_clean_cache' from command line to 'False'
[1.893s] Level 5:colcon.colcon_core.verb:set package 'micro_ros_setup' build argument 'cmake_clean_first' from command line to 'False'
[1.893s] Level 5:colcon.colcon_core.verb:set package 'micro_ros_setup' build argument 'cmake_force_configure' from command line to 'False'
[1.893s] Level 5:colcon.colcon_core.verb:set package 'micro_ros_setup' build argument 'ament_cmake_args' from command line to 'None'
[1.893s] Level 5:colcon.colcon_core.verb:set package 'micro_ros_setup' build argument 'catkin_cmake_args' from command line to 'None'
[1.893s] Level 5:colcon.colcon_core.verb:set package 'micro_ros_setup' build argument 'catkin_skip_building_tests' from command line to 'False'
[1.893s] DEBUG:colcon.colcon_core.verb:Building package 'micro_ros_setup' with the following arguments: {'ament_cmake_args': None, 'build_base': '/home/joaoferreira/beta/build/micro_ros_setup', 'catkin_cmake_args': None, 'catkin_skip_building_tests': False, 'cmake_args': None, 'cmake_clean_cache': False, 'cmake_clean_first': False, 'cmake_force_configure': False, 'cmake_target': None, 'cmake_target_skip_unavailable': False, 'install_base': '/home/joaoferreira/beta/install/micro_ros_setup', 'merge_install': False, 'path': '/home/joaoferreira/beta/beta_firmware/microros_ws/src/micro_ros_setup', 'symlink_install': False, 'test_result_base': None}
[1.894s] Level 5:colcon.colcon_core.verb:set package 'micro_ros_agent' build argument 'cmake_args' from command line to 'None'
[1.894s] Level 5:colcon.colcon_core.verb:set package 'micro_ros_agent' build argument 'cmake_target' from command line to 'None'
[1.894s] Level 5:colcon.colcon_core.verb:set package 'micro_ros_agent' build argument 'cmake_target_skip_unavailable' from command line to 'False'
[1.894s] Level 5:colcon.colcon_core.verb:set package 'micro_ros_agent' build argument 'cmake_clean_cache' from command line to 'False'
[1.894s] Level 5:colcon.colcon_core.verb:set package 'micro_ros_agent' build argument 'cmake_clean_first' from command line to 'False'
[1.894s] Level 5:colcon.colcon_core.verb:set package 'micro_ros_agent' build argument 'cmake_force_configure' from command line to 'False'
[1.894s] Level 5:colcon.colcon_core.verb:set package 'micro_ros_agent' build argument 'ament_cmake_args' from command line to 'None'
[1.894s] Level 5:colcon.colcon_core.verb:set package 'micro_ros_agent' build argument 'catkin_cmake_args' from command line to 'None'
[1.894s] Level 5:colcon.colcon_core.verb:set package 'micro_ros_agent' build argument 'catkin_skip_building_tests' from command line to 'False'
[1.894s] DEBUG:colcon.colcon_core.verb:Building package 'micro_ros_agent' with the following arguments: {'ament_cmake_args': None, 'build_base': '/home/joaoferreira/beta/build/micro_ros_agent', 'catkin_cmake_args': None, 'catkin_skip_building_tests': False, 'cmake_args': None, 'cmake_clean_cache': False, 'cmake_clean_first': False, 'cmake_force_configure': False, 'cmake_target': None, 'cmake_target_skip_unavailable': False, 'install_base': '/home/joaoferreira/beta/install/micro_ros_agent', 'merge_install': False, 'path': '/home/joaoferreira/beta/beta_firmware/microros_ws/src/uros/micro-ROS-Agent/micro_ros_agent', 'symlink_install': False, 'test_result_base': None}
[1.894s] INFO:colcon.colcon_core.executor:Executing jobs using 'parallel' executor
[1.895s] DEBUG:colcon.colcon_parallel_executor.executor.parallel:run_until_complete
[1.896s] INFO:colcon.colcon_ros.task.ament_cmake.build:Building ROS package in '/home/joaoferreira/beta/beta_firmware/microros_ws/src/uros/micro_ros_msgs' with build type 'ament_cmake'
[1.896s] INFO:colcon.colcon_cmake.task.cmake.build:Building CMake package in '/home/joaoferreira/beta/beta_firmware/microros_ws/src/uros/micro_ros_msgs'
[1.899s] INFO:colcon.colcon_core.plugin_system:Skipping extension 'colcon_core.shell.bat': Not used on non-Windows systems
[1.899s] INFO:colcon.colcon_core.shell:Skip shell extension 'powershell' for command environment: Not usable outside of PowerShell
[1.899s] DEBUG:colcon.colcon_core.shell:Skip shell extension 'dsv' for command environment
[1.904s] INFO:colcon.colcon_ros.task.ament_python.build:Building ROS package in '/home/joaoferreira/beta/src/beta_controller' with build type 'ament_python'
[1.904s] Level 1:colcon.colcon_core.shell:create_environment_hook('beta_controller', 'ament_prefix_path')
[1.904s] INFO:colcon.colcon_core.shell:Creating environment hook '/home/joaoferreira/beta/install/beta_controller/share/beta_controller/hook/ament_prefix_path.ps1'
[1.905s] INFO:colcon.colcon_core.shell:Creating environment descriptor '/home/joaoferreira/beta/install/beta_controller/share/beta_controller/hook/ament_prefix_path.dsv'
[1.906s] INFO:colcon.colcon_core.shell:Creating environment hook '/home/joaoferreira/beta/install/beta_controller/share/beta_controller/hook/ament_prefix_path.sh'
[1.907s] INFO:colcon.colcon_core.shell:Skip shell extension 'powershell' for command environment: Not usable outside of PowerShell
[1.907s] DEBUG:colcon.colcon_core.shell:Skip shell extension 'dsv' for command environment
[1.912s] INFO:colcon.colcon_ros.task.ament_cmake.build:Building ROS package in '/home/joaoferreira/beta/beta_firmware/microros_ws/src/micro_ros_setup' with build type 'ament_cmake'
[1.913s] INFO:colcon.colcon_cmake.task.cmake.build:Building CMake package in '/home/joaoferreira/beta/beta_firmware/microros_ws/src/micro_ros_setup'
[1.914s] INFO:colcon.colcon_core.shell:Skip shell extension 'powershell' for command environment: Not usable outside of PowerShell
[1.914s] DEBUG:colcon.colcon_core.shell:Skip shell extension 'dsv' for command environment
[1.931s] DEBUG:colcon.colcon_core.event_handler.log_command:Invoking command in '/home/joaoferreira/beta/build/micro_ros_msgs': CMAKE_PREFIX_PATH=${CMAKE_PREFIX_PATH}:/home/joaoferreira/beta/install/beta_controller:/opt/ros/humble /usr/bin/cmake --build /home/joaoferreira/beta/build/micro_ros_msgs -- -j4 -l4
[2.453s] INFO:colcon.colcon_core.task.python.build:Building Python package in '/home/joaoferreira/beta/src/beta_controller'
[2.453s] INFO:colcon.colcon_core.shell:Skip shell extension 'powershell' for command environment: Not usable outside of PowerShell
[2.453s] DEBUG:colcon.colcon_core.shell:Skip shell extension 'dsv' for command environment
[2.468s] DEBUG:colcon.colcon_core.event_handler.log_command:Invoking command in '/home/joaoferreira/beta/build/micro_ros_setup': CMAKE_PREFIX_PATH=${CMAKE_PREFIX_PATH}:/home/joaoferreira/beta/install/beta_controller:/opt/ros/humble /usr/bin/cmake --build /home/joaoferreira/beta/build/micro_ros_setup -- -j4 -l4
[2.558s] DEBUG:colcon.colcon_core.event_handler.log_command:Invoked command in '/home/joaoferreira/beta/build/micro_ros_setup' returned '0': CMAKE_PREFIX_PATH=${CMAKE_PREFIX_PATH}:/home/joaoferreira/beta/install/beta_controller:/opt/ros/humble /usr/bin/cmake --build /home/joaoferreira/beta/build/micro_ros_setup -- -j4 -l4
[2.577s] DEBUG:colcon.colcon_core.event_handler.log_command:Invoking command in '/home/joaoferreira/beta/build/micro_ros_setup': CMAKE_PREFIX_PATH=${CMAKE_PREFIX_PATH}:/home/joaoferreira/beta/install/beta_controller:/opt/ros/humble /usr/bin/cmake --install /home/joaoferreira/beta/build/micro_ros_setup
[2.638s] Level 1:colcon.colcon_core.environment:create_environment_scripts_only(micro_ros_setup)
[2.649s] Level 1:colcon.colcon_core.environment:checking '/home/joaoferreira/beta/install/micro_ros_setup' for CMake module files
[2.650s] Level 1:colcon.colcon_core.environment:checking '/home/joaoferreira/beta/install/micro_ros_setup' for CMake config files
[2.651s] Level 1:colcon.colcon_core.shell:create_environment_hook('micro_ros_setup', 'cmake_prefix_path')
[2.651s] INFO:colcon.colcon_core.shell:Creating environment hook '/home/joaoferreira/beta/install/micro_ros_setup/share/micro_ros_setup/hook/cmake_prefix_path.ps1'
[2.655s] INFO:colcon.colcon_core.shell:Creating environment descriptor '/home/joaoferreira/beta/install/micro_ros_setup/share/micro_ros_setup/hook/cmake_prefix_path.dsv'
[2.655s] INFO:colcon.colcon_core.shell:Creating environment hook '/home/joaoferreira/beta/install/micro_ros_setup/share/micro_ros_setup/hook/cmake_prefix_path.sh'
[2.657s] Level 1:colcon.colcon_core.environment:checking '/home/joaoferreira/beta/install/micro_ros_setup/lib'
[2.657s] Level 1:colcon.colcon_core.environment:checking '/home/joaoferreira/beta/install/micro_ros_setup/bin'
[2.657s] Level 1:colcon.colcon_core.environment:checking '/home/joaoferreira/beta/install/micro_ros_setup/lib/pkgconfig/micro_ros_setup.pc'
[2.658s] Level 1:colcon.colcon_core.environment:checking '/home/joaoferreira/beta/install/micro_ros_setup/lib/python3.10/site-packages'
[2.658s] Level 1:colcon.colcon_core.environment:checking '/home/joaoferreira/beta/install/micro_ros_setup/bin'
[2.659s] INFO:colcon.colcon_core.shell:Creating package script '/home/joaoferreira/beta/install/micro_ros_setup/share/micro_ros_setup/package.ps1'
[2.662s] INFO:colcon.colcon_core.shell:Creating package descriptor '/home/joaoferreira/beta/install/micro_ros_setup/share/micro_ros_setup/package.dsv'
[2.660s] DEBUG:colcon.colcon_core.event_handler.log_command:Invoked command in '/home/joaoferreira/beta/build/micro_ros_setup' returned '0': CMAKE_PREFIX_PATH=${CMAKE_PREFIX_PATH}:/home/joaoferreira/beta/install/beta_controller:/opt/ros/humble /usr/bin/cmake --install /home/joaoferreira/beta/build/micro_ros_setup
[2.663s] INFO:colcon.colcon_core.shell:Creating package script '/home/joaoferreira/beta/install/micro_ros_setup/share/micro_ros_setup/package.sh'
[2.665s] INFO:colcon.colcon_core.shell:Creating package script '/home/joaoferreira/beta/install/micro_ros_setup/share/micro_ros_setup/package.bash'
[2.666s] INFO:colcon.colcon_core.shell:Creating package script '/home/joaoferreira/beta/install/micro_ros_setup/share/micro_ros_setup/package.zsh'
[2.668s] Level 1:colcon.colcon_core.environment:create_file_with_runtime_dependencies(/home/joaoferreira/beta/install/micro_ros_setup/share/colcon-core/packages/micro_ros_setup)
[2.669s] Level 1:colcon.colcon_core.environment:create_environment_scripts_only(micro_ros_setup)
[2.669s] Level 1:colcon.colcon_core.environment:checking '/home/joaoferreira/beta/install/micro_ros_setup' for CMake module files
[2.670s] Level 1:colcon.colcon_core.environment:checking '/home/joaoferreira/beta/install/micro_ros_setup' for CMake config files
[2.671s] Level 1:colcon.colcon_core.shell:create_environment_hook('micro_ros_setup', 'cmake_prefix_path')
[2.671s] INFO:colcon.colcon_core.shell:Creating environment hook '/home/joaoferreira/beta/install/micro_ros_setup/share/micro_ros_setup/hook/cmake_prefix_path.ps1'
[2.672s] INFO:colcon.colcon_core.shell:Creating environment descriptor '/home/joaoferreira/beta/install/micro_ros_setup/share/micro_ros_setup/hook/cmake_prefix_path.dsv'
[2.673s] INFO:colcon.colcon_core.shell:Creating environment hook '/home/joaoferreira/beta/install/micro_ros_setup/share/micro_ros_setup/hook/cmake_prefix_path.sh'
[2.674s] Level 1:colcon.colcon_core.environment:checking '/home/joaoferreira/beta/install/micro_ros_setup/lib'
[2.674s] Level 1:colcon.colcon_core.environment:checking '/home/joaoferreira/beta/install/micro_ros_setup/bin'
[2.674s] Level 1:colcon.colcon_core.environment:checking '/home/joaoferreira/beta/install/micro_ros_setup/lib/pkgconfig/micro_ros_setup.pc'
[2.675s] Level 1:colcon.colcon_core.environment:checking '/home/joaoferreira/beta/install/micro_ros_setup/lib/python3.10/site-packages'
[2.675s] Level 1:colcon.colcon_core.environment:checking '/home/joaoferreira/beta/install/micro_ros_setup/bin'
[2.676s] INFO:colcon.colcon_core.shell:Creating package script '/home/joaoferreira/beta/install/micro_ros_setup/share/micro_ros_setup/package.ps1'
[2.676s] INFO:colcon.colcon_core.shell:Creating package descriptor '/home/joaoferreira/beta/install/micro_ros_setup/share/micro_ros_setup/package.dsv'
[2.677s] INFO:colcon.colcon_core.shell:Creating package script '/home/joaoferreira/beta/install/micro_ros_setup/share/micro_ros_setup/package.sh'
[2.678s] INFO:colcon.colcon_core.shell:Creating package script '/home/joaoferreira/beta/install/micro_ros_setup/share/micro_ros_setup/package.bash'
[2.679s] INFO:colcon.colcon_core.shell:Creating package script '/home/joaoferreira/beta/install/micro_ros_setup/share/micro_ros_setup/package.zsh'
[2.679s] Level 1:colcon.colcon_core.environment:create_file_with_runtime_dependencies(/home/joaoferreira/beta/install/micro_ros_setup/share/colcon-core/packages/micro_ros_setup)
[2.684s] DEBUG:colcon.colcon_core.event_handler.log_command:Invoked command in '/home/joaoferreira/beta/build/micro_ros_msgs' returned '0': CMAKE_PREFIX_PATH=${CMAKE_PREFIX_PATH}:/home/joaoferreira/beta/install/beta_controller:/opt/ros/humble /usr/bin/cmake --build /home/joaoferreira/beta/build/micro_ros_msgs -- -j4 -l4
[2.686s] DEBUG:colcon.colcon_core.event_handler.log_command:Invoking command in '/home/joaoferreira/beta/build/micro_ros_msgs': CMAKE_PREFIX_PATH=${CMAKE_PREFIX_PATH}:/home/joaoferreira/beta/install/beta_controller:/opt/ros/humble /usr/bin/cmake --install /home/joaoferreira/beta/build/micro_ros_msgs
[2.804s] Level 1:colcon.colcon_core.environment:create_environment_scripts_only(micro_ros_msgs)
[2.805s] Level 1:colcon.colcon_core.environment:checking '/home/joaoferreira/beta/install/micro_ros_msgs' for CMake module files
[2.806s] DEBUG:colcon.colcon_core.event_handler.log_command:Invoked command in '/home/joaoferreira/beta/build/micro_ros_msgs' returned '0': CMAKE_PREFIX_PATH=${CMAKE_PREFIX_PATH}:/home/joaoferreira/beta/install/beta_controller:/opt/ros/humble /usr/bin/cmake --install /home/joaoferreira/beta/build/micro_ros_msgs
[2.807s] Level 1:colcon.colcon_core.environment:checking '/home/joaoferreira/beta/install/micro_ros_msgs' for CMake config files
[2.808s] Level 1:colcon.colcon_core.shell:create_environment_hook('micro_ros_msgs', 'cmake_prefix_path')
[2.809s] INFO:colcon.colcon_core.shell:Creating environment hook '/home/joaoferreira/beta/install/micro_ros_msgs/share/micro_ros_msgs/hook/cmake_prefix_path.ps1'
[2.809s] INFO:colcon.colcon_core.shell:Creating environment descriptor '/home/joaoferreira/beta/install/micro_ros_msgs/share/micro_ros_msgs/hook/cmake_prefix_path.dsv'
[2.810s] INFO:colcon.colcon_core.shell:Creating environment hook '/home/joaoferreira/beta/install/micro_ros_msgs/share/micro_ros_msgs/hook/cmake_prefix_path.sh'
[2.811s] Level 1:colcon.colcon_core.environment:checking '/home/joaoferreira/beta/install/micro_ros_msgs/lib'
[2.811s] Level 1:colcon.colcon_core.shell:create_environment_hook('micro_ros_msgs', 'ld_library_path_lib')
[2.812s] INFO:colcon.colcon_core.shell:Creating environment hook '/home/joaoferreira/beta/install/micro_ros_msgs/share/micro_ros_msgs/hook/ld_library_path_lib.ps1'
[2.813s] INFO:colcon.colcon_core.shell:Creating environment descriptor '/home/joaoferreira/beta/install/micro_ros_msgs/share/micro_ros_msgs/hook/ld_library_path_lib.dsv'
[2.813s] INFO:colcon.colcon_core.shell:Creating environment hook '/home/joaoferreira/beta/install/micro_ros_msgs/share/micro_ros_msgs/hook/ld_library_path_lib.sh'
[2.814s] Level 1:colcon.colcon_core.environment:checking '/home/joaoferreira/beta/install/micro_ros_msgs/bin'
[2.814s] Level 1:colcon.colcon_core.environment:checking '/home/joaoferreira/beta/install/micro_ros_msgs/lib/pkgconfig/micro_ros_msgs.pc'
[2.815s] Level 1:colcon.colcon_core.environment:checking '/home/joaoferreira/beta/install/micro_ros_msgs/lib/python3.10/site-packages'
[2.815s] Level 1:colcon.colcon_core.environment:checking '/home/joaoferreira/beta/install/micro_ros_msgs/bin'
[2.816s] INFO:colcon.colcon_core.shell:Creating package script '/home/joaoferreira/beta/install/micro_ros_msgs/share/micro_ros_msgs/package.ps1'
[2.817s] INFO:colcon.colcon_core.shell:Creating package descriptor '/home/joaoferreira/beta/install/micro_ros_msgs/share/micro_ros_msgs/package.dsv'
[2.817s] INFO:colcon.colcon_core.shell:Creating package script '/home/joaoferreira/beta/install/micro_ros_msgs/share/micro_ros_msgs/package.sh'
[2.818s] INFO:colcon.colcon_core.shell:Creating package script '/home/joaoferreira/beta/install/micro_ros_msgs/share/micro_ros_msgs/package.bash'
[2.819s] INFO:colcon.colcon_core.shell:Creating package script '/home/joaoferreira/beta/install/micro_ros_msgs/share/micro_ros_msgs/package.zsh'
[2.820s] Level 1:colcon.colcon_core.environment:create_file_with_runtime_dependencies(/home/joaoferreira/beta/install/micro_ros_msgs/share/colcon-core/packages/micro_ros_msgs)
[2.821s] Level 1:colcon.colcon_core.environment:create_environment_scripts_only(micro_ros_msgs)
[2.821s] Level 1:colcon.colcon_core.environment:checking '/home/joaoferreira/beta/install/micro_ros_msgs' for CMake module files
[2.822s] Level 1:colcon.colcon_core.environment:checking '/home/joaoferreira/beta/install/micro_ros_msgs' for CMake config files
[2.824s] Level 1:colcon.colcon_core.shell:create_environment_hook('micro_ros_msgs', 'cmake_prefix_path')
[2.824s] INFO:colcon.colcon_core.shell:Creating environment hook '/home/joaoferreira/beta/install/micro_ros_msgs/share/micro_ros_msgs/hook/cmake_prefix_path.ps1'
[2.825s] INFO:colcon.colcon_core.shell:Creating environment descriptor '/home/joaoferreira/beta/install/micro_ros_msgs/share/micro_ros_msgs/hook/cmake_prefix_path.dsv'
[2.825s] INFO:colcon.colcon_core.shell:Creating environment hook '/home/joaoferreira/beta/install/micro_ros_msgs/share/micro_ros_msgs/hook/cmake_prefix_path.sh'
[2.826s] Level 1:colcon.colcon_core.environment:checking '/home/joaoferreira/beta/install/micro_ros_msgs/lib'
[2.827s] Level 1:colcon.colcon_core.shell:create_environment_hook('micro_ros_msgs', 'ld_library_path_lib')
[2.827s] INFO:colcon.colcon_core.shell:Creating environment hook '/home/joaoferreira/beta/install/micro_ros_msgs/share/micro_ros_msgs/hook/ld_library_path_lib.ps1'
[2.828s] INFO:colcon.colcon_core.shell:Creating environment descriptor '/home/joaoferreira/beta/install/micro_ros_msgs/share/micro_ros_msgs/hook/ld_library_path_lib.dsv'
[2.829s] INFO:colcon.colcon_core.shell:Creating environment hook '/home/joaoferreira/beta/install/micro_ros_msgs/share/micro_ros_msgs/hook/ld_library_path_lib.sh'
[2.830s] Level 1:colcon.colcon_core.environment:checking '/home/joaoferreira/beta/install/micro_ros_msgs/bin'
[2.831s] Level 1:colcon.colcon_core.environment:checking '/home/joaoferreira/beta/install/micro_ros_msgs/lib/pkgconfig/micro_ros_msgs.pc'
[2.831s] Level 1:colcon.colcon_core.environment:checking '/home/joaoferreira/beta/install/micro_ros_msgs/lib/python3.10/site-packages'
[2.831s] Level 1:colcon.colcon_core.environment:checking '/home/joaoferreira/beta/install/micro_ros_msgs/bin'
[2.832s] INFO:colcon.colcon_core.shell:Creating package script '/home/joaoferreira/beta/install/micro_ros_msgs/share/micro_ros_msgs/package.ps1'
[2.833s] INFO:colcon.colcon_core.shell:Creating package descriptor '/home/joaoferreira/beta/install/micro_ros_msgs/share/micro_ros_msgs/package.dsv'
[2.834s] INFO:colcon.colcon_core.shell:Creating package script '/home/joaoferreira/beta/install/micro_ros_msgs/share/micro_ros_msgs/package.sh'
[2.835s] INFO:colcon.colcon_core.shell:Creating package script '/home/joaoferreira/beta/install/micro_ros_msgs/share/micro_ros_msgs/package.bash'
[2.836s] INFO:colcon.colcon_core.shell:Creating package script '/home/joaoferreira/beta/install/micro_ros_msgs/share/micro_ros_msgs/package.zsh'
[2.837s] Level 1:colcon.colcon_core.environment:create_file_with_runtime_dependencies(/home/joaoferreira/beta/install/micro_ros_msgs/share/colcon-core/packages/micro_ros_msgs)
[2.837s] INFO:colcon.colcon_ros.task.ament_cmake.build:Building ROS package in '/home/joaoferreira/beta/beta_firmware/microros_ws/src/uros/micro-ROS-Agent/micro_ros_agent' with build type 'ament_cmake'
[2.837s] INFO:colcon.colcon_cmake.task.cmake.build:Building CMake package in '/home/joaoferreira/beta/beta_firmware/microros_ws/src/uros/micro-ROS-Agent/micro_ros_agent'
[2.838s] INFO:colcon.colcon_core.shell:Skip shell extension 'powershell' for command environment: Not usable outside of PowerShell
[2.838s] DEBUG:colcon.colcon_core.shell:Skip shell extension 'dsv' for command environment
[2.857s] DEBUG:colcon.colcon_core.event_handler.log_command:Invoking command in '/home/joaoferreira/beta/build/micro_ros_agent': CMAKE_PREFIX_PATH=/home/joaoferreira/beta/install/micro_ros_msgs:/home/joaoferreira/beta/install/micro_ros_setup:/home/joaoferreira/beta/install/micro_ros_agent:/home/joaoferreira/beta/install/beta_controller:/opt/ros/humble LD_LIBRARY_PATH=/home/joaoferreira/beta/install/micro_ros_msgs/lib:/home/joaoferreira/beta/install/micro_ros_agent/lib:/opt/ros/humble/opt/rviz_ogre_vendor/lib:/opt/ros/humble/lib/x86_64-linux-gnu:/opt/ros/humble/lib /usr/bin/cmake --build /home/joaoferreira/beta/build/micro_ros_agent -- -j4 -l4
[3.002s] DEBUG:colcon.colcon_core.event_handler.log_command:Invoked command in '/home/joaoferreira/beta/build/micro_ros_agent' returned '0': CMAKE_PREFIX_PATH=/home/joaoferreira/beta/install/micro_ros_msgs:/home/joaoferreira/beta/install/micro_ros_setup:/home/joaoferreira/beta/install/micro_ros_agent:/home/joaoferreira/beta/install/beta_controller:/opt/ros/humble LD_LIBRARY_PATH=/home/joaoferreira/beta/install/micro_ros_msgs/lib:/home/joaoferreira/beta/install/micro_ros_agent/lib:/opt/ros/humble/opt/rviz_ogre_vendor/lib:/opt/ros/humble/lib/x86_64-linux-gnu:/opt/ros/humble/lib /usr/bin/cmake --build /home/joaoferreira/beta/build/micro_ros_agent -- -j4 -l4
[3.006s] DEBUG:colcon.colcon_core.event_handler.log_command:Invoking command in '/home/joaoferreira/beta/build/micro_ros_agent': CMAKE_PREFIX_PATH=/home/joaoferreira/beta/install/micro_ros_msgs:/home/joaoferreira/beta/install/micro_ros_setup:/home/joaoferreira/beta/install/micro_ros_agent:/home/joaoferreira/beta/install/beta_controller:/opt/ros/humble LD_LIBRARY_PATH=/home/joaoferreira/beta/install/micro_ros_msgs/lib:/home/joaoferreira/beta/install/micro_ros_agent/lib:/opt/ros/humble/opt/rviz_ogre_vendor/lib:/opt/ros/humble/lib/x86_64-linux-gnu:/opt/ros/humble/lib /usr/bin/cmake --install /home/joaoferreira/beta/build/micro_ros_agent
[3.024s] Level 1:colcon.colcon_core.environment:create_environment_scripts_only(micro_ros_agent)
[3.025s] Level 1:colcon.colcon_core.environment:checking '/home/joaoferreira/beta/install/micro_ros_agent' for CMake module files
[3.026s] Level 1:colcon.colcon_core.environment:checking '/home/joaoferreira/beta/install/micro_ros_agent' for CMake config files
[3.025s] DEBUG:colcon.colcon_core.event_handler.log_command:Invoked command in '/home/joaoferreira/beta/build/micro_ros_agent' returned '0': CMAKE_PREFIX_PATH=/home/joaoferreira/beta/install/micro_ros_msgs:/home/joaoferreira/beta/install/micro_ros_setup:/home/joaoferreira/beta/install/micro_ros_agent:/home/joaoferreira/beta/install/beta_controller:/opt/ros/humble LD_LIBRARY_PATH=/home/joaoferreira/beta/install/micro_ros_msgs/lib:/home/joaoferreira/beta/install/micro_ros_agent/lib:/opt/ros/humble/opt/rviz_ogre_vendor/lib:/opt/ros/humble/lib/x86_64-linux-gnu:/opt/ros/humble/lib /usr/bin/cmake --install /home/joaoferreira/beta/build/micro_ros_agent
[3.028s] Level 1:colcon.colcon_core.shell:create_environment_hook('micro_ros_agent', 'cmake_prefix_path')
[3.029s] INFO:colcon.colcon_core.shell:Creating environment hook '/home/joaoferreira/beta/install/micro_ros_agent/share/micro_ros_agent/hook/cmake_prefix_path.ps1'
[3.031s] INFO:colcon.colcon_core.shell:Creating environment descriptor '/home/joaoferreira/beta/install/micro_ros_agent/share/micro_ros_agent/hook/cmake_prefix_path.dsv'
[3.031s] INFO:colcon.colcon_core.shell:Creating environment hook '/home/joaoferreira/beta/install/micro_ros_agent/share/micro_ros_agent/hook/cmake_prefix_path.sh'
[3.032s] Level 1:colcon.colcon_core.environment:checking '/home/joaoferreira/beta/install/micro_ros_agent/lib'
[3.033s] Level 1:colcon.colcon_core.shell:create_environment_hook('micro_ros_agent', 'ld_library_path_lib')
[3.033s] INFO:colcon.colcon_core.shell:Creating environment hook '/home/joaoferreira/beta/install/micro_ros_agent/share/micro_ros_agent/hook/ld_library_path_lib.ps1'
[3.034s] INFO:colcon.colcon_core.shell:Creating environment descriptor '/home/joaoferreira/beta/install/micro_ros_agent/share/micro_ros_agent/hook/ld_library_path_lib.dsv'
[3.034s] INFO:colcon.colcon_core.shell:Creating environment hook '/home/joaoferreira/beta/install/micro_ros_agent/share/micro_ros_agent/hook/ld_library_path_lib.sh'
[3.035s] Level 1:colcon.colcon_core.environment:checking '/home/joaoferreira/beta/install/micro_ros_agent/bin'
[3.035s] Level 1:colcon.colcon_core.environment:checking '/home/joaoferreira/beta/install/micro_ros_agent/lib/pkgconfig/micro_ros_agent.pc'
[3.035s] Level 1:colcon.colcon_core.environment:checking '/home/joaoferreira/beta/install/micro_ros_agent/lib/python3.10/site-packages'
[3.035s] Level 1:colcon.colcon_core.environment:checking '/home/joaoferreira/beta/install/micro_ros_agent/bin'
[3.036s] INFO:colcon.colcon_core.shell:Creating package script '/home/joaoferreira/beta/install/micro_ros_agent/share/micro_ros_agent/package.ps1'
[3.036s] INFO:colcon.colcon_core.shell:Creating package descriptor '/home/joaoferreira/beta/install/micro_ros_agent/share/micro_ros_agent/package.dsv'
[3.044s] INFO:colcon.colcon_core.shell:Creating package script '/home/joaoferreira/beta/install/micro_ros_agent/share/micro_ros_agent/package.sh'
[3.046s] INFO:colcon.colcon_core.shell:Creating package script '/home/joaoferreira/beta/install/micro_ros_agent/share/micro_ros_agent/package.bash'
[3.046s] INFO:colcon.colcon_core.shell:Creating package script '/home/joaoferreira/beta/install/micro_ros_agent/share/micro_ros_agent/package.zsh'
[3.048s] Level 1:colcon.colcon_core.environment:create_file_with_runtime_dependencies(/home/joaoferreira/beta/install/micro_ros_agent/share/colcon-core/packages/micro_ros_agent)
[3.050s] Level 1:colcon.colcon_core.environment:create_environment_scripts_only(micro_ros_agent)
[3.051s] Level 1:colcon.colcon_core.environment:checking '/home/joaoferreira/beta/install/micro_ros_agent' for CMake module files
[3.053s] Level 1:colcon.colcon_core.environment:checking '/home/joaoferreira/beta/install/micro_ros_agent' for CMake config files
[3.055s] Level 1:colcon.colcon_core.shell:create_environment_hook('micro_ros_agent', 'cmake_prefix_path')
[3.056s] INFO:colcon.colcon_core.shell:Creating environment hook '/home/joaoferreira/beta/install/micro_ros_agent/share/micro_ros_agent/hook/cmake_prefix_path.ps1'
[3.058s] INFO:colcon.colcon_core.shell:Creating environment descriptor '/home/joaoferreira/beta/install/micro_ros_agent/share/micro_ros_agent/hook/cmake_prefix_path.dsv'
[3.059s] INFO:colcon.colcon_core.shell:Creating environment hook '/home/joaoferreira/beta/install/micro_ros_agent/share/micro_ros_agent/hook/cmake_prefix_path.sh'
[3.060s] Level 1:colcon.colcon_core.environment:checking '/home/joaoferreira/beta/install/micro_ros_agent/lib'
[3.061s] Level 1:colcon.colcon_core.shell:create_environment_hook('micro_ros_agent', 'ld_library_path_lib')
[3.061s] INFO:colcon.colcon_core.shell:Creating environment hook '/home/joaoferreira/beta/install/micro_ros_agent/share/micro_ros_agent/hook/ld_library_path_lib.ps1'
[3.062s] INFO:colcon.colcon_core.shell:Creating environment descriptor '/home/joaoferreira/beta/install/micro_ros_agent/share/micro_ros_agent/hook/ld_library_path_lib.dsv'
[3.063s] INFO:colcon.colcon_core.shell:Creating environment hook '/home/joaoferreira/beta/install/micro_ros_agent/share/micro_ros_agent/hook/ld_library_path_lib.sh'
[3.064s] Level 1:colcon.colcon_core.environment:checking '/home/joaoferreira/beta/install/micro_ros_agent/bin'
[3.064s] Level 1:colcon.colcon_core.environment:checking '/home/joaoferreira/beta/install/micro_ros_agent/lib/pkgconfig/micro_ros_agent.pc'
[3.064s] Level 1:colcon.colcon_core.environment:checking '/home/joaoferreira/beta/install/micro_ros_agent/lib/python3.10/site-packages'
[3.064s] Level 1:colcon.colcon_core.environment:checking '/home/joaoferreira/beta/install/micro_ros_agent/bin'
[3.065s] INFO:colcon.colcon_core.shell:Creating package script '/home/joaoferreira/beta/install/micro_ros_agent/share/micro_ros_agent/package.ps1'
[3.067s] INFO:colcon.colcon_core.shell:Creating package descriptor '/home/joaoferreira/beta/install/micro_ros_agent/share/micro_ros_agent/package.dsv'
[3.068s] INFO:colcon.colcon_core.shell:Creating package script '/home/joaoferreira/beta/install/micro_ros_agent/share/micro_ros_agent/package.sh'
[3.069s] INFO:colcon.colcon_core.shell:Creating package script '/home/joaoferreira/beta/install/micro_ros_agent/share/micro_ros_agent/package.bash'
[3.069s] INFO:colcon.colcon_core.shell:Creating package script '/home/joaoferreira/beta/install/micro_ros_agent/share/micro_ros_agent/package.zsh'
[3.070s] Level 1:colcon.colcon_core.environment:create_file_with_runtime_dependencies(/home/joaoferreira/beta/install/micro_ros_agent/share/colcon-core/packages/micro_ros_agent)
[3.472s] DEBUG:colcon.colcon_core.event_handler.log_command:Invoking command in '/home/joaoferreira/beta/src/beta_controller': PYTHONPATH=/home/joaoferreira/beta/build/beta_controller/prefix_override:/usr/lib/python3/dist-packages/colcon_core/task/python/colcon_distutils_commands:/home/joaoferreira/beta/install/beta_controller/lib/python3.10/site-packages:${PYTHONPATH} /usr/bin/python3 -W ignore:setup.py install is deprecated -W ignore:easy_install command is deprecated setup.py egg_info --egg-base ../../build/beta_controller build --build-base /home/joaoferreira/beta/build/beta_controller/build install --record /home/joaoferreira/beta/build/beta_controller/install.log --single-version-externally-managed install_data
[3.894s] Level 1:colcon.colcon_core.environment:checking '/home/joaoferreira/beta/install/beta_controller' for CMake module files
[3.895s] DEBUG:colcon.colcon_core.event_handler.log_command:Invoked command in '/home/joaoferreira/beta/src/beta_controller' returned '0': PYTHONPATH=/home/joaoferreira/beta/build/beta_controller/prefix_override:/usr/lib/python3/dist-packages/colcon_core/task/python/colcon_distutils_commands:/home/joaoferreira/beta/install/beta_controller/lib/python3.10/site-packages:${PYTHONPATH} /usr/bin/python3 -W ignore:setup.py install is deprecated -W ignore:easy_install command is deprecated setup.py egg_info --egg-base ../../build/beta_controller build --build-base /home/joaoferreira/beta/build/beta_controller/build install --record /home/joaoferreira/beta/build/beta_controller/install.log --single-version-externally-managed install_data
[3.895s] Level 1:colcon.colcon_core.environment:checking '/home/joaoferreira/beta/install/beta_controller' for CMake config files
[3.896s] Level 1:colcon.colcon_core.environment:checking '/home/joaoferreira/beta/install/beta_controller/lib'
[3.896s] Level 1:colcon.colcon_core.environment:checking '/home/joaoferreira/beta/install/beta_controller/bin'
[3.896s] Level 1:colcon.colcon_core.environment:checking '/home/joaoferreira/beta/install/beta_controller/lib/pkgconfig/beta_controller.pc'
[3.896s] Level 1:colcon.colcon_core.environment:checking '/home/joaoferreira/beta/install/beta_controller/lib/python3.10/site-packages'
[3.896s] Level 1:colcon.colcon_core.shell:create_environment_hook('beta_controller', 'pythonpath')
[3.896s] INFO:colcon.colcon_core.shell:Creating environment hook '/home/joaoferreira/beta/install/beta_controller/share/beta_controller/hook/pythonpath.ps1'
[3.897s] INFO:colcon.colcon_core.shell:Creating environment descriptor '/home/joaoferreira/beta/install/beta_controller/share/beta_controller/hook/pythonpath.dsv'
[3.898s] INFO:colcon.colcon_core.shell:Creating environment hook '/home/joaoferreira/beta/install/beta_controller/share/beta_controller/hook/pythonpath.sh'
[3.898s] Level 1:colcon.colcon_core.environment:checking '/home/joaoferreira/beta/install/beta_controller/bin'
[3.898s] Level 1:colcon.colcon_core.environment:create_environment_scripts_only(beta_controller)
[3.899s] INFO:colcon.colcon_core.shell:Creating package script '/home/joaoferreira/beta/install/beta_controller/share/beta_controller/package.ps1'
[3.899s] INFO:colcon.colcon_core.shell:Creating package descriptor '/home/joaoferreira/beta/install/beta_controller/share/beta_controller/package.dsv'
[3.900s] INFO:colcon.colcon_core.shell:Creating package script '/home/joaoferreira/beta/install/beta_controller/share/beta_controller/package.sh'
[3.900s] INFO:colcon.colcon_core.shell:Creating package script '/home/joaoferreira/beta/install/beta_controller/share/beta_controller/package.bash'
[3.901s] INFO:colcon.colcon_core.shell:Creating package script '/home/joaoferreira/beta/install/beta_controller/share/beta_controller/package.zsh'
[3.901s] Level 1:colcon.colcon_core.environment:create_file_with_runtime_dependencies(/home/joaoferreira/beta/install/beta_controller/share/colcon-core/packages/beta_controller)
[3.901s] DEBUG:colcon.colcon_parallel_executor.executor.parallel:closing loop
[3.902s] DEBUG:colcon.colcon_parallel_executor.executor.parallel:loop closed
[3.902s] DEBUG:colcon.colcon_parallel_executor.executor.parallel:run_until_complete finished with '0'
[3.902s] DEBUG:colcon.colcon_core.event_reactor:joining thread
[3.910s] INFO:colcon.colcon_core.plugin_system:Skipping extension 'colcon_notification.desktop_notification.terminal_notifier': Not used on non-Darwin systems
[3.910s] INFO:colcon.colcon_core.plugin_system:Skipping extension 'colcon_notification.desktop_notification.win32': Not used on non-Windows systems
[3.910s] INFO:colcon.colcon_notification.desktop_notification:Sending desktop notification using 'notify2'
[3.929s] DEBUG:colcon.colcon_core.event_reactor:joined thread
[3.929s] INFO:colcon.colcon_core.shell:Creating prefix script '/home/joaoferreira/beta/install/local_setup.ps1'
[3.931s] INFO:colcon.colcon_core.shell:Creating prefix util module '/home/joaoferreira/beta/install/_local_setup_util_ps1.py'
[3.934s] INFO:colcon.colcon_core.shell:Creating prefix chain script '/home/joaoferreira/beta/install/setup.ps1'
[3.937s] INFO:colcon.colcon_core.shell:Creating prefix script '/home/joaoferreira/beta/install/local_setup.sh'
[3.968s] INFO:colcon.colcon_core.shell:Creating prefix util module '/home/joaoferreira/beta/install/_local_setup_util_sh.py'
[3.969s] INFO:colcon.colcon_core.shell:Creating prefix chain script '/home/joaoferreira/beta/install/setup.sh'
[3.973s] INFO:colcon.colcon_core.shell:Creating prefix script '/home/joaoferreira/beta/install/local_setup.bash'
[3.999s] INFO:colcon.colcon_core.shell:Creating prefix chain script '/home/joaoferreira/beta/install/setup.bash'
[4.003s] INFO:colcon.colcon_core.shell:Creating prefix script '/home/joaoferreira/beta/install/local_setup.zsh'
[4.058s] INFO:colcon.colcon_core.shell:Creating prefix chain script '/home/joaoferreira/beta/install/setup.zsh'
