[0.765s] Invoking command in '/home/joaoferreira/beta/src/beta_controller': PYTHONPATH=/home/joaoferreira/beta/build/beta_controller/prefix_override:/usr/lib/python3/dist-packages/colcon_core/task/python/colcon_distutils_commands:/home/joaoferreira/beta/install/beta_controller/lib/python3.10/site-packages:${PYTHONPATH} /usr/bin/python3 -W ignore:setup.py install is deprecated -W ignore:easy_install command is deprecated setup.py egg_info --egg-base ../../build/beta_controller build --build-base /home/joaoferreira/beta/build/beta_controller/build install --record /home/joaoferreira/beta/build/beta_controller/install.log --single-version-externally-managed install_data
[1.062s] running egg_info
[1.063s] writing ../../build/beta_controller/beta_controller.egg-info/PKG-INFO
[1.063s] writing dependency_links to ../../build/beta_controller/beta_controller.egg-info/dependency_links.txt
[1.063s] writing entry points to ../../build/beta_controller/beta_controller.egg-info/entry_points.txt
[1.063s] writing requirements to ../../build/beta_controller/beta_controller.egg-info/requires.txt
[1.064s] writing top-level names to ../../build/beta_controller/beta_controller.egg-info/top_level.txt
[1.066s] reading manifest file '../../build/beta_controller/beta_controller.egg-info/SOURCES.txt'
[1.067s] writing manifest file '../../build/beta_controller/beta_controller.egg-info/SOURCES.txt'
[1.067s] running build
[1.068s] running build_py
[1.068s] copying beta_controller/beta_gui.py -> /home/joaoferreira/beta/build/beta_controller/build/lib/beta_controller
[1.068s] running install
[1.069s] running install_lib
[1.070s] copying /home/joaoferreira/beta/build/beta_controller/build/lib/beta_controller/beta_gui.py -> /home/joaoferreira/beta/install/beta_controller/lib/python3.10/site-packages/beta_controller
[1.070s] byte-compiling /home/joaoferreira/beta/install/beta_controller/lib/python3.10/site-packages/beta_controller/beta_gui.py to beta_gui.cpython-310.pyc
[1.071s] running install_data
[1.071s] running install_egg_info
[1.074s] removing '/home/joaoferreira/beta/install/beta_controller/lib/python3.10/site-packages/beta_controller-0.0.0-py3.10.egg-info' (and everything under it)
[1.074s] Copying ../../build/beta_controller/beta_controller.egg-info to /home/joaoferreira/beta/install/beta_controller/lib/python3.10/site-packages/beta_controller-0.0.0-py3.10.egg-info
[1.076s] running install_scripts
[1.100s] Installing beta_gui script to /home/joaoferreira/beta/install/beta_controller/lib/beta_controller
[1.100s] Installing beta_motion_planner script to /home/joaoferreira/beta/install/beta_controller/lib/beta_controller
[1.100s] writing list of installed files to '/home/joaoferreira/beta/build/beta_controller/install.log'
[1.134s] Invoked command in '/home/joaoferreira/beta/src/beta_controller' returned '0': PYTHONPATH=/home/joaoferreira/beta/build/beta_controller/prefix_override:/usr/lib/python3/dist-packages/colcon_core/task/python/colcon_distutils_commands:/home/joaoferreira/beta/install/beta_controller/lib/python3.10/site-packages:${PYTHONPATH} /usr/bin/python3 -W ignore:setup.py install is deprecated -W ignore:easy_install command is deprecated setup.py egg_info --egg-base ../../build/beta_controller build --build-base /home/joaoferreira/beta/build/beta_controller/build install --record /home/joaoferreira/beta/build/beta_controller/install.log --single-version-externally-managed install_data
