[2.389s] DEBUG:colcon:Command line arguments: ['/usr/bin/colcon', 'build', '--packages-up-to', 'micro_ros_agent', '--cmake-args', '-DUAGENT_BUILD_EXECUTABLE=OFF', '-DUAGENT_P2P_PROFILE=OFF', '--no-warn-unused-cli']
[2.389s] DEBUG:colcon:Parsed command line arguments: Namespace(log_base=None, log_level=None, verb_name='build', build_base='build', install_base='install', merge_install=False, symlink_install=False, test_result_base=None, continue_on_error=False, executor='parallel', parallel_workers=4, event_handlers=None, ignore_user_meta=False, metas=['./colcon.meta'], base_paths=['.'], packages_ignore=None, packages_ignore_regex=None, paths=None, packages_up_to=['micro_ros_agent'], packages_up_to_regex=None, packages_above=None, packages_above_and_dependencies=None, packages_above_depth=None, packages_select_by_dep=None, packages_skip_by_dep=None, packages_skip_up_to=None, packages_select_build_failed=False, packages_skip_build_finished=False, packages_select_test_failures=False, packages_skip_test_passed=False, packages_select=None, packages_skip=None, packages_select_regex=None, packages_skip_regex=None, packages_start=None, packages_end=None, allow_overriding=[], cmake_args=['-DUAGENT_BUILD_EXECUTABLE=OFF', '-DUAGENT_P2P_PROFILE=OFF', '--no-warn-unused-cli'], cmake_target=None, cmake_target_skip_unavailable=False, cmake_clean_cache=False, cmake_clean_first=False, cmake_force_configure=False, ament_cmake_args=None, catkin_cmake_args=None, catkin_skip_building_tests=False, mixin_files=None, mixin=None, verb_parser=<colcon_mixin.mixin.mixin_argument.MixinArgumentDecorator object at 0x78402f751db0>, verb_extension=<colcon_core.verb.build.BuildVerb object at 0x78402f7516f0>, main=<bound method BuildVerb.main of <colcon_core.verb.build.BuildVerb object at 0x78402f7516f0>>, mixin_verb=('build',))
[3.801s] Level 1:colcon.colcon_core.package_discovery:discover_packages(colcon_meta) check parameters
[3.801s] Level 1:colcon.colcon_core.package_discovery:discover_packages(recursive) check parameters
[3.801s] Level 1:colcon.colcon_core.package_discovery:discover_packages(ignore) check parameters
[3.801s] Level 1:colcon.colcon_core.package_discovery:discover_packages(path) check parameters
[3.801s] Level 1:colcon.colcon_core.package_discovery:discover_packages(colcon_meta) discover
[3.801s] Level 1:colcon.colcon_core.package_discovery:discover_packages(recursive) discover
[3.801s] INFO:colcon.colcon_core.package_discovery:Crawling recursively for packages in '/home/joaoferreira/microros_ws'
[3.801s] Level 1:colcon.colcon_core.package_identification:_identify(.) by extensions ['ignore', 'ignore_ament_install']
[3.802s] Level 1:colcon.colcon_core.package_identification:_identify(.) by extension 'ignore'
[3.802s] Level 1:colcon.colcon_core.package_identification:_identify(.) by extension 'ignore_ament_install'
[3.802s] Level 1:colcon.colcon_core.package_identification:_identify(.) by extensions ['colcon_pkg']
[3.802s] Level 1:colcon.colcon_core.package_identification:_identify(.) by extension 'colcon_pkg'
[3.802s] Level 1:colcon.colcon_core.package_identification:_identify(.) by extensions ['colcon_meta']
[3.802s] Level 1:colcon.colcon_core.package_identification:_identify(.) by extension 'colcon_meta'
[3.802s] Level 1:colcon.colcon_core.package_identification:_identify(.) by extensions ['ros']
[3.802s] Level 1:colcon.colcon_core.package_identification:_identify(.) by extension 'ros'
[3.826s] Level 1:colcon.colcon_core.package_identification:_identify(.) by extensions ['cmake', 'python']
[3.826s] Level 1:colcon.colcon_core.package_identification:_identify(.) by extension 'cmake'
[3.826s] Level 1:colcon.colcon_core.package_identification:_identify(.) by extension 'python'
[3.826s] Level 1:colcon.colcon_core.package_identification:_identify(.) by extensions ['python_setup_py']
[3.826s] Level 1:colcon.colcon_core.package_identification:_identify(.) by extension 'python_setup_py'
[3.827s] Level 1:colcon.colcon_core.package_identification:_identify(build) by extensions ['ignore', 'ignore_ament_install']
[3.828s] Level 1:colcon.colcon_core.package_identification:_identify(build) by extension 'ignore'
[3.828s] Level 1:colcon.colcon_core.package_identification:_identify(build) ignored
[3.828s] Level 1:colcon.colcon_core.package_identification:_identify(install) by extensions ['ignore', 'ignore_ament_install']
[3.828s] Level 1:colcon.colcon_core.package_identification:_identify(install) by extension 'ignore'
[3.828s] Level 1:colcon.colcon_core.package_identification:_identify(install) ignored
[3.828s] Level 1:colcon.colcon_core.package_identification:_identify(log) by extensions ['ignore', 'ignore_ament_install']
[3.828s] Level 1:colcon.colcon_core.package_identification:_identify(log) by extension 'ignore'
[3.828s] Level 1:colcon.colcon_core.package_identification:_identify(log) ignored
[3.829s] Level 1:colcon.colcon_core.package_identification:_identify(src) by extensions ['ignore', 'ignore_ament_install']
[3.829s] Level 1:colcon.colcon_core.package_identification:_identify(src) by extension 'ignore'
[3.829s] Level 1:colcon.colcon_core.package_identification:_identify(src) by extension 'ignore_ament_install'
[3.829s] Level 1:colcon.colcon_core.package_identification:_identify(src) by extensions ['colcon_pkg']
[3.829s] Level 1:colcon.colcon_core.package_identification:_identify(src) by extension 'colcon_pkg'
[3.829s] Level 1:colcon.colcon_core.package_identification:_identify(src) by extensions ['colcon_meta']
[3.829s] Level 1:colcon.colcon_core.package_identification:_identify(src) by extension 'colcon_meta'
[3.829s] Level 1:colcon.colcon_core.package_identification:_identify(src) by extensions ['ros']
[3.829s] Level 1:colcon.colcon_core.package_identification:_identify(src) by extension 'ros'
[3.829s] Level 1:colcon.colcon_core.package_identification:_identify(src) by extensions ['cmake', 'python']
[3.829s] Level 1:colcon.colcon_core.package_identification:_identify(src) by extension 'cmake'
[3.829s] Level 1:colcon.colcon_core.package_identification:_identify(src) by extension 'python'
[3.829s] Level 1:colcon.colcon_core.package_identification:_identify(src) by extensions ['python_setup_py']
[3.829s] Level 1:colcon.colcon_core.package_identification:_identify(src) by extension 'python_setup_py'
[3.829s] Level 1:colcon.colcon_core.package_identification:_identify(src/micro_ros_setup) by extensions ['ignore', 'ignore_ament_install']
[3.830s] Level 1:colcon.colcon_core.package_identification:_identify(src/micro_ros_setup) by extension 'ignore'
[3.830s] Level 1:colcon.colcon_core.package_identification:_identify(src/micro_ros_setup) by extension 'ignore_ament_install'
[3.830s] Level 1:colcon.colcon_core.package_identification:_identify(src/micro_ros_setup) by extensions ['colcon_pkg']
[3.830s] Level 1:colcon.colcon_core.package_identification:_identify(src/micro_ros_setup) by extension 'colcon_pkg'
[3.830s] Level 1:colcon.colcon_core.package_identification:_identify(src/micro_ros_setup) by extensions ['colcon_meta']
[3.830s] Level 1:colcon.colcon_core.package_identification:_identify(src/micro_ros_setup) by extension 'colcon_meta'
[3.830s] Level 1:colcon.colcon_core.package_identification:_identify(src/micro_ros_setup) by extensions ['ros']
[3.830s] Level 1:colcon.colcon_core.package_identification:_identify(src/micro_ros_setup) by extension 'ros'
[3.834s] DEBUG:colcon.colcon_core.package_identification:Package 'src/micro_ros_setup' with type 'ros.ament_cmake' and name 'micro_ros_setup'
[3.834s] Level 1:colcon.colcon_core.package_identification:_identify(src/uros) by extensions ['ignore', 'ignore_ament_install']
[3.834s] Level 1:colcon.colcon_core.package_identification:_identify(src/uros) by extension 'ignore'
[3.834s] Level 1:colcon.colcon_core.package_identification:_identify(src/uros) by extension 'ignore_ament_install'
[3.835s] Level 1:colcon.colcon_core.package_identification:_identify(src/uros) by extensions ['colcon_pkg']
[3.835s] Level 1:colcon.colcon_core.package_identification:_identify(src/uros) by extension 'colcon_pkg'
[3.835s] Level 1:colcon.colcon_core.package_identification:_identify(src/uros) by extensions ['colcon_meta']
[3.835s] Level 1:colcon.colcon_core.package_identification:_identify(src/uros) by extension 'colcon_meta'
[3.835s] Level 1:colcon.colcon_core.package_identification:_identify(src/uros) by extensions ['ros']
[3.835s] Level 1:colcon.colcon_core.package_identification:_identify(src/uros) by extension 'ros'
[3.835s] Level 1:colcon.colcon_core.package_identification:_identify(src/uros) by extensions ['cmake', 'python']
[3.835s] Level 1:colcon.colcon_core.package_identification:_identify(src/uros) by extension 'cmake'
[3.835s] Level 1:colcon.colcon_core.package_identification:_identify(src/uros) by extension 'python'
[3.835s] Level 1:colcon.colcon_core.package_identification:_identify(src/uros) by extensions ['python_setup_py']
[3.835s] Level 1:colcon.colcon_core.package_identification:_identify(src/uros) by extension 'python_setup_py'
[3.836s] Level 1:colcon.colcon_core.package_identification:_identify(src/uros/micro-ROS-Agent) by extensions ['ignore', 'ignore_ament_install']
[3.836s] Level 1:colcon.colcon_core.package_identification:_identify(src/uros/micro-ROS-Agent) by extension 'ignore'
[3.836s] Level 1:colcon.colcon_core.package_identification:_identify(src/uros/micro-ROS-Agent) by extension 'ignore_ament_install'
[3.836s] Level 1:colcon.colcon_core.package_identification:_identify(src/uros/micro-ROS-Agent) by extensions ['colcon_pkg']
[3.836s] Level 1:colcon.colcon_core.package_identification:_identify(src/uros/micro-ROS-Agent) by extension 'colcon_pkg'
[3.836s] Level 1:colcon.colcon_core.package_identification:_identify(src/uros/micro-ROS-Agent) by extensions ['colcon_meta']
[3.836s] Level 1:colcon.colcon_core.package_identification:_identify(src/uros/micro-ROS-Agent) by extension 'colcon_meta'
[3.836s] Level 1:colcon.colcon_core.package_identification:_identify(src/uros/micro-ROS-Agent) by extensions ['ros']
[3.836s] Level 1:colcon.colcon_core.package_identification:_identify(src/uros/micro-ROS-Agent) by extension 'ros'
[3.836s] Level 1:colcon.colcon_core.package_identification:_identify(src/uros/micro-ROS-Agent) by extensions ['cmake', 'python']
[3.836s] Level 1:colcon.colcon_core.package_identification:_identify(src/uros/micro-ROS-Agent) by extension 'cmake'
[3.837s] Level 1:colcon.colcon_core.package_identification:_identify(src/uros/micro-ROS-Agent) by extension 'python'
[3.837s] Level 1:colcon.colcon_core.package_identification:_identify(src/uros/micro-ROS-Agent) by extensions ['python_setup_py']
[3.837s] Level 1:colcon.colcon_core.package_identification:_identify(src/uros/micro-ROS-Agent) by extension 'python_setup_py'
[3.837s] Level 1:colcon.colcon_core.package_identification:_identify(src/uros/micro-ROS-Agent/micro_ros_agent) by extensions ['ignore', 'ignore_ament_install']
[3.837s] Level 1:colcon.colcon_core.package_identification:_identify(src/uros/micro-ROS-Agent/micro_ros_agent) by extension 'ignore'
[3.837s] Level 1:colcon.colcon_core.package_identification:_identify(src/uros/micro-ROS-Agent/micro_ros_agent) by extension 'ignore_ament_install'
[3.837s] Level 1:colcon.colcon_core.package_identification:_identify(src/uros/micro-ROS-Agent/micro_ros_agent) by extensions ['colcon_pkg']
[3.837s] Level 1:colcon.colcon_core.package_identification:_identify(src/uros/micro-ROS-Agent/micro_ros_agent) by extension 'colcon_pkg'
[3.837s] Level 1:colcon.colcon_core.package_identification:_identify(src/uros/micro-ROS-Agent/micro_ros_agent) by extensions ['colcon_meta']
[3.837s] Level 1:colcon.colcon_core.package_identification:_identify(src/uros/micro-ROS-Agent/micro_ros_agent) by extension 'colcon_meta'
[3.838s] Level 1:colcon.colcon_core.package_identification:_identify(src/uros/micro-ROS-Agent/micro_ros_agent) by extensions ['ros']
[3.838s] Level 1:colcon.colcon_core.package_identification:_identify(src/uros/micro-ROS-Agent/micro_ros_agent) by extension 'ros'
[3.842s] DEBUG:colcon.colcon_core.package_identification:Package 'src/uros/micro-ROS-Agent/micro_ros_agent' with type 'ros.ament_cmake' and name 'micro_ros_agent'
[3.842s] Level 1:colcon.colcon_core.package_identification:_identify(src/uros/micro-ROS-Agent/snap) by extensions ['ignore', 'ignore_ament_install']
[3.842s] Level 1:colcon.colcon_core.package_identification:_identify(src/uros/micro-ROS-Agent/snap) by extension 'ignore'
[3.842s] Level 1:colcon.colcon_core.package_identification:_identify(src/uros/micro-ROS-Agent/snap) by extension 'ignore_ament_install'
[3.842s] Level 1:colcon.colcon_core.package_identification:_identify(src/uros/micro-ROS-Agent/snap) by extensions ['colcon_pkg']
[3.842s] Level 1:colcon.colcon_core.package_identification:_identify(src/uros/micro-ROS-Agent/snap) by extension 'colcon_pkg'
[3.843s] Level 1:colcon.colcon_core.package_identification:_identify(src/uros/micro-ROS-Agent/snap) by extensions ['colcon_meta']
[3.843s] Level 1:colcon.colcon_core.package_identification:_identify(src/uros/micro-ROS-Agent/snap) by extension 'colcon_meta'
[3.843s] Level 1:colcon.colcon_core.package_identification:_identify(src/uros/micro-ROS-Agent/snap) by extensions ['ros']
[3.843s] Level 1:colcon.colcon_core.package_identification:_identify(src/uros/micro-ROS-Agent/snap) by extension 'ros'
[3.843s] Level 1:colcon.colcon_core.package_identification:_identify(src/uros/micro-ROS-Agent/snap) by extensions ['cmake', 'python']
[3.843s] Level 1:colcon.colcon_core.package_identification:_identify(src/uros/micro-ROS-Agent/snap) by extension 'cmake'
[3.843s] Level 1:colcon.colcon_core.package_identification:_identify(src/uros/micro-ROS-Agent/snap) by extension 'python'
[3.843s] Level 1:colcon.colcon_core.package_identification:_identify(src/uros/micro-ROS-Agent/snap) by extensions ['python_setup_py']
[3.843s] Level 1:colcon.colcon_core.package_identification:_identify(src/uros/micro-ROS-Agent/snap) by extension 'python_setup_py'
[3.844s] Level 1:colcon.colcon_core.package_identification:_identify(src/uros/micro-ROS-Agent/snap/hooks) by extensions ['ignore', 'ignore_ament_install']
[3.844s] Level 1:colcon.colcon_core.package_identification:_identify(src/uros/micro-ROS-Agent/snap/hooks) by extension 'ignore'
[3.844s] Level 1:colcon.colcon_core.package_identification:_identify(src/uros/micro-ROS-Agent/snap/hooks) by extension 'ignore_ament_install'
[3.844s] Level 1:colcon.colcon_core.package_identification:_identify(src/uros/micro-ROS-Agent/snap/hooks) by extensions ['colcon_pkg']
[3.844s] Level 1:colcon.colcon_core.package_identification:_identify(src/uros/micro-ROS-Agent/snap/hooks) by extension 'colcon_pkg'
[3.844s] Level 1:colcon.colcon_core.package_identification:_identify(src/uros/micro-ROS-Agent/snap/hooks) by extensions ['colcon_meta']
[3.844s] Level 1:colcon.colcon_core.package_identification:_identify(src/uros/micro-ROS-Agent/snap/hooks) by extension 'colcon_meta'
[3.844s] Level 1:colcon.colcon_core.package_identification:_identify(src/uros/micro-ROS-Agent/snap/hooks) by extensions ['ros']
[3.844s] Level 1:colcon.colcon_core.package_identification:_identify(src/uros/micro-ROS-Agent/snap/hooks) by extension 'ros'
[3.844s] Level 1:colcon.colcon_core.package_identification:_identify(src/uros/micro-ROS-Agent/snap/hooks) by extensions ['cmake', 'python']
[3.844s] Level 1:colcon.colcon_core.package_identification:_identify(src/uros/micro-ROS-Agent/snap/hooks) by extension 'cmake'
[3.845s] Level 1:colcon.colcon_core.package_identification:_identify(src/uros/micro-ROS-Agent/snap/hooks) by extension 'python'
[3.845s] Level 1:colcon.colcon_core.package_identification:_identify(src/uros/micro-ROS-Agent/snap/hooks) by extensions ['python_setup_py']
[3.845s] Level 1:colcon.colcon_core.package_identification:_identify(src/uros/micro-ROS-Agent/snap/hooks) by extension 'python_setup_py'
[3.845s] Level 1:colcon.colcon_core.package_identification:_identify(src/uros/micro-ROS-Agent/snap/local) by extensions ['ignore', 'ignore_ament_install']
[3.845s] Level 1:colcon.colcon_core.package_identification:_identify(src/uros/micro-ROS-Agent/snap/local) by extension 'ignore'
[3.845s] Level 1:colcon.colcon_core.package_identification:_identify(src/uros/micro-ROS-Agent/snap/local) by extension 'ignore_ament_install'
[3.845s] Level 1:colcon.colcon_core.package_identification:_identify(src/uros/micro-ROS-Agent/snap/local) by extensions ['colcon_pkg']
[3.845s] Level 1:colcon.colcon_core.package_identification:_identify(src/uros/micro-ROS-Agent/snap/local) by extension 'colcon_pkg'
[3.845s] Level 1:colcon.colcon_core.package_identification:_identify(src/uros/micro-ROS-Agent/snap/local) by extensions ['colcon_meta']
[3.846s] Level 1:colcon.colcon_core.package_identification:_identify(src/uros/micro-ROS-Agent/snap/local) by extension 'colcon_meta'
[3.846s] Level 1:colcon.colcon_core.package_identification:_identify(src/uros/micro-ROS-Agent/snap/local) by extensions ['ros']
[3.846s] Level 1:colcon.colcon_core.package_identification:_identify(src/uros/micro-ROS-Agent/snap/local) by extension 'ros'
[3.846s] Level 1:colcon.colcon_core.package_identification:_identify(src/uros/micro-ROS-Agent/snap/local) by extensions ['cmake', 'python']
[3.846s] Level 1:colcon.colcon_core.package_identification:_identify(src/uros/micro-ROS-Agent/snap/local) by extension 'cmake'
[3.846s] Level 1:colcon.colcon_core.package_identification:_identify(src/uros/micro-ROS-Agent/snap/local) by extension 'python'
[3.846s] Level 1:colcon.colcon_core.package_identification:_identify(src/uros/micro-ROS-Agent/snap/local) by extensions ['python_setup_py']
[3.846s] Level 1:colcon.colcon_core.package_identification:_identify(src/uros/micro-ROS-Agent/snap/local) by extension 'python_setup_py'
[3.846s] Level 1:colcon.colcon_core.package_identification:_identify(src/uros/micro_ros_msgs) by extensions ['ignore', 'ignore_ament_install']
[3.846s] Level 1:colcon.colcon_core.package_identification:_identify(src/uros/micro_ros_msgs) by extension 'ignore'
[3.847s] Level 1:colcon.colcon_core.package_identification:_identify(src/uros/micro_ros_msgs) by extension 'ignore_ament_install'
[3.847s] Level 1:colcon.colcon_core.package_identification:_identify(src/uros/micro_ros_msgs) by extensions ['colcon_pkg']
[3.847s] Level 1:colcon.colcon_core.package_identification:_identify(src/uros/micro_ros_msgs) by extension 'colcon_pkg'
[3.847s] Level 1:colcon.colcon_core.package_identification:_identify(src/uros/micro_ros_msgs) by extensions ['colcon_meta']
[3.847s] Level 1:colcon.colcon_core.package_identification:_identify(src/uros/micro_ros_msgs) by extension 'colcon_meta'
[3.847s] Level 1:colcon.colcon_core.package_identification:_identify(src/uros/micro_ros_msgs) by extensions ['ros']
[3.847s] Level 1:colcon.colcon_core.package_identification:_identify(src/uros/micro_ros_msgs) by extension 'ros'
[3.848s] DEBUG:colcon.colcon_core.package_identification:Package 'src/uros/micro_ros_msgs' with type 'ros.ament_cmake' and name 'micro_ros_msgs'
[3.848s] Level 1:colcon.colcon_core.package_discovery:discover_packages(recursive) using defaults
[3.848s] Level 1:colcon.colcon_core.package_discovery:discover_packages(ignore) discover
[3.848s] Level 1:colcon.colcon_core.package_discovery:discover_packages(ignore) using defaults
[3.848s] Level 1:colcon.colcon_core.package_discovery:discover_packages(path) discover
[3.848s] Level 1:colcon.colcon_core.package_discovery:discover_packages(path) using defaults
[4.491s] INFO:colcon.colcon_core.package_selection:Skipping package 'micro_ros_setup' in 'src/micro_ros_setup'
[4.496s] Level 1:colcon.colcon_core.package_discovery:discover_packages(prefix_path) check parameters
[4.496s] Level 1:colcon.colcon_core.package_discovery:discover_packages(prefix_path) discover
[4.501s] DEBUG:colcon.colcon_installed_package_information.package_discovery:Found 1 installed packages in /home/joaoferreira/microros_ws/install
[4.503s] DEBUG:colcon.colcon_installed_package_information.package_discovery:Found 294 installed packages in /opt/ros/humble
[4.508s] Level 1:colcon.colcon_core.package_discovery:discover_packages(prefix_path) using defaults
[4.682s] Level 5:colcon.colcon_core.verb:set package 'micro_ros_msgs' build argument 'cmake_args' from command line to '['-DUAGENT_BUILD_EXECUTABLE=OFF', '-DUAGENT_P2P_PROFILE=OFF', '--no-warn-unused-cli']'
[4.682s] Level 5:colcon.colcon_core.verb:set package 'micro_ros_msgs' build argument 'cmake_target' from command line to 'None'
[4.683s] Level 5:colcon.colcon_core.verb:set package 'micro_ros_msgs' build argument 'cmake_target_skip_unavailable' from command line to 'False'
[4.683s] Level 5:colcon.colcon_core.verb:set package 'micro_ros_msgs' build argument 'cmake_clean_cache' from command line to 'False'
[4.683s] Level 5:colcon.colcon_core.verb:set package 'micro_ros_msgs' build argument 'cmake_clean_first' from command line to 'False'
[4.683s] Level 5:colcon.colcon_core.verb:set package 'micro_ros_msgs' build argument 'cmake_force_configure' from command line to 'False'
[4.683s] Level 5:colcon.colcon_core.verb:set package 'micro_ros_msgs' build argument 'ament_cmake_args' from command line to 'None'
[4.683s] Level 5:colcon.colcon_core.verb:set package 'micro_ros_msgs' build argument 'catkin_cmake_args' from command line to 'None'
[4.683s] Level 5:colcon.colcon_core.verb:set package 'micro_ros_msgs' build argument 'catkin_skip_building_tests' from command line to 'False'
[4.683s] DEBUG:colcon.colcon_core.verb:Building package 'micro_ros_msgs' with the following arguments: {'ament_cmake_args': None, 'build_base': '/home/joaoferreira/microros_ws/build/micro_ros_msgs', 'catkin_cmake_args': None, 'catkin_skip_building_tests': False, 'cmake_args': ['-DUAGENT_BUILD_EXECUTABLE=OFF', '-DUAGENT_P2P_PROFILE=OFF', '--no-warn-unused-cli'], 'cmake_clean_cache': False, 'cmake_clean_first': False, 'cmake_force_configure': False, 'cmake_target': None, 'cmake_target_skip_unavailable': False, 'install_base': '/home/joaoferreira/microros_ws/install/micro_ros_msgs', 'merge_install': False, 'path': '/home/joaoferreira/microros_ws/src/uros/micro_ros_msgs', 'symlink_install': False, 'test_result_base': None}
[4.684s] Level 5:colcon.colcon_core.verb:set package 'micro_ros_agent' build argument 'cmake_args' from command line to '['-DUAGENT_BUILD_EXECUTABLE=OFF', '-DUAGENT_P2P_PROFILE=OFF', '--no-warn-unused-cli']'
[4.684s] Level 5:colcon.colcon_core.verb:set package 'micro_ros_agent' build argument 'cmake_target' from command line to 'None'
[4.684s] Level 5:colcon.colcon_core.verb:set package 'micro_ros_agent' build argument 'cmake_target_skip_unavailable' from command line to 'False'
[4.684s] Level 5:colcon.colcon_core.verb:set package 'micro_ros_agent' build argument 'cmake_clean_cache' from command line to 'False'
[4.684s] Level 5:colcon.colcon_core.verb:set package 'micro_ros_agent' build argument 'cmake_clean_first' from command line to 'False'
[4.684s] Level 5:colcon.colcon_core.verb:set package 'micro_ros_agent' build argument 'cmake_force_configure' from command line to 'False'
[4.684s] Level 5:colcon.colcon_core.verb:set package 'micro_ros_agent' build argument 'ament_cmake_args' from command line to 'None'
[4.684s] Level 5:colcon.colcon_core.verb:set package 'micro_ros_agent' build argument 'catkin_cmake_args' from command line to 'None'
[4.684s] Level 5:colcon.colcon_core.verb:set package 'micro_ros_agent' build argument 'catkin_skip_building_tests' from command line to 'False'
[4.684s] DEBUG:colcon.colcon_core.verb:Building package 'micro_ros_agent' with the following arguments: {'ament_cmake_args': None, 'build_base': '/home/joaoferreira/microros_ws/build/micro_ros_agent', 'catkin_cmake_args': None, 'catkin_skip_building_tests': False, 'cmake_args': ['-DUAGENT_BUILD_EXECUTABLE=OFF', '-DUAGENT_P2P_PROFILE=OFF', '--no-warn-unused-cli'], 'cmake_clean_cache': False, 'cmake_clean_first': False, 'cmake_force_configure': False, 'cmake_target': None, 'cmake_target_skip_unavailable': False, 'install_base': '/home/joaoferreira/microros_ws/install/micro_ros_agent', 'merge_install': False, 'path': '/home/joaoferreira/microros_ws/src/uros/micro-ROS-Agent/micro_ros_agent', 'symlink_install': False, 'test_result_base': None}
[4.685s] INFO:colcon.colcon_core.executor:Executing jobs using 'parallel' executor
[4.686s] DEBUG:colcon.colcon_parallel_executor.executor.parallel:run_until_complete
[4.687s] INFO:colcon.colcon_ros.task.ament_cmake.build:Building ROS package in '/home/joaoferreira/microros_ws/src/uros/micro_ros_msgs' with build type 'ament_cmake'
[4.687s] INFO:colcon.colcon_cmake.task.cmake.build:Building CMake package in '/home/joaoferreira/microros_ws/src/uros/micro_ros_msgs'
[4.814s] INFO:colcon.colcon_core.plugin_system:Skipping extension 'colcon_core.shell.bat': Not used on non-Windows systems
[4.815s] INFO:colcon.colcon_core.shell:Skip shell extension 'powershell' for command environment: Not usable outside of PowerShell
[4.815s] DEBUG:colcon.colcon_core.shell:Skip shell extension 'dsv' for command environment
[4.863s] DEBUG:colcon.colcon_core.event_handler.log_command:Invoking command in '/home/joaoferreira/microros_ws/build/micro_ros_msgs': CMAKE_PREFIX_PATH=${CMAKE_PREFIX_PATH}:/opt/ros/humble /usr/bin/cmake /home/joaoferreira/microros_ws/src/uros/micro_ros_msgs -DUAGENT_BUILD_EXECUTABLE=OFF -DUAGENT_P2P_PROFILE=OFF --no-warn-unused-cli -DCMAKE_INSTALL_PREFIX=/home/joaoferreira/microros_ws/install/micro_ros_msgs
[25.627s] DEBUG:colcon.colcon_core.event_handler.log_command:Invoked command in '/home/joaoferreira/microros_ws/build/micro_ros_msgs' returned '0': CMAKE_PREFIX_PATH=${CMAKE_PREFIX_PATH}:/opt/ros/humble /usr/bin/cmake /home/joaoferreira/microros_ws/src/uros/micro_ros_msgs -DUAGENT_BUILD_EXECUTABLE=OFF -DUAGENT_P2P_PROFILE=OFF --no-warn-unused-cli -DCMAKE_INSTALL_PREFIX=/home/joaoferreira/microros_ws/install/micro_ros_msgs
[25.631s] DEBUG:colcon.colcon_core.event_handler.log_command:Invoking command in '/home/joaoferreira/microros_ws/build/micro_ros_msgs': CMAKE_PREFIX_PATH=${CMAKE_PREFIX_PATH}:/opt/ros/humble /usr/bin/cmake --build /home/joaoferreira/microros_ws/build/micro_ros_msgs -- -j4 -l4
[60.119s] DEBUG:colcon.colcon_core.event_handler.log_command:Invoked command in '/home/joaoferreira/microros_ws/build/micro_ros_msgs' returned '0': CMAKE_PREFIX_PATH=${CMAKE_PREFIX_PATH}:/opt/ros/humble /usr/bin/cmake --build /home/joaoferreira/microros_ws/build/micro_ros_msgs -- -j4 -l4
[60.152s] DEBUG:colcon.colcon_core.event_handler.log_command:Invoking command in '/home/joaoferreira/microros_ws/build/micro_ros_msgs': CMAKE_PREFIX_PATH=${CMAKE_PREFIX_PATH}:/opt/ros/humble /usr/bin/cmake --install /home/joaoferreira/microros_ws/build/micro_ros_msgs
[60.552s] Level 1:colcon.colcon_core.environment:create_environment_scripts_only(micro_ros_msgs)
[60.553s] DEBUG:colcon.colcon_core.event_handler.log_command:Invoked command in '/home/joaoferreira/microros_ws/build/micro_ros_msgs' returned '0': CMAKE_PREFIX_PATH=${CMAKE_PREFIX_PATH}:/opt/ros/humble /usr/bin/cmake --install /home/joaoferreira/microros_ws/build/micro_ros_msgs
[60.719s] Level 1:colcon.colcon_core.environment:checking '/home/joaoferreira/microros_ws/install/micro_ros_msgs' for CMake module files
[60.721s] Level 1:colcon.colcon_core.environment:checking '/home/joaoferreira/microros_ws/install/micro_ros_msgs' for CMake config files
[60.722s] Level 1:colcon.colcon_core.shell:create_environment_hook('micro_ros_msgs', 'cmake_prefix_path')
[60.723s] INFO:colcon.colcon_core.shell:Creating environment hook '/home/joaoferreira/microros_ws/install/micro_ros_msgs/share/micro_ros_msgs/hook/cmake_prefix_path.ps1'
[60.739s] INFO:colcon.colcon_core.shell:Creating environment descriptor '/home/joaoferreira/microros_ws/install/micro_ros_msgs/share/micro_ros_msgs/hook/cmake_prefix_path.dsv'
[60.766s] INFO:colcon.colcon_core.shell:Creating environment hook '/home/joaoferreira/microros_ws/install/micro_ros_msgs/share/micro_ros_msgs/hook/cmake_prefix_path.sh'
[60.769s] Level 1:colcon.colcon_core.environment:checking '/home/joaoferreira/microros_ws/install/micro_ros_msgs/lib'
[60.769s] Level 1:colcon.colcon_core.shell:create_environment_hook('micro_ros_msgs', 'ld_library_path_lib')
[60.770s] INFO:colcon.colcon_core.shell:Creating environment hook '/home/joaoferreira/microros_ws/install/micro_ros_msgs/share/micro_ros_msgs/hook/ld_library_path_lib.ps1'
[60.770s] INFO:colcon.colcon_core.shell:Creating environment descriptor '/home/joaoferreira/microros_ws/install/micro_ros_msgs/share/micro_ros_msgs/hook/ld_library_path_lib.dsv'
[60.771s] INFO:colcon.colcon_core.shell:Creating environment hook '/home/joaoferreira/microros_ws/install/micro_ros_msgs/share/micro_ros_msgs/hook/ld_library_path_lib.sh'
[60.772s] Level 1:colcon.colcon_core.environment:checking '/home/joaoferreira/microros_ws/install/micro_ros_msgs/bin'
[60.772s] Level 1:colcon.colcon_core.environment:checking '/home/joaoferreira/microros_ws/install/micro_ros_msgs/lib/pkgconfig/micro_ros_msgs.pc'
[60.773s] Level 1:colcon.colcon_core.environment:checking '/home/joaoferreira/microros_ws/install/micro_ros_msgs/lib/python3.10/site-packages'
[60.773s] Level 1:colcon.colcon_core.environment:checking '/home/joaoferreira/microros_ws/install/micro_ros_msgs/bin'
[60.774s] INFO:colcon.colcon_core.shell:Creating package script '/home/joaoferreira/microros_ws/install/micro_ros_msgs/share/micro_ros_msgs/package.ps1'
[60.776s] INFO:colcon.colcon_core.shell:Creating package descriptor '/home/joaoferreira/microros_ws/install/micro_ros_msgs/share/micro_ros_msgs/package.dsv'
[60.778s] INFO:colcon.colcon_core.shell:Creating package script '/home/joaoferreira/microros_ws/install/micro_ros_msgs/share/micro_ros_msgs/package.sh'
[60.780s] INFO:colcon.colcon_core.shell:Creating package script '/home/joaoferreira/microros_ws/install/micro_ros_msgs/share/micro_ros_msgs/package.bash'
[60.852s] INFO:colcon.colcon_core.shell:Creating package script '/home/joaoferreira/microros_ws/install/micro_ros_msgs/share/micro_ros_msgs/package.zsh'
[60.860s] Level 1:colcon.colcon_core.environment:create_file_with_runtime_dependencies(/home/joaoferreira/microros_ws/install/micro_ros_msgs/share/colcon-core/packages/micro_ros_msgs)
[60.861s] Level 1:colcon.colcon_core.environment:create_environment_scripts_only(micro_ros_msgs)
[60.862s] Level 1:colcon.colcon_core.environment:checking '/home/joaoferreira/microros_ws/install/micro_ros_msgs' for CMake module files
[60.863s] Level 1:colcon.colcon_core.environment:checking '/home/joaoferreira/microros_ws/install/micro_ros_msgs' for CMake config files
[60.865s] Level 1:colcon.colcon_core.shell:create_environment_hook('micro_ros_msgs', 'cmake_prefix_path')
[60.865s] INFO:colcon.colcon_core.shell:Creating environment hook '/home/joaoferreira/microros_ws/install/micro_ros_msgs/share/micro_ros_msgs/hook/cmake_prefix_path.ps1'
[60.866s] INFO:colcon.colcon_core.shell:Creating environment descriptor '/home/joaoferreira/microros_ws/install/micro_ros_msgs/share/micro_ros_msgs/hook/cmake_prefix_path.dsv'
[60.867s] INFO:colcon.colcon_core.shell:Creating environment hook '/home/joaoferreira/microros_ws/install/micro_ros_msgs/share/micro_ros_msgs/hook/cmake_prefix_path.sh'
[60.869s] Level 1:colcon.colcon_core.environment:checking '/home/joaoferreira/microros_ws/install/micro_ros_msgs/lib'
[60.870s] Level 1:colcon.colcon_core.shell:create_environment_hook('micro_ros_msgs', 'ld_library_path_lib')
[60.870s] INFO:colcon.colcon_core.shell:Creating environment hook '/home/joaoferreira/microros_ws/install/micro_ros_msgs/share/micro_ros_msgs/hook/ld_library_path_lib.ps1'
[60.871s] INFO:colcon.colcon_core.shell:Creating environment descriptor '/home/joaoferreira/microros_ws/install/micro_ros_msgs/share/micro_ros_msgs/hook/ld_library_path_lib.dsv'
[60.872s] INFO:colcon.colcon_core.shell:Creating environment hook '/home/joaoferreira/microros_ws/install/micro_ros_msgs/share/micro_ros_msgs/hook/ld_library_path_lib.sh'
[60.873s] Level 1:colcon.colcon_core.environment:checking '/home/joaoferreira/microros_ws/install/micro_ros_msgs/bin'
[60.874s] Level 1:colcon.colcon_core.environment:checking '/home/joaoferreira/microros_ws/install/micro_ros_msgs/lib/pkgconfig/micro_ros_msgs.pc'
[60.874s] Level 1:colcon.colcon_core.environment:checking '/home/joaoferreira/microros_ws/install/micro_ros_msgs/lib/python3.10/site-packages'
[60.874s] Level 1:colcon.colcon_core.environment:checking '/home/joaoferreira/microros_ws/install/micro_ros_msgs/bin'
[60.875s] INFO:colcon.colcon_core.shell:Creating package script '/home/joaoferreira/microros_ws/install/micro_ros_msgs/share/micro_ros_msgs/package.ps1'
[60.876s] INFO:colcon.colcon_core.shell:Creating package descriptor '/home/joaoferreira/microros_ws/install/micro_ros_msgs/share/micro_ros_msgs/package.dsv'
[60.877s] INFO:colcon.colcon_core.shell:Creating package script '/home/joaoferreira/microros_ws/install/micro_ros_msgs/share/micro_ros_msgs/package.sh'
[60.878s] INFO:colcon.colcon_core.shell:Creating package script '/home/joaoferreira/microros_ws/install/micro_ros_msgs/share/micro_ros_msgs/package.bash'
[60.879s] INFO:colcon.colcon_core.shell:Creating package script '/home/joaoferreira/microros_ws/install/micro_ros_msgs/share/micro_ros_msgs/package.zsh'
[60.880s] Level 1:colcon.colcon_core.environment:create_file_with_runtime_dependencies(/home/joaoferreira/microros_ws/install/micro_ros_msgs/share/colcon-core/packages/micro_ros_msgs)
[60.881s] INFO:colcon.colcon_ros.task.ament_cmake.build:Building ROS package in '/home/joaoferreira/microros_ws/src/uros/micro-ROS-Agent/micro_ros_agent' with build type 'ament_cmake'
[60.881s] INFO:colcon.colcon_cmake.task.cmake.build:Building CMake package in '/home/joaoferreira/microros_ws/src/uros/micro-ROS-Agent/micro_ros_agent'
[60.883s] INFO:colcon.colcon_core.shell:Skip shell extension 'powershell' for command environment: Not usable outside of PowerShell
[60.884s] DEBUG:colcon.colcon_core.shell:Skip shell extension 'dsv' for command environment
[62.534s] DEBUG:colcon.colcon_core.event_handler.log_command:Invoking command in '/home/joaoferreira/microros_ws/build/micro_ros_agent': AMENT_PREFIX_PATH=/home/joaoferreira/microros_ws/install/micro_ros_msgs:${AMENT_PREFIX_PATH} CMAKE_PREFIX_PATH=/home/joaoferreira/microros_ws/install/micro_ros_msgs:/home/joaoferreira/microros_ws/install/micro_ros_setup:/opt/ros/humble LD_LIBRARY_PATH=/home/joaoferreira/microros_ws/install/micro_ros_msgs/lib:${LD_LIBRARY_PATH} PYTHONPATH=/home/joaoferreira/microros_ws/install/micro_ros_msgs/local/lib/python3.10/dist-packages:${PYTHONPATH} /usr/bin/cmake /home/joaoferreira/microros_ws/src/uros/micro-ROS-Agent/micro_ros_agent -DUAGENT_BUILD_EXECUTABLE=OFF -DUAGENT_P2P_PROFILE=OFF --no-warn-unused-cli -DCMAKE_INSTALL_PREFIX=/home/joaoferreira/microros_ws/install/micro_ros_agent
[66.808s] DEBUG:colcon.colcon_core.event_handler.log_command:Invoked command in '/home/joaoferreira/microros_ws/build/micro_ros_agent' returned '0': AMENT_PREFIX_PATH=/home/joaoferreira/microros_ws/install/micro_ros_msgs:${AMENT_PREFIX_PATH} CMAKE_PREFIX_PATH=/home/joaoferreira/microros_ws/install/micro_ros_msgs:/home/joaoferreira/microros_ws/install/micro_ros_setup:/opt/ros/humble LD_LIBRARY_PATH=/home/joaoferreira/microros_ws/install/micro_ros_msgs/lib:${LD_LIBRARY_PATH} PYTHONPATH=/home/joaoferreira/microros_ws/install/micro_ros_msgs/local/lib/python3.10/dist-packages:${PYTHONPATH} /usr/bin/cmake /home/joaoferreira/microros_ws/src/uros/micro-ROS-Agent/micro_ros_agent -DUAGENT_BUILD_EXECUTABLE=OFF -DUAGENT_P2P_PROFILE=OFF --no-warn-unused-cli -DCMAKE_INSTALL_PREFIX=/home/joaoferreira/microros_ws/install/micro_ros_agent
[66.817s] DEBUG:colcon.colcon_core.event_handler.log_command:Invoking command in '/home/joaoferreira/microros_ws/build/micro_ros_agent': AMENT_PREFIX_PATH=/home/joaoferreira/microros_ws/install/micro_ros_msgs:${AMENT_PREFIX_PATH} CMAKE_PREFIX_PATH=/home/joaoferreira/microros_ws/install/micro_ros_msgs:/home/joaoferreira/microros_ws/install/micro_ros_setup:/opt/ros/humble LD_LIBRARY_PATH=/home/joaoferreira/microros_ws/install/micro_ros_msgs/lib:${LD_LIBRARY_PATH} PYTHONPATH=/home/joaoferreira/microros_ws/install/micro_ros_msgs/local/lib/python3.10/dist-packages:${PYTHONPATH} /usr/bin/cmake --build /home/joaoferreira/microros_ws/build/micro_ros_agent -- -j4 -l4
