[1.227s] Invoking command in '/home/joaoferreira/beta/src/beta_controller': PYTHONPATH=/home/joaoferreira/beta/build/beta_controller/prefix_override:/usr/lib/python3/dist-packages/colcon_core/task/python/colcon_distutils_commands:/home/joaoferreira/beta/install/beta_controller/lib/python3.10/site-packages:${PYTHONPATH} /usr/bin/python3 -W ignore:setup.py install is deprecated -W ignore:easy_install command is deprecated setup.py egg_info --egg-base ../../build/beta_controller build --build-base /home/joaoferreira/beta/build/beta_controller/build install --record /home/joaoferreira/beta/build/beta_controller/install.log --single-version-externally-managed install_data
[1.627s] running egg_info
[1.629s] writing ../../build/beta_controller/beta_controller.egg-info/PKG-INFO
[1.630s] writing dependency_links to ../../build/beta_controller/beta_controller.egg-info/dependency_links.txt
[1.633s] writing entry points to ../../build/beta_controller/beta_controller.egg-info/entry_points.txt
[1.633s] writing requirements to ../../build/beta_controller/beta_controller.egg-info/requires.txt
[1.633s] writing top-level names to ../../build/beta_controller/beta_controller.egg-info/top_level.txt
[1.634s] reading manifest file '../../build/beta_controller/beta_controller.egg-info/SOURCES.txt'
[1.635s] writing manifest file '../../build/beta_controller/beta_controller.egg-info/SOURCES.txt'
[1.635s] running build
[1.635s] running build_py
[1.636s] running install
[1.636s] running install_lib
[1.638s] running install_data
[1.638s] running install_egg_info
[1.641s] removing '/home/joaoferreira/beta/install/beta_controller/lib/python3.10/site-packages/beta_controller-0.0.0-py3.10.egg-info' (and everything under it)
[1.641s] Copying ../../build/beta_controller/beta_controller.egg-info to /home/joaoferreira/beta/install/beta_controller/lib/python3.10/site-packages/beta_controller-0.0.0-py3.10.egg-info
[1.643s] running install_scripts
[1.670s] Installing beta_gui script to /home/joaoferreira/beta/install/beta_controller/lib/beta_controller
[1.671s] Installing beta_motion_planner script to /home/joaoferreira/beta/install/beta_controller/lib/beta_controller
[1.671s] writing list of installed files to '/home/joaoferreira/beta/build/beta_controller/install.log'
[1.713s] Invoked command in '/home/joaoferreira/beta/src/beta_controller' returned '0': PYTHONPATH=/home/joaoferreira/beta/build/beta_controller/prefix_override:/usr/lib/python3/dist-packages/colcon_core/task/python/colcon_distutils_commands:/home/joaoferreira/beta/install/beta_controller/lib/python3.10/site-packages:${PYTHONPATH} /usr/bin/python3 -W ignore:setup.py install is deprecated -W ignore:easy_install command is deprecated setup.py egg_info --egg-base ../../build/beta_controller build --build-base /home/joaoferreira/beta/build/beta_controller/build install --record /home/joaoferreira/beta/build/beta_controller/install.log --single-version-externally-managed install_data
