[1.330s] Invoking command in '/home/joaoferreira/beta/src/beta_controller': PYTHONPATH=/home/joaoferreira/beta/build/beta_controller/prefix_override:/usr/lib/python3/dist-packages/colcon_core/task/python/colcon_distutils_commands:/home/joaoferreira/beta/install/beta_controller/lib/python3.10/site-packages:${PYTHONPATH} /usr/bin/python3 -W ignore:setup.py install is deprecated -W ignore:easy_install command is deprecated setup.py egg_info --egg-base ../../build/beta_controller build --build-base /home/joaoferreira/beta/build/beta_controller/build install --record /home/joaoferreira/beta/build/beta_controller/install.log --single-version-externally-managed install_data
[1.710s] running egg_info
[1.712s] writing ../../build/beta_controller/beta_controller.egg-info/PKG-INFO
[1.712s] writing dependency_links to ../../build/beta_controller/beta_controller.egg-info/dependency_links.txt
[1.713s] writing entry points to ../../build/beta_controller/beta_controller.egg-info/entry_points.txt
[1.714s] writing requirements to ../../build/beta_controller/beta_controller.egg-info/requires.txt
[1.714s] writing top-level names to ../../build/beta_controller/beta_controller.egg-info/top_level.txt
[1.718s] reading manifest file '../../build/beta_controller/beta_controller.egg-info/SOURCES.txt'
[1.723s] writing manifest file '../../build/beta_controller/beta_controller.egg-info/SOURCES.txt'
[1.723s] running build
[1.723s] running build_py
[1.725s] running install
[1.726s] running install_lib
[1.730s] running install_data
[1.731s] running install_egg_info
[1.736s] removing '/home/joaoferreira/beta/install/beta_controller/lib/python3.10/site-packages/beta_controller-0.0.0-py3.10.egg-info' (and everything under it)
[1.737s] Copying ../../build/beta_controller/beta_controller.egg-info to /home/joaoferreira/beta/install/beta_controller/lib/python3.10/site-packages/beta_controller-0.0.0-py3.10.egg-info
[1.739s] running install_scripts
[1.795s] Installing beta_gui script to /home/joaoferreira/beta/install/beta_controller/lib/beta_controller
[1.795s] Installing beta_motion_planner script to /home/joaoferreira/beta/install/beta_controller/lib/beta_controller
[1.796s] writing list of installed files to '/home/joaoferreira/beta/build/beta_controller/install.log'
[1.861s] Invoked command in '/home/joaoferreira/beta/src/beta_controller' returned '0': PYTHONPATH=/home/joaoferreira/beta/build/beta_controller/prefix_override:/usr/lib/python3/dist-packages/colcon_core/task/python/colcon_distutils_commands:/home/joaoferreira/beta/install/beta_controller/lib/python3.10/site-packages:${PYTHONPATH} /usr/bin/python3 -W ignore:setup.py install is deprecated -W ignore:easy_install command is deprecated setup.py egg_info --egg-base ../../build/beta_controller build --build-base /home/joaoferreira/beta/build/beta_controller/build install --record /home/joaoferreira/beta/build/beta_controller/install.log --single-version-externally-managed install_data
