[1.906s] Invoking command in '/home/joaoferreira/beta/src/beta_controller': PYTHONPATH=/home/joaoferreira/beta/build/beta_controller/prefix_override:/usr/lib/python3/dist-packages/colcon_core/task/python/colcon_distutils_commands:/home/joaoferreira/beta/install/beta_controller/lib/python3.10/site-packages:${PYTHONPATH} /usr/bin/python3 -W ignore:setup.py install is deprecated -W ignore:easy_install command is deprecated setup.py egg_info --egg-base ../../build/beta_controller build --build-base /home/joaoferreira/beta/build/beta_controller/build install --record /home/joaoferreira/beta/build/beta_controller/install.log --single-version-externally-managed install_data
[2.212s] running egg_info
[2.212s] writing ../../build/beta_controller/beta_controller.egg-info/PKG-INFO
[2.270s] writing dependency_links to ../../build/beta_controller/beta_controller.egg-info/dependency_links.txt
[2.270s] writing entry points to ../../build/beta_controller/beta_controller.egg-info/entry_points.txt
[2.270s] writing requirements to ../../build/beta_controller/beta_controller.egg-info/requires.txt
[2.271s] writing top-level names to ../../build/beta_controller/beta_controller.egg-info/top_level.txt
[2.274s] reading manifest file '../../build/beta_controller/beta_controller.egg-info/SOURCES.txt'
[2.283s] writing manifest file '../../build/beta_controller/beta_controller.egg-info/SOURCES.txt'
[2.284s] running build
[2.284s] running build_py
[2.297s] copying beta_controller/frontEnd.py -> /home/joaoferreira/beta/build/beta_controller/build/lib/beta_controller
[2.297s] running install
[2.298s] running install_lib
[2.319s] copying /home/joaoferreira/beta/build/beta_controller/build/lib/beta_controller/frontEnd.py -> /home/joaoferreira/beta/install/beta_controller/lib/python3.10/site-packages/beta_controller
[2.386s] byte-compiling /home/joaoferreira/beta/install/beta_controller/lib/python3.10/site-packages/beta_controller/frontEnd.py to frontEnd.cpython-310.pyc
[2.395s] running install_data
[2.404s] running install_egg_info
[2.411s] removing '/home/joaoferreira/beta/install/beta_controller/lib/python3.10/site-packages/beta_controller-0.0.0-py3.10.egg-info' (and everything under it)
[2.412s] Copying ../../build/beta_controller/beta_controller.egg-info to /home/joaoferreira/beta/install/beta_controller/lib/python3.10/site-packages/beta_controller-0.0.0-py3.10.egg-info
[2.424s] running install_scripts
[2.466s] Installing beta_gui script to /home/joaoferreira/beta/install/beta_controller/lib/beta_controller
[2.467s] Installing beta_motion_planner script to /home/joaoferreira/beta/install/beta_controller/lib/beta_controller
[2.467s] writing list of installed files to '/home/joaoferreira/beta/build/beta_controller/install.log'
[2.505s] Invoked command in '/home/joaoferreira/beta/src/beta_controller' returned '0': PYTHONPATH=/home/joaoferreira/beta/build/beta_controller/prefix_override:/usr/lib/python3/dist-packages/colcon_core/task/python/colcon_distutils_commands:/home/joaoferreira/beta/install/beta_controller/lib/python3.10/site-packages:${PYTHONPATH} /usr/bin/python3 -W ignore:setup.py install is deprecated -W ignore:easy_install command is deprecated setup.py egg_info --egg-base ../../build/beta_controller build --build-base /home/joaoferreira/beta/build/beta_controller/build install --record /home/joaoferreira/beta/build/beta_controller/install.log --single-version-externally-managed install_data
