/home/joaoferreira/beta/install/beta_controller/lib/python3.10/site-packages/beta_controller/testeGUI.py
/home/joaoferreira/beta/install/beta_controller/lib/python3.10/site-packages/beta_controller/beta_gui.py
/home/joaoferreira/beta/install/beta_controller/lib/python3.10/site-packages/beta_controller/beta_motion_planner.py
/home/joaoferreira/beta/install/beta_controller/lib/python3.10/site-packages/beta_controller/frontEnd.py
/home/joaoferreira/beta/install/beta_controller/lib/python3.10/site-packages/beta_controller/__init__.py
/home/joaoferreira/beta/install/beta_controller/lib/python3.10/site-packages/beta_controller/__pycache__/testeGUI.cpython-310.pyc
/home/joaoferreira/beta/install/beta_controller/lib/python3.10/site-packages/beta_controller/__pycache__/beta_gui.cpython-310.pyc
/home/joaoferreira/beta/install/beta_controller/lib/python3.10/site-packages/beta_controller/__pycache__/beta_motion_planner.cpython-310.pyc
/home/joaoferreira/beta/install/beta_controller/lib/python3.10/site-packages/beta_controller/__pycache__/frontEnd.cpython-310.pyc
/home/joaoferreira/beta/install/beta_controller/lib/python3.10/site-packages/beta_controller/__pycache__/__init__.cpython-310.pyc
/home/joaoferreira/beta/install/beta_controller/share/ament_index/resource_index/packages/beta_controller
/home/joaoferreira/beta/install/beta_controller/share/beta_controller/package.xml
/home/joaoferreira/beta/install/beta_controller/lib/python3.10/site-packages/beta_controller-0.0.0-py3.10.egg-info/SOURCES.txt
/home/joaoferreira/beta/install/beta_controller/lib/python3.10/site-packages/beta_controller-0.0.0-py3.10.egg-info/dependency_links.txt
/home/joaoferreira/beta/install/beta_controller/lib/python3.10/site-packages/beta_controller-0.0.0-py3.10.egg-info/zip-safe
/home/joaoferreira/beta/install/beta_controller/lib/python3.10/site-packages/beta_controller-0.0.0-py3.10.egg-info/entry_points.txt
/home/joaoferreira/beta/install/beta_controller/lib/python3.10/site-packages/beta_controller-0.0.0-py3.10.egg-info/requires.txt
/home/joaoferreira/beta/install/beta_controller/lib/python3.10/site-packages/beta_controller-0.0.0-py3.10.egg-info/top_level.txt
/home/joaoferreira/beta/install/beta_controller/lib/python3.10/site-packages/beta_controller-0.0.0-py3.10.egg-info/PKG-INFO
/home/joaoferreira/beta/install/beta_controller/lib/beta_controller/beta_gui
/home/joaoferreira/beta/install/beta_controller/lib/beta_controller/beta_motion_planner
