[1.613s] Invoking command in '/home/joaoferreira/beta/src/beta_controller': PYTHONPATH=/home/joaoferreira/beta/build/beta_controller/prefix_override:/usr/lib/python3/dist-packages/colcon_core/task/python/colcon_distutils_commands:/home/joaoferreira/beta/install/beta_controller/lib/python3.10/site-packages:${PYTHONPATH} /usr/bin/python3 -W ignore:setup.py install is deprecated -W ignore:easy_install command is deprecated setup.py egg_info --egg-base ../../build/beta_controller build --build-base /home/joaoferreira/beta/build/beta_controller/build install --record /home/joaoferreira/beta/build/beta_controller/install.log --single-version-externally-managed install_data
[1.992s] running egg_info
[1.992s] writing ../../build/beta_controller/beta_controller.egg-info/PKG-INFO
[1.993s] writing dependency_links to ../../build/beta_controller/beta_controller.egg-info/dependency_links.txt
[1.993s] writing entry points to ../../build/beta_controller/beta_controller.egg-info/entry_points.txt
[1.993s] writing requirements to ../../build/beta_controller/beta_controller.egg-info/requires.txt
[1.993s] writing top-level names to ../../build/beta_controller/beta_controller.egg-info/top_level.txt
[2.030s] reading manifest file '../../build/beta_controller/beta_controller.egg-info/SOURCES.txt'
[2.072s] writing manifest file '../../build/beta_controller/beta_controller.egg-info/SOURCES.txt'
[2.072s] running build
[2.072s] running build_py
[2.072s] copying beta_controller/frontEnd.py -> /home/joaoferreira/beta/build/beta_controller/build/lib/beta_controller
[2.090s] running install
[2.091s] running install_lib
[2.093s] copying /home/joaoferreira/beta/build/beta_controller/build/lib/beta_controller/frontEnd.py -> /home/joaoferreira/beta/install/beta_controller/lib/python3.10/site-packages/beta_controller
[2.094s] byte-compiling /home/joaoferreira/beta/install/beta_controller/lib/python3.10/site-packages/beta_controller/frontEnd.py to frontEnd.cpython-310.pyc
[2.099s] running install_data
[2.099s] running install_egg_info
[2.102s] removing '/home/joaoferreira/beta/install/beta_controller/lib/python3.10/site-packages/beta_controller-0.0.0-py3.10.egg-info' (and everything under it)
[2.102s] Copying ../../build/beta_controller/beta_controller.egg-info to /home/joaoferreira/beta/install/beta_controller/lib/python3.10/site-packages/beta_controller-0.0.0-py3.10.egg-info
[2.123s] running install_scripts
[2.161s] Installing beta_gui script to /home/joaoferreira/beta/install/beta_controller/lib/beta_controller
[2.161s] Installing beta_motion_planner script to /home/joaoferreira/beta/install/beta_controller/lib/beta_controller
[2.162s] writing list of installed files to '/home/joaoferreira/beta/build/beta_controller/install.log'
[2.197s] Invoked command in '/home/joaoferreira/beta/src/beta_controller' returned '0': PYTHONPATH=/home/joaoferreira/beta/build/beta_controller/prefix_override:/usr/lib/python3/dist-packages/colcon_core/task/python/colcon_distutils_commands:/home/joaoferreira/beta/install/beta_controller/lib/python3.10/site-packages:${PYTHONPATH} /usr/bin/python3 -W ignore:setup.py install is deprecated -W ignore:easy_install command is deprecated setup.py egg_info --egg-base ../../build/beta_controller build --build-base /home/joaoferreira/beta/build/beta_controller/build install --record /home/joaoferreira/beta/build/beta_controller/install.log --single-version-externally-managed install_data
