[2.058s] DEBUG:colcon:Command line arguments: ['/usr/bin/colcon', 'build', '--packages-up-to', 'micro_ros_agent', '--cmake-args', '-DUAGENT_BUILD_EXECUTABLE=OFF', '-DUAGENT_P2P_PROFILE=OFF', '--no-warn-unused-cli']
[2.059s] DEBUG:colcon:Parsed command line arguments: Namespace(log_base=None, log_level=None, verb_name='build', build_base='build', install_base='install', merge_install=False, symlink_install=False, test_result_base=None, continue_on_error=False, executor='parallel', parallel_workers=4, event_handlers=None, ignore_user_meta=False, metas=['./colcon.meta'], base_paths=['.'], packages_ignore=None, packages_ignore_regex=None, paths=None, packages_up_to=['micro_ros_agent'], packages_up_to_regex=None, packages_above=None, packages_above_and_dependencies=None, packages_above_depth=None, packages_select_by_dep=None, packages_skip_by_dep=None, packages_skip_up_to=None, packages_select_build_failed=False, packages_skip_build_finished=False, packages_select_test_failures=False, packages_skip_test_passed=False, packages_select=None, packages_skip=None, packages_select_regex=None, packages_skip_regex=None, packages_start=None, packages_end=None, allow_overriding=[], cmake_args=['-DUAGENT_BUILD_EXECUTABLE=OFF', '-DUAGENT_P2P_PROFILE=OFF', '--no-warn-unused-cli'], cmake_target=None, cmake_target_skip_unavailable=False, cmake_clean_cache=False, cmake_clean_first=False, cmake_force_configure=False, ament_cmake_args=None, catkin_cmake_args=None, catkin_skip_building_tests=False, mixin_files=None, mixin=None, verb_parser=<colcon_mixin.mixin.mixin_argument.MixinArgumentDecorator object at 0x7d0d53069660>, verb_extension=<colcon_core.verb.build.BuildVerb object at 0x7d0d53068f70>, main=<bound method BuildVerb.main of <colcon_core.verb.build.BuildVerb object at 0x7d0d53068f70>>, mixin_verb=('build',))
[7.036s] Level 1:colcon.colcon_core.package_discovery:discover_packages(colcon_meta) check parameters
[7.036s] Level 1:colcon.colcon_core.package_discovery:discover_packages(recursive) check parameters
[7.036s] Level 1:colcon.colcon_core.package_discovery:discover_packages(ignore) check parameters
[7.036s] Level 1:colcon.colcon_core.package_discovery:discover_packages(path) check parameters
[7.036s] Level 1:colcon.colcon_core.package_discovery:discover_packages(colcon_meta) discover
[7.036s] Level 1:colcon.colcon_core.package_discovery:discover_packages(recursive) discover
[7.036s] INFO:colcon.colcon_core.package_discovery:Crawling recursively for packages in '/home/joaoferreira/microros_ws'
[7.037s] Level 1:colcon.colcon_core.package_identification:_identify(.) by extensions ['ignore', 'ignore_ament_install']
[7.059s] Level 1:colcon.colcon_core.package_identification:_identify(.) by extension 'ignore'
[7.059s] Level 1:colcon.colcon_core.package_identification:_identify(.) by extension 'ignore_ament_install'
[7.059s] Level 1:colcon.colcon_core.package_identification:_identify(.) by extensions ['colcon_pkg']
[7.059s] Level 1:colcon.colcon_core.package_identification:_identify(.) by extension 'colcon_pkg'
[7.059s] Level 1:colcon.colcon_core.package_identification:_identify(.) by extensions ['colcon_meta']
[7.059s] Level 1:colcon.colcon_core.package_identification:_identify(.) by extension 'colcon_meta'
[7.059s] Level 1:colcon.colcon_core.package_identification:_identify(.) by extensions ['ros']
[7.059s] Level 1:colcon.colcon_core.package_identification:_identify(.) by extension 'ros'
[7.167s] Level 1:colcon.colcon_core.package_identification:_identify(.) by extensions ['cmake', 'python']
[7.167s] Level 1:colcon.colcon_core.package_identification:_identify(.) by extension 'cmake'
[7.167s] Level 1:colcon.colcon_core.package_identification:_identify(.) by extension 'python'
[7.167s] Level 1:colcon.colcon_core.package_identification:_identify(.) by extensions ['python_setup_py']
[7.167s] Level 1:colcon.colcon_core.package_identification:_identify(.) by extension 'python_setup_py'
[7.168s] Level 1:colcon.colcon_core.package_identification:_identify(build) by extensions ['ignore', 'ignore_ament_install']
[7.168s] Level 1:colcon.colcon_core.package_identification:_identify(build) by extension 'ignore'
[7.168s] Level 1:colcon.colcon_core.package_identification:_identify(build) ignored
[7.169s] Level 1:colcon.colcon_core.package_identification:_identify(install) by extensions ['ignore', 'ignore_ament_install']
[7.169s] Level 1:colcon.colcon_core.package_identification:_identify(install) by extension 'ignore'
[7.169s] Level 1:colcon.colcon_core.package_identification:_identify(install) ignored
[7.169s] Level 1:colcon.colcon_core.package_identification:_identify(log) by extensions ['ignore', 'ignore_ament_install']
[7.169s] Level 1:colcon.colcon_core.package_identification:_identify(log) by extension 'ignore'
[7.169s] Level 1:colcon.colcon_core.package_identification:_identify(log) ignored
[7.169s] Level 1:colcon.colcon_core.package_identification:_identify(src) by extensions ['ignore', 'ignore_ament_install']
[7.170s] Level 1:colcon.colcon_core.package_identification:_identify(src) by extension 'ignore'
[7.170s] Level 1:colcon.colcon_core.package_identification:_identify(src) by extension 'ignore_ament_install'
[7.170s] Level 1:colcon.colcon_core.package_identification:_identify(src) by extensions ['colcon_pkg']
[7.170s] Level 1:colcon.colcon_core.package_identification:_identify(src) by extension 'colcon_pkg'
[7.170s] Level 1:colcon.colcon_core.package_identification:_identify(src) by extensions ['colcon_meta']
[7.170s] Level 1:colcon.colcon_core.package_identification:_identify(src) by extension 'colcon_meta'
[7.170s] Level 1:colcon.colcon_core.package_identification:_identify(src) by extensions ['ros']
[7.170s] Level 1:colcon.colcon_core.package_identification:_identify(src) by extension 'ros'
[7.170s] Level 1:colcon.colcon_core.package_identification:_identify(src) by extensions ['cmake', 'python']
[7.170s] Level 1:colcon.colcon_core.package_identification:_identify(src) by extension 'cmake'
[7.170s] Level 1:colcon.colcon_core.package_identification:_identify(src) by extension 'python'
[7.171s] Level 1:colcon.colcon_core.package_identification:_identify(src) by extensions ['python_setup_py']
[7.171s] Level 1:colcon.colcon_core.package_identification:_identify(src) by extension 'python_setup_py'
[7.171s] Level 1:colcon.colcon_core.package_identification:_identify(src/micro_ros_setup) by extensions ['ignore', 'ignore_ament_install']
[7.171s] Level 1:colcon.colcon_core.package_identification:_identify(src/micro_ros_setup) by extension 'ignore'
[7.171s] Level 1:colcon.colcon_core.package_identification:_identify(src/micro_ros_setup) by extension 'ignore_ament_install'
[7.171s] Level 1:colcon.colcon_core.package_identification:_identify(src/micro_ros_setup) by extensions ['colcon_pkg']
[7.172s] Level 1:colcon.colcon_core.package_identification:_identify(src/micro_ros_setup) by extension 'colcon_pkg'
[7.173s] Level 1:colcon.colcon_core.package_identification:_identify(src/micro_ros_setup) by extensions ['colcon_meta']
[7.173s] Level 1:colcon.colcon_core.package_identification:_identify(src/micro_ros_setup) by extension 'colcon_meta'
[7.173s] Level 1:colcon.colcon_core.package_identification:_identify(src/micro_ros_setup) by extensions ['ros']
[7.173s] Level 1:colcon.colcon_core.package_identification:_identify(src/micro_ros_setup) by extension 'ros'
[7.208s] DEBUG:colcon.colcon_core.package_identification:Package 'src/micro_ros_setup' with type 'ros.ament_cmake' and name 'micro_ros_setup'
[7.224s] Level 1:colcon.colcon_core.package_identification:_identify(src/uros) by extensions ['ignore', 'ignore_ament_install']
[7.224s] Level 1:colcon.colcon_core.package_identification:_identify(src/uros) by extension 'ignore'
[7.224s] Level 1:colcon.colcon_core.package_identification:_identify(src/uros) by extension 'ignore_ament_install'
[7.224s] Level 1:colcon.colcon_core.package_identification:_identify(src/uros) by extensions ['colcon_pkg']
[7.224s] Level 1:colcon.colcon_core.package_identification:_identify(src/uros) by extension 'colcon_pkg'
[7.224s] Level 1:colcon.colcon_core.package_identification:_identify(src/uros) by extensions ['colcon_meta']
[7.224s] Level 1:colcon.colcon_core.package_identification:_identify(src/uros) by extension 'colcon_meta'
[7.224s] Level 1:colcon.colcon_core.package_identification:_identify(src/uros) by extensions ['ros']
[7.224s] Level 1:colcon.colcon_core.package_identification:_identify(src/uros) by extension 'ros'
[7.225s] Level 1:colcon.colcon_core.package_identification:_identify(src/uros) by extensions ['cmake', 'python']
[7.225s] Level 1:colcon.colcon_core.package_identification:_identify(src/uros) by extension 'cmake'
[7.225s] Level 1:colcon.colcon_core.package_identification:_identify(src/uros) by extension 'python'
[7.225s] Level 1:colcon.colcon_core.package_identification:_identify(src/uros) by extensions ['python_setup_py']
[7.225s] Level 1:colcon.colcon_core.package_identification:_identify(src/uros) by extension 'python_setup_py'
[7.225s] Level 1:colcon.colcon_core.package_identification:_identify(src/uros/micro-ROS-Agent) by extensions ['ignore', 'ignore_ament_install']
[7.225s] Level 1:colcon.colcon_core.package_identification:_identify(src/uros/micro-ROS-Agent) by extension 'ignore'
[7.225s] Level 1:colcon.colcon_core.package_identification:_identify(src/uros/micro-ROS-Agent) by extension 'ignore_ament_install'
[7.225s] Level 1:colcon.colcon_core.package_identification:_identify(src/uros/micro-ROS-Agent) by extensions ['colcon_pkg']
[7.225s] Level 1:colcon.colcon_core.package_identification:_identify(src/uros/micro-ROS-Agent) by extension 'colcon_pkg'
[7.225s] Level 1:colcon.colcon_core.package_identification:_identify(src/uros/micro-ROS-Agent) by extensions ['colcon_meta']
[7.226s] Level 1:colcon.colcon_core.package_identification:_identify(src/uros/micro-ROS-Agent) by extension 'colcon_meta'
[7.226s] Level 1:colcon.colcon_core.package_identification:_identify(src/uros/micro-ROS-Agent) by extensions ['ros']
[7.226s] Level 1:colcon.colcon_core.package_identification:_identify(src/uros/micro-ROS-Agent) by extension 'ros'
[7.226s] Level 1:colcon.colcon_core.package_identification:_identify(src/uros/micro-ROS-Agent) by extensions ['cmake', 'python']
[7.226s] Level 1:colcon.colcon_core.package_identification:_identify(src/uros/micro-ROS-Agent) by extension 'cmake'
[7.226s] Level 1:colcon.colcon_core.package_identification:_identify(src/uros/micro-ROS-Agent) by extension 'python'
[7.226s] Level 1:colcon.colcon_core.package_identification:_identify(src/uros/micro-ROS-Agent) by extensions ['python_setup_py']
[7.226s] Level 1:colcon.colcon_core.package_identification:_identify(src/uros/micro-ROS-Agent) by extension 'python_setup_py'
[7.226s] Level 1:colcon.colcon_core.package_identification:_identify(src/uros/micro-ROS-Agent/micro_ros_agent) by extensions ['ignore', 'ignore_ament_install']
[7.226s] Level 1:colcon.colcon_core.package_identification:_identify(src/uros/micro-ROS-Agent/micro_ros_agent) by extension 'ignore'
[7.226s] Level 1:colcon.colcon_core.package_identification:_identify(src/uros/micro-ROS-Agent/micro_ros_agent) by extension 'ignore_ament_install'
[7.226s] Level 1:colcon.colcon_core.package_identification:_identify(src/uros/micro-ROS-Agent/micro_ros_agent) by extensions ['colcon_pkg']
[7.227s] Level 1:colcon.colcon_core.package_identification:_identify(src/uros/micro-ROS-Agent/micro_ros_agent) by extension 'colcon_pkg'
[7.227s] Level 1:colcon.colcon_core.package_identification:_identify(src/uros/micro-ROS-Agent/micro_ros_agent) by extensions ['colcon_meta']
[7.227s] Level 1:colcon.colcon_core.package_identification:_identify(src/uros/micro-ROS-Agent/micro_ros_agent) by extension 'colcon_meta'
[7.227s] Level 1:colcon.colcon_core.package_identification:_identify(src/uros/micro-ROS-Agent/micro_ros_agent) by extensions ['ros']
[7.227s] Level 1:colcon.colcon_core.package_identification:_identify(src/uros/micro-ROS-Agent/micro_ros_agent) by extension 'ros'
[7.244s] DEBUG:colcon.colcon_core.package_identification:Package 'src/uros/micro-ROS-Agent/micro_ros_agent' with type 'ros.ament_cmake' and name 'micro_ros_agent'
[7.245s] Level 1:colcon.colcon_core.package_identification:_identify(src/uros/micro-ROS-Agent/snap) by extensions ['ignore', 'ignore_ament_install']
[7.245s] Level 1:colcon.colcon_core.package_identification:_identify(src/uros/micro-ROS-Agent/snap) by extension 'ignore'
[7.245s] Level 1:colcon.colcon_core.package_identification:_identify(src/uros/micro-ROS-Agent/snap) by extension 'ignore_ament_install'
[7.245s] Level 1:colcon.colcon_core.package_identification:_identify(src/uros/micro-ROS-Agent/snap) by extensions ['colcon_pkg']
[7.245s] Level 1:colcon.colcon_core.package_identification:_identify(src/uros/micro-ROS-Agent/snap) by extension 'colcon_pkg'
[7.245s] Level 1:colcon.colcon_core.package_identification:_identify(src/uros/micro-ROS-Agent/snap) by extensions ['colcon_meta']
[7.245s] Level 1:colcon.colcon_core.package_identification:_identify(src/uros/micro-ROS-Agent/snap) by extension 'colcon_meta'
[7.245s] Level 1:colcon.colcon_core.package_identification:_identify(src/uros/micro-ROS-Agent/snap) by extensions ['ros']
[7.245s] Level 1:colcon.colcon_core.package_identification:_identify(src/uros/micro-ROS-Agent/snap) by extension 'ros'
[7.245s] Level 1:colcon.colcon_core.package_identification:_identify(src/uros/micro-ROS-Agent/snap) by extensions ['cmake', 'python']
[7.246s] Level 1:colcon.colcon_core.package_identification:_identify(src/uros/micro-ROS-Agent/snap) by extension 'cmake'
[7.246s] Level 1:colcon.colcon_core.package_identification:_identify(src/uros/micro-ROS-Agent/snap) by extension 'python'
[7.246s] Level 1:colcon.colcon_core.package_identification:_identify(src/uros/micro-ROS-Agent/snap) by extensions ['python_setup_py']
[7.246s] Level 1:colcon.colcon_core.package_identification:_identify(src/uros/micro-ROS-Agent/snap) by extension 'python_setup_py'
[7.246s] Level 1:colcon.colcon_core.package_identification:_identify(src/uros/micro-ROS-Agent/snap/hooks) by extensions ['ignore', 'ignore_ament_install']
[7.246s] Level 1:colcon.colcon_core.package_identification:_identify(src/uros/micro-ROS-Agent/snap/hooks) by extension 'ignore'
[7.246s] Level 1:colcon.colcon_core.package_identification:_identify(src/uros/micro-ROS-Agent/snap/hooks) by extension 'ignore_ament_install'
[7.246s] Level 1:colcon.colcon_core.package_identification:_identify(src/uros/micro-ROS-Agent/snap/hooks) by extensions ['colcon_pkg']
[7.246s] Level 1:colcon.colcon_core.package_identification:_identify(src/uros/micro-ROS-Agent/snap/hooks) by extension 'colcon_pkg'
[7.246s] Level 1:colcon.colcon_core.package_identification:_identify(src/uros/micro-ROS-Agent/snap/hooks) by extensions ['colcon_meta']
[7.246s] Level 1:colcon.colcon_core.package_identification:_identify(src/uros/micro-ROS-Agent/snap/hooks) by extension 'colcon_meta'
[7.246s] Level 1:colcon.colcon_core.package_identification:_identify(src/uros/micro-ROS-Agent/snap/hooks) by extensions ['ros']
[7.246s] Level 1:colcon.colcon_core.package_identification:_identify(src/uros/micro-ROS-Agent/snap/hooks) by extension 'ros'
[7.247s] Level 1:colcon.colcon_core.package_identification:_identify(src/uros/micro-ROS-Agent/snap/hooks) by extensions ['cmake', 'python']
[7.247s] Level 1:colcon.colcon_core.package_identification:_identify(src/uros/micro-ROS-Agent/snap/hooks) by extension 'cmake'
[7.247s] Level 1:colcon.colcon_core.package_identification:_identify(src/uros/micro-ROS-Agent/snap/hooks) by extension 'python'
[7.247s] Level 1:colcon.colcon_core.package_identification:_identify(src/uros/micro-ROS-Agent/snap/hooks) by extensions ['python_setup_py']
[7.247s] Level 1:colcon.colcon_core.package_identification:_identify(src/uros/micro-ROS-Agent/snap/hooks) by extension 'python_setup_py'
[7.247s] Level 1:colcon.colcon_core.package_identification:_identify(src/uros/micro-ROS-Agent/snap/local) by extensions ['ignore', 'ignore_ament_install']
[7.247s] Level 1:colcon.colcon_core.package_identification:_identify(src/uros/micro-ROS-Agent/snap/local) by extension 'ignore'
[7.247s] Level 1:colcon.colcon_core.package_identification:_identify(src/uros/micro-ROS-Agent/snap/local) by extension 'ignore_ament_install'
[7.247s] Level 1:colcon.colcon_core.package_identification:_identify(src/uros/micro-ROS-Agent/snap/local) by extensions ['colcon_pkg']
[7.247s] Level 1:colcon.colcon_core.package_identification:_identify(src/uros/micro-ROS-Agent/snap/local) by extension 'colcon_pkg'
[7.247s] Level 1:colcon.colcon_core.package_identification:_identify(src/uros/micro-ROS-Agent/snap/local) by extensions ['colcon_meta']
[7.247s] Level 1:colcon.colcon_core.package_identification:_identify(src/uros/micro-ROS-Agent/snap/local) by extension 'colcon_meta'
[7.248s] Level 1:colcon.colcon_core.package_identification:_identify(src/uros/micro-ROS-Agent/snap/local) by extensions ['ros']
[7.248s] Level 1:colcon.colcon_core.package_identification:_identify(src/uros/micro-ROS-Agent/snap/local) by extension 'ros'
[7.248s] Level 1:colcon.colcon_core.package_identification:_identify(src/uros/micro-ROS-Agent/snap/local) by extensions ['cmake', 'python']
[7.248s] Level 1:colcon.colcon_core.package_identification:_identify(src/uros/micro-ROS-Agent/snap/local) by extension 'cmake'
[7.248s] Level 1:colcon.colcon_core.package_identification:_identify(src/uros/micro-ROS-Agent/snap/local) by extension 'python'
[7.248s] Level 1:colcon.colcon_core.package_identification:_identify(src/uros/micro-ROS-Agent/snap/local) by extensions ['python_setup_py']
[7.248s] Level 1:colcon.colcon_core.package_identification:_identify(src/uros/micro-ROS-Agent/snap/local) by extension 'python_setup_py'
[7.248s] Level 1:colcon.colcon_core.package_identification:_identify(src/uros/micro_ros_msgs) by extensions ['ignore', 'ignore_ament_install']
[7.248s] Level 1:colcon.colcon_core.package_identification:_identify(src/uros/micro_ros_msgs) by extension 'ignore'
[7.248s] Level 1:colcon.colcon_core.package_identification:_identify(src/uros/micro_ros_msgs) by extension 'ignore_ament_install'
[7.248s] Level 1:colcon.colcon_core.package_identification:_identify(src/uros/micro_ros_msgs) by extensions ['colcon_pkg']
[7.248s] Level 1:colcon.colcon_core.package_identification:_identify(src/uros/micro_ros_msgs) by extension 'colcon_pkg'
[7.248s] Level 1:colcon.colcon_core.package_identification:_identify(src/uros/micro_ros_msgs) by extensions ['colcon_meta']
[7.249s] Level 1:colcon.colcon_core.package_identification:_identify(src/uros/micro_ros_msgs) by extension 'colcon_meta'
[7.249s] Level 1:colcon.colcon_core.package_identification:_identify(src/uros/micro_ros_msgs) by extensions ['ros']
[7.249s] Level 1:colcon.colcon_core.package_identification:_identify(src/uros/micro_ros_msgs) by extension 'ros'
[7.250s] DEBUG:colcon.colcon_core.package_identification:Package 'src/uros/micro_ros_msgs' with type 'ros.ament_cmake' and name 'micro_ros_msgs'
[7.250s] Level 1:colcon.colcon_core.package_discovery:discover_packages(recursive) using defaults
[7.250s] Level 1:colcon.colcon_core.package_discovery:discover_packages(ignore) discover
[7.251s] Level 1:colcon.colcon_core.package_discovery:discover_packages(ignore) using defaults
[7.251s] Level 1:colcon.colcon_core.package_discovery:discover_packages(path) discover
[7.251s] Level 1:colcon.colcon_core.package_discovery:discover_packages(path) using defaults
[7.684s] INFO:colcon.colcon_core.package_selection:Skipping package 'micro_ros_setup' in 'src/micro_ros_setup'
[7.685s] Level 1:colcon.colcon_core.package_discovery:discover_packages(prefix_path) check parameters
[7.685s] Level 1:colcon.colcon_core.package_discovery:discover_packages(prefix_path) discover
[7.800s] DEBUG:colcon.colcon_installed_package_information.package_discovery:Found 3 installed packages in /home/joaoferreira/microros_ws/install
[7.832s] DEBUG:colcon.colcon_installed_package_information.package_discovery:Found 1 installed packages in /home/joaoferreira/beta/install
[7.835s] DEBUG:colcon.colcon_installed_package_information.package_discovery:Found 294 installed packages in /opt/ros/humble
[7.839s] Level 1:colcon.colcon_core.package_discovery:discover_packages(prefix_path) using defaults
[8.098s] Level 5:colcon.colcon_core.verb:set package 'micro_ros_msgs' build argument 'cmake_args' from command line to '['-DUAGENT_BUILD_EXECUTABLE=OFF', '-DUAGENT_P2P_PROFILE=OFF', '--no-warn-unused-cli']'
[8.098s] Level 5:colcon.colcon_core.verb:set package 'micro_ros_msgs' build argument 'cmake_target' from command line to 'None'
[8.098s] Level 5:colcon.colcon_core.verb:set package 'micro_ros_msgs' build argument 'cmake_target_skip_unavailable' from command line to 'False'
[8.098s] Level 5:colcon.colcon_core.verb:set package 'micro_ros_msgs' build argument 'cmake_clean_cache' from command line to 'False'
[8.098s] Level 5:colcon.colcon_core.verb:set package 'micro_ros_msgs' build argument 'cmake_clean_first' from command line to 'False'
[8.098s] Level 5:colcon.colcon_core.verb:set package 'micro_ros_msgs' build argument 'cmake_force_configure' from command line to 'False'
[8.098s] Level 5:colcon.colcon_core.verb:set package 'micro_ros_msgs' build argument 'ament_cmake_args' from command line to 'None'
[8.098s] Level 5:colcon.colcon_core.verb:set package 'micro_ros_msgs' build argument 'catkin_cmake_args' from command line to 'None'
[8.098s] Level 5:colcon.colcon_core.verb:set package 'micro_ros_msgs' build argument 'catkin_skip_building_tests' from command line to 'False'
[8.098s] DEBUG:colcon.colcon_core.verb:Building package 'micro_ros_msgs' with the following arguments: {'ament_cmake_args': None, 'build_base': '/home/joaoferreira/microros_ws/build/micro_ros_msgs', 'catkin_cmake_args': None, 'catkin_skip_building_tests': False, 'cmake_args': ['-DUAGENT_BUILD_EXECUTABLE=OFF', '-DUAGENT_P2P_PROFILE=OFF', '--no-warn-unused-cli'], 'cmake_clean_cache': False, 'cmake_clean_first': False, 'cmake_force_configure': False, 'cmake_target': None, 'cmake_target_skip_unavailable': False, 'install_base': '/home/joaoferreira/microros_ws/install/micro_ros_msgs', 'merge_install': False, 'path': '/home/joaoferreira/microros_ws/src/uros/micro_ros_msgs', 'symlink_install': False, 'test_result_base': None}
[8.099s] Level 5:colcon.colcon_core.verb:set package 'micro_ros_agent' build argument 'cmake_args' from command line to '['-DUAGENT_BUILD_EXECUTABLE=OFF', '-DUAGENT_P2P_PROFILE=OFF', '--no-warn-unused-cli']'
[8.099s] Level 5:colcon.colcon_core.verb:set package 'micro_ros_agent' build argument 'cmake_target' from command line to 'None'
[8.099s] Level 5:colcon.colcon_core.verb:set package 'micro_ros_agent' build argument 'cmake_target_skip_unavailable' from command line to 'False'
[8.099s] Level 5:colcon.colcon_core.verb:set package 'micro_ros_agent' build argument 'cmake_clean_cache' from command line to 'False'
[8.099s] Level 5:colcon.colcon_core.verb:set package 'micro_ros_agent' build argument 'cmake_clean_first' from command line to 'False'
[8.099s] Level 5:colcon.colcon_core.verb:set package 'micro_ros_agent' build argument 'cmake_force_configure' from command line to 'False'
[8.099s] Level 5:colcon.colcon_core.verb:set package 'micro_ros_agent' build argument 'ament_cmake_args' from command line to 'None'
[8.099s] Level 5:colcon.colcon_core.verb:set package 'micro_ros_agent' build argument 'catkin_cmake_args' from command line to 'None'
[8.099s] Level 5:colcon.colcon_core.verb:set package 'micro_ros_agent' build argument 'catkin_skip_building_tests' from command line to 'False'
[8.099s] DEBUG:colcon.colcon_core.verb:Building package 'micro_ros_agent' with the following arguments: {'ament_cmake_args': None, 'build_base': '/home/joaoferreira/microros_ws/build/micro_ros_agent', 'catkin_cmake_args': None, 'catkin_skip_building_tests': False, 'cmake_args': ['-DUAGENT_BUILD_EXECUTABLE=OFF', '-DUAGENT_P2P_PROFILE=OFF', '--no-warn-unused-cli'], 'cmake_clean_cache': False, 'cmake_clean_first': False, 'cmake_force_configure': False, 'cmake_target': None, 'cmake_target_skip_unavailable': False, 'install_base': '/home/joaoferreira/microros_ws/install/micro_ros_agent', 'merge_install': False, 'path': '/home/joaoferreira/microros_ws/src/uros/micro-ROS-Agent/micro_ros_agent', 'symlink_install': False, 'test_result_base': None}
[8.099s] INFO:colcon.colcon_core.executor:Executing jobs using 'parallel' executor
[8.100s] DEBUG:colcon.colcon_parallel_executor.executor.parallel:run_until_complete
[8.100s] INFO:colcon.colcon_ros.task.ament_cmake.build:Building ROS package in '/home/joaoferreira/microros_ws/src/uros/micro_ros_msgs' with build type 'ament_cmake'
[8.101s] INFO:colcon.colcon_cmake.task.cmake.build:Building CMake package in '/home/joaoferreira/microros_ws/src/uros/micro_ros_msgs'
[8.125s] INFO:colcon.colcon_core.plugin_system:Skipping extension 'colcon_core.shell.bat': Not used on non-Windows systems
[8.126s] INFO:colcon.colcon_core.shell:Skip shell extension 'powershell' for command environment: Not usable outside of PowerShell
[8.126s] DEBUG:colcon.colcon_core.shell:Skip shell extension 'dsv' for command environment
[8.200s] DEBUG:colcon.colcon_core.event_handler.log_command:Invoking command in '/home/joaoferreira/microros_ws/build/micro_ros_msgs': CMAKE_PREFIX_PATH=${CMAKE_PREFIX_PATH}:/home/joaoferreira/beta/install/beta_controller:/opt/ros/humble /usr/bin/cmake --build /home/joaoferreira/microros_ws/build/micro_ros_msgs -- -j4 -l4
[21.166s] DEBUG:colcon.colcon_core.event_handler.log_command:Invoked command in '/home/joaoferreira/microros_ws/build/micro_ros_msgs' returned '0': CMAKE_PREFIX_PATH=${CMAKE_PREFIX_PATH}:/home/joaoferreira/beta/install/beta_controller:/opt/ros/humble /usr/bin/cmake --build /home/joaoferreira/microros_ws/build/micro_ros_msgs -- -j4 -l4
[21.193s] DEBUG:colcon.colcon_core.event_handler.log_command:Invoking command in '/home/joaoferreira/microros_ws/build/micro_ros_msgs': CMAKE_PREFIX_PATH=${CMAKE_PREFIX_PATH}:/home/joaoferreira/beta/install/beta_controller:/opt/ros/humble /usr/bin/cmake --install /home/joaoferreira/microros_ws/build/micro_ros_msgs
[21.526s] Level 1:colcon.colcon_core.environment:create_environment_scripts_only(micro_ros_msgs)
[21.527s] DEBUG:colcon.colcon_core.event_handler.log_command:Invoked command in '/home/joaoferreira/microros_ws/build/micro_ros_msgs' returned '0': CMAKE_PREFIX_PATH=${CMAKE_PREFIX_PATH}:/home/joaoferreira/beta/install/beta_controller:/opt/ros/humble /usr/bin/cmake --install /home/joaoferreira/microros_ws/build/micro_ros_msgs
[21.607s] Level 1:colcon.colcon_core.environment:checking '/home/joaoferreira/microros_ws/install/micro_ros_msgs' for CMake module files
[21.609s] Level 1:colcon.colcon_core.environment:checking '/home/joaoferreira/microros_ws/install/micro_ros_msgs' for CMake config files
[21.610s] Level 1:colcon.colcon_core.shell:create_environment_hook('micro_ros_msgs', 'cmake_prefix_path')
[21.610s] INFO:colcon.colcon_core.shell:Creating environment hook '/home/joaoferreira/microros_ws/install/micro_ros_msgs/share/micro_ros_msgs/hook/cmake_prefix_path.ps1'
[21.621s] INFO:colcon.colcon_core.shell:Creating environment descriptor '/home/joaoferreira/microros_ws/install/micro_ros_msgs/share/micro_ros_msgs/hook/cmake_prefix_path.dsv'
[21.637s] INFO:colcon.colcon_core.shell:Creating environment hook '/home/joaoferreira/microros_ws/install/micro_ros_msgs/share/micro_ros_msgs/hook/cmake_prefix_path.sh'
[21.639s] Level 1:colcon.colcon_core.environment:checking '/home/joaoferreira/microros_ws/install/micro_ros_msgs/lib'
[21.640s] Level 1:colcon.colcon_core.shell:create_environment_hook('micro_ros_msgs', 'ld_library_path_lib')
[21.640s] INFO:colcon.colcon_core.shell:Creating environment hook '/home/joaoferreira/microros_ws/install/micro_ros_msgs/share/micro_ros_msgs/hook/ld_library_path_lib.ps1'
[21.641s] INFO:colcon.colcon_core.shell:Creating environment descriptor '/home/joaoferreira/microros_ws/install/micro_ros_msgs/share/micro_ros_msgs/hook/ld_library_path_lib.dsv'
[21.642s] INFO:colcon.colcon_core.shell:Creating environment hook '/home/joaoferreira/microros_ws/install/micro_ros_msgs/share/micro_ros_msgs/hook/ld_library_path_lib.sh'
[21.643s] Level 1:colcon.colcon_core.environment:checking '/home/joaoferreira/microros_ws/install/micro_ros_msgs/bin'
[21.643s] Level 1:colcon.colcon_core.environment:checking '/home/joaoferreira/microros_ws/install/micro_ros_msgs/lib/pkgconfig/micro_ros_msgs.pc'
[21.644s] Level 1:colcon.colcon_core.environment:checking '/home/joaoferreira/microros_ws/install/micro_ros_msgs/lib/python3.10/site-packages'
[21.644s] Level 1:colcon.colcon_core.environment:checking '/home/joaoferreira/microros_ws/install/micro_ros_msgs/bin'
[21.645s] INFO:colcon.colcon_core.shell:Creating package script '/home/joaoferreira/microros_ws/install/micro_ros_msgs/share/micro_ros_msgs/package.ps1'
[21.648s] INFO:colcon.colcon_core.shell:Creating package descriptor '/home/joaoferreira/microros_ws/install/micro_ros_msgs/share/micro_ros_msgs/package.dsv'
[21.650s] INFO:colcon.colcon_core.shell:Creating package script '/home/joaoferreira/microros_ws/install/micro_ros_msgs/share/micro_ros_msgs/package.sh'
[21.655s] INFO:colcon.colcon_core.shell:Creating package script '/home/joaoferreira/microros_ws/install/micro_ros_msgs/share/micro_ros_msgs/package.bash'
[21.674s] INFO:colcon.colcon_core.shell:Creating package script '/home/joaoferreira/microros_ws/install/micro_ros_msgs/share/micro_ros_msgs/package.zsh'
[21.688s] Level 1:colcon.colcon_core.environment:create_file_with_runtime_dependencies(/home/joaoferreira/microros_ws/install/micro_ros_msgs/share/colcon-core/packages/micro_ros_msgs)
[21.689s] Level 1:colcon.colcon_core.environment:create_environment_scripts_only(micro_ros_msgs)
[21.690s] Level 1:colcon.colcon_core.environment:checking '/home/joaoferreira/microros_ws/install/micro_ros_msgs' for CMake module files
[21.691s] Level 1:colcon.colcon_core.environment:checking '/home/joaoferreira/microros_ws/install/micro_ros_msgs' for CMake config files
[21.692s] Level 1:colcon.colcon_core.shell:create_environment_hook('micro_ros_msgs', 'cmake_prefix_path')
[21.692s] INFO:colcon.colcon_core.shell:Creating environment hook '/home/joaoferreira/microros_ws/install/micro_ros_msgs/share/micro_ros_msgs/hook/cmake_prefix_path.ps1'
[21.693s] INFO:colcon.colcon_core.shell:Creating environment descriptor '/home/joaoferreira/microros_ws/install/micro_ros_msgs/share/micro_ros_msgs/hook/cmake_prefix_path.dsv'
[21.694s] INFO:colcon.colcon_core.shell:Creating environment hook '/home/joaoferreira/microros_ws/install/micro_ros_msgs/share/micro_ros_msgs/hook/cmake_prefix_path.sh'
[21.694s] Level 1:colcon.colcon_core.environment:checking '/home/joaoferreira/microros_ws/install/micro_ros_msgs/lib'
[21.695s] Level 1:colcon.colcon_core.shell:create_environment_hook('micro_ros_msgs', 'ld_library_path_lib')
[21.695s] INFO:colcon.colcon_core.shell:Creating environment hook '/home/joaoferreira/microros_ws/install/micro_ros_msgs/share/micro_ros_msgs/hook/ld_library_path_lib.ps1'
[21.695s] INFO:colcon.colcon_core.shell:Creating environment descriptor '/home/joaoferreira/microros_ws/install/micro_ros_msgs/share/micro_ros_msgs/hook/ld_library_path_lib.dsv'
[21.696s] INFO:colcon.colcon_core.shell:Creating environment hook '/home/joaoferreira/microros_ws/install/micro_ros_msgs/share/micro_ros_msgs/hook/ld_library_path_lib.sh'
[21.696s] Level 1:colcon.colcon_core.environment:checking '/home/joaoferreira/microros_ws/install/micro_ros_msgs/bin'
[21.696s] Level 1:colcon.colcon_core.environment:checking '/home/joaoferreira/microros_ws/install/micro_ros_msgs/lib/pkgconfig/micro_ros_msgs.pc'
[21.697s] Level 1:colcon.colcon_core.environment:checking '/home/joaoferreira/microros_ws/install/micro_ros_msgs/lib/python3.10/site-packages'
[21.697s] Level 1:colcon.colcon_core.environment:checking '/home/joaoferreira/microros_ws/install/micro_ros_msgs/bin'
[21.697s] INFO:colcon.colcon_core.shell:Creating package script '/home/joaoferreira/microros_ws/install/micro_ros_msgs/share/micro_ros_msgs/package.ps1'
[21.698s] INFO:colcon.colcon_core.shell:Creating package descriptor '/home/joaoferreira/microros_ws/install/micro_ros_msgs/share/micro_ros_msgs/package.dsv'
[21.699s] INFO:colcon.colcon_core.shell:Creating package script '/home/joaoferreira/microros_ws/install/micro_ros_msgs/share/micro_ros_msgs/package.sh'
[21.700s] INFO:colcon.colcon_core.shell:Creating package script '/home/joaoferreira/microros_ws/install/micro_ros_msgs/share/micro_ros_msgs/package.bash'
[21.701s] INFO:colcon.colcon_core.shell:Creating package script '/home/joaoferreira/microros_ws/install/micro_ros_msgs/share/micro_ros_msgs/package.zsh'
[21.702s] Level 1:colcon.colcon_core.environment:create_file_with_runtime_dependencies(/home/joaoferreira/microros_ws/install/micro_ros_msgs/share/colcon-core/packages/micro_ros_msgs)
[21.703s] INFO:colcon.colcon_ros.task.ament_cmake.build:Building ROS package in '/home/joaoferreira/microros_ws/src/uros/micro-ROS-Agent/micro_ros_agent' with build type 'ament_cmake'
[21.703s] INFO:colcon.colcon_cmake.task.cmake.build:Building CMake package in '/home/joaoferreira/microros_ws/src/uros/micro-ROS-Agent/micro_ros_agent'
[21.703s] INFO:colcon.colcon_core.shell:Skip shell extension 'powershell' for command environment: Not usable outside of PowerShell
[21.704s] DEBUG:colcon.colcon_core.shell:Skip shell extension 'dsv' for command environment
[21.810s] DEBUG:colcon.colcon_core.event_handler.log_command:Invoking command in '/home/joaoferreira/microros_ws/build/micro_ros_agent': CMAKE_PREFIX_PATH=/home/joaoferreira/microros_ws/install/micro_ros_msgs:/home/joaoferreira/microros_ws/install/micro_ros_setup:/home/joaoferreira/microros_ws/install/micro_ros_agent:/home/joaoferreira/beta/install/beta_controller:/opt/ros/humble LD_LIBRARY_PATH=/home/joaoferreira/microros_ws/install/micro_ros_msgs/lib:/home/joaoferreira/microros_ws/install/micro_ros_agent/lib:/opt/ros/humble/opt/rviz_ogre_vendor/lib:/opt/ros/humble/lib/x86_64-linux-gnu:/opt/ros/humble/lib /usr/bin/cmake --build /home/joaoferreira/microros_ws/build/micro_ros_agent -- -j4 -l4
[104.408s] DEBUG:colcon.colcon_core.event_handler.log_command:Invoked command in '/home/joaoferreira/microros_ws/build/micro_ros_agent' returned '0': CMAKE_PREFIX_PATH=/home/joaoferreira/microros_ws/install/micro_ros_msgs:/home/joaoferreira/microros_ws/install/micro_ros_setup:/home/joaoferreira/microros_ws/install/micro_ros_agent:/home/joaoferreira/beta/install/beta_controller:/opt/ros/humble LD_LIBRARY_PATH=/home/joaoferreira/microros_ws/install/micro_ros_msgs/lib:/home/joaoferreira/microros_ws/install/micro_ros_agent/lib:/opt/ros/humble/opt/rviz_ogre_vendor/lib:/opt/ros/humble/lib/x86_64-linux-gnu:/opt/ros/humble/lib /usr/bin/cmake --build /home/joaoferreira/microros_ws/build/micro_ros_agent -- -j4 -l4
[104.530s] DEBUG:colcon.colcon_core.event_handler.log_command:Invoking command in '/home/joaoferreira/microros_ws/build/micro_ros_agent': CMAKE_PREFIX_PATH=/home/joaoferreira/microros_ws/install/micro_ros_msgs:/home/joaoferreira/microros_ws/install/micro_ros_setup:/home/joaoferreira/microros_ws/install/micro_ros_agent:/home/joaoferreira/beta/install/beta_controller:/opt/ros/humble LD_LIBRARY_PATH=/home/joaoferreira/microros_ws/install/micro_ros_msgs/lib:/home/joaoferreira/microros_ws/install/micro_ros_agent/lib:/opt/ros/humble/opt/rviz_ogre_vendor/lib:/opt/ros/humble/lib/x86_64-linux-gnu:/opt/ros/humble/lib /usr/bin/cmake --install /home/joaoferreira/microros_ws/build/micro_ros_agent
[104.719s] Level 1:colcon.colcon_core.environment:create_environment_scripts_only(micro_ros_agent)
[104.720s] DEBUG:colcon.colcon_core.event_handler.log_command:Invoked command in '/home/joaoferreira/microros_ws/build/micro_ros_agent' returned '0': CMAKE_PREFIX_PATH=/home/joaoferreira/microros_ws/install/micro_ros_msgs:/home/joaoferreira/microros_ws/install/micro_ros_setup:/home/joaoferreira/microros_ws/install/micro_ros_agent:/home/joaoferreira/beta/install/beta_controller:/opt/ros/humble LD_LIBRARY_PATH=/home/joaoferreira/microros_ws/install/micro_ros_msgs/lib:/home/joaoferreira/microros_ws/install/micro_ros_agent/lib:/opt/ros/humble/opt/rviz_ogre_vendor/lib:/opt/ros/humble/lib/x86_64-linux-gnu:/opt/ros/humble/lib /usr/bin/cmake --install /home/joaoferreira/microros_ws/build/micro_ros_agent
[104.721s] Level 1:colcon.colcon_core.environment:checking '/home/joaoferreira/microros_ws/install/micro_ros_agent' for CMake module files
[104.723s] Level 1:colcon.colcon_core.environment:checking '/home/joaoferreira/microros_ws/install/micro_ros_agent' for CMake config files
[104.733s] Level 1:colcon.colcon_core.shell:create_environment_hook('micro_ros_agent', 'cmake_prefix_path')
[104.734s] INFO:colcon.colcon_core.shell:Creating environment hook '/home/joaoferreira/microros_ws/install/micro_ros_agent/share/micro_ros_agent/hook/cmake_prefix_path.ps1'
[104.931s] INFO:colcon.colcon_core.shell:Creating environment descriptor '/home/joaoferreira/microros_ws/install/micro_ros_agent/share/micro_ros_agent/hook/cmake_prefix_path.dsv'
[105.036s] INFO:colcon.colcon_core.shell:Creating environment hook '/home/joaoferreira/microros_ws/install/micro_ros_agent/share/micro_ros_agent/hook/cmake_prefix_path.sh'
[105.037s] Level 1:colcon.colcon_core.environment:checking '/home/joaoferreira/microros_ws/install/micro_ros_agent/lib'
[105.037s] Level 1:colcon.colcon_core.shell:create_environment_hook('micro_ros_agent', 'ld_library_path_lib')
[105.038s] INFO:colcon.colcon_core.shell:Creating environment hook '/home/joaoferreira/microros_ws/install/micro_ros_agent/share/micro_ros_agent/hook/ld_library_path_lib.ps1'
[105.038s] INFO:colcon.colcon_core.shell:Creating environment descriptor '/home/joaoferreira/microros_ws/install/micro_ros_agent/share/micro_ros_agent/hook/ld_library_path_lib.dsv'
[105.039s] INFO:colcon.colcon_core.shell:Creating environment hook '/home/joaoferreira/microros_ws/install/micro_ros_agent/share/micro_ros_agent/hook/ld_library_path_lib.sh'
[105.040s] Level 1:colcon.colcon_core.environment:checking '/home/joaoferreira/microros_ws/install/micro_ros_agent/bin'
[105.040s] Level 1:colcon.colcon_core.environment:checking '/home/joaoferreira/microros_ws/install/micro_ros_agent/lib/pkgconfig/micro_ros_agent.pc'
[105.040s] Level 1:colcon.colcon_core.environment:checking '/home/joaoferreira/microros_ws/install/micro_ros_agent/lib/python3.10/site-packages'
[105.040s] Level 1:colcon.colcon_core.environment:checking '/home/joaoferreira/microros_ws/install/micro_ros_agent/bin'
[105.041s] INFO:colcon.colcon_core.shell:Creating package script '/home/joaoferreira/microros_ws/install/micro_ros_agent/share/micro_ros_agent/package.ps1'
[105.043s] INFO:colcon.colcon_core.shell:Creating package descriptor '/home/joaoferreira/microros_ws/install/micro_ros_agent/share/micro_ros_agent/package.dsv'
[105.045s] INFO:colcon.colcon_core.shell:Creating package script '/home/joaoferreira/microros_ws/install/micro_ros_agent/share/micro_ros_agent/package.sh'
[105.046s] INFO:colcon.colcon_core.shell:Creating package script '/home/joaoferreira/microros_ws/install/micro_ros_agent/share/micro_ros_agent/package.bash'
[105.106s] INFO:colcon.colcon_core.shell:Creating package script '/home/joaoferreira/microros_ws/install/micro_ros_agent/share/micro_ros_agent/package.zsh'
[105.121s] Level 1:colcon.colcon_core.environment:create_file_with_runtime_dependencies(/home/joaoferreira/microros_ws/install/micro_ros_agent/share/colcon-core/packages/micro_ros_agent)
[105.123s] Level 1:colcon.colcon_core.environment:create_environment_scripts_only(micro_ros_agent)
[105.124s] Level 1:colcon.colcon_core.environment:checking '/home/joaoferreira/microros_ws/install/micro_ros_agent' for CMake module files
[105.125s] Level 1:colcon.colcon_core.environment:checking '/home/joaoferreira/microros_ws/install/micro_ros_agent' for CMake config files
[105.128s] Level 1:colcon.colcon_core.shell:create_environment_hook('micro_ros_agent', 'cmake_prefix_path')
[105.129s] INFO:colcon.colcon_core.shell:Creating environment hook '/home/joaoferreira/microros_ws/install/micro_ros_agent/share/micro_ros_agent/hook/cmake_prefix_path.ps1'
[105.130s] INFO:colcon.colcon_core.shell:Creating environment descriptor '/home/joaoferreira/microros_ws/install/micro_ros_agent/share/micro_ros_agent/hook/cmake_prefix_path.dsv'
[105.131s] INFO:colcon.colcon_core.shell:Creating environment hook '/home/joaoferreira/microros_ws/install/micro_ros_agent/share/micro_ros_agent/hook/cmake_prefix_path.sh'
[105.133s] Level 1:colcon.colcon_core.environment:checking '/home/joaoferreira/microros_ws/install/micro_ros_agent/lib'
[105.134s] Level 1:colcon.colcon_core.shell:create_environment_hook('micro_ros_agent', 'ld_library_path_lib')
[105.134s] INFO:colcon.colcon_core.shell:Creating environment hook '/home/joaoferreira/microros_ws/install/micro_ros_agent/share/micro_ros_agent/hook/ld_library_path_lib.ps1'
[105.135s] INFO:colcon.colcon_core.shell:Creating environment descriptor '/home/joaoferreira/microros_ws/install/micro_ros_agent/share/micro_ros_agent/hook/ld_library_path_lib.dsv'
[105.136s] INFO:colcon.colcon_core.shell:Creating environment hook '/home/joaoferreira/microros_ws/install/micro_ros_agent/share/micro_ros_agent/hook/ld_library_path_lib.sh'
[105.137s] Level 1:colcon.colcon_core.environment:checking '/home/joaoferreira/microros_ws/install/micro_ros_agent/bin'
[105.137s] Level 1:colcon.colcon_core.environment:checking '/home/joaoferreira/microros_ws/install/micro_ros_agent/lib/pkgconfig/micro_ros_agent.pc'
[105.139s] Level 1:colcon.colcon_core.environment:checking '/home/joaoferreira/microros_ws/install/micro_ros_agent/lib/python3.10/site-packages'
[105.139s] Level 1:colcon.colcon_core.environment:checking '/home/joaoferreira/microros_ws/install/micro_ros_agent/bin'
[105.140s] INFO:colcon.colcon_core.shell:Creating package script '/home/joaoferreira/microros_ws/install/micro_ros_agent/share/micro_ros_agent/package.ps1'
[105.141s] INFO:colcon.colcon_core.shell:Creating package descriptor '/home/joaoferreira/microros_ws/install/micro_ros_agent/share/micro_ros_agent/package.dsv'
[105.142s] INFO:colcon.colcon_core.shell:Creating package script '/home/joaoferreira/microros_ws/install/micro_ros_agent/share/micro_ros_agent/package.sh'
[105.143s] INFO:colcon.colcon_core.shell:Creating package script '/home/joaoferreira/microros_ws/install/micro_ros_agent/share/micro_ros_agent/package.bash'
[105.145s] INFO:colcon.colcon_core.shell:Creating package script '/home/joaoferreira/microros_ws/install/micro_ros_agent/share/micro_ros_agent/package.zsh'
[105.146s] Level 1:colcon.colcon_core.environment:create_file_with_runtime_dependencies(/home/joaoferreira/microros_ws/install/micro_ros_agent/share/colcon-core/packages/micro_ros_agent)
[105.146s] DEBUG:colcon.colcon_parallel_executor.executor.parallel:closing loop
[105.147s] DEBUG:colcon.colcon_parallel_executor.executor.parallel:loop closed
[105.147s] DEBUG:colcon.colcon_parallel_executor.executor.parallel:run_until_complete finished with '0'
[105.147s] DEBUG:colcon.colcon_core.event_reactor:joining thread
[105.768s] INFO:colcon.colcon_core.plugin_system:Skipping extension 'colcon_notification.desktop_notification.terminal_notifier': Not used on non-Darwin systems
[105.769s] INFO:colcon.colcon_core.plugin_system:Skipping extension 'colcon_notification.desktop_notification.win32': Not used on non-Windows systems
[105.769s] INFO:colcon.colcon_notification.desktop_notification:Sending desktop notification using 'notify2'
[107.871s] DEBUG:colcon.colcon_core.event_reactor:joined thread
[107.872s] INFO:colcon.colcon_core.shell:Creating prefix script '/home/joaoferreira/microros_ws/install/local_setup.ps1'
[107.896s] INFO:colcon.colcon_core.shell:Creating prefix util module '/home/joaoferreira/microros_ws/install/_local_setup_util_ps1.py'
[107.899s] INFO:colcon.colcon_core.shell:Creating prefix chain script '/home/joaoferreira/microros_ws/install/setup.ps1'
[108.138s] INFO:colcon.colcon_core.shell:Creating prefix script '/home/joaoferreira/microros_ws/install/local_setup.sh'
[108.146s] INFO:colcon.colcon_core.shell:Creating prefix util module '/home/joaoferreira/microros_ws/install/_local_setup_util_sh.py'
[108.147s] INFO:colcon.colcon_core.shell:Creating prefix chain script '/home/joaoferreira/microros_ws/install/setup.sh'
[108.154s] INFO:colcon.colcon_core.shell:Creating prefix script '/home/joaoferreira/microros_ws/install/local_setup.bash'
[108.184s] INFO:colcon.colcon_core.shell:Creating prefix chain script '/home/joaoferreira/microros_ws/install/setup.bash'
[108.212s] INFO:colcon.colcon_core.shell:Creating prefix script '/home/joaoferreira/microros_ws/install/local_setup.zsh'
[108.244s] INFO:colcon.colcon_core.shell:Creating prefix chain script '/home/joaoferreira/microros_ws/install/setup.zsh'
