[3.712s] DEBUG:colcon:Command line arguments: ['/usr/bin/colcon', 'build']
[3.712s] DEBUG:colcon:Parsed command line arguments: Namespace(log_base=None, log_level=None, verb_name='build', build_base='build', install_base='install', merge_install=False, symlink_install=False, test_result_base=None, continue_on_error=False, executor='parallel', parallel_workers=4, event_handlers=None, ignore_user_meta=False, metas=['./colcon.meta'], base_paths=['.'], packages_ignore=None, packages_ignore_regex=None, paths=None, packages_up_to=None, packages_up_to_regex=None, packages_above=None, packages_above_and_dependencies=None, packages_above_depth=None, packages_select_by_dep=None, packages_skip_by_dep=None, packages_skip_up_to=None, packages_select_build_failed=False, packages_skip_build_finished=False, packages_select_test_failures=False, packages_skip_test_passed=False, packages_select=None, packages_skip=None, packages_select_regex=None, packages_skip_regex=None, packages_start=None, packages_end=None, allow_overriding=[], cmake_args=None, cmake_target=None, cmake_target_skip_unavailable=False, cmake_clean_cache=False, cmake_clean_first=False, cmake_force_configure=False, ament_cmake_args=None, catkin_cmake_args=None, catkin_skip_building_tests=False, mixin_files=None, mixin=None, verb_parser=<colcon_mixin.mixin.mixin_argument.MixinArgumentDecorator object at 0x7eacb0049de0>, verb_extension=<colcon_core.verb.build.BuildVerb object at 0x7eacb0049720>, main=<bound method BuildVerb.main of <colcon_core.verb.build.BuildVerb object at 0x7eacb0049720>>, mixin_verb=('build',))
[8.927s] Level 1:colcon.colcon_core.package_discovery:discover_packages(colcon_meta) check parameters
[8.927s] Level 1:colcon.colcon_core.package_discovery:discover_packages(recursive) check parameters
[8.927s] Level 1:colcon.colcon_core.package_discovery:discover_packages(ignore) check parameters
[8.927s] Level 1:colcon.colcon_core.package_discovery:discover_packages(path) check parameters
[8.927s] Level 1:colcon.colcon_core.package_discovery:discover_packages(colcon_meta) discover
[8.927s] Level 1:colcon.colcon_core.package_discovery:discover_packages(recursive) discover
[8.927s] INFO:colcon.colcon_core.package_discovery:Crawling recursively for packages in '/home/joaoferreira/microros_ws'
[8.932s] Level 1:colcon.colcon_core.package_identification:_identify(.) by extensions ['ignore', 'ignore_ament_install']
[8.933s] Level 1:colcon.colcon_core.package_identification:_identify(.) by extension 'ignore'
[8.933s] Level 1:colcon.colcon_core.package_identification:_identify(.) by extension 'ignore_ament_install'
[8.935s] Level 1:colcon.colcon_core.package_identification:_identify(.) by extensions ['colcon_pkg']
[8.935s] Level 1:colcon.colcon_core.package_identification:_identify(.) by extension 'colcon_pkg'
[8.935s] Level 1:colcon.colcon_core.package_identification:_identify(.) by extensions ['colcon_meta']
[8.935s] Level 1:colcon.colcon_core.package_identification:_identify(.) by extension 'colcon_meta'
[8.936s] Level 1:colcon.colcon_core.package_identification:_identify(.) by extensions ['ros']
[8.936s] Level 1:colcon.colcon_core.package_identification:_identify(.) by extension 'ros'
[8.982s] Level 1:colcon.colcon_core.package_identification:_identify(.) by extensions ['cmake', 'python']
[8.982s] Level 1:colcon.colcon_core.package_identification:_identify(.) by extension 'cmake'
[8.982s] Level 1:colcon.colcon_core.package_identification:_identify(.) by extension 'python'
[8.982s] Level 1:colcon.colcon_core.package_identification:_identify(.) by extensions ['python_setup_py']
[8.982s] Level 1:colcon.colcon_core.package_identification:_identify(.) by extension 'python_setup_py'
[8.982s] Level 1:colcon.colcon_core.package_identification:_identify(build) by extensions ['ignore', 'ignore_ament_install']
[8.983s] Level 1:colcon.colcon_core.package_identification:_identify(build) by extension 'ignore'
[8.983s] Level 1:colcon.colcon_core.package_identification:_identify(build) ignored
[8.983s] Level 1:colcon.colcon_core.package_identification:_identify(install) by extensions ['ignore', 'ignore_ament_install']
[8.983s] Level 1:colcon.colcon_core.package_identification:_identify(install) by extension 'ignore'
[8.983s] Level 1:colcon.colcon_core.package_identification:_identify(install) ignored
[8.984s] Level 1:colcon.colcon_core.package_identification:_identify(log) by extensions ['ignore', 'ignore_ament_install']
[8.984s] Level 1:colcon.colcon_core.package_identification:_identify(log) by extension 'ignore'
[8.984s] Level 1:colcon.colcon_core.package_identification:_identify(log) ignored
[8.984s] Level 1:colcon.colcon_core.package_identification:_identify(src) by extensions ['ignore', 'ignore_ament_install']
[8.984s] Level 1:colcon.colcon_core.package_identification:_identify(src) by extension 'ignore'
[8.985s] Level 1:colcon.colcon_core.package_identification:_identify(src) by extension 'ignore_ament_install'
[8.985s] Level 1:colcon.colcon_core.package_identification:_identify(src) by extensions ['colcon_pkg']
[8.985s] Level 1:colcon.colcon_core.package_identification:_identify(src) by extension 'colcon_pkg'
[8.985s] Level 1:colcon.colcon_core.package_identification:_identify(src) by extensions ['colcon_meta']
[8.985s] Level 1:colcon.colcon_core.package_identification:_identify(src) by extension 'colcon_meta'
[8.986s] Level 1:colcon.colcon_core.package_identification:_identify(src) by extensions ['ros']
[8.986s] Level 1:colcon.colcon_core.package_identification:_identify(src) by extension 'ros'
[8.986s] Level 1:colcon.colcon_core.package_identification:_identify(src) by extensions ['cmake', 'python']
[8.986s] Level 1:colcon.colcon_core.package_identification:_identify(src) by extension 'cmake'
[8.986s] Level 1:colcon.colcon_core.package_identification:_identify(src) by extension 'python'
[8.986s] Level 1:colcon.colcon_core.package_identification:_identify(src) by extensions ['python_setup_py']
[8.987s] Level 1:colcon.colcon_core.package_identification:_identify(src) by extension 'python_setup_py'
[8.987s] Level 1:colcon.colcon_core.package_identification:_identify(src/micro_ros_setup) by extensions ['ignore', 'ignore_ament_install']
[8.987s] Level 1:colcon.colcon_core.package_identification:_identify(src/micro_ros_setup) by extension 'ignore'
[8.988s] Level 1:colcon.colcon_core.package_identification:_identify(src/micro_ros_setup) by extension 'ignore_ament_install'
[8.989s] Level 1:colcon.colcon_core.package_identification:_identify(src/micro_ros_setup) by extensions ['colcon_pkg']
[8.989s] Level 1:colcon.colcon_core.package_identification:_identify(src/micro_ros_setup) by extension 'colcon_pkg'
[8.989s] Level 1:colcon.colcon_core.package_identification:_identify(src/micro_ros_setup) by extensions ['colcon_meta']
[8.989s] Level 1:colcon.colcon_core.package_identification:_identify(src/micro_ros_setup) by extension 'colcon_meta'
[8.989s] Level 1:colcon.colcon_core.package_identification:_identify(src/micro_ros_setup) by extensions ['ros']
[8.990s] Level 1:colcon.colcon_core.package_identification:_identify(src/micro_ros_setup) by extension 'ros'
[8.997s] DEBUG:colcon.colcon_core.package_identification:Package 'src/micro_ros_setup' with type 'ros.ament_cmake' and name 'micro_ros_setup'
[8.997s] Level 1:colcon.colcon_core.package_discovery:discover_packages(recursive) using defaults
[8.997s] Level 1:colcon.colcon_core.package_discovery:discover_packages(ignore) discover
[8.998s] Level 1:colcon.colcon_core.package_discovery:discover_packages(ignore) using defaults
[8.998s] Level 1:colcon.colcon_core.package_discovery:discover_packages(path) discover
[8.998s] Level 1:colcon.colcon_core.package_discovery:discover_packages(path) using defaults
[9.602s] Level 1:colcon.colcon_core.package_discovery:discover_packages(prefix_path) check parameters
[9.602s] Level 1:colcon.colcon_core.package_discovery:discover_packages(prefix_path) discover
[9.618s] DEBUG:colcon.colcon_installed_package_information.package_discovery:Found 294 installed packages in /opt/ros/humble
[9.626s] Level 1:colcon.colcon_core.package_discovery:discover_packages(prefix_path) using defaults
[12.764s] Level 5:colcon.colcon_core.verb:set package 'micro_ros_setup' build argument 'cmake_args' from command line to 'None'
[12.764s] Level 5:colcon.colcon_core.verb:set package 'micro_ros_setup' build argument 'cmake_target' from command line to 'None'
[12.764s] Level 5:colcon.colcon_core.verb:set package 'micro_ros_setup' build argument 'cmake_target_skip_unavailable' from command line to 'False'
[12.765s] Level 5:colcon.colcon_core.verb:set package 'micro_ros_setup' build argument 'cmake_clean_cache' from command line to 'False'
[12.765s] Level 5:colcon.colcon_core.verb:set package 'micro_ros_setup' build argument 'cmake_clean_first' from command line to 'False'
[12.765s] Level 5:colcon.colcon_core.verb:set package 'micro_ros_setup' build argument 'cmake_force_configure' from command line to 'False'
[12.765s] Level 5:colcon.colcon_core.verb:set package 'micro_ros_setup' build argument 'ament_cmake_args' from command line to 'None'
[12.765s] Level 5:colcon.colcon_core.verb:set package 'micro_ros_setup' build argument 'catkin_cmake_args' from command line to 'None'
[12.765s] Level 5:colcon.colcon_core.verb:set package 'micro_ros_setup' build argument 'catkin_skip_building_tests' from command line to 'False'
[12.765s] DEBUG:colcon.colcon_core.verb:Building package 'micro_ros_setup' with the following arguments: {'ament_cmake_args': None, 'build_base': '/home/joaoferreira/microros_ws/build/micro_ros_setup', 'catkin_cmake_args': None, 'catkin_skip_building_tests': False, 'cmake_args': None, 'cmake_clean_cache': False, 'cmake_clean_first': False, 'cmake_force_configure': False, 'cmake_target': None, 'cmake_target_skip_unavailable': False, 'install_base': '/home/joaoferreira/microros_ws/install/micro_ros_setup', 'merge_install': False, 'path': '/home/joaoferreira/microros_ws/src/micro_ros_setup', 'symlink_install': False, 'test_result_base': None}
[12.765s] INFO:colcon.colcon_core.executor:Executing jobs using 'parallel' executor
[12.768s] DEBUG:colcon.colcon_parallel_executor.executor.parallel:run_until_complete
[12.768s] INFO:colcon.colcon_ros.task.ament_cmake.build:Building ROS package in '/home/joaoferreira/microros_ws/src/micro_ros_setup' with build type 'ament_cmake'
[12.769s] INFO:colcon.colcon_cmake.task.cmake.build:Building CMake package in '/home/joaoferreira/microros_ws/src/micro_ros_setup'
[12.979s] INFO:colcon.colcon_core.plugin_system:Skipping extension 'colcon_core.shell.bat': Not used on non-Windows systems
[12.979s] INFO:colcon.colcon_core.shell:Skip shell extension 'powershell' for command environment: Not usable outside of PowerShell
[12.979s] DEBUG:colcon.colcon_core.shell:Skip shell extension 'dsv' for command environment
[13.082s] DEBUG:colcon.colcon_core.event_handler.log_command:Invoking command in '/home/joaoferreira/microros_ws/build/micro_ros_setup': CMAKE_PREFIX_PATH=/opt/ros/humble /usr/bin/cmake /home/joaoferreira/microros_ws/src/micro_ros_setup -DCMAKE_INSTALL_PREFIX=/home/joaoferreira/microros_ws/install/micro_ros_setup
[22.035s] DEBUG:colcon.colcon_core.event_handler.log_command:Invoked command in '/home/joaoferreira/microros_ws/build/micro_ros_setup' returned '0': CMAKE_PREFIX_PATH=/opt/ros/humble /usr/bin/cmake /home/joaoferreira/microros_ws/src/micro_ros_setup -DCMAKE_INSTALL_PREFIX=/home/joaoferreira/microros_ws/install/micro_ros_setup
[22.036s] DEBUG:colcon.colcon_core.event_handler.log_command:Invoking command in '/home/joaoferreira/microros_ws/build/micro_ros_setup': CMAKE_PREFIX_PATH=/opt/ros/humble /usr/bin/cmake --build /home/joaoferreira/microros_ws/build/micro_ros_setup -- -j4 -l4
[22.163s] DEBUG:colcon.colcon_core.event_handler.log_command:Invoked command in '/home/joaoferreira/microros_ws/build/micro_ros_setup' returned '0': CMAKE_PREFIX_PATH=/opt/ros/humble /usr/bin/cmake --build /home/joaoferreira/microros_ws/build/micro_ros_setup -- -j4 -l4
[22.209s] DEBUG:colcon.colcon_core.event_handler.log_command:Invoking command in '/home/joaoferreira/microros_ws/build/micro_ros_setup': CMAKE_PREFIX_PATH=/opt/ros/humble /usr/bin/cmake --install /home/joaoferreira/microros_ws/build/micro_ros_setup
[22.414s] Level 1:colcon.colcon_core.environment:create_environment_scripts_only(micro_ros_setup)
[22.424s] DEBUG:colcon.colcon_core.event_handler.log_command:Invoked command in '/home/joaoferreira/microros_ws/build/micro_ros_setup' returned '0': CMAKE_PREFIX_PATH=/opt/ros/humble /usr/bin/cmake --install /home/joaoferreira/microros_ws/build/micro_ros_setup
[22.525s] Level 1:colcon.colcon_core.environment:checking '/home/joaoferreira/microros_ws/install/micro_ros_setup' for CMake module files
[22.526s] Level 1:colcon.colcon_core.environment:checking '/home/joaoferreira/microros_ws/install/micro_ros_setup' for CMake config files
[22.528s] Level 1:colcon.colcon_core.shell:create_environment_hook('micro_ros_setup', 'cmake_prefix_path')
[22.528s] INFO:colcon.colcon_core.shell:Creating environment hook '/home/joaoferreira/microros_ws/install/micro_ros_setup/share/micro_ros_setup/hook/cmake_prefix_path.ps1'
[22.544s] INFO:colcon.colcon_core.shell:Creating environment descriptor '/home/joaoferreira/microros_ws/install/micro_ros_setup/share/micro_ros_setup/hook/cmake_prefix_path.dsv'
[22.563s] INFO:colcon.colcon_core.shell:Creating environment hook '/home/joaoferreira/microros_ws/install/micro_ros_setup/share/micro_ros_setup/hook/cmake_prefix_path.sh'
[22.573s] Level 1:colcon.colcon_core.environment:checking '/home/joaoferreira/microros_ws/install/micro_ros_setup/lib'
[22.574s] Level 1:colcon.colcon_core.environment:checking '/home/joaoferreira/microros_ws/install/micro_ros_setup/bin'
[22.574s] Level 1:colcon.colcon_core.environment:checking '/home/joaoferreira/microros_ws/install/micro_ros_setup/lib/pkgconfig/micro_ros_setup.pc'
[22.574s] Level 1:colcon.colcon_core.environment:checking '/home/joaoferreira/microros_ws/install/micro_ros_setup/lib/python3.10/site-packages'
[22.575s] Level 1:colcon.colcon_core.environment:checking '/home/joaoferreira/microros_ws/install/micro_ros_setup/bin'
[22.576s] INFO:colcon.colcon_core.shell:Creating package script '/home/joaoferreira/microros_ws/install/micro_ros_setup/share/micro_ros_setup/package.ps1'
[22.578s] INFO:colcon.colcon_core.shell:Creating package descriptor '/home/joaoferreira/microros_ws/install/micro_ros_setup/share/micro_ros_setup/package.dsv'
[22.579s] INFO:colcon.colcon_core.shell:Creating package script '/home/joaoferreira/microros_ws/install/micro_ros_setup/share/micro_ros_setup/package.sh'
[22.582s] INFO:colcon.colcon_core.shell:Creating package script '/home/joaoferreira/microros_ws/install/micro_ros_setup/share/micro_ros_setup/package.bash'
[22.591s] INFO:colcon.colcon_core.shell:Creating package script '/home/joaoferreira/microros_ws/install/micro_ros_setup/share/micro_ros_setup/package.zsh'
[22.608s] Level 1:colcon.colcon_core.environment:create_file_with_runtime_dependencies(/home/joaoferreira/microros_ws/install/micro_ros_setup/share/colcon-core/packages/micro_ros_setup)
[22.613s] Level 1:colcon.colcon_core.environment:create_environment_scripts_only(micro_ros_setup)
[22.614s] Level 1:colcon.colcon_core.environment:checking '/home/joaoferreira/microros_ws/install/micro_ros_setup' for CMake module files
[22.615s] Level 1:colcon.colcon_core.environment:checking '/home/joaoferreira/microros_ws/install/micro_ros_setup' for CMake config files
[22.616s] Level 1:colcon.colcon_core.shell:create_environment_hook('micro_ros_setup', 'cmake_prefix_path')
[22.617s] INFO:colcon.colcon_core.shell:Creating environment hook '/home/joaoferreira/microros_ws/install/micro_ros_setup/share/micro_ros_setup/hook/cmake_prefix_path.ps1'
[22.619s] INFO:colcon.colcon_core.shell:Creating environment descriptor '/home/joaoferreira/microros_ws/install/micro_ros_setup/share/micro_ros_setup/hook/cmake_prefix_path.dsv'
[22.620s] INFO:colcon.colcon_core.shell:Creating environment hook '/home/joaoferreira/microros_ws/install/micro_ros_setup/share/micro_ros_setup/hook/cmake_prefix_path.sh'
[22.622s] Level 1:colcon.colcon_core.environment:checking '/home/joaoferreira/microros_ws/install/micro_ros_setup/lib'
[22.622s] Level 1:colcon.colcon_core.environment:checking '/home/joaoferreira/microros_ws/install/micro_ros_setup/bin'
[22.622s] Level 1:colcon.colcon_core.environment:checking '/home/joaoferreira/microros_ws/install/micro_ros_setup/lib/pkgconfig/micro_ros_setup.pc'
[22.622s] Level 1:colcon.colcon_core.environment:checking '/home/joaoferreira/microros_ws/install/micro_ros_setup/lib/python3.10/site-packages'
[22.623s] Level 1:colcon.colcon_core.environment:checking '/home/joaoferreira/microros_ws/install/micro_ros_setup/bin'
[22.624s] INFO:colcon.colcon_core.shell:Creating package script '/home/joaoferreira/microros_ws/install/micro_ros_setup/share/micro_ros_setup/package.ps1'
[22.625s] INFO:colcon.colcon_core.shell:Creating package descriptor '/home/joaoferreira/microros_ws/install/micro_ros_setup/share/micro_ros_setup/package.dsv'
[22.627s] INFO:colcon.colcon_core.shell:Creating package script '/home/joaoferreira/microros_ws/install/micro_ros_setup/share/micro_ros_setup/package.sh'
[22.628s] INFO:colcon.colcon_core.shell:Creating package script '/home/joaoferreira/microros_ws/install/micro_ros_setup/share/micro_ros_setup/package.bash'
[22.629s] INFO:colcon.colcon_core.shell:Creating package script '/home/joaoferreira/microros_ws/install/micro_ros_setup/share/micro_ros_setup/package.zsh'
[22.631s] Level 1:colcon.colcon_core.environment:create_file_with_runtime_dependencies(/home/joaoferreira/microros_ws/install/micro_ros_setup/share/colcon-core/packages/micro_ros_setup)
[22.631s] DEBUG:colcon.colcon_parallel_executor.executor.parallel:closing loop
[22.633s] DEBUG:colcon.colcon_parallel_executor.executor.parallel:loop closed
[22.634s] DEBUG:colcon.colcon_parallel_executor.executor.parallel:run_until_complete finished with '0'
[22.639s] DEBUG:colcon.colcon_core.event_reactor:joining thread
[22.776s] INFO:colcon.colcon_core.plugin_system:Skipping extension 'colcon_notification.desktop_notification.terminal_notifier': Not used on non-Darwin systems
[22.776s] INFO:colcon.colcon_core.plugin_system:Skipping extension 'colcon_notification.desktop_notification.win32': Not used on non-Windows systems
[22.776s] INFO:colcon.colcon_notification.desktop_notification:Sending desktop notification using 'notify2'
[23.109s] DEBUG:colcon.colcon_core.event_reactor:joined thread
[23.110s] INFO:colcon.colcon_core.shell:Creating prefix script '/home/joaoferreira/microros_ws/install/local_setup.ps1'
[23.129s] INFO:colcon.colcon_core.shell:Creating prefix util module '/home/joaoferreira/microros_ws/install/_local_setup_util_ps1.py'
[23.165s] INFO:colcon.colcon_core.shell:Creating prefix chain script '/home/joaoferreira/microros_ws/install/setup.ps1'
[23.177s] INFO:colcon.colcon_core.shell:Creating prefix script '/home/joaoferreira/microros_ws/install/local_setup.sh'
[23.184s] INFO:colcon.colcon_core.shell:Creating prefix util module '/home/joaoferreira/microros_ws/install/_local_setup_util_sh.py'
[23.189s] INFO:colcon.colcon_core.shell:Creating prefix chain script '/home/joaoferreira/microros_ws/install/setup.sh'
[23.201s] INFO:colcon.colcon_core.shell:Creating prefix script '/home/joaoferreira/microros_ws/install/local_setup.bash'
[23.204s] INFO:colcon.colcon_core.shell:Creating prefix chain script '/home/joaoferreira/microros_ws/install/setup.bash'
[23.215s] INFO:colcon.colcon_core.shell:Creating prefix script '/home/joaoferreira/microros_ws/install/local_setup.zsh'
[23.240s] INFO:colcon.colcon_core.shell:Creating prefix chain script '/home/joaoferreira/microros_ws/install/setup.zsh'
