[1.503s] Invoking command in '/home/joaoferreira/beta/src/beta_controller': PYTHONPATH=/home/joaoferreira/beta/build/beta_controller/prefix_override:/usr/lib/python3/dist-packages/colcon_core/task/python/colcon_distutils_commands:/home/joaoferreira/beta/install/beta_controller/lib/python3.10/site-packages:${PYTHONPATH} /usr/bin/python3 -W ignore:setup.py install is deprecated -W ignore:easy_install command is deprecated setup.py egg_info --egg-base ../../build/beta_controller build --build-base /home/joaoferreira/beta/build/beta_controller/build install --record /home/joaoferreira/beta/build/beta_controller/install.log --single-version-externally-managed install_data
[1.851s] running egg_info
[1.852s] writing ../../build/beta_controller/beta_controller.egg-info/PKG-INFO
[1.852s] writing dependency_links to ../../build/beta_controller/beta_controller.egg-info/dependency_links.txt
[1.853s] writing entry points to ../../build/beta_controller/beta_controller.egg-info/entry_points.txt
[1.853s] writing requirements to ../../build/beta_controller/beta_controller.egg-info/requires.txt
[1.854s] writing top-level names to ../../build/beta_controller/beta_controller.egg-info/top_level.txt
[1.857s] reading manifest file '../../build/beta_controller/beta_controller.egg-info/SOURCES.txt'
[1.859s] writing manifest file '../../build/beta_controller/beta_controller.egg-info/SOURCES.txt'
[1.860s] running build
[1.860s] running build_py
[1.860s] copying beta_controller/beta_motion_planner.py -> /home/joaoferreira/beta/build/beta_controller/build/lib/beta_controller
[1.861s] running install
[1.861s] running install_lib
[1.866s] copying /home/joaoferreira/beta/build/beta_controller/build/lib/beta_controller/beta_motion_planner.py -> /home/joaoferreira/beta/install/beta_controller/lib/python3.10/site-packages/beta_controller
[1.867s] byte-compiling /home/joaoferreira/beta/install/beta_controller/lib/python3.10/site-packages/beta_controller/beta_motion_planner.py to beta_motion_planner.cpython-310.pyc
[1.872s] running install_data
[1.872s] running install_egg_info
[1.875s] removing '/home/joaoferreira/beta/install/beta_controller/lib/python3.10/site-packages/beta_controller-0.0.0-py3.10.egg-info' (and everything under it)
[1.876s] Copying ../../build/beta_controller/beta_controller.egg-info to /home/joaoferreira/beta/install/beta_controller/lib/python3.10/site-packages/beta_controller-0.0.0-py3.10.egg-info
[1.878s] running install_scripts
[1.933s] Installing beta_gui script to /home/joaoferreira/beta/install/beta_controller/lib/beta_controller
[1.935s] Installing beta_motion_planner script to /home/joaoferreira/beta/install/beta_controller/lib/beta_controller
[1.935s] writing list of installed files to '/home/joaoferreira/beta/build/beta_controller/install.log'
[2.009s] Invoked command in '/home/joaoferreira/beta/src/beta_controller' returned '0': PYTHONPATH=/home/joaoferreira/beta/build/beta_controller/prefix_override:/usr/lib/python3/dist-packages/colcon_core/task/python/colcon_distutils_commands:/home/joaoferreira/beta/install/beta_controller/lib/python3.10/site-packages:${PYTHONPATH} /usr/bin/python3 -W ignore:setup.py install is deprecated -W ignore:easy_install command is deprecated setup.py egg_info --egg-base ../../build/beta_controller build --build-base /home/joaoferreira/beta/build/beta_controller/build install --record /home/joaoferreira/beta/build/beta_controller/install.log --single-version-externally-managed install_data
