[7.220s] Invoking command in '/home/joaoferreira/beta/build/micro_ros_setup': CMAKE_PREFIX_PATH=${CMAKE_PREFIX_PATH}:/home/joaoferreira/beta/install/beta_controller:/opt/ros/humble /usr/bin/cmake --build /home/joaoferreira/beta/build/micro_ros_setup -- -j4 -l4
[9.343s] Invoked command in '/home/joaoferreira/beta/build/micro_ros_setup' returned '0': CMAKE_PREFIX_PATH=${CMAKE_PREFIX_PATH}:/home/joaoferreira/beta/install/beta_controller:/opt/ros/humble /usr/bin/cmake --build /home/joaoferreira/beta/build/micro_ros_setup -- -j4 -l4
[9.386s] Invoking command in '/home/joaoferreira/beta/build/micro_ros_setup': CMAKE_PREFIX_PATH=${CMAKE_PREFIX_PATH}:/home/joaoferreira/beta/install/beta_controller:/opt/ros/humble /usr/bin/cmake --install /home/joaoferreira/beta/build/micro_ros_setup
[9.421s] -- Install configuration: ""
[9.421s] -- Up-to-date: /home/joaoferreira/beta/install/micro_ros_setup/share/ament_index/resource_index/package_run_dependencies/micro_ros_setup
[9.488s] -- Up-to-date: /home/joaoferreira/beta/install/micro_ros_setup/share/ament_index/resource_index/parent_prefix_path/micro_ros_setup
[9.496s] -- Up-to-date: /home/joaoferreira/beta/install/micro_ros_setup/share/micro_ros_setup/environment/ament_prefix_path.sh
[9.496s] -- Up-to-date: /home/joaoferreira/beta/install/micro_ros_setup/share/micro_ros_setup/environment/ament_prefix_path.dsv
[9.496s] -- Up-to-date: /home/joaoferreira/beta/install/micro_ros_setup/share/micro_ros_setup/environment/path.sh
[9.496s] -- Up-to-date: /home/joaoferreira/beta/install/micro_ros_setup/share/micro_ros_setup/environment/path.dsv
[9.496s] -- Up-to-date: /home/joaoferreira/beta/install/micro_ros_setup/share/micro_ros_setup/local_setup.bash
[9.497s] -- Up-to-date: /home/joaoferreira/beta/install/micro_ros_setup/share/micro_ros_setup/local_setup.sh
[9.497s] -- Up-to-date: /home/joaoferreira/beta/install/micro_ros_setup/share/micro_ros_setup/local_setup.zsh
[9.497s] -- Up-to-date: /home/joaoferreira/beta/install/micro_ros_setup/share/micro_ros_setup/local_setup.dsv
[9.497s] -- Installing: /home/joaoferreira/beta/install/micro_ros_setup/share/micro_ros_setup/package.dsv
[9.823s] -- Up-to-date: /home/joaoferreira/beta/install/micro_ros_setup/share/ament_index/resource_index/packages/micro_ros_setup
[9.826s] -- Up-to-date: /home/joaoferreira/beta/install/micro_ros_setup/share/micro_ros_setup/cmake/micro_ros_setupConfig.cmake
[9.826s] -- Up-to-date: /home/joaoferreira/beta/install/micro_ros_setup/share/micro_ros_setup/cmake/micro_ros_setupConfig-version.cmake
[9.826s] -- Up-to-date: /home/joaoferreira/beta/install/micro_ros_setup/share/micro_ros_setup/package.xml
[9.827s] -- Up-to-date: /home/joaoferreira/beta/install/micro_ros_setup/./config
[10.032s] -- Up-to-date: /home/joaoferreira/beta/install/micro_ros_setup/./config/mbed
[10.033s] -- Up-to-date: /home/joaoferreira/beta/install/micro_ros_setup/./config/mbed/dev_uros_packages.repos
[10.034s] -- Up-to-date: /home/joaoferreira/beta/install/micro_ros_setup/./config/mbed/dev_ros2_packages.txt
[10.034s] -- Up-to-date: /home/joaoferreira/beta/install/micro_ros_setup/./config/mbed/generic
[10.275s] -- Up-to-date: /home/joaoferreira/beta/install/micro_ros_setup/./config/mbed/generic/supported_platforms
[10.275s] -- Up-to-date: /home/joaoferreira/beta/install/micro_ros_setup/./config/mbed/generic/flash.sh
[10.276s] -- Up-to-date: /home/joaoferreira/beta/install/micro_ros_setup/./config/mbed/generic/client_uros_packages.repos
[10.276s] -- Up-to-date: /home/joaoferreira/beta/install/micro_ros_setup/./config/mbed/generic/build.sh
[10.276s] -- Up-to-date: /home/joaoferreira/beta/install/micro_ros_setup/./config/mbed/generic/board.repos
[10.277s] -- Up-to-date: /home/joaoferreira/beta/install/micro_ros_setup/./config/mbed/generic/package.xml
[10.277s] -- Up-to-date: /home/joaoferreira/beta/install/micro_ros_setup/./config/mbed/generic/create.sh
[10.278s] -- Up-to-date: /home/joaoferreira/beta/install/micro_ros_setup/./config/mbed/list_apps.sh
[10.278s] -- Up-to-date: /home/joaoferreira/beta/install/micro_ros_setup/./config/agent_ros2_packages.txt
[10.278s] -- Up-to-date: /home/joaoferreira/beta/install/micro_ros_setup/./config/utils.sh
[10.279s] -- Up-to-date: /home/joaoferreira/beta/install/micro_ros_setup/./config/client_ros2_packages.txt
[10.279s] -- Up-to-date: /home/joaoferreira/beta/install/micro_ros_setup/./config/agent_uros_packages.repos
[10.279s] -- Up-to-date: /home/joaoferreira/beta/install/micro_ros_setup/./config/host
[10.292s] -- Up-to-date: /home/joaoferreira/beta/install/micro_ros_setup/./config/host/dev_uros_packages.repos
[10.293s] -- Up-to-date: /home/joaoferreira/beta/install/micro_ros_setup/./config/host/dev_ros2_packages.txt
[10.293s] -- Up-to-date: /home/joaoferreira/beta/install/micro_ros_setup/./config/host/generic
[10.303s] -- Up-to-date: /home/joaoferreira/beta/install/micro_ros_setup/./config/host/generic/client_host_packages.repos
[10.303s] -- Up-to-date: /home/joaoferreira/beta/install/micro_ros_setup/./config/host/generic/flash.sh
[10.303s] -- Up-to-date: /home/joaoferreira/beta/install/micro_ros_setup/./config/host/generic/build.sh
[10.304s] -- Up-to-date: /home/joaoferreira/beta/install/micro_ros_setup/./config/host/generic/client-host-colcon.meta
[10.304s] -- Up-to-date: /home/joaoferreira/beta/install/micro_ros_setup/./config/host/generic/package.xml
[10.304s] -- Up-to-date: /home/joaoferreira/beta/install/micro_ros_setup/./config/host/generic/create.sh
[10.304s] -- Up-to-date: /home/joaoferreira/beta/install/micro_ros_setup/./config/host/client_ros2_packages.txt
[10.305s] -- Up-to-date: /home/joaoferreira/beta/install/micro_ros_setup/./config/freertos
[10.317s] -- Up-to-date: /home/joaoferreira/beta/install/micro_ros_setup/./config/freertos/nucleo_f746zg
[10.344s] -- Up-to-date: /home/joaoferreira/beta/install/micro_ros_setup/./config/freertos/nucleo_f746zg/configure.sh
[10.344s] -- Up-to-date: /home/joaoferreira/beta/install/micro_ros_setup/./config/freertos/nucleo_f746zg/flash.sh
[10.344s] -- Up-to-date: /home/joaoferreira/beta/install/micro_ros_setup/./config/freertos/nucleo_f746zg/client-colcon.meta
[10.345s] -- Up-to-date: /home/joaoferreira/beta/install/micro_ros_setup/./config/freertos/nucleo_f746zg/client_uros_packages.repos
[10.345s] -- Up-to-date: /home/joaoferreira/beta/install/micro_ros_setup/./config/freertos/nucleo_f746zg/build.sh
[10.345s] -- Up-to-date: /home/joaoferreira/beta/install/micro_ros_setup/./config/freertos/nucleo_f746zg/board.repos
[10.345s] -- Up-to-date: /home/joaoferreira/beta/install/micro_ros_setup/./config/freertos/nucleo_f746zg/package.xml
[10.345s] -- Up-to-date: /home/joaoferreira/beta/install/micro_ros_setup/./config/freertos/nucleo_f746zg/create.sh
[10.346s] -- Up-to-date: /home/joaoferreira/beta/install/micro_ros_setup/./config/freertos/dev_uros_packages.repos
[10.346s] -- Up-to-date: /home/joaoferreira/beta/install/micro_ros_setup/./config/freertos/nucleo_f767zi
[10.354s] -- Up-to-date: /home/joaoferreira/beta/install/micro_ros_setup/./config/freertos/nucleo_f767zi/configure.sh
[10.355s] -- Up-to-date: /home/joaoferreira/beta/install/micro_ros_setup/./config/freertos/nucleo_f767zi/flash.sh
[10.355s] -- Up-to-date: /home/joaoferreira/beta/install/micro_ros_setup/./config/freertos/nucleo_f767zi/client-colcon.meta
[10.355s] -- Up-to-date: /home/joaoferreira/beta/install/micro_ros_setup/./config/freertos/nucleo_f767zi/client_uros_packages.repos
[10.355s] -- Up-to-date: /home/joaoferreira/beta/install/micro_ros_setup/./config/freertos/nucleo_f767zi/build.sh
[10.356s] -- Up-to-date: /home/joaoferreira/beta/install/micro_ros_setup/./config/freertos/nucleo_f767zi/board.repos
[10.356s] -- Up-to-date: /home/joaoferreira/beta/install/micro_ros_setup/./config/freertos/nucleo_f767zi/package.xml
[10.356s] -- Up-to-date: /home/joaoferreira/beta/install/micro_ros_setup/./config/freertos/nucleo_f767zi/create.sh
[10.356s] -- Up-to-date: /home/joaoferreira/beta/install/micro_ros_setup/./config/freertos/dev_ros2_packages.txt
[10.356s] -- Up-to-date: /home/joaoferreira/beta/install/micro_ros_setup/./config/freertos/crazyflie21
[10.385s] -- Up-to-date: /home/joaoferreira/beta/install/micro_ros_setup/./config/freertos/crazyflie21/configure.sh
[10.385s] -- Up-to-date: /home/joaoferreira/beta/install/micro_ros_setup/./config/freertos/crazyflie21/flash.sh
[10.385s] -- Up-to-date: /home/joaoferreira/beta/install/micro_ros_setup/./config/freertos/crazyflie21/client-colcon.meta
[10.386s] -- Up-to-date: /home/joaoferreira/beta/install/micro_ros_setup/./config/freertos/crazyflie21/client_uros_packages.repos
[10.386s] -- Up-to-date: /home/joaoferreira/beta/install/micro_ros_setup/./config/freertos/crazyflie21/build.sh
[10.386s] -- Up-to-date: /home/joaoferreira/beta/install/micro_ros_setup/./config/freertos/crazyflie21/board.repos
[10.386s] -- Up-to-date: /home/joaoferreira/beta/install/micro_ros_setup/./config/freertos/crazyflie21/package.xml
[10.386s] -- Up-to-date: /home/joaoferreira/beta/install/micro_ros_setup/./config/freertos/crazyflie21/create.sh
[10.387s] -- Up-to-date: /home/joaoferreira/beta/install/micro_ros_setup/./config/freertos/nucleo_f446re
[10.390s] -- Up-to-date: /home/joaoferreira/beta/install/micro_ros_setup/./config/freertos/nucleo_f446re/configure.sh
[10.390s] -- Up-to-date: /home/joaoferreira/beta/install/micro_ros_setup/./config/freertos/nucleo_f446re/flash.sh
[10.391s] -- Up-to-date: /home/joaoferreira/beta/install/micro_ros_setup/./config/freertos/nucleo_f446re/client-colcon.meta
[10.391s] -- Up-to-date: /home/joaoferreira/beta/install/micro_ros_setup/./config/freertos/nucleo_f446re/client_uros_packages.repos
[10.391s] -- Up-to-date: /home/joaoferreira/beta/install/micro_ros_setup/./config/freertos/nucleo_f446re/build.sh
[10.391s] -- Up-to-date: /home/joaoferreira/beta/install/micro_ros_setup/./config/freertos/nucleo_f446re/board.repos
[10.392s] -- Up-to-date: /home/joaoferreira/beta/install/micro_ros_setup/./config/freertos/nucleo_f446re/package.xml
[10.392s] -- Up-to-date: /home/joaoferreira/beta/install/micro_ros_setup/./config/freertos/nucleo_f446re/create.sh
[10.392s] -- Up-to-date: /home/joaoferreira/beta/install/micro_ros_setup/./config/freertos/list_apps.sh
[10.392s] -- Up-to-date: /home/joaoferreira/beta/install/micro_ros_setup/./config/freertos/nucleo_f446ze
[10.409s] -- Up-to-date: /home/joaoferreira/beta/install/micro_ros_setup/./config/freertos/nucleo_f446ze/configure.sh
[10.410s] -- Up-to-date: /home/joaoferreira/beta/install/micro_ros_setup/./config/freertos/nucleo_f446ze/flash.sh
[10.410s] -- Up-to-date: /home/joaoferreira/beta/install/micro_ros_setup/./config/freertos/nucleo_f446ze/client-colcon.meta
[10.410s] -- Up-to-date: /home/joaoferreira/beta/install/micro_ros_setup/./config/freertos/nucleo_f446ze/client_uros_packages.repos
[10.411s] -- Up-to-date: /home/joaoferreira/beta/install/micro_ros_setup/./config/freertos/nucleo_f446ze/build.sh
[10.411s] -- Up-to-date: /home/joaoferreira/beta/install/micro_ros_setup/./config/freertos/nucleo_f446ze/board.repos
[10.411s] -- Up-to-date: /home/joaoferreira/beta/install/micro_ros_setup/./config/freertos/nucleo_f446ze/package.xml
[10.412s] -- Up-to-date: /home/joaoferreira/beta/install/micro_ros_setup/./config/freertos/nucleo_f446ze/create.sh
[10.412s] -- Up-to-date: /home/joaoferreira/beta/install/micro_ros_setup/./config/freertos/olimex-stm32-e407
[10.412s] -- Up-to-date: /home/joaoferreira/beta/install/micro_ros_setup/./config/freertos/olimex-stm32-e407/configure.sh
[10.413s] -- Up-to-date: /home/joaoferreira/beta/install/micro_ros_setup/./config/freertos/olimex-stm32-e407/flash.sh
[10.413s] -- Up-to-date: /home/joaoferreira/beta/install/micro_ros_setup/./config/freertos/olimex-stm32-e407/client-colcon.meta
[10.413s] -- Up-to-date: /home/joaoferreira/beta/install/micro_ros_setup/./config/freertos/olimex-stm32-e407/client_uros_packages.repos
[10.414s] -- Up-to-date: /home/joaoferreira/beta/install/micro_ros_setup/./config/freertos/olimex-stm32-e407/build.sh
[10.414s] -- Up-to-date: /home/joaoferreira/beta/install/micro_ros_setup/./config/freertos/olimex-stm32-e407/board.repos
[10.414s] -- Up-to-date: /home/joaoferreira/beta/install/micro_ros_setup/./config/freertos/olimex-stm32-e407/package.xml
[10.414s] -- Up-to-date: /home/joaoferreira/beta/install/micro_ros_setup/./config/freertos/olimex-stm32-e407/create.sh
[10.415s] -- Up-to-date: /home/joaoferreira/beta/install/micro_ros_setup/./config/freertos/esp32
[10.420s] -- Up-to-date: /home/joaoferreira/beta/install/micro_ros_setup/./config/freertos/esp32/configure.sh
[10.421s] -- Up-to-date: /home/joaoferreira/beta/install/micro_ros_setup/./config/freertos/esp32/flash.sh
[10.421s] -- Up-to-date: /home/joaoferreira/beta/install/micro_ros_setup/./config/freertos/esp32/client-colcon.meta
[10.421s] -- Up-to-date: /home/joaoferreira/beta/install/micro_ros_setup/./config/freertos/esp32/client_uros_packages.repos
[10.422s] -- Up-to-date: /home/joaoferreira/beta/install/micro_ros_setup/./config/freertos/esp32/build.sh
[10.422s] -- Up-to-date: /home/joaoferreira/beta/install/micro_ros_setup/./config/freertos/esp32/board.repos
[10.422s] -- Up-to-date: /home/joaoferreira/beta/install/micro_ros_setup/./config/freertos/esp32/package.xml
[10.423s] -- Up-to-date: /home/joaoferreira/beta/install/micro_ros_setup/./config/freertos/esp32/create.sh
[10.423s] -- Up-to-date: /home/joaoferreira/beta/install/micro_ros_setup/./config/freertos/esp32/README.md
[10.423s] -- Up-to-date: /home/joaoferreira/beta/install/micro_ros_setup/./config/raspbian
[10.423s] -- Up-to-date: /home/joaoferreira/beta/install/micro_ros_setup/./config/raspbian/dev_uros_packages.repos
[10.423s] -- Up-to-date: /home/joaoferreira/beta/install/micro_ros_setup/./config/raspbian/dev_ros2_packages.txt
[10.423s] -- Up-to-date: /home/joaoferreira/beta/install/micro_ros_setup/./config/raspbian/generic
[10.437s] -- Up-to-date: /home/joaoferreira/beta/install/micro_ros_setup/./config/raspbian/generic/configure.sh
[10.438s] -- Up-to-date: /home/joaoferreira/beta/install/micro_ros_setup/./config/raspbian/generic/supported_platforms
[10.438s] -- Up-to-date: /home/joaoferreira/beta/install/micro_ros_setup/./config/raspbian/generic/flash.sh
[10.438s] -- Up-to-date: /home/joaoferreira/beta/install/micro_ros_setup/./config/raspbian/generic/client-colcon.meta
[10.438s] -- Up-to-date: /home/joaoferreira/beta/install/micro_ros_setup/./config/raspbian/generic/client_uros_packages.repos
[10.439s] -- Up-to-date: /home/joaoferreira/beta/install/micro_ros_setup/./config/raspbian/generic/build.sh
[10.439s] -- Up-to-date: /home/joaoferreira/beta/install/micro_ros_setup/./config/raspbian/generic/create.sh
[10.439s] -- Up-to-date: /home/joaoferreira/beta/install/micro_ros_setup/./config/generate_lib
[10.517s] -- Up-to-date: /home/joaoferreira/beta/install/micro_ros_setup/./config/generate_lib/dev_uros_packages.repos
[10.518s] -- Up-to-date: /home/joaoferreira/beta/install/micro_ros_setup/./config/generate_lib/dev_ros2_packages.txt
[10.518s] -- Up-to-date: /home/joaoferreira/beta/install/micro_ros_setup/./config/generate_lib/generic
[10.519s] -- Up-to-date: /home/joaoferreira/beta/install/micro_ros_setup/./config/generate_lib/generic/flash.sh
[10.519s] -- Up-to-date: /home/joaoferreira/beta/install/micro_ros_setup/./config/generate_lib/generic/client-colcon.meta
[10.519s] -- Up-to-date: /home/joaoferreira/beta/install/micro_ros_setup/./config/generate_lib/generic/client_uros_packages.repos
[10.519s] -- Up-to-date: /home/joaoferreira/beta/install/micro_ros_setup/./config/generate_lib/generic/build.sh
[10.519s] -- Up-to-date: /home/joaoferreira/beta/install/micro_ros_setup/./config/generate_lib/generic/package.xml
[10.520s] -- Up-to-date: /home/joaoferreira/beta/install/micro_ros_setup/./config/generate_lib/generic/create.sh
[10.520s] -- Up-to-date: /home/joaoferreira/beta/install/micro_ros_setup/./config/generate_lib/generic/demo_toolchain.cmake
[10.520s] -- Up-to-date: /home/joaoferreira/beta/install/micro_ros_setup/./config/renesas_ra
[10.525s] -- Up-to-date: /home/joaoferreira/beta/install/micro_ros_setup/./config/renesas_ra/dev_uros_packages.repos
[10.525s] -- Up-to-date: /home/joaoferreira/beta/install/micro_ros_setup/./config/renesas_ra/dev_ros2_packages.txt
[10.526s] -- Up-to-date: /home/joaoferreira/beta/install/micro_ros_setup/./config/renesas_ra/ra6m5
[10.539s] -- Up-to-date: /home/joaoferreira/beta/install/micro_ros_setup/./config/renesas_ra/ra6m5/configure.sh
[10.539s] -- Up-to-date: /home/joaoferreira/beta/install/micro_ros_setup/./config/renesas_ra/ra6m5/flash.sh
[10.539s] -- Up-to-date: /home/joaoferreira/beta/install/micro_ros_setup/./config/renesas_ra/ra6m5/client-colcon.meta
[10.539s] -- Up-to-date: /home/joaoferreira/beta/install/micro_ros_setup/./config/renesas_ra/ra6m5/client_uros_packages.repos
[10.540s] -- Up-to-date: /home/joaoferreira/beta/install/micro_ros_setup/./config/renesas_ra/ra6m5/build.sh
[10.540s] -- Up-to-date: /home/joaoferreira/beta/install/micro_ros_setup/./config/renesas_ra/ra6m5/board.repos
[10.540s] -- Up-to-date: /home/joaoferreira/beta/install/micro_ros_setup/./config/renesas_ra/ra6m5/create.sh
[10.540s] -- Up-to-date: /home/joaoferreira/beta/install/micro_ros_setup/./config/renesas_ra/list_apps.sh
[10.540s] -- Up-to-date: /home/joaoferreira/beta/install/micro_ros_setup/./config/android
[10.578s] -- Up-to-date: /home/joaoferreira/beta/install/micro_ros_setup/./config/android/dev_uros_packages.repos
[10.579s] -- Up-to-date: /home/joaoferreira/beta/install/micro_ros_setup/./config/android/dev_ros2_packages.txt
[10.579s] -- Up-to-date: /home/joaoferreira/beta/install/micro_ros_setup/./config/android/generic
[10.593s] -- Up-to-date: /home/joaoferreira/beta/install/micro_ros_setup/./config/android/generic/flash.sh
[10.593s] -- Up-to-date: /home/joaoferreira/beta/install/micro_ros_setup/./config/android/generic/client-colcon.meta
[10.593s] -- Up-to-date: /home/joaoferreira/beta/install/micro_ros_setup/./config/android/generic/client_uros_packages.repos
[10.594s] -- Up-to-date: /home/joaoferreira/beta/install/micro_ros_setup/./config/android/generic/build.sh
[10.594s] -- Up-to-date: /home/joaoferreira/beta/install/micro_ros_setup/./config/android/generic/package.xml
[10.594s] -- Up-to-date: /home/joaoferreira/beta/install/micro_ros_setup/./config/android/generic/create.sh
[10.594s] -- Up-to-date: /home/joaoferreira/beta/install/micro_ros_setup/./config/zephyr
[10.602s] -- Up-to-date: /home/joaoferreira/beta/install/micro_ros_setup/./config/zephyr/dev_uros_packages.repos
[10.602s] -- Up-to-date: /home/joaoferreira/beta/install/micro_ros_setup/./config/zephyr/dev_ros2_packages.txt
[10.602s] -- Up-to-date: /home/joaoferreira/beta/install/micro_ros_setup/./config/zephyr/generic
[10.612s] -- Up-to-date: /home/joaoferreira/beta/install/micro_ros_setup/./config/zephyr/generic/configure.sh
[10.613s] -- Up-to-date: /home/joaoferreira/beta/install/micro_ros_setup/./config/zephyr/generic/supported_platforms
[10.613s] -- Up-to-date: /home/joaoferreira/beta/install/micro_ros_setup/./config/zephyr/generic/flash.sh
[10.613s] -- Up-to-date: /home/joaoferreira/beta/install/micro_ros_setup/./config/zephyr/generic/client-colcon.meta
[10.613s] -- Up-to-date: /home/joaoferreira/beta/install/micro_ros_setup/./config/zephyr/generic/client_uros_packages.repos
[10.614s] -- Up-to-date: /home/joaoferreira/beta/install/micro_ros_setup/./config/zephyr/generic/build.sh
[10.614s] -- Up-to-date: /home/joaoferreira/beta/install/micro_ros_setup/./config/zephyr/generic/board.repos
[10.614s] -- Up-to-date: /home/joaoferreira/beta/install/micro_ros_setup/./config/zephyr/generic/package.xml
[10.615s] -- Up-to-date: /home/joaoferreira/beta/install/micro_ros_setup/./config/zephyr/generic/create.sh
[10.615s] -- Up-to-date: /home/joaoferreira/beta/install/micro_ros_setup/./config/zephyr/list_apps.sh
[10.615s] -- Up-to-date: /home/joaoferreira/beta/install/micro_ros_setup/./config/client_uros_packages.repos
[10.644s] -- Up-to-date: /home/joaoferreira/beta/install/micro_ros_setup/lib/micro_ros_setup/create_ws.sh
[10.645s] -- Up-to-date: /home/joaoferreira/beta/install/micro_ros_setup/lib/micro_ros_setup/create_agent_ws.sh
[10.645s] -- Up-to-date: /home/joaoferreira/beta/install/micro_ros_setup/lib/micro_ros_setup/create_firmware_ws.sh
[10.645s] -- Up-to-date: /home/joaoferreira/beta/install/micro_ros_setup/lib/micro_ros_setup/configure_firmware.sh
[10.646s] -- Up-to-date: /home/joaoferreira/beta/install/micro_ros_setup/lib/micro_ros_setup/flash_firmware.sh
[10.646s] -- Up-to-date: /home/joaoferreira/beta/install/micro_ros_setup/lib/micro_ros_setup/build_firmware.sh
[10.646s] -- Up-to-date: /home/joaoferreira/beta/install/micro_ros_setup/lib/micro_ros_setup/build_agent.sh
[10.646s] -- Up-to-date: /home/joaoferreira/beta/install/micro_ros_setup/lib/micro_ros_setup/yaml_filter.py
[10.647s] -- Up-to-date: /home/joaoferreira/beta/install/micro_ros_setup/lib/micro_ros_setup/clean_env.sh
[10.647s] -- Up-to-date: /home/joaoferreira/beta/install/micro_ros_setup/lib/micro_ros_setup/component
[10.649s] Invoked command in '/home/joaoferreira/beta/build/micro_ros_setup' returned '0': CMAKE_PREFIX_PATH=${CMAKE_PREFIX_PATH}:/home/joaoferreira/beta/install/beta_controller:/opt/ros/humble /usr/bin/cmake --install /home/joaoferreira/beta/build/micro_ros_setup
