[1.526s] DEBUG:colcon:Command line arguments: ['/usr/bin/colcon', 'build']
[1.527s] DEBUG:colcon:Parsed command line arguments: Namespace(log_base=None, log_level=None, verb_name='build', build_base='build', install_base='install', merge_install=False, symlink_install=False, test_result_base=None, continue_on_error=False, executor='parallel', parallel_workers=4, event_handlers=None, ignore_user_meta=False, metas=['./colcon.meta'], base_paths=['.'], packages_ignore=None, packages_ignore_regex=None, paths=None, packages_up_to=None, packages_up_to_regex=None, packages_above=None, packages_above_and_dependencies=None, packages_above_depth=None, packages_select_by_dep=None, packages_skip_by_dep=None, packages_skip_up_to=None, packages_select_build_failed=False, packages_skip_build_finished=False, packages_select_test_failures=False, packages_skip_test_passed=False, packages_select=None, packages_skip=None, packages_select_regex=None, packages_skip_regex=None, packages_start=None, packages_end=None, allow_overriding=[], cmake_args=None, cmake_target=None, cmake_target_skip_unavailable=False, cmake_clean_cache=False, cmake_clean_first=False, cmake_force_configure=False, ament_cmake_args=None, catkin_cmake_args=None, catkin_skip_building_tests=False, mixin_files=None, mixin=None, verb_parser=<colcon_mixin.mixin.mixin_argument.MixinArgumentDecorator object at 0x7d235a808e50>, verb_extension=<colcon_core.verb.build.BuildVerb object at 0x7d235a808790>, main=<bound method BuildVerb.main of <colcon_core.verb.build.BuildVerb object at 0x7d235a808790>>, mixin_verb=('build',))
[3.754s] Level 1:colcon.colcon_core.package_discovery:discover_packages(colcon_meta) check parameters
[3.754s] Level 1:colcon.colcon_core.package_discovery:discover_packages(recursive) check parameters
[3.755s] Level 1:colcon.colcon_core.package_discovery:discover_packages(ignore) check parameters
[3.755s] Level 1:colcon.colcon_core.package_discovery:discover_packages(path) check parameters
[3.755s] Level 1:colcon.colcon_core.package_discovery:discover_packages(colcon_meta) discover
[3.755s] Level 1:colcon.colcon_core.package_discovery:discover_packages(recursive) discover
[3.755s] INFO:colcon.colcon_core.package_discovery:Crawling recursively for packages in '/home/joaoferreira/beta'
[3.755s] Level 1:colcon.colcon_core.package_identification:_identify(.) by extensions ['ignore', 'ignore_ament_install']
[3.756s] Level 1:colcon.colcon_core.package_identification:_identify(.) by extension 'ignore'
[3.756s] Level 1:colcon.colcon_core.package_identification:_identify(.) by extension 'ignore_ament_install'
[3.756s] Level 1:colcon.colcon_core.package_identification:_identify(.) by extensions ['colcon_pkg']
[3.756s] Level 1:colcon.colcon_core.package_identification:_identify(.) by extension 'colcon_pkg'
[3.756s] Level 1:colcon.colcon_core.package_identification:_identify(.) by extensions ['colcon_meta']
[3.756s] Level 1:colcon.colcon_core.package_identification:_identify(.) by extension 'colcon_meta'
[3.756s] Level 1:colcon.colcon_core.package_identification:_identify(.) by extensions ['ros']
[3.757s] Level 1:colcon.colcon_core.package_identification:_identify(.) by extension 'ros'
[3.811s] Level 1:colcon.colcon_core.package_identification:_identify(.) by extensions ['cmake', 'python']
[3.811s] Level 1:colcon.colcon_core.package_identification:_identify(.) by extension 'cmake'
[3.811s] Level 1:colcon.colcon_core.package_identification:_identify(.) by extension 'python'
[3.811s] Level 1:colcon.colcon_core.package_identification:_identify(.) by extensions ['python_setup_py']
[3.811s] Level 1:colcon.colcon_core.package_identification:_identify(.) by extension 'python_setup_py'
[3.812s] Level 1:colcon.colcon_core.package_identification:_identify(build) by extensions ['ignore', 'ignore_ament_install']
[3.812s] Level 1:colcon.colcon_core.package_identification:_identify(build) by extension 'ignore'
[3.812s] Level 1:colcon.colcon_core.package_identification:_identify(build) ignored
[3.813s] Level 1:colcon.colcon_core.package_identification:_identify(install) by extensions ['ignore', 'ignore_ament_install']
[3.813s] Level 1:colcon.colcon_core.package_identification:_identify(install) by extension 'ignore'
[3.813s] Level 1:colcon.colcon_core.package_identification:_identify(install) ignored
[3.813s] Level 1:colcon.colcon_core.package_identification:_identify(log) by extensions ['ignore', 'ignore_ament_install']
[3.814s] Level 1:colcon.colcon_core.package_identification:_identify(log) by extension 'ignore'
[3.814s] Level 1:colcon.colcon_core.package_identification:_identify(log) ignored
[3.814s] Level 1:colcon.colcon_core.package_identification:_identify(src) by extensions ['ignore', 'ignore_ament_install']
[3.814s] Level 1:colcon.colcon_core.package_identification:_identify(src) by extension 'ignore'
[3.814s] Level 1:colcon.colcon_core.package_identification:_identify(src) by extension 'ignore_ament_install'
[3.815s] Level 1:colcon.colcon_core.package_identification:_identify(src) by extensions ['colcon_pkg']
[3.815s] Level 1:colcon.colcon_core.package_identification:_identify(src) by extension 'colcon_pkg'
[3.815s] Level 1:colcon.colcon_core.package_identification:_identify(src) by extensions ['colcon_meta']
[3.815s] Level 1:colcon.colcon_core.package_identification:_identify(src) by extension 'colcon_meta'
[3.815s] Level 1:colcon.colcon_core.package_identification:_identify(src) by extensions ['ros']
[3.815s] Level 1:colcon.colcon_core.package_identification:_identify(src) by extension 'ros'
[3.815s] Level 1:colcon.colcon_core.package_identification:_identify(src) by extensions ['cmake', 'python']
[3.815s] Level 1:colcon.colcon_core.package_identification:_identify(src) by extension 'cmake'
[3.816s] Level 1:colcon.colcon_core.package_identification:_identify(src) by extension 'python'
[3.816s] Level 1:colcon.colcon_core.package_identification:_identify(src) by extensions ['python_setup_py']
[3.816s] Level 1:colcon.colcon_core.package_identification:_identify(src) by extension 'python_setup_py'
[3.816s] Level 1:colcon.colcon_core.package_discovery:discover_packages(recursive) using defaults
[3.816s] Level 1:colcon.colcon_core.package_discovery:discover_packages(ignore) discover
[3.816s] Level 1:colcon.colcon_core.package_discovery:discover_packages(ignore) using defaults
[3.816s] Level 1:colcon.colcon_core.package_discovery:discover_packages(path) discover
[3.816s] Level 1:colcon.colcon_core.package_discovery:discover_packages(path) using defaults
[4.070s] Level 1:colcon.colcon_core.package_discovery:discover_packages(prefix_path) check parameters
[4.070s] Level 1:colcon.colcon_core.package_discovery:discover_packages(prefix_path) discover
[4.073s] Level 1:colcon.colcon_core.package_discovery:discover_packages(prefix_path) using defaults
[4.075s] INFO:colcon.colcon_core.executor:Executing jobs using 'parallel' executor
[4.077s] DEBUG:colcon.colcon_parallel_executor.executor.parallel:run_until_complete
[4.078s] DEBUG:colcon.colcon_parallel_executor.executor.parallel:closing loop
[4.078s] DEBUG:colcon.colcon_parallel_executor.executor.parallel:loop closed
[4.078s] DEBUG:colcon.colcon_parallel_executor.executor.parallel:run_until_complete finished with '0'
[4.078s] DEBUG:colcon.colcon_core.event_reactor:joining thread
[4.089s] INFO:colcon.colcon_core.plugin_system:Skipping extension 'colcon_notification.desktop_notification.terminal_notifier': Not used on non-Darwin systems
[4.089s] INFO:colcon.colcon_core.plugin_system:Skipping extension 'colcon_notification.desktop_notification.win32': Not used on non-Windows systems
[4.090s] INFO:colcon.colcon_notification.desktop_notification:Sending desktop notification using 'notify2'
[4.140s] DEBUG:colcon.colcon_core.event_reactor:joined thread
[4.163s] INFO:colcon.colcon_core.plugin_system:Skipping extension 'colcon_core.shell.bat': Not used on non-Windows systems
[4.164s] INFO:colcon.colcon_core.shell:Creating prefix script '/home/joaoferreira/beta/install/local_setup.ps1'
[4.168s] INFO:colcon.colcon_core.shell:Creating prefix util module '/home/joaoferreira/beta/install/_local_setup_util_ps1.py'
[4.173s] INFO:colcon.colcon_core.shell:Creating prefix chain script '/home/joaoferreira/beta/install/setup.ps1'
[4.176s] INFO:colcon.colcon_core.shell:Creating prefix script '/home/joaoferreira/beta/install/local_setup.sh'
[4.178s] INFO:colcon.colcon_core.shell:Creating prefix util module '/home/joaoferreira/beta/install/_local_setup_util_sh.py'
[4.179s] INFO:colcon.colcon_core.shell:Creating prefix chain script '/home/joaoferreira/beta/install/setup.sh'
[4.182s] INFO:colcon.colcon_core.shell:Creating prefix script '/home/joaoferreira/beta/install/local_setup.bash'
[4.183s] INFO:colcon.colcon_core.shell:Creating prefix chain script '/home/joaoferreira/beta/install/setup.bash'
[4.185s] INFO:colcon.colcon_core.shell:Creating prefix script '/home/joaoferreira/beta/install/local_setup.zsh'
[4.186s] INFO:colcon.colcon_core.shell:Creating prefix chain script '/home/joaoferreira/beta/install/setup.zsh'
