[0.032s] Invoking command in '/home/joaoferreira/beta/build/micro_ros_msgs': CMAKE_PREFIX_PATH=${CMAKE_PREFIX_PATH}:/home/joaoferreira/beta/install/beta_controller:/opt/ros/humble /usr/bin/cmake --build /home/joaoferreira/beta/build/micro_ros_msgs -- -j4 -l4
[0.816s] [  2%] Built target micro_ros_msgs__cpp
[0.817s] [ 12%] Built target micro_ros_msgs__rosidl_generator_c
[0.818s] [ 12%] Built target ament_cmake_python_copy_micro_ros_msgs
[0.821s] [ 23%] Built target micro_ros_msgs__rosidl_typesupport_cpp
[0.821s] [ 34%] Built target micro_ros_msgs__rosidl_typesupport_fastrtps_cpp
[0.821s] [ 44%] Built target micro_ros_msgs__rosidl_typesupport_introspection_cpp
[0.821s] [ 55%] Built target micro_ros_msgs__rosidl_typesupport_fastrtps_c
[0.821s] [ 65%] Built target micro_ros_msgs__rosidl_typesupport_introspection_c
[0.822s] [ 76%] Built target micro_ros_msgs__rosidl_typesupport_c
[0.822s] [ 76%] Built target micro_ros_msgs
[0.822s] [ 78%] Built target micro_ros_msgs__py
[0.822s] [ 87%] Built target micro_ros_msgs__rosidl_generator_py
[0.822s] [ 95%] Built target micro_ros_msgs__rosidl_typesupport_introspection_c__pyext
[0.822s] [ 95%] Built target micro_ros_msgs__rosidl_typesupport_fastrtps_c__pyext
[0.860s] [100%] Built target micro_ros_msgs__rosidl_typesupport_c__pyext
[1.059s] running egg_info
[1.059s] writing micro_ros_msgs.egg-info/PKG-INFO
[1.059s] writing dependency_links to micro_ros_msgs.egg-info/dependency_links.txt
[1.060s] writing top-level names to micro_ros_msgs.egg-info/top_level.txt
[1.063s] reading manifest file 'micro_ros_msgs.egg-info/SOURCES.txt'
[1.063s] writing manifest file 'micro_ros_msgs.egg-info/SOURCES.txt'
[1.117s] [100%] Built target ament_cmake_python_build_micro_ros_msgs_egg
[1.145s] Invoked command in '/home/joaoferreira/beta/build/micro_ros_msgs' returned '0': CMAKE_PREFIX_PATH=${CMAKE_PREFIX_PATH}:/home/joaoferreira/beta/install/beta_controller:/opt/ros/humble /usr/bin/cmake --build /home/joaoferreira/beta/build/micro_ros_msgs -- -j4 -l4
[1.148s] Invoking command in '/home/joaoferreira/beta/build/micro_ros_msgs': CMAKE_PREFIX_PATH=${CMAKE_PREFIX_PATH}:/home/joaoferreira/beta/install/beta_controller:/opt/ros/humble /usr/bin/cmake --install /home/joaoferreira/beta/build/micro_ros_msgs
[1.163s] -- Install configuration: ""
[1.163s] -- Up-to-date: /home/joaoferreira/beta/install/micro_ros_msgs/share/ament_index/resource_index/rosidl_interfaces/micro_ros_msgs
[1.164s] -- Up-to-date: /home/joaoferreira/beta/install/micro_ros_msgs/include/micro_ros_msgs/micro_ros_msgs
[1.164s] -- Up-to-date: /home/joaoferreira/beta/install/micro_ros_msgs/include/micro_ros_msgs/micro_ros_msgs/msg
[1.164s] -- Up-to-date: /home/joaoferreira/beta/install/micro_ros_msgs/include/micro_ros_msgs/micro_ros_msgs/msg/detail
[1.164s] -- Up-to-date: /home/joaoferreira/beta/install/micro_ros_msgs/include/micro_ros_msgs/micro_ros_msgs/msg/detail/entity__struct.h
[1.164s] -- Up-to-date: /home/joaoferreira/beta/install/micro_ros_msgs/include/micro_ros_msgs/micro_ros_msgs/msg/detail/entity__functions.h
[1.164s] -- Up-to-date: /home/joaoferreira/beta/install/micro_ros_msgs/include/micro_ros_msgs/micro_ros_msgs/msg/detail/node__type_support.h
[1.165s] -- Up-to-date: /home/joaoferreira/beta/install/micro_ros_msgs/include/micro_ros_msgs/micro_ros_msgs/msg/detail/graph__functions.c
[1.165s] -- Up-to-date: /home/joaoferreira/beta/install/micro_ros_msgs/include/micro_ros_msgs/micro_ros_msgs/msg/detail/graph__functions.h
[1.165s] -- Up-to-date: /home/joaoferreira/beta/install/micro_ros_msgs/include/micro_ros_msgs/micro_ros_msgs/msg/detail/entity__functions.c
[1.165s] -- Up-to-date: /home/joaoferreira/beta/install/micro_ros_msgs/include/micro_ros_msgs/micro_ros_msgs/msg/detail/graph__struct.h
[1.165s] -- Up-to-date: /home/joaoferreira/beta/install/micro_ros_msgs/include/micro_ros_msgs/micro_ros_msgs/msg/detail/graph__type_support.h
[1.165s] -- Up-to-date: /home/joaoferreira/beta/install/micro_ros_msgs/include/micro_ros_msgs/micro_ros_msgs/msg/detail/node__functions.h
[1.165s] -- Up-to-date: /home/joaoferreira/beta/install/micro_ros_msgs/include/micro_ros_msgs/micro_ros_msgs/msg/detail/node__functions.c
[1.166s] -- Up-to-date: /home/joaoferreira/beta/install/micro_ros_msgs/include/micro_ros_msgs/micro_ros_msgs/msg/detail/node__struct.h
[1.166s] -- Up-to-date: /home/joaoferreira/beta/install/micro_ros_msgs/include/micro_ros_msgs/micro_ros_msgs/msg/detail/entity__type_support.h
[1.166s] -- Up-to-date: /home/joaoferreira/beta/install/micro_ros_msgs/include/micro_ros_msgs/micro_ros_msgs/msg/entity.h
[1.167s] -- Up-to-date: /home/joaoferreira/beta/install/micro_ros_msgs/include/micro_ros_msgs/micro_ros_msgs/msg/graph.h
[1.167s] -- Up-to-date: /home/joaoferreira/beta/install/micro_ros_msgs/include/micro_ros_msgs/micro_ros_msgs/msg/rosidl_generator_c__visibility_control.h
[1.167s] -- Up-to-date: /home/joaoferreira/beta/install/micro_ros_msgs/include/micro_ros_msgs/micro_ros_msgs/msg/node.h
[1.167s] -- Up-to-date: /home/joaoferreira/beta/install/micro_ros_msgs/share/micro_ros_msgs/environment/library_path.sh
[1.167s] -- Up-to-date: /home/joaoferreira/beta/install/micro_ros_msgs/share/micro_ros_msgs/environment/library_path.dsv
[1.168s] -- Up-to-date: /home/joaoferreira/beta/install/micro_ros_msgs/lib/libmicro_ros_msgs__rosidl_generator_c.so
[1.168s] -- Up-to-date: /home/joaoferreira/beta/install/micro_ros_msgs/include/micro_ros_msgs/micro_ros_msgs
[1.168s] -- Up-to-date: /home/joaoferreira/beta/install/micro_ros_msgs/include/micro_ros_msgs/micro_ros_msgs/msg
[1.169s] -- Up-to-date: /home/joaoferreira/beta/install/micro_ros_msgs/include/micro_ros_msgs/micro_ros_msgs/msg/detail
[1.170s] -- Up-to-date: /home/joaoferreira/beta/install/micro_ros_msgs/include/micro_ros_msgs/micro_ros_msgs/msg/detail/node__rosidl_typesupport_fastrtps_c.h
[1.170s] -- Up-to-date: /home/joaoferreira/beta/install/micro_ros_msgs/include/micro_ros_msgs/micro_ros_msgs/msg/detail/entity__rosidl_typesupport_fastrtps_c.h
[1.171s] -- Up-to-date: /home/joaoferreira/beta/install/micro_ros_msgs/include/micro_ros_msgs/micro_ros_msgs/msg/detail/graph__rosidl_typesupport_fastrtps_c.h
[1.171s] -- Up-to-date: /home/joaoferreira/beta/install/micro_ros_msgs/include/micro_ros_msgs/micro_ros_msgs/msg/rosidl_typesupport_fastrtps_c__visibility_control.h
[1.171s] -- Up-to-date: /home/joaoferreira/beta/install/micro_ros_msgs/lib/libmicro_ros_msgs__rosidl_typesupport_fastrtps_c.so
[1.171s] -- Up-to-date: /home/joaoferreira/beta/install/micro_ros_msgs/include/micro_ros_msgs/micro_ros_msgs
[1.171s] -- Up-to-date: /home/joaoferreira/beta/install/micro_ros_msgs/include/micro_ros_msgs/micro_ros_msgs/msg
[1.172s] -- Up-to-date: /home/joaoferreira/beta/install/micro_ros_msgs/include/micro_ros_msgs/micro_ros_msgs/msg/detail
[1.172s] -- Up-to-date: /home/joaoferreira/beta/install/micro_ros_msgs/include/micro_ros_msgs/micro_ros_msgs/msg/detail/graph__type_support.c
[1.172s] -- Up-to-date: /home/joaoferreira/beta/install/micro_ros_msgs/include/micro_ros_msgs/micro_ros_msgs/msg/detail/node__type_support.c
[1.173s] -- Up-to-date: /home/joaoferreira/beta/install/micro_ros_msgs/include/micro_ros_msgs/micro_ros_msgs/msg/detail/graph__rosidl_typesupport_introspection_c.h
[1.173s] -- Up-to-date: /home/joaoferreira/beta/install/micro_ros_msgs/include/micro_ros_msgs/micro_ros_msgs/msg/detail/entity__rosidl_typesupport_introspection_c.h
[1.173s] -- Up-to-date: /home/joaoferreira/beta/install/micro_ros_msgs/include/micro_ros_msgs/micro_ros_msgs/msg/detail/entity__type_support.c
[1.173s] -- Up-to-date: /home/joaoferreira/beta/install/micro_ros_msgs/include/micro_ros_msgs/micro_ros_msgs/msg/detail/node__rosidl_typesupport_introspection_c.h
[1.173s] -- Up-to-date: /home/joaoferreira/beta/install/micro_ros_msgs/include/micro_ros_msgs/micro_ros_msgs/msg/rosidl_typesupport_introspection_c__visibility_control.h
[1.174s] -- Up-to-date: /home/joaoferreira/beta/install/micro_ros_msgs/lib/libmicro_ros_msgs__rosidl_typesupport_introspection_c.so
[1.174s] -- Up-to-date: /home/joaoferreira/beta/install/micro_ros_msgs/lib/libmicro_ros_msgs__rosidl_typesupport_c.so
[1.174s] -- Up-to-date: /home/joaoferreira/beta/install/micro_ros_msgs/include/micro_ros_msgs/micro_ros_msgs
[1.174s] -- Up-to-date: /home/joaoferreira/beta/install/micro_ros_msgs/include/micro_ros_msgs/micro_ros_msgs/msg
[1.175s] -- Up-to-date: /home/joaoferreira/beta/install/micro_ros_msgs/include/micro_ros_msgs/micro_ros_msgs/msg/entity.hpp
[1.175s] -- Up-to-date: /home/joaoferreira/beta/install/micro_ros_msgs/include/micro_ros_msgs/micro_ros_msgs/msg/detail
[1.176s] -- Up-to-date: /home/joaoferreira/beta/install/micro_ros_msgs/include/micro_ros_msgs/micro_ros_msgs/msg/detail/node__builder.hpp
[1.176s] -- Up-to-date: /home/joaoferreira/beta/install/micro_ros_msgs/include/micro_ros_msgs/micro_ros_msgs/msg/detail/node__type_support.hpp
[1.176s] -- Up-to-date: /home/joaoferreira/beta/install/micro_ros_msgs/include/micro_ros_msgs/micro_ros_msgs/msg/detail/graph__traits.hpp
[1.176s] -- Up-to-date: /home/joaoferreira/beta/install/micro_ros_msgs/include/micro_ros_msgs/micro_ros_msgs/msg/detail/entity__type_support.hpp
[1.176s] -- Up-to-date: /home/joaoferreira/beta/install/micro_ros_msgs/include/micro_ros_msgs/micro_ros_msgs/msg/detail/node__struct.hpp
[1.176s] -- Up-to-date: /home/joaoferreira/beta/install/micro_ros_msgs/include/micro_ros_msgs/micro_ros_msgs/msg/detail/entity__builder.hpp
[1.176s] -- Up-to-date: /home/joaoferreira/beta/install/micro_ros_msgs/include/micro_ros_msgs/micro_ros_msgs/msg/detail/entity__struct.hpp
[1.177s] -- Up-to-date: /home/joaoferreira/beta/install/micro_ros_msgs/include/micro_ros_msgs/micro_ros_msgs/msg/detail/graph__type_support.hpp
[1.177s] -- Up-to-date: /home/joaoferreira/beta/install/micro_ros_msgs/include/micro_ros_msgs/micro_ros_msgs/msg/detail/entity__traits.hpp
[1.177s] -- Up-to-date: /home/joaoferreira/beta/install/micro_ros_msgs/include/micro_ros_msgs/micro_ros_msgs/msg/detail/graph__builder.hpp
[1.177s] -- Up-to-date: /home/joaoferreira/beta/install/micro_ros_msgs/include/micro_ros_msgs/micro_ros_msgs/msg/detail/node__traits.hpp
[1.177s] -- Up-to-date: /home/joaoferreira/beta/install/micro_ros_msgs/include/micro_ros_msgs/micro_ros_msgs/msg/detail/graph__struct.hpp
[1.177s] -- Up-to-date: /home/joaoferreira/beta/install/micro_ros_msgs/include/micro_ros_msgs/micro_ros_msgs/msg/node.hpp
[1.178s] -- Up-to-date: /home/joaoferreira/beta/install/micro_ros_msgs/include/micro_ros_msgs/micro_ros_msgs/msg/rosidl_generator_cpp__visibility_control.hpp
[1.178s] -- Up-to-date: /home/joaoferreira/beta/install/micro_ros_msgs/include/micro_ros_msgs/micro_ros_msgs/msg/graph.hpp
[1.178s] -- Up-to-date: /home/joaoferreira/beta/install/micro_ros_msgs/include/micro_ros_msgs/micro_ros_msgs
[1.178s] -- Up-to-date: /home/joaoferreira/beta/install/micro_ros_msgs/include/micro_ros_msgs/micro_ros_msgs/msg
[1.178s] -- Up-to-date: /home/joaoferreira/beta/install/micro_ros_msgs/include/micro_ros_msgs/micro_ros_msgs/msg/detail
[1.178s] -- Up-to-date: /home/joaoferreira/beta/install/micro_ros_msgs/include/micro_ros_msgs/micro_ros_msgs/msg/detail/graph__rosidl_typesupport_fastrtps_cpp.hpp
[1.179s] -- Up-to-date: /home/joaoferreira/beta/install/micro_ros_msgs/include/micro_ros_msgs/micro_ros_msgs/msg/detail/node__rosidl_typesupport_fastrtps_cpp.hpp
[1.179s] -- Up-to-date: /home/joaoferreira/beta/install/micro_ros_msgs/include/micro_ros_msgs/micro_ros_msgs/msg/detail/entity__rosidl_typesupport_fastrtps_cpp.hpp
[1.179s] -- Up-to-date: /home/joaoferreira/beta/install/micro_ros_msgs/include/micro_ros_msgs/micro_ros_msgs/msg/detail/dds_fastrtps
[1.179s] -- Up-to-date: /home/joaoferreira/beta/install/micro_ros_msgs/include/micro_ros_msgs/micro_ros_msgs/msg/rosidl_typesupport_fastrtps_cpp__visibility_control.h
[1.179s] -- Up-to-date: /home/joaoferreira/beta/install/micro_ros_msgs/lib/libmicro_ros_msgs__rosidl_typesupport_fastrtps_cpp.so
[1.179s] -- Up-to-date: /home/joaoferreira/beta/install/micro_ros_msgs/include/micro_ros_msgs/micro_ros_msgs
[1.180s] -- Up-to-date: /home/joaoferreira/beta/install/micro_ros_msgs/include/micro_ros_msgs/micro_ros_msgs/msg
[1.180s] -- Up-to-date: /home/joaoferreira/beta/install/micro_ros_msgs/include/micro_ros_msgs/micro_ros_msgs/msg/detail
[1.180s] -- Up-to-date: /home/joaoferreira/beta/install/micro_ros_msgs/include/micro_ros_msgs/micro_ros_msgs/msg/detail/graph__type_support.cpp
[1.180s] -- Up-to-date: /home/joaoferreira/beta/install/micro_ros_msgs/include/micro_ros_msgs/micro_ros_msgs/msg/detail/entity__rosidl_typesupport_introspection_cpp.hpp
[1.180s] -- Up-to-date: /home/joaoferreira/beta/install/micro_ros_msgs/include/micro_ros_msgs/micro_ros_msgs/msg/detail/graph__rosidl_typesupport_introspection_cpp.hpp
[1.180s] -- Up-to-date: /home/joaoferreira/beta/install/micro_ros_msgs/include/micro_ros_msgs/micro_ros_msgs/msg/detail/entity__type_support.cpp
[1.181s] -- Up-to-date: /home/joaoferreira/beta/install/micro_ros_msgs/include/micro_ros_msgs/micro_ros_msgs/msg/detail/node__rosidl_typesupport_introspection_cpp.hpp
[1.181s] -- Up-to-date: /home/joaoferreira/beta/install/micro_ros_msgs/include/micro_ros_msgs/micro_ros_msgs/msg/detail/node__type_support.cpp
[1.181s] -- Up-to-date: /home/joaoferreira/beta/install/micro_ros_msgs/lib/libmicro_ros_msgs__rosidl_typesupport_introspection_cpp.so
[1.181s] -- Up-to-date: /home/joaoferreira/beta/install/micro_ros_msgs/lib/libmicro_ros_msgs__rosidl_typesupport_cpp.so
[1.181s] -- Up-to-date: /home/joaoferreira/beta/install/micro_ros_msgs/share/micro_ros_msgs/environment/pythonpath.sh
[1.181s] -- Up-to-date: /home/joaoferreira/beta/install/micro_ros_msgs/share/micro_ros_msgs/environment/pythonpath.dsv
[1.181s] -- Up-to-date: /home/joaoferreira/beta/install/micro_ros_msgs/local/lib/python3.10/dist-packages/micro_ros_msgs-3.0.1-py3.10.egg-info
[1.182s] -- Installing: /home/joaoferreira/beta/install/micro_ros_msgs/local/lib/python3.10/dist-packages/micro_ros_msgs-3.0.1-py3.10.egg-info/SOURCES.txt
[1.182s] -- Installing: /home/joaoferreira/beta/install/micro_ros_msgs/local/lib/python3.10/dist-packages/micro_ros_msgs-3.0.1-py3.10.egg-info/dependency_links.txt
[1.182s] -- Installing: /home/joaoferreira/beta/install/micro_ros_msgs/local/lib/python3.10/dist-packages/micro_ros_msgs-3.0.1-py3.10.egg-info/top_level.txt
[1.182s] -- Installing: /home/joaoferreira/beta/install/micro_ros_msgs/local/lib/python3.10/dist-packages/micro_ros_msgs-3.0.1-py3.10.egg-info/PKG-INFO
[1.182s] -- Up-to-date: /home/joaoferreira/beta/install/micro_ros_msgs/local/lib/python3.10/dist-packages/micro_ros_msgs
[1.182s] -- Up-to-date: /home/joaoferreira/beta/install/micro_ros_msgs/local/lib/python3.10/dist-packages/micro_ros_msgs/libmicro_ros_msgs__rosidl_generator_py.so
[1.183s] -- Up-to-date: /home/joaoferreira/beta/install/micro_ros_msgs/local/lib/python3.10/dist-packages/micro_ros_msgs/msg
[1.183s] -- Up-to-date: /home/joaoferreira/beta/install/micro_ros_msgs/local/lib/python3.10/dist-packages/micro_ros_msgs/msg/_entity_s.c
[1.183s] -- Up-to-date: /home/joaoferreira/beta/install/micro_ros_msgs/local/lib/python3.10/dist-packages/micro_ros_msgs/msg/_node.py
[1.183s] -- Up-to-date: /home/joaoferreira/beta/install/micro_ros_msgs/local/lib/python3.10/dist-packages/micro_ros_msgs/msg/_graph.py
[1.183s] -- Up-to-date: /home/joaoferreira/beta/install/micro_ros_msgs/local/lib/python3.10/dist-packages/micro_ros_msgs/msg/_node_s.c
[1.183s] -- Up-to-date: /home/joaoferreira/beta/install/micro_ros_msgs/local/lib/python3.10/dist-packages/micro_ros_msgs/msg/_graph_s.c
[1.184s] -- Up-to-date: /home/joaoferreira/beta/install/micro_ros_msgs/local/lib/python3.10/dist-packages/micro_ros_msgs/msg/_entity.py
[1.184s] -- Up-to-date: /home/joaoferreira/beta/install/micro_ros_msgs/local/lib/python3.10/dist-packages/micro_ros_msgs/msg/__init__.py
[1.184s] -- Up-to-date: /home/joaoferreira/beta/install/micro_ros_msgs/local/lib/python3.10/dist-packages/micro_ros_msgs/_micro_ros_msgs_s.ep.rosidl_typesupport_c.c
[1.184s] -- Up-to-date: /home/joaoferreira/beta/install/micro_ros_msgs/local/lib/python3.10/dist-packages/micro_ros_msgs/micro_ros_msgs_s__rosidl_typesupport_introspection_c.cpython-310-x86_64-linux-gnu.so
[1.185s] -- Up-to-date: /home/joaoferreira/beta/install/micro_ros_msgs/local/lib/python3.10/dist-packages/micro_ros_msgs/_micro_ros_msgs_s.ep.rosidl_typesupport_introspection_c.c
[1.185s] -- Up-to-date: /home/joaoferreira/beta/install/micro_ros_msgs/local/lib/python3.10/dist-packages/micro_ros_msgs/micro_ros_msgs_s__rosidl_typesupport_c.cpython-310-x86_64-linux-gnu.so
[1.185s] -- Up-to-date: /home/joaoferreira/beta/install/micro_ros_msgs/local/lib/python3.10/dist-packages/micro_ros_msgs/_micro_ros_msgs_s.ep.rosidl_typesupport_fastrtps_c.c
[1.185s] -- Up-to-date: /home/joaoferreira/beta/install/micro_ros_msgs/local/lib/python3.10/dist-packages/micro_ros_msgs/micro_ros_msgs_s__rosidl_typesupport_fastrtps_c.cpython-310-x86_64-linux-gnu.so
[1.185s] -- Up-to-date: /home/joaoferreira/beta/install/micro_ros_msgs/local/lib/python3.10/dist-packages/micro_ros_msgs/__init__.py
[1.247s] Listing '/home/joaoferreira/beta/install/micro_ros_msgs/local/lib/python3.10/dist-packages/micro_ros_msgs'...
[1.247s] Listing '/home/joaoferreira/beta/install/micro_ros_msgs/local/lib/python3.10/dist-packages/micro_ros_msgs/msg'...
[1.258s] -- Up-to-date: /home/joaoferreira/beta/install/micro_ros_msgs/local/lib/python3.10/dist-packages/micro_ros_msgs/micro_ros_msgs_s__rosidl_typesupport_fastrtps_c.cpython-310-x86_64-linux-gnu.so
[1.258s] -- Up-to-date: /home/joaoferreira/beta/install/micro_ros_msgs/local/lib/python3.10/dist-packages/micro_ros_msgs/micro_ros_msgs_s__rosidl_typesupport_introspection_c.cpython-310-x86_64-linux-gnu.so
[1.259s] -- Up-to-date: /home/joaoferreira/beta/install/micro_ros_msgs/local/lib/python3.10/dist-packages/micro_ros_msgs/micro_ros_msgs_s__rosidl_typesupport_c.cpython-310-x86_64-linux-gnu.so
[1.260s] -- Up-to-date: /home/joaoferreira/beta/install/micro_ros_msgs/lib/libmicro_ros_msgs__rosidl_generator_py.so
[1.261s] -- Up-to-date: /home/joaoferreira/beta/install/micro_ros_msgs/share/micro_ros_msgs/msg/Graph.idl
[1.261s] -- Up-to-date: /home/joaoferreira/beta/install/micro_ros_msgs/share/micro_ros_msgs/msg/Node.idl
[1.262s] -- Up-to-date: /home/joaoferreira/beta/install/micro_ros_msgs/share/micro_ros_msgs/msg/Entity.idl
[1.262s] -- Up-to-date: /home/joaoferreira/beta/install/micro_ros_msgs/share/micro_ros_msgs/msg/Graph.msg
[1.262s] -- Up-to-date: /home/joaoferreira/beta/install/micro_ros_msgs/share/micro_ros_msgs/msg/Node.msg
[1.263s] -- Up-to-date: /home/joaoferreira/beta/install/micro_ros_msgs/share/micro_ros_msgs/msg/Entity.msg
[1.263s] -- Up-to-date: /home/joaoferreira/beta/install/micro_ros_msgs/share/ament_index/resource_index/package_run_dependencies/micro_ros_msgs
[1.264s] -- Up-to-date: /home/joaoferreira/beta/install/micro_ros_msgs/share/ament_index/resource_index/parent_prefix_path/micro_ros_msgs
[1.264s] -- Up-to-date: /home/joaoferreira/beta/install/micro_ros_msgs/share/micro_ros_msgs/environment/ament_prefix_path.sh
[1.264s] -- Up-to-date: /home/joaoferreira/beta/install/micro_ros_msgs/share/micro_ros_msgs/environment/ament_prefix_path.dsv
[1.265s] -- Up-to-date: /home/joaoferreira/beta/install/micro_ros_msgs/share/micro_ros_msgs/environment/path.sh
[1.265s] -- Up-to-date: /home/joaoferreira/beta/install/micro_ros_msgs/share/micro_ros_msgs/environment/path.dsv
[1.265s] -- Up-to-date: /home/joaoferreira/beta/install/micro_ros_msgs/share/micro_ros_msgs/local_setup.bash
[1.266s] -- Up-to-date: /home/joaoferreira/beta/install/micro_ros_msgs/share/micro_ros_msgs/local_setup.sh
[1.266s] -- Up-to-date: /home/joaoferreira/beta/install/micro_ros_msgs/share/micro_ros_msgs/local_setup.zsh
[1.267s] -- Up-to-date: /home/joaoferreira/beta/install/micro_ros_msgs/share/micro_ros_msgs/local_setup.dsv
[1.268s] -- Installing: /home/joaoferreira/beta/install/micro_ros_msgs/share/micro_ros_msgs/package.dsv
[1.268s] -- Up-to-date: /home/joaoferreira/beta/install/micro_ros_msgs/share/ament_index/resource_index/packages/micro_ros_msgs
[1.269s] -- Up-to-date: /home/joaoferreira/beta/install/micro_ros_msgs/share/micro_ros_msgs/cmake/export_micro_ros_msgs__rosidl_generator_cExport.cmake
[1.269s] -- Up-to-date: /home/joaoferreira/beta/install/micro_ros_msgs/share/micro_ros_msgs/cmake/export_micro_ros_msgs__rosidl_generator_cExport-noconfig.cmake
[1.269s] -- Up-to-date: /home/joaoferreira/beta/install/micro_ros_msgs/share/micro_ros_msgs/cmake/export_micro_ros_msgs__rosidl_typesupport_fastrtps_cExport.cmake
[1.269s] -- Up-to-date: /home/joaoferreira/beta/install/micro_ros_msgs/share/micro_ros_msgs/cmake/export_micro_ros_msgs__rosidl_typesupport_fastrtps_cExport-noconfig.cmake
[1.270s] -- Up-to-date: /home/joaoferreira/beta/install/micro_ros_msgs/share/micro_ros_msgs/cmake/micro_ros_msgs__rosidl_typesupport_introspection_cExport.cmake
[1.271s] -- Up-to-date: /home/joaoferreira/beta/install/micro_ros_msgs/share/micro_ros_msgs/cmake/micro_ros_msgs__rosidl_typesupport_introspection_cExport-noconfig.cmake
[1.271s] -- Up-to-date: /home/joaoferreira/beta/install/micro_ros_msgs/share/micro_ros_msgs/cmake/micro_ros_msgs__rosidl_typesupport_cExport.cmake
[1.272s] -- Up-to-date: /home/joaoferreira/beta/install/micro_ros_msgs/share/micro_ros_msgs/cmake/micro_ros_msgs__rosidl_typesupport_cExport-noconfig.cmake
[1.272s] -- Up-to-date: /home/joaoferreira/beta/install/micro_ros_msgs/share/micro_ros_msgs/cmake/export_micro_ros_msgs__rosidl_generator_cppExport.cmake
[1.272s] -- Up-to-date: /home/joaoferreira/beta/install/micro_ros_msgs/share/micro_ros_msgs/cmake/export_micro_ros_msgs__rosidl_typesupport_fastrtps_cppExport.cmake
[1.272s] -- Up-to-date: /home/joaoferreira/beta/install/micro_ros_msgs/share/micro_ros_msgs/cmake/export_micro_ros_msgs__rosidl_typesupport_fastrtps_cppExport-noconfig.cmake
[1.273s] -- Up-to-date: /home/joaoferreira/beta/install/micro_ros_msgs/share/micro_ros_msgs/cmake/micro_ros_msgs__rosidl_typesupport_introspection_cppExport.cmake
[1.274s] -- Up-to-date: /home/joaoferreira/beta/install/micro_ros_msgs/share/micro_ros_msgs/cmake/micro_ros_msgs__rosidl_typesupport_introspection_cppExport-noconfig.cmake
[1.274s] -- Up-to-date: /home/joaoferreira/beta/install/micro_ros_msgs/share/micro_ros_msgs/cmake/micro_ros_msgs__rosidl_typesupport_cppExport.cmake
[1.275s] -- Up-to-date: /home/joaoferreira/beta/install/micro_ros_msgs/share/micro_ros_msgs/cmake/micro_ros_msgs__rosidl_typesupport_cppExport-noconfig.cmake
[1.275s] -- Up-to-date: /home/joaoferreira/beta/install/micro_ros_msgs/share/micro_ros_msgs/cmake/export_micro_ros_msgs__rosidl_generator_pyExport.cmake
[1.276s] -- Up-to-date: /home/joaoferreira/beta/install/micro_ros_msgs/share/micro_ros_msgs/cmake/export_micro_ros_msgs__rosidl_generator_pyExport-noconfig.cmake
[1.276s] -- Up-to-date: /home/joaoferreira/beta/install/micro_ros_msgs/share/micro_ros_msgs/cmake/rosidl_cmake-extras.cmake
[1.276s] -- Up-to-date: /home/joaoferreira/beta/install/micro_ros_msgs/share/micro_ros_msgs/cmake/ament_cmake_export_include_directories-extras.cmake
[1.277s] -- Up-to-date: /home/joaoferreira/beta/install/micro_ros_msgs/share/micro_ros_msgs/cmake/ament_cmake_export_libraries-extras.cmake
[1.277s] -- Up-to-date: /home/joaoferreira/beta/install/micro_ros_msgs/share/micro_ros_msgs/cmake/ament_cmake_export_targets-extras.cmake
[1.277s] -- Up-to-date: /home/joaoferreira/beta/install/micro_ros_msgs/share/micro_ros_msgs/cmake/rosidl_cmake_export_typesupport_targets-extras.cmake
[1.278s] -- Up-to-date: /home/joaoferreira/beta/install/micro_ros_msgs/share/micro_ros_msgs/cmake/ament_cmake_export_dependencies-extras.cmake
[1.278s] -- Up-to-date: /home/joaoferreira/beta/install/micro_ros_msgs/share/micro_ros_msgs/cmake/rosidl_cmake_export_typesupport_libraries-extras.cmake
[1.279s] -- Up-to-date: /home/joaoferreira/beta/install/micro_ros_msgs/share/micro_ros_msgs/cmake/micro_ros_msgsConfig.cmake
[1.279s] -- Up-to-date: /home/joaoferreira/beta/install/micro_ros_msgs/share/micro_ros_msgs/cmake/micro_ros_msgsConfig-version.cmake
[1.280s] -- Up-to-date: /home/joaoferreira/beta/install/micro_ros_msgs/share/micro_ros_msgs/package.xml
[1.286s] Invoked command in '/home/joaoferreira/beta/build/micro_ros_msgs' returned '0': CMAKE_PREFIX_PATH=${CMAKE_PREFIX_PATH}:/home/joaoferreira/beta/install/beta_controller:/opt/ros/humble /usr/bin/cmake --install /home/joaoferreira/beta/build/micro_ros_msgs
