[0.445s] Invoking command in '/home/joaoferreira/microros_ws/build/micro_ros_setup': CMAKE_PREFIX_PATH=${CMAKE_PREFIX_PATH}:/home/joaoferreira/beta/install/beta_controller:/opt/ros/humble /usr/bin/cmake --build /home/joaoferreira/microros_ws/build/micro_ros_setup -- -j4 -l4
[4.047s] Invoked command in '/home/joaoferreira/microros_ws/build/micro_ros_setup' returned '0': CMAKE_PREFIX_PATH=${CMAKE_PREFIX_PATH}:/home/joaoferreira/beta/install/beta_controller:/opt/ros/humble /usr/bin/cmake --build /home/joaoferreira/microros_ws/build/micro_ros_setup -- -j4 -l4
[4.099s] Invoking command in '/home/joaoferreira/microros_ws/build/micro_ros_setup': CMAKE_PREFIX_PATH=${CMAKE_PREFIX_PATH}:/home/joaoferreira/beta/install/beta_controller:/opt/ros/humble /usr/bin/cmake --install /home/joaoferreira/microros_ws/build/micro_ros_setup
[4.129s] -- Install configuration: ""
[4.130s] -- Up-to-date: /home/joaoferreira/microros_ws/install/micro_ros_setup/share/ament_index/resource_index/package_run_dependencies/micro_ros_setup
[4.164s] -- Up-to-date: /home/joaoferreira/microros_ws/install/micro_ros_setup/share/ament_index/resource_index/parent_prefix_path/micro_ros_setup
[4.165s] -- Up-to-date: /home/joaoferreira/microros_ws/install/micro_ros_setup/share/micro_ros_setup/environment/ament_prefix_path.sh
[4.165s] -- Up-to-date: /home/joaoferreira/microros_ws/install/micro_ros_setup/share/micro_ros_setup/environment/ament_prefix_path.dsv
[4.166s] -- Up-to-date: /home/joaoferreira/microros_ws/install/micro_ros_setup/share/micro_ros_setup/environment/path.sh
[4.166s] -- Up-to-date: /home/joaoferreira/microros_ws/install/micro_ros_setup/share/micro_ros_setup/environment/path.dsv
[4.166s] -- Up-to-date: /home/joaoferreira/microros_ws/install/micro_ros_setup/share/micro_ros_setup/local_setup.bash
[4.166s] -- Up-to-date: /home/joaoferreira/microros_ws/install/micro_ros_setup/share/micro_ros_setup/local_setup.sh
[4.167s] -- Up-to-date: /home/joaoferreira/microros_ws/install/micro_ros_setup/share/micro_ros_setup/local_setup.zsh
[4.167s] -- Up-to-date: /home/joaoferreira/microros_ws/install/micro_ros_setup/share/micro_ros_setup/local_setup.dsv
[4.167s] -- Installing: /home/joaoferreira/microros_ws/install/micro_ros_setup/share/micro_ros_setup/package.dsv
[4.290s] -- Up-to-date: /home/joaoferreira/microros_ws/install/micro_ros_setup/share/ament_index/resource_index/packages/micro_ros_setup
[4.303s] -- Up-to-date: /home/joaoferreira/microros_ws/install/micro_ros_setup/share/micro_ros_setup/cmake/micro_ros_setupConfig.cmake
[4.303s] -- Up-to-date: /home/joaoferreira/microros_ws/install/micro_ros_setup/share/micro_ros_setup/cmake/micro_ros_setupConfig-version.cmake
[4.303s] -- Up-to-date: /home/joaoferreira/microros_ws/install/micro_ros_setup/share/micro_ros_setup/package.xml
[4.303s] -- Up-to-date: /home/joaoferreira/microros_ws/install/micro_ros_setup/./config
[4.304s] -- Up-to-date: /home/joaoferreira/microros_ws/install/micro_ros_setup/./config/mbed
[4.304s] -- Up-to-date: /home/joaoferreira/microros_ws/install/micro_ros_setup/./config/mbed/dev_uros_packages.repos
[4.304s] -- Up-to-date: /home/joaoferreira/microros_ws/install/micro_ros_setup/./config/mbed/dev_ros2_packages.txt
[4.305s] -- Up-to-date: /home/joaoferreira/microros_ws/install/micro_ros_setup/./config/mbed/generic
[4.313s] -- Up-to-date: /home/joaoferreira/microros_ws/install/micro_ros_setup/./config/mbed/generic/supported_platforms
[4.314s] -- Up-to-date: /home/joaoferreira/microros_ws/install/micro_ros_setup/./config/mbed/generic/flash.sh
[4.314s] -- Up-to-date: /home/joaoferreira/microros_ws/install/micro_ros_setup/./config/mbed/generic/client_uros_packages.repos
[4.314s] -- Up-to-date: /home/joaoferreira/microros_ws/install/micro_ros_setup/./config/mbed/generic/build.sh
[4.314s] -- Up-to-date: /home/joaoferreira/microros_ws/install/micro_ros_setup/./config/mbed/generic/board.repos
[4.314s] -- Up-to-date: /home/joaoferreira/microros_ws/install/micro_ros_setup/./config/mbed/generic/package.xml
[4.315s] -- Up-to-date: /home/joaoferreira/microros_ws/install/micro_ros_setup/./config/mbed/generic/create.sh
[4.315s] -- Up-to-date: /home/joaoferreira/microros_ws/install/micro_ros_setup/./config/mbed/list_apps.sh
[4.315s] -- Up-to-date: /home/joaoferreira/microros_ws/install/micro_ros_setup/./config/agent_ros2_packages.txt
[4.316s] -- Up-to-date: /home/joaoferreira/microros_ws/install/micro_ros_setup/./config/utils.sh
[4.316s] -- Up-to-date: /home/joaoferreira/microros_ws/install/micro_ros_setup/./config/client_ros2_packages.txt
[4.316s] -- Up-to-date: /home/joaoferreira/microros_ws/install/micro_ros_setup/./config/agent_uros_packages.repos
[4.316s] -- Up-to-date: /home/joaoferreira/microros_ws/install/micro_ros_setup/./config/host
[4.316s] -- Up-to-date: /home/joaoferreira/microros_ws/install/micro_ros_setup/./config/host/dev_uros_packages.repos
[4.316s] -- Up-to-date: /home/joaoferreira/microros_ws/install/micro_ros_setup/./config/host/dev_ros2_packages.txt
[4.317s] -- Up-to-date: /home/joaoferreira/microros_ws/install/micro_ros_setup/./config/host/generic
[4.330s] -- Up-to-date: /home/joaoferreira/microros_ws/install/micro_ros_setup/./config/host/generic/client_host_packages.repos
[4.330s] -- Up-to-date: /home/joaoferreira/microros_ws/install/micro_ros_setup/./config/host/generic/flash.sh
[4.330s] -- Up-to-date: /home/joaoferreira/microros_ws/install/micro_ros_setup/./config/host/generic/build.sh
[4.331s] -- Up-to-date: /home/joaoferreira/microros_ws/install/micro_ros_setup/./config/host/generic/client-host-colcon.meta
[4.331s] -- Up-to-date: /home/joaoferreira/microros_ws/install/micro_ros_setup/./config/host/generic/package.xml
[4.331s] -- Up-to-date: /home/joaoferreira/microros_ws/install/micro_ros_setup/./config/host/generic/create.sh
[4.331s] -- Up-to-date: /home/joaoferreira/microros_ws/install/micro_ros_setup/./config/host/client_ros2_packages.txt
[4.331s] -- Up-to-date: /home/joaoferreira/microros_ws/install/micro_ros_setup/./config/freertos
[4.333s] -- Up-to-date: /home/joaoferreira/microros_ws/install/micro_ros_setup/./config/freertos/nucleo_f746zg
[4.334s] -- Up-to-date: /home/joaoferreira/microros_ws/install/micro_ros_setup/./config/freertos/nucleo_f746zg/configure.sh
[4.335s] -- Up-to-date: /home/joaoferreira/microros_ws/install/micro_ros_setup/./config/freertos/nucleo_f746zg/flash.sh
[4.335s] -- Up-to-date: /home/joaoferreira/microros_ws/install/micro_ros_setup/./config/freertos/nucleo_f746zg/client-colcon.meta
[4.336s] -- Up-to-date: /home/joaoferreira/microros_ws/install/micro_ros_setup/./config/freertos/nucleo_f746zg/client_uros_packages.repos
[4.336s] -- Up-to-date: /home/joaoferreira/microros_ws/install/micro_ros_setup/./config/freertos/nucleo_f746zg/build.sh
[4.336s] -- Up-to-date: /home/joaoferreira/microros_ws/install/micro_ros_setup/./config/freertos/nucleo_f746zg/board.repos
[4.336s] -- Up-to-date: /home/joaoferreira/microros_ws/install/micro_ros_setup/./config/freertos/nucleo_f746zg/package.xml
[4.336s] -- Up-to-date: /home/joaoferreira/microros_ws/install/micro_ros_setup/./config/freertos/nucleo_f746zg/create.sh
[4.336s] -- Up-to-date: /home/joaoferreira/microros_ws/install/micro_ros_setup/./config/freertos/dev_uros_packages.repos
[4.337s] -- Up-to-date: /home/joaoferreira/microros_ws/install/micro_ros_setup/./config/freertos/nucleo_f767zi
[4.337s] -- Up-to-date: /home/joaoferreira/microros_ws/install/micro_ros_setup/./config/freertos/nucleo_f767zi/configure.sh
[4.337s] -- Up-to-date: /home/joaoferreira/microros_ws/install/micro_ros_setup/./config/freertos/nucleo_f767zi/flash.sh
[4.337s] -- Up-to-date: /home/joaoferreira/microros_ws/install/micro_ros_setup/./config/freertos/nucleo_f767zi/client-colcon.meta
[4.337s] -- Up-to-date: /home/joaoferreira/microros_ws/install/micro_ros_setup/./config/freertos/nucleo_f767zi/client_uros_packages.repos
[4.337s] -- Up-to-date: /home/joaoferreira/microros_ws/install/micro_ros_setup/./config/freertos/nucleo_f767zi/build.sh
[4.338s] -- Up-to-date: /home/joaoferreira/microros_ws/install/micro_ros_setup/./config/freertos/nucleo_f767zi/board.repos
[4.338s] -- Up-to-date: /home/joaoferreira/microros_ws/install/micro_ros_setup/./config/freertos/nucleo_f767zi/package.xml
[4.338s] -- Up-to-date: /home/joaoferreira/microros_ws/install/micro_ros_setup/./config/freertos/nucleo_f767zi/create.sh
[4.338s] -- Up-to-date: /home/joaoferreira/microros_ws/install/micro_ros_setup/./config/freertos/dev_ros2_packages.txt
[4.338s] -- Up-to-date: /home/joaoferreira/microros_ws/install/micro_ros_setup/./config/freertos/crazyflie21
[4.349s] -- Up-to-date: /home/joaoferreira/microros_ws/install/micro_ros_setup/./config/freertos/crazyflie21/configure.sh
[4.349s] -- Up-to-date: /home/joaoferreira/microros_ws/install/micro_ros_setup/./config/freertos/crazyflie21/flash.sh
[4.349s] -- Up-to-date: /home/joaoferreira/microros_ws/install/micro_ros_setup/./config/freertos/crazyflie21/client-colcon.meta
[4.349s] -- Up-to-date: /home/joaoferreira/microros_ws/install/micro_ros_setup/./config/freertos/crazyflie21/client_uros_packages.repos
[4.350s] -- Up-to-date: /home/joaoferreira/microros_ws/install/micro_ros_setup/./config/freertos/crazyflie21/build.sh
[4.350s] -- Up-to-date: /home/joaoferreira/microros_ws/install/micro_ros_setup/./config/freertos/crazyflie21/board.repos
[4.350s] -- Up-to-date: /home/joaoferreira/microros_ws/install/micro_ros_setup/./config/freertos/crazyflie21/package.xml
[4.350s] -- Up-to-date: /home/joaoferreira/microros_ws/install/micro_ros_setup/./config/freertos/crazyflie21/create.sh
[4.350s] -- Up-to-date: /home/joaoferreira/microros_ws/install/micro_ros_setup/./config/freertos/nucleo_f446re
[4.361s] -- Up-to-date: /home/joaoferreira/microros_ws/install/micro_ros_setup/./config/freertos/nucleo_f446re/configure.sh
[4.361s] -- Up-to-date: /home/joaoferreira/microros_ws/install/micro_ros_setup/./config/freertos/nucleo_f446re/flash.sh
[4.361s] -- Up-to-date: /home/joaoferreira/microros_ws/install/micro_ros_setup/./config/freertos/nucleo_f446re/client-colcon.meta
[4.361s] -- Up-to-date: /home/joaoferreira/microros_ws/install/micro_ros_setup/./config/freertos/nucleo_f446re/client_uros_packages.repos
[4.361s] -- Up-to-date: /home/joaoferreira/microros_ws/install/micro_ros_setup/./config/freertos/nucleo_f446re/build.sh
[4.362s] -- Up-to-date: /home/joaoferreira/microros_ws/install/micro_ros_setup/./config/freertos/nucleo_f446re/board.repos
[4.362s] -- Up-to-date: /home/joaoferreira/microros_ws/install/micro_ros_setup/./config/freertos/nucleo_f446re/package.xml
[4.362s] -- Up-to-date: /home/joaoferreira/microros_ws/install/micro_ros_setup/./config/freertos/nucleo_f446re/create.sh
[4.362s] -- Up-to-date: /home/joaoferreira/microros_ws/install/micro_ros_setup/./config/freertos/list_apps.sh
[4.362s] -- Up-to-date: /home/joaoferreira/microros_ws/install/micro_ros_setup/./config/freertos/nucleo_f446ze
[4.369s] -- Up-to-date: /home/joaoferreira/microros_ws/install/micro_ros_setup/./config/freertos/nucleo_f446ze/configure.sh
[4.369s] -- Up-to-date: /home/joaoferreira/microros_ws/install/micro_ros_setup/./config/freertos/nucleo_f446ze/flash.sh
[4.370s] -- Up-to-date: /home/joaoferreira/microros_ws/install/micro_ros_setup/./config/freertos/nucleo_f446ze/client-colcon.meta
[4.370s] -- Up-to-date: /home/joaoferreira/microros_ws/install/micro_ros_setup/./config/freertos/nucleo_f446ze/client_uros_packages.repos
[4.370s] -- Up-to-date: /home/joaoferreira/microros_ws/install/micro_ros_setup/./config/freertos/nucleo_f446ze/build.sh
[4.370s] -- Up-to-date: /home/joaoferreira/microros_ws/install/micro_ros_setup/./config/freertos/nucleo_f446ze/board.repos
[4.370s] -- Up-to-date: /home/joaoferreira/microros_ws/install/micro_ros_setup/./config/freertos/nucleo_f446ze/package.xml
[4.370s] -- Up-to-date: /home/joaoferreira/microros_ws/install/micro_ros_setup/./config/freertos/nucleo_f446ze/create.sh
[4.370s] -- Up-to-date: /home/joaoferreira/microros_ws/install/micro_ros_setup/./config/freertos/olimex-stm32-e407
[4.372s] -- Up-to-date: /home/joaoferreira/microros_ws/install/micro_ros_setup/./config/freertos/olimex-stm32-e407/configure.sh
[4.372s] -- Up-to-date: /home/joaoferreira/microros_ws/install/micro_ros_setup/./config/freertos/olimex-stm32-e407/flash.sh
[4.372s] -- Up-to-date: /home/joaoferreira/microros_ws/install/micro_ros_setup/./config/freertos/olimex-stm32-e407/client-colcon.meta
[4.373s] -- Up-to-date: /home/joaoferreira/microros_ws/install/micro_ros_setup/./config/freertos/olimex-stm32-e407/client_uros_packages.repos
[4.373s] -- Up-to-date: /home/joaoferreira/microros_ws/install/micro_ros_setup/./config/freertos/olimex-stm32-e407/build.sh
[4.373s] -- Up-to-date: /home/joaoferreira/microros_ws/install/micro_ros_setup/./config/freertos/olimex-stm32-e407/board.repos
[4.373s] -- Up-to-date: /home/joaoferreira/microros_ws/install/micro_ros_setup/./config/freertos/olimex-stm32-e407/package.xml
[4.374s] -- Up-to-date: /home/joaoferreira/microros_ws/install/micro_ros_setup/./config/freertos/olimex-stm32-e407/create.sh
[4.374s] -- Up-to-date: /home/joaoferreira/microros_ws/install/micro_ros_setup/./config/freertos/esp32
[4.375s] -- Up-to-date: /home/joaoferreira/microros_ws/install/micro_ros_setup/./config/freertos/esp32/configure.sh
[4.375s] -- Up-to-date: /home/joaoferreira/microros_ws/install/micro_ros_setup/./config/freertos/esp32/flash.sh
[4.375s] -- Up-to-date: /home/joaoferreira/microros_ws/install/micro_ros_setup/./config/freertos/esp32/client-colcon.meta
[4.375s] -- Up-to-date: /home/joaoferreira/microros_ws/install/micro_ros_setup/./config/freertos/esp32/client_uros_packages.repos
[4.375s] -- Up-to-date: /home/joaoferreira/microros_ws/install/micro_ros_setup/./config/freertos/esp32/build.sh
[4.375s] -- Up-to-date: /home/joaoferreira/microros_ws/install/micro_ros_setup/./config/freertos/esp32/board.repos
[4.376s] -- Up-to-date: /home/joaoferreira/microros_ws/install/micro_ros_setup/./config/freertos/esp32/package.xml
[4.376s] -- Up-to-date: /home/joaoferreira/microros_ws/install/micro_ros_setup/./config/freertos/esp32/create.sh
[4.376s] -- Up-to-date: /home/joaoferreira/microros_ws/install/micro_ros_setup/./config/freertos/esp32/README.md
[4.376s] -- Up-to-date: /home/joaoferreira/microros_ws/install/micro_ros_setup/./config/raspbian
[4.397s] -- Up-to-date: /home/joaoferreira/microros_ws/install/micro_ros_setup/./config/raspbian/dev_uros_packages.repos
[4.398s] -- Up-to-date: /home/joaoferreira/microros_ws/install/micro_ros_setup/./config/raspbian/dev_ros2_packages.txt
[4.398s] -- Up-to-date: /home/joaoferreira/microros_ws/install/micro_ros_setup/./config/raspbian/generic
[4.399s] -- Up-to-date: /home/joaoferreira/microros_ws/install/micro_ros_setup/./config/raspbian/generic/configure.sh
[4.399s] -- Up-to-date: /home/joaoferreira/microros_ws/install/micro_ros_setup/./config/raspbian/generic/supported_platforms
[4.399s] -- Up-to-date: /home/joaoferreira/microros_ws/install/micro_ros_setup/./config/raspbian/generic/flash.sh
[4.399s] -- Up-to-date: /home/joaoferreira/microros_ws/install/micro_ros_setup/./config/raspbian/generic/client-colcon.meta
[4.399s] -- Up-to-date: /home/joaoferreira/microros_ws/install/micro_ros_setup/./config/raspbian/generic/client_uros_packages.repos
[4.399s] -- Up-to-date: /home/joaoferreira/microros_ws/install/micro_ros_setup/./config/raspbian/generic/build.sh
[4.400s] -- Up-to-date: /home/joaoferreira/microros_ws/install/micro_ros_setup/./config/raspbian/generic/create.sh
[4.400s] -- Up-to-date: /home/joaoferreira/microros_ws/install/micro_ros_setup/./config/generate_lib
[4.423s] -- Up-to-date: /home/joaoferreira/microros_ws/install/micro_ros_setup/./config/generate_lib/dev_uros_packages.repos
[4.423s] -- Up-to-date: /home/joaoferreira/microros_ws/install/micro_ros_setup/./config/generate_lib/dev_ros2_packages.txt
[4.423s] -- Up-to-date: /home/joaoferreira/microros_ws/install/micro_ros_setup/./config/generate_lib/generic
[4.444s] -- Up-to-date: /home/joaoferreira/microros_ws/install/micro_ros_setup/./config/generate_lib/generic/flash.sh
[4.445s] -- Up-to-date: /home/joaoferreira/microros_ws/install/micro_ros_setup/./config/generate_lib/generic/client-colcon.meta
[4.445s] -- Up-to-date: /home/joaoferreira/microros_ws/install/micro_ros_setup/./config/generate_lib/generic/client_uros_packages.repos
[4.445s] -- Up-to-date: /home/joaoferreira/microros_ws/install/micro_ros_setup/./config/generate_lib/generic/build.sh
[4.446s] -- Up-to-date: /home/joaoferreira/microros_ws/install/micro_ros_setup/./config/generate_lib/generic/package.xml
[4.446s] -- Up-to-date: /home/joaoferreira/microros_ws/install/micro_ros_setup/./config/generate_lib/generic/create.sh
[4.446s] -- Up-to-date: /home/joaoferreira/microros_ws/install/micro_ros_setup/./config/generate_lib/generic/demo_toolchain.cmake
[4.446s] -- Up-to-date: /home/joaoferreira/microros_ws/install/micro_ros_setup/./config/renesas_ra
[4.463s] -- Up-to-date: /home/joaoferreira/microros_ws/install/micro_ros_setup/./config/renesas_ra/dev_uros_packages.repos
[4.463s] -- Up-to-date: /home/joaoferreira/microros_ws/install/micro_ros_setup/./config/renesas_ra/dev_ros2_packages.txt
[4.463s] -- Up-to-date: /home/joaoferreira/microros_ws/install/micro_ros_setup/./config/renesas_ra/ra6m5
[4.484s] -- Up-to-date: /home/joaoferreira/microros_ws/install/micro_ros_setup/./config/renesas_ra/ra6m5/configure.sh
[4.484s] -- Up-to-date: /home/joaoferreira/microros_ws/install/micro_ros_setup/./config/renesas_ra/ra6m5/flash.sh
[4.484s] -- Up-to-date: /home/joaoferreira/microros_ws/install/micro_ros_setup/./config/renesas_ra/ra6m5/client-colcon.meta
[4.485s] -- Up-to-date: /home/joaoferreira/microros_ws/install/micro_ros_setup/./config/renesas_ra/ra6m5/client_uros_packages.repos
[4.485s] -- Up-to-date: /home/joaoferreira/microros_ws/install/micro_ros_setup/./config/renesas_ra/ra6m5/build.sh
[4.486s] -- Up-to-date: /home/joaoferreira/microros_ws/install/micro_ros_setup/./config/renesas_ra/ra6m5/board.repos
[4.486s] -- Up-to-date: /home/joaoferreira/microros_ws/install/micro_ros_setup/./config/renesas_ra/ra6m5/create.sh
[4.486s] -- Up-to-date: /home/joaoferreira/microros_ws/install/micro_ros_setup/./config/renesas_ra/list_apps.sh
[4.487s] -- Up-to-date: /home/joaoferreira/microros_ws/install/micro_ros_setup/./config/android
[4.487s] -- Up-to-date: /home/joaoferreira/microros_ws/install/micro_ros_setup/./config/android/dev_uros_packages.repos
[4.487s] -- Up-to-date: /home/joaoferreira/microros_ws/install/micro_ros_setup/./config/android/dev_ros2_packages.txt
[4.488s] -- Up-to-date: /home/joaoferreira/microros_ws/install/micro_ros_setup/./config/android/generic
[4.489s] -- Up-to-date: /home/joaoferreira/microros_ws/install/micro_ros_setup/./config/android/generic/flash.sh
[4.489s] -- Up-to-date: /home/joaoferreira/microros_ws/install/micro_ros_setup/./config/android/generic/client-colcon.meta
[4.489s] -- Up-to-date: /home/joaoferreira/microros_ws/install/micro_ros_setup/./config/android/generic/client_uros_packages.repos
[4.489s] -- Up-to-date: /home/joaoferreira/microros_ws/install/micro_ros_setup/./config/android/generic/build.sh
[4.490s] -- Up-to-date: /home/joaoferreira/microros_ws/install/micro_ros_setup/./config/android/generic/package.xml
[4.490s] -- Up-to-date: /home/joaoferreira/microros_ws/install/micro_ros_setup/./config/android/generic/create.sh
[4.490s] -- Up-to-date: /home/joaoferreira/microros_ws/install/micro_ros_setup/./config/zephyr
[4.514s] -- Up-to-date: /home/joaoferreira/microros_ws/install/micro_ros_setup/./config/zephyr/dev_uros_packages.repos
[4.515s] -- Up-to-date: /home/joaoferreira/microros_ws/install/micro_ros_setup/./config/zephyr/dev_ros2_packages.txt
[4.515s] -- Up-to-date: /home/joaoferreira/microros_ws/install/micro_ros_setup/./config/zephyr/generic
[4.515s] -- Up-to-date: /home/joaoferreira/microros_ws/install/micro_ros_setup/./config/zephyr/generic/configure.sh
[4.516s] -- Up-to-date: /home/joaoferreira/microros_ws/install/micro_ros_setup/./config/zephyr/generic/supported_platforms
[4.516s] -- Up-to-date: /home/joaoferreira/microros_ws/install/micro_ros_setup/./config/zephyr/generic/flash.sh
[4.516s] -- Up-to-date: /home/joaoferreira/microros_ws/install/micro_ros_setup/./config/zephyr/generic/client-colcon.meta
[4.516s] -- Up-to-date: /home/joaoferreira/microros_ws/install/micro_ros_setup/./config/zephyr/generic/client_uros_packages.repos
[4.517s] -- Up-to-date: /home/joaoferreira/microros_ws/install/micro_ros_setup/./config/zephyr/generic/build.sh
[4.517s] -- Up-to-date: /home/joaoferreira/microros_ws/install/micro_ros_setup/./config/zephyr/generic/board.repos
[4.517s] -- Up-to-date: /home/joaoferreira/microros_ws/install/micro_ros_setup/./config/zephyr/generic/package.xml
[4.517s] -- Up-to-date: /home/joaoferreira/microros_ws/install/micro_ros_setup/./config/zephyr/generic/create.sh
[4.517s] -- Up-to-date: /home/joaoferreira/microros_ws/install/micro_ros_setup/./config/zephyr/list_apps.sh
[4.517s] -- Up-to-date: /home/joaoferreira/microros_ws/install/micro_ros_setup/./config/client_uros_packages.repos
[4.539s] -- Up-to-date: /home/joaoferreira/microros_ws/install/micro_ros_setup/lib/micro_ros_setup/create_ws.sh
[4.539s] -- Up-to-date: /home/joaoferreira/microros_ws/install/micro_ros_setup/lib/micro_ros_setup/create_agent_ws.sh
[4.539s] -- Up-to-date: /home/joaoferreira/microros_ws/install/micro_ros_setup/lib/micro_ros_setup/create_firmware_ws.sh
[4.539s] -- Up-to-date: /home/joaoferreira/microros_ws/install/micro_ros_setup/lib/micro_ros_setup/configure_firmware.sh
[4.540s] -- Up-to-date: /home/joaoferreira/microros_ws/install/micro_ros_setup/lib/micro_ros_setup/flash_firmware.sh
[4.540s] -- Up-to-date: /home/joaoferreira/microros_ws/install/micro_ros_setup/lib/micro_ros_setup/build_firmware.sh
[4.540s] -- Up-to-date: /home/joaoferreira/microros_ws/install/micro_ros_setup/lib/micro_ros_setup/build_agent.sh
[4.541s] -- Up-to-date: /home/joaoferreira/microros_ws/install/micro_ros_setup/lib/micro_ros_setup/yaml_filter.py
[4.541s] -- Up-to-date: /home/joaoferreira/microros_ws/install/micro_ros_setup/lib/micro_ros_setup/clean_env.sh
[4.541s] -- Up-to-date: /home/joaoferreira/microros_ws/install/micro_ros_setup/lib/micro_ros_setup/component
[4.546s] Invoked command in '/home/joaoferreira/microros_ws/build/micro_ros_setup' returned '0': CMAKE_PREFIX_PATH=${CMAKE_PREFIX_PATH}:/home/joaoferreira/beta/install/beta_controller:/opt/ros/humble /usr/bin/cmake --install /home/joaoferreira/microros_ws/build/micro_ros_setup
