[1.280s] DEBUG:colcon:Command line arguments: ['/usr/bin/colcon', 'build']
[1.280s] DEBUG:colcon:Parsed command line arguments: Namespace(log_base=None, log_level=None, verb_name='build', build_base='build', install_base='install', merge_install=False, symlink_install=False, test_result_base=None, continue_on_error=False, executor='parallel', parallel_workers=4, event_handlers=None, ignore_user_meta=False, metas=['./colcon.meta'], base_paths=['.'], packages_ignore=None, packages_ignore_regex=None, paths=None, packages_up_to=None, packages_up_to_regex=None, packages_above=None, packages_above_and_dependencies=None, packages_above_depth=None, packages_select_by_dep=None, packages_skip_by_dep=None, packages_skip_up_to=None, packages_select_build_failed=False, packages_skip_build_finished=False, packages_select_test_failures=False, packages_skip_test_passed=False, packages_select=None, packages_skip=None, packages_select_regex=None, packages_skip_regex=None, packages_start=None, packages_end=None, allow_overriding=[], cmake_args=None, cmake_target=None, cmake_target_skip_unavailable=False, cmake_clean_cache=False, cmake_clean_first=False, cmake_force_configure=False, ament_cmake_args=None, catkin_cmake_args=None, catkin_skip_building_tests=False, mixin_files=None, mixin=None, verb_parser=<colcon_mixin.mixin.mixin_argument.MixinArgumentDecorator object at 0x7c832e76d660>, verb_extension=<colcon_core.verb.build.BuildVerb object at 0x7c832e76cf70>, main=<bound method BuildVerb.main of <colcon_core.verb.build.BuildVerb object at 0x7c832e76cf70>>, mixin_verb=('build',))
[3.470s] Level 1:colcon.colcon_core.package_discovery:discover_packages(colcon_meta) check parameters
[3.470s] Level 1:colcon.colcon_core.package_discovery:discover_packages(recursive) check parameters
[3.470s] Level 1:colcon.colcon_core.package_discovery:discover_packages(ignore) check parameters
[3.470s] Level 1:colcon.colcon_core.package_discovery:discover_packages(path) check parameters
[3.470s] Level 1:colcon.colcon_core.package_discovery:discover_packages(colcon_meta) discover
[3.470s] Level 1:colcon.colcon_core.package_discovery:discover_packages(recursive) discover
[3.470s] INFO:colcon.colcon_core.package_discovery:Crawling recursively for packages in '/home/joaoferreira/beta'
[3.471s] Level 1:colcon.colcon_core.package_identification:_identify(.) by extensions ['ignore', 'ignore_ament_install']
[3.471s] Level 1:colcon.colcon_core.package_identification:_identify(.) by extension 'ignore'
[3.471s] Level 1:colcon.colcon_core.package_identification:_identify(.) by extension 'ignore_ament_install'
[3.471s] Level 1:colcon.colcon_core.package_identification:_identify(.) by extensions ['colcon_pkg']
[3.471s] Level 1:colcon.colcon_core.package_identification:_identify(.) by extension 'colcon_pkg'
[3.471s] Level 1:colcon.colcon_core.package_identification:_identify(.) by extensions ['colcon_meta']
[3.471s] Level 1:colcon.colcon_core.package_identification:_identify(.) by extension 'colcon_meta'
[3.471s] Level 1:colcon.colcon_core.package_identification:_identify(.) by extensions ['ros']
[3.471s] Level 1:colcon.colcon_core.package_identification:_identify(.) by extension 'ros'
[3.485s] Level 1:colcon.colcon_core.package_identification:_identify(.) by extensions ['cmake', 'python']
[3.485s] Level 1:colcon.colcon_core.package_identification:_identify(.) by extension 'cmake'
[3.485s] Level 1:colcon.colcon_core.package_identification:_identify(.) by extension 'python'
[3.485s] Level 1:colcon.colcon_core.package_identification:_identify(.) by extensions ['python_setup_py']
[3.485s] Level 1:colcon.colcon_core.package_identification:_identify(.) by extension 'python_setup_py'
[3.486s] Level 1:colcon.colcon_core.package_identification:_identify(beta_firmware) by extensions ['ignore', 'ignore_ament_install']
[3.486s] Level 1:colcon.colcon_core.package_identification:_identify(beta_firmware) by extension 'ignore'
[3.486s] Level 1:colcon.colcon_core.package_identification:_identify(beta_firmware) by extension 'ignore_ament_install'
[3.486s] Level 1:colcon.colcon_core.package_identification:_identify(beta_firmware) by extensions ['colcon_pkg']
[3.486s] Level 1:colcon.colcon_core.package_identification:_identify(beta_firmware) by extension 'colcon_pkg'
[3.486s] Level 1:colcon.colcon_core.package_identification:_identify(beta_firmware) by extensions ['colcon_meta']
[3.486s] Level 1:colcon.colcon_core.package_identification:_identify(beta_firmware) by extension 'colcon_meta'
[3.486s] Level 1:colcon.colcon_core.package_identification:_identify(beta_firmware) by extensions ['ros']
[3.486s] Level 1:colcon.colcon_core.package_identification:_identify(beta_firmware) by extension 'ros'
[3.486s] Level 1:colcon.colcon_core.package_identification:_identify(beta_firmware) by extensions ['cmake', 'python']
[3.486s] Level 1:colcon.colcon_core.package_identification:_identify(beta_firmware) by extension 'cmake'
[3.487s] Level 1:colcon.colcon_core.package_identification:_identify(beta_firmware) by extension 'python'
[3.487s] Level 1:colcon.colcon_core.package_identification:_identify(beta_firmware) by extensions ['python_setup_py']
[3.487s] Level 1:colcon.colcon_core.package_identification:_identify(beta_firmware) by extension 'python_setup_py'
[3.487s] Level 1:colcon.colcon_core.package_identification:_identify(beta_firmware/beta_firmware) by extensions ['ignore', 'ignore_ament_install']
[3.487s] Level 1:colcon.colcon_core.package_identification:_identify(beta_firmware/beta_firmware) by extension 'ignore'
[3.487s] Level 1:colcon.colcon_core.package_identification:_identify(beta_firmware/beta_firmware) by extension 'ignore_ament_install'
[3.487s] Level 1:colcon.colcon_core.package_identification:_identify(beta_firmware/beta_firmware) by extensions ['colcon_pkg']
[3.487s] Level 1:colcon.colcon_core.package_identification:_identify(beta_firmware/beta_firmware) by extension 'colcon_pkg'
[3.487s] Level 1:colcon.colcon_core.package_identification:_identify(beta_firmware/beta_firmware) by extensions ['colcon_meta']
[3.487s] Level 1:colcon.colcon_core.package_identification:_identify(beta_firmware/beta_firmware) by extension 'colcon_meta'
[3.487s] Level 1:colcon.colcon_core.package_identification:_identify(beta_firmware/beta_firmware) by extensions ['ros']
[3.487s] Level 1:colcon.colcon_core.package_identification:_identify(beta_firmware/beta_firmware) by extension 'ros'
[3.488s] Level 1:colcon.colcon_core.package_identification:_identify(beta_firmware/beta_firmware) by extensions ['cmake', 'python']
[3.488s] Level 1:colcon.colcon_core.package_identification:_identify(beta_firmware/beta_firmware) by extension 'cmake'
[3.488s] Level 1:colcon.colcon_core.package_identification:_identify(beta_firmware/beta_firmware) by extension 'python'
[3.488s] Level 1:colcon.colcon_core.package_identification:_identify(beta_firmware/beta_firmware) by extensions ['python_setup_py']
[3.488s] Level 1:colcon.colcon_core.package_identification:_identify(beta_firmware/beta_firmware) by extension 'python_setup_py'
[3.488s] Level 1:colcon.colcon_core.package_identification:_identify(beta_firmware/beta_firmware/build) by extensions ['ignore', 'ignore_ament_install']
[3.488s] Level 1:colcon.colcon_core.package_identification:_identify(beta_firmware/beta_firmware/build) by extension 'ignore'
[3.488s] Level 1:colcon.colcon_core.package_identification:_identify(beta_firmware/beta_firmware/build) ignored
[3.488s] Level 1:colcon.colcon_core.package_identification:_identify(beta_firmware/beta_firmware/include) by extensions ['ignore', 'ignore_ament_install']
[3.489s] Level 1:colcon.colcon_core.package_identification:_identify(beta_firmware/beta_firmware/include) by extension 'ignore'
[3.489s] Level 1:colcon.colcon_core.package_identification:_identify(beta_firmware/beta_firmware/include) by extension 'ignore_ament_install'
[3.489s] Level 1:colcon.colcon_core.package_identification:_identify(beta_firmware/beta_firmware/include) by extensions ['colcon_pkg']
[3.489s] Level 1:colcon.colcon_core.package_identification:_identify(beta_firmware/beta_firmware/include) by extension 'colcon_pkg'
[3.489s] Level 1:colcon.colcon_core.package_identification:_identify(beta_firmware/beta_firmware/include) by extensions ['colcon_meta']
[3.489s] Level 1:colcon.colcon_core.package_identification:_identify(beta_firmware/beta_firmware/include) by extension 'colcon_meta'
[3.489s] Level 1:colcon.colcon_core.package_identification:_identify(beta_firmware/beta_firmware/include) by extensions ['ros']
[3.489s] Level 1:colcon.colcon_core.package_identification:_identify(beta_firmware/beta_firmware/include) by extension 'ros'
[3.489s] Level 1:colcon.colcon_core.package_identification:_identify(beta_firmware/beta_firmware/include) by extensions ['cmake', 'python']
[3.489s] Level 1:colcon.colcon_core.package_identification:_identify(beta_firmware/beta_firmware/include) by extension 'cmake'
[3.489s] Level 1:colcon.colcon_core.package_identification:_identify(beta_firmware/beta_firmware/include) by extension 'python'
[3.489s] Level 1:colcon.colcon_core.package_identification:_identify(beta_firmware/beta_firmware/include) by extensions ['python_setup_py']
[3.489s] Level 1:colcon.colcon_core.package_identification:_identify(beta_firmware/beta_firmware/include) by extension 'python_setup_py'
[3.490s] Level 1:colcon.colcon_core.package_identification:_identify(beta_firmware/beta_firmware/install) by extensions ['ignore', 'ignore_ament_install']
[3.490s] Level 1:colcon.colcon_core.package_identification:_identify(beta_firmware/beta_firmware/install) by extension 'ignore'
[3.490s] Level 1:colcon.colcon_core.package_identification:_identify(beta_firmware/beta_firmware/install) ignored
[3.490s] Level 1:colcon.colcon_core.package_identification:_identify(beta_firmware/beta_firmware/lib) by extensions ['ignore', 'ignore_ament_install']
[3.490s] Level 1:colcon.colcon_core.package_identification:_identify(beta_firmware/beta_firmware/lib) by extension 'ignore'
[3.490s] Level 1:colcon.colcon_core.package_identification:_identify(beta_firmware/beta_firmware/lib) by extension 'ignore_ament_install'
[3.490s] Level 1:colcon.colcon_core.package_identification:_identify(beta_firmware/beta_firmware/lib) by extensions ['colcon_pkg']
[3.490s] Level 1:colcon.colcon_core.package_identification:_identify(beta_firmware/beta_firmware/lib) by extension 'colcon_pkg'
[3.490s] Level 1:colcon.colcon_core.package_identification:_identify(beta_firmware/beta_firmware/lib) by extensions ['colcon_meta']
[3.491s] Level 1:colcon.colcon_core.package_identification:_identify(beta_firmware/beta_firmware/lib) by extension 'colcon_meta'
[3.491s] Level 1:colcon.colcon_core.package_identification:_identify(beta_firmware/beta_firmware/lib) by extensions ['ros']
[3.491s] Level 1:colcon.colcon_core.package_identification:_identify(beta_firmware/beta_firmware/lib) by extension 'ros'
[3.491s] Level 1:colcon.colcon_core.package_identification:_identify(beta_firmware/beta_firmware/lib) by extensions ['cmake', 'python']
[3.491s] Level 1:colcon.colcon_core.package_identification:_identify(beta_firmware/beta_firmware/lib) by extension 'cmake'
[3.491s] Level 1:colcon.colcon_core.package_identification:_identify(beta_firmware/beta_firmware/lib) by extension 'python'
[3.491s] Level 1:colcon.colcon_core.package_identification:_identify(beta_firmware/beta_firmware/lib) by extensions ['python_setup_py']
[3.491s] Level 1:colcon.colcon_core.package_identification:_identify(beta_firmware/beta_firmware/lib) by extension 'python_setup_py'
[3.491s] Level 1:colcon.colcon_core.package_identification:_identify(beta_firmware/beta_firmware/log) by extensions ['ignore', 'ignore_ament_install']
[3.491s] Level 1:colcon.colcon_core.package_identification:_identify(beta_firmware/beta_firmware/log) by extension 'ignore'
[3.491s] Level 1:colcon.colcon_core.package_identification:_identify(beta_firmware/beta_firmware/log) ignored
[3.491s] Level 1:colcon.colcon_core.package_identification:_identify(beta_firmware/beta_firmware/src) by extensions ['ignore', 'ignore_ament_install']
[3.492s] Level 1:colcon.colcon_core.package_identification:_identify(beta_firmware/beta_firmware/src) by extension 'ignore'
[3.492s] Level 1:colcon.colcon_core.package_identification:_identify(beta_firmware/beta_firmware/src) by extension 'ignore_ament_install'
[3.492s] Level 1:colcon.colcon_core.package_identification:_identify(beta_firmware/beta_firmware/src) by extensions ['colcon_pkg']
[3.492s] Level 1:colcon.colcon_core.package_identification:_identify(beta_firmware/beta_firmware/src) by extension 'colcon_pkg'
[3.492s] Level 1:colcon.colcon_core.package_identification:_identify(beta_firmware/beta_firmware/src) by extensions ['colcon_meta']
[3.492s] Level 1:colcon.colcon_core.package_identification:_identify(beta_firmware/beta_firmware/src) by extension 'colcon_meta'
[3.492s] Level 1:colcon.colcon_core.package_identification:_identify(beta_firmware/beta_firmware/src) by extensions ['ros']
[3.492s] Level 1:colcon.colcon_core.package_identification:_identify(beta_firmware/beta_firmware/src) by extension 'ros'
[3.492s] Level 1:colcon.colcon_core.package_identification:_identify(beta_firmware/beta_firmware/src) by extensions ['cmake', 'python']
[3.492s] Level 1:colcon.colcon_core.package_identification:_identify(beta_firmware/beta_firmware/src) by extension 'cmake'
[3.492s] Level 1:colcon.colcon_core.package_identification:_identify(beta_firmware/beta_firmware/src) by extension 'python'
[3.492s] Level 1:colcon.colcon_core.package_identification:_identify(beta_firmware/beta_firmware/src) by extensions ['python_setup_py']
[3.492s] Level 1:colcon.colcon_core.package_identification:_identify(beta_firmware/beta_firmware/src) by extension 'python_setup_py'
[3.492s] Level 1:colcon.colcon_core.package_identification:_identify(beta_firmware/beta_firmware/test) by extensions ['ignore', 'ignore_ament_install']
[3.492s] Level 1:colcon.colcon_core.package_identification:_identify(beta_firmware/beta_firmware/test) by extension 'ignore'
[3.493s] Level 1:colcon.colcon_core.package_identification:_identify(beta_firmware/beta_firmware/test) by extension 'ignore_ament_install'
[3.493s] Level 1:colcon.colcon_core.package_identification:_identify(beta_firmware/beta_firmware/test) by extensions ['colcon_pkg']
[3.493s] Level 1:colcon.colcon_core.package_identification:_identify(beta_firmware/beta_firmware/test) by extension 'colcon_pkg'
[3.493s] Level 1:colcon.colcon_core.package_identification:_identify(beta_firmware/beta_firmware/test) by extensions ['colcon_meta']
[3.493s] Level 1:colcon.colcon_core.package_identification:_identify(beta_firmware/beta_firmware/test) by extension 'colcon_meta'
[3.493s] Level 1:colcon.colcon_core.package_identification:_identify(beta_firmware/beta_firmware/test) by extensions ['ros']
[3.493s] Level 1:colcon.colcon_core.package_identification:_identify(beta_firmware/beta_firmware/test) by extension 'ros'
[3.493s] Level 1:colcon.colcon_core.package_identification:_identify(beta_firmware/beta_firmware/test) by extensions ['cmake', 'python']
[3.493s] Level 1:colcon.colcon_core.package_identification:_identify(beta_firmware/beta_firmware/test) by extension 'cmake'
[3.493s] Level 1:colcon.colcon_core.package_identification:_identify(beta_firmware/beta_firmware/test) by extension 'python'
[3.493s] Level 1:colcon.colcon_core.package_identification:_identify(beta_firmware/beta_firmware/test) by extensions ['python_setup_py']
[3.493s] Level 1:colcon.colcon_core.package_identification:_identify(beta_firmware/beta_firmware/test) by extension 'python_setup_py'
[3.493s] Level 1:colcon.colcon_core.package_identification:_identify(beta_firmware/build) by extensions ['ignore', 'ignore_ament_install']
[3.493s] Level 1:colcon.colcon_core.package_identification:_identify(beta_firmware/build) by extension 'ignore'
[3.493s] Level 1:colcon.colcon_core.package_identification:_identify(beta_firmware/build) ignored
[3.494s] Level 1:colcon.colcon_core.package_identification:_identify(beta_firmware/install) by extensions ['ignore', 'ignore_ament_install']
[3.494s] Level 1:colcon.colcon_core.package_identification:_identify(beta_firmware/install) by extension 'ignore'
[3.494s] Level 1:colcon.colcon_core.package_identification:_identify(beta_firmware/install) ignored
[3.494s] Level 1:colcon.colcon_core.package_identification:_identify(beta_firmware/log) by extensions ['ignore', 'ignore_ament_install']
[3.494s] Level 1:colcon.colcon_core.package_identification:_identify(beta_firmware/log) by extension 'ignore'
[3.494s] Level 1:colcon.colcon_core.package_identification:_identify(beta_firmware/log) ignored
[3.494s] Level 1:colcon.colcon_core.package_identification:_identify(beta_firmware/microros_ws) by extensions ['ignore', 'ignore_ament_install']
[3.494s] Level 1:colcon.colcon_core.package_identification:_identify(beta_firmware/microros_ws) by extension 'ignore'
[3.494s] Level 1:colcon.colcon_core.package_identification:_identify(beta_firmware/microros_ws) by extension 'ignore_ament_install'
[3.494s] Level 1:colcon.colcon_core.package_identification:_identify(beta_firmware/microros_ws) by extensions ['colcon_pkg']
[3.494s] Level 1:colcon.colcon_core.package_identification:_identify(beta_firmware/microros_ws) by extension 'colcon_pkg'
[3.494s] Level 1:colcon.colcon_core.package_identification:_identify(beta_firmware/microros_ws) by extensions ['colcon_meta']
[3.494s] Level 1:colcon.colcon_core.package_identification:_identify(beta_firmware/microros_ws) by extension 'colcon_meta'
[3.494s] Level 1:colcon.colcon_core.package_identification:_identify(beta_firmware/microros_ws) by extensions ['ros']
[3.495s] Level 1:colcon.colcon_core.package_identification:_identify(beta_firmware/microros_ws) by extension 'ros'
[3.495s] Level 1:colcon.colcon_core.package_identification:_identify(beta_firmware/microros_ws) by extensions ['cmake', 'python']
[3.495s] Level 1:colcon.colcon_core.package_identification:_identify(beta_firmware/microros_ws) by extension 'cmake'
[3.495s] Level 1:colcon.colcon_core.package_identification:_identify(beta_firmware/microros_ws) by extension 'python'
[3.495s] Level 1:colcon.colcon_core.package_identification:_identify(beta_firmware/microros_ws) by extensions ['python_setup_py']
[3.495s] Level 1:colcon.colcon_core.package_identification:_identify(beta_firmware/microros_ws) by extension 'python_setup_py'
[3.495s] Level 1:colcon.colcon_core.package_identification:_identify(beta_firmware/microros_ws/build) by extensions ['ignore', 'ignore_ament_install']
[3.495s] Level 1:colcon.colcon_core.package_identification:_identify(beta_firmware/microros_ws/build) by extension 'ignore'
[3.495s] Level 1:colcon.colcon_core.package_identification:_identify(beta_firmware/microros_ws/build) ignored
[3.495s] Level 1:colcon.colcon_core.package_identification:_identify(beta_firmware/microros_ws/install) by extensions ['ignore', 'ignore_ament_install']
[3.495s] Level 1:colcon.colcon_core.package_identification:_identify(beta_firmware/microros_ws/install) by extension 'ignore'
[3.495s] Level 1:colcon.colcon_core.package_identification:_identify(beta_firmware/microros_ws/install) ignored
[3.496s] Level 1:colcon.colcon_core.package_identification:_identify(beta_firmware/microros_ws/log) by extensions ['ignore', 'ignore_ament_install']
[3.496s] Level 1:colcon.colcon_core.package_identification:_identify(beta_firmware/microros_ws/log) by extension 'ignore'
[3.496s] Level 1:colcon.colcon_core.package_identification:_identify(beta_firmware/microros_ws/log) ignored
[3.496s] Level 1:colcon.colcon_core.package_identification:_identify(beta_firmware/microros_ws/src) by extensions ['ignore', 'ignore_ament_install']
[3.496s] Level 1:colcon.colcon_core.package_identification:_identify(beta_firmware/microros_ws/src) by extension 'ignore'
[3.496s] Level 1:colcon.colcon_core.package_identification:_identify(beta_firmware/microros_ws/src) by extension 'ignore_ament_install'
[3.496s] Level 1:colcon.colcon_core.package_identification:_identify(beta_firmware/microros_ws/src) by extensions ['colcon_pkg']
[3.496s] Level 1:colcon.colcon_core.package_identification:_identify(beta_firmware/microros_ws/src) by extension 'colcon_pkg'
[3.496s] Level 1:colcon.colcon_core.package_identification:_identify(beta_firmware/microros_ws/src) by extensions ['colcon_meta']
[3.496s] Level 1:colcon.colcon_core.package_identification:_identify(beta_firmware/microros_ws/src) by extension 'colcon_meta'
[3.496s] Level 1:colcon.colcon_core.package_identification:_identify(beta_firmware/microros_ws/src) by extensions ['ros']
[3.496s] Level 1:colcon.colcon_core.package_identification:_identify(beta_firmware/microros_ws/src) by extension 'ros'
[3.496s] Level 1:colcon.colcon_core.package_identification:_identify(beta_firmware/microros_ws/src) by extensions ['cmake', 'python']
[3.496s] Level 1:colcon.colcon_core.package_identification:_identify(beta_firmware/microros_ws/src) by extension 'cmake'
[3.496s] Level 1:colcon.colcon_core.package_identification:_identify(beta_firmware/microros_ws/src) by extension 'python'
[3.497s] Level 1:colcon.colcon_core.package_identification:_identify(beta_firmware/microros_ws/src) by extensions ['python_setup_py']
[3.497s] Level 1:colcon.colcon_core.package_identification:_identify(beta_firmware/microros_ws/src) by extension 'python_setup_py'
[3.497s] Level 1:colcon.colcon_core.package_identification:_identify(beta_firmware/microros_ws/src/micro_ros_setup) by extensions ['ignore', 'ignore_ament_install']
[3.497s] Level 1:colcon.colcon_core.package_identification:_identify(beta_firmware/microros_ws/src/micro_ros_setup) by extension 'ignore'
[3.497s] Level 1:colcon.colcon_core.package_identification:_identify(beta_firmware/microros_ws/src/micro_ros_setup) by extension 'ignore_ament_install'
[3.497s] Level 1:colcon.colcon_core.package_identification:_identify(beta_firmware/microros_ws/src/micro_ros_setup) by extensions ['colcon_pkg']
[3.497s] Level 1:colcon.colcon_core.package_identification:_identify(beta_firmware/microros_ws/src/micro_ros_setup) by extension 'colcon_pkg'
[3.497s] Level 1:colcon.colcon_core.package_identification:_identify(beta_firmware/microros_ws/src/micro_ros_setup) by extensions ['colcon_meta']
[3.497s] Level 1:colcon.colcon_core.package_identification:_identify(beta_firmware/microros_ws/src/micro_ros_setup) by extension 'colcon_meta'
[3.497s] Level 1:colcon.colcon_core.package_identification:_identify(beta_firmware/microros_ws/src/micro_ros_setup) by extensions ['ros']
[3.497s] Level 1:colcon.colcon_core.package_identification:_identify(beta_firmware/microros_ws/src/micro_ros_setup) by extension 'ros'
[3.586s] DEBUG:colcon.colcon_core.package_identification:Package 'beta_firmware/microros_ws/src/micro_ros_setup' with type 'ros.ament_cmake' and name 'micro_ros_setup'
[3.586s] Level 1:colcon.colcon_core.package_identification:_identify(beta_firmware/microros_ws/src/uros) by extensions ['ignore', 'ignore_ament_install']
[3.586s] Level 1:colcon.colcon_core.package_identification:_identify(beta_firmware/microros_ws/src/uros) by extension 'ignore'
[3.586s] Level 1:colcon.colcon_core.package_identification:_identify(beta_firmware/microros_ws/src/uros) by extension 'ignore_ament_install'
[3.586s] Level 1:colcon.colcon_core.package_identification:_identify(beta_firmware/microros_ws/src/uros) by extensions ['colcon_pkg']
[3.586s] Level 1:colcon.colcon_core.package_identification:_identify(beta_firmware/microros_ws/src/uros) by extension 'colcon_pkg'
[3.586s] Level 1:colcon.colcon_core.package_identification:_identify(beta_firmware/microros_ws/src/uros) by extensions ['colcon_meta']
[3.586s] Level 1:colcon.colcon_core.package_identification:_identify(beta_firmware/microros_ws/src/uros) by extension 'colcon_meta'
[3.586s] Level 1:colcon.colcon_core.package_identification:_identify(beta_firmware/microros_ws/src/uros) by extensions ['ros']
[3.587s] Level 1:colcon.colcon_core.package_identification:_identify(beta_firmware/microros_ws/src/uros) by extension 'ros'
[3.587s] Level 1:colcon.colcon_core.package_identification:_identify(beta_firmware/microros_ws/src/uros) by extensions ['cmake', 'python']
[3.587s] Level 1:colcon.colcon_core.package_identification:_identify(beta_firmware/microros_ws/src/uros) by extension 'cmake'
[3.587s] Level 1:colcon.colcon_core.package_identification:_identify(beta_firmware/microros_ws/src/uros) by extension 'python'
[3.587s] Level 1:colcon.colcon_core.package_identification:_identify(beta_firmware/microros_ws/src/uros) by extensions ['python_setup_py']
[3.587s] Level 1:colcon.colcon_core.package_identification:_identify(beta_firmware/microros_ws/src/uros) by extension 'python_setup_py'
[3.587s] Level 1:colcon.colcon_core.package_identification:_identify(beta_firmware/microros_ws/src/uros/micro-ROS-Agent) by extensions ['ignore', 'ignore_ament_install']
[3.587s] Level 1:colcon.colcon_core.package_identification:_identify(beta_firmware/microros_ws/src/uros/micro-ROS-Agent) by extension 'ignore'
[3.587s] Level 1:colcon.colcon_core.package_identification:_identify(beta_firmware/microros_ws/src/uros/micro-ROS-Agent) by extension 'ignore_ament_install'
[3.587s] Level 1:colcon.colcon_core.package_identification:_identify(beta_firmware/microros_ws/src/uros/micro-ROS-Agent) by extensions ['colcon_pkg']
[3.588s] Level 1:colcon.colcon_core.package_identification:_identify(beta_firmware/microros_ws/src/uros/micro-ROS-Agent) by extension 'colcon_pkg'
[3.588s] Level 1:colcon.colcon_core.package_identification:_identify(beta_firmware/microros_ws/src/uros/micro-ROS-Agent) by extensions ['colcon_meta']
[3.588s] Level 1:colcon.colcon_core.package_identification:_identify(beta_firmware/microros_ws/src/uros/micro-ROS-Agent) by extension 'colcon_meta'
[3.588s] Level 1:colcon.colcon_core.package_identification:_identify(beta_firmware/microros_ws/src/uros/micro-ROS-Agent) by extensions ['ros']
[3.588s] Level 1:colcon.colcon_core.package_identification:_identify(beta_firmware/microros_ws/src/uros/micro-ROS-Agent) by extension 'ros'
[3.588s] Level 1:colcon.colcon_core.package_identification:_identify(beta_firmware/microros_ws/src/uros/micro-ROS-Agent) by extensions ['cmake', 'python']
[3.588s] Level 1:colcon.colcon_core.package_identification:_identify(beta_firmware/microros_ws/src/uros/micro-ROS-Agent) by extension 'cmake'
[3.588s] Level 1:colcon.colcon_core.package_identification:_identify(beta_firmware/microros_ws/src/uros/micro-ROS-Agent) by extension 'python'
[3.588s] Level 1:colcon.colcon_core.package_identification:_identify(beta_firmware/microros_ws/src/uros/micro-ROS-Agent) by extensions ['python_setup_py']
[3.588s] Level 1:colcon.colcon_core.package_identification:_identify(beta_firmware/microros_ws/src/uros/micro-ROS-Agent) by extension 'python_setup_py'
[3.589s] Level 1:colcon.colcon_core.package_identification:_identify(beta_firmware/microros_ws/src/uros/micro-ROS-Agent/micro_ros_agent) by extensions ['ignore', 'ignore_ament_install']
[3.589s] Level 1:colcon.colcon_core.package_identification:_identify(beta_firmware/microros_ws/src/uros/micro-ROS-Agent/micro_ros_agent) by extension 'ignore'
[3.589s] Level 1:colcon.colcon_core.package_identification:_identify(beta_firmware/microros_ws/src/uros/micro-ROS-Agent/micro_ros_agent) by extension 'ignore_ament_install'
[3.589s] Level 1:colcon.colcon_core.package_identification:_identify(beta_firmware/microros_ws/src/uros/micro-ROS-Agent/micro_ros_agent) by extensions ['colcon_pkg']
[3.589s] Level 1:colcon.colcon_core.package_identification:_identify(beta_firmware/microros_ws/src/uros/micro-ROS-Agent/micro_ros_agent) by extension 'colcon_pkg'
[3.589s] Level 1:colcon.colcon_core.package_identification:_identify(beta_firmware/microros_ws/src/uros/micro-ROS-Agent/micro_ros_agent) by extensions ['colcon_meta']
[3.589s] Level 1:colcon.colcon_core.package_identification:_identify(beta_firmware/microros_ws/src/uros/micro-ROS-Agent/micro_ros_agent) by extension 'colcon_meta'
[3.589s] Level 1:colcon.colcon_core.package_identification:_identify(beta_firmware/microros_ws/src/uros/micro-ROS-Agent/micro_ros_agent) by extensions ['ros']
[3.589s] Level 1:colcon.colcon_core.package_identification:_identify(beta_firmware/microros_ws/src/uros/micro-ROS-Agent/micro_ros_agent) by extension 'ros'
[3.609s] DEBUG:colcon.colcon_core.package_identification:Package 'beta_firmware/microros_ws/src/uros/micro-ROS-Agent/micro_ros_agent' with type 'ros.ament_cmake' and name 'micro_ros_agent'
[3.609s] Level 1:colcon.colcon_core.package_identification:_identify(beta_firmware/microros_ws/src/uros/micro-ROS-Agent/snap) by extensions ['ignore', 'ignore_ament_install']
[3.609s] Level 1:colcon.colcon_core.package_identification:_identify(beta_firmware/microros_ws/src/uros/micro-ROS-Agent/snap) by extension 'ignore'
[3.609s] Level 1:colcon.colcon_core.package_identification:_identify(beta_firmware/microros_ws/src/uros/micro-ROS-Agent/snap) by extension 'ignore_ament_install'
[3.610s] Level 1:colcon.colcon_core.package_identification:_identify(beta_firmware/microros_ws/src/uros/micro-ROS-Agent/snap) by extensions ['colcon_pkg']
[3.610s] Level 1:colcon.colcon_core.package_identification:_identify(beta_firmware/microros_ws/src/uros/micro-ROS-Agent/snap) by extension 'colcon_pkg'
[3.610s] Level 1:colcon.colcon_core.package_identification:_identify(beta_firmware/microros_ws/src/uros/micro-ROS-Agent/snap) by extensions ['colcon_meta']
[3.610s] Level 1:colcon.colcon_core.package_identification:_identify(beta_firmware/microros_ws/src/uros/micro-ROS-Agent/snap) by extension 'colcon_meta'
[3.610s] Level 1:colcon.colcon_core.package_identification:_identify(beta_firmware/microros_ws/src/uros/micro-ROS-Agent/snap) by extensions ['ros']
[3.610s] Level 1:colcon.colcon_core.package_identification:_identify(beta_firmware/microros_ws/src/uros/micro-ROS-Agent/snap) by extension 'ros'
[3.610s] Level 1:colcon.colcon_core.package_identification:_identify(beta_firmware/microros_ws/src/uros/micro-ROS-Agent/snap) by extensions ['cmake', 'python']
[3.610s] Level 1:colcon.colcon_core.package_identification:_identify(beta_firmware/microros_ws/src/uros/micro-ROS-Agent/snap) by extension 'cmake'
[3.610s] Level 1:colcon.colcon_core.package_identification:_identify(beta_firmware/microros_ws/src/uros/micro-ROS-Agent/snap) by extension 'python'
[3.610s] Level 1:colcon.colcon_core.package_identification:_identify(beta_firmware/microros_ws/src/uros/micro-ROS-Agent/snap) by extensions ['python_setup_py']
[3.610s] Level 1:colcon.colcon_core.package_identification:_identify(beta_firmware/microros_ws/src/uros/micro-ROS-Agent/snap) by extension 'python_setup_py'
[3.610s] Level 1:colcon.colcon_core.package_identification:_identify(beta_firmware/microros_ws/src/uros/micro-ROS-Agent/snap/hooks) by extensions ['ignore', 'ignore_ament_install']
[3.611s] Level 1:colcon.colcon_core.package_identification:_identify(beta_firmware/microros_ws/src/uros/micro-ROS-Agent/snap/hooks) by extension 'ignore'
[3.611s] Level 1:colcon.colcon_core.package_identification:_identify(beta_firmware/microros_ws/src/uros/micro-ROS-Agent/snap/hooks) by extension 'ignore_ament_install'
[3.611s] Level 1:colcon.colcon_core.package_identification:_identify(beta_firmware/microros_ws/src/uros/micro-ROS-Agent/snap/hooks) by extensions ['colcon_pkg']
[3.611s] Level 1:colcon.colcon_core.package_identification:_identify(beta_firmware/microros_ws/src/uros/micro-ROS-Agent/snap/hooks) by extension 'colcon_pkg'
[3.611s] Level 1:colcon.colcon_core.package_identification:_identify(beta_firmware/microros_ws/src/uros/micro-ROS-Agent/snap/hooks) by extensions ['colcon_meta']
[3.611s] Level 1:colcon.colcon_core.package_identification:_identify(beta_firmware/microros_ws/src/uros/micro-ROS-Agent/snap/hooks) by extension 'colcon_meta'
[3.611s] Level 1:colcon.colcon_core.package_identification:_identify(beta_firmware/microros_ws/src/uros/micro-ROS-Agent/snap/hooks) by extensions ['ros']
[3.611s] Level 1:colcon.colcon_core.package_identification:_identify(beta_firmware/microros_ws/src/uros/micro-ROS-Agent/snap/hooks) by extension 'ros'
[3.611s] Level 1:colcon.colcon_core.package_identification:_identify(beta_firmware/microros_ws/src/uros/micro-ROS-Agent/snap/hooks) by extensions ['cmake', 'python']
[3.611s] Level 1:colcon.colcon_core.package_identification:_identify(beta_firmware/microros_ws/src/uros/micro-ROS-Agent/snap/hooks) by extension 'cmake'
[3.611s] Level 1:colcon.colcon_core.package_identification:_identify(beta_firmware/microros_ws/src/uros/micro-ROS-Agent/snap/hooks) by extension 'python'
[3.611s] Level 1:colcon.colcon_core.package_identification:_identify(beta_firmware/microros_ws/src/uros/micro-ROS-Agent/snap/hooks) by extensions ['python_setup_py']
[3.611s] Level 1:colcon.colcon_core.package_identification:_identify(beta_firmware/microros_ws/src/uros/micro-ROS-Agent/snap/hooks) by extension 'python_setup_py'
[3.612s] Level 1:colcon.colcon_core.package_identification:_identify(beta_firmware/microros_ws/src/uros/micro-ROS-Agent/snap/local) by extensions ['ignore', 'ignore_ament_install']
[3.612s] Level 1:colcon.colcon_core.package_identification:_identify(beta_firmware/microros_ws/src/uros/micro-ROS-Agent/snap/local) by extension 'ignore'
[3.612s] Level 1:colcon.colcon_core.package_identification:_identify(beta_firmware/microros_ws/src/uros/micro-ROS-Agent/snap/local) by extension 'ignore_ament_install'
[3.612s] Level 1:colcon.colcon_core.package_identification:_identify(beta_firmware/microros_ws/src/uros/micro-ROS-Agent/snap/local) by extensions ['colcon_pkg']
[3.612s] Level 1:colcon.colcon_core.package_identification:_identify(beta_firmware/microros_ws/src/uros/micro-ROS-Agent/snap/local) by extension 'colcon_pkg'
[3.612s] Level 1:colcon.colcon_core.package_identification:_identify(beta_firmware/microros_ws/src/uros/micro-ROS-Agent/snap/local) by extensions ['colcon_meta']
[3.612s] Level 1:colcon.colcon_core.package_identification:_identify(beta_firmware/microros_ws/src/uros/micro-ROS-Agent/snap/local) by extension 'colcon_meta'
[3.612s] Level 1:colcon.colcon_core.package_identification:_identify(beta_firmware/microros_ws/src/uros/micro-ROS-Agent/snap/local) by extensions ['ros']
[3.612s] Level 1:colcon.colcon_core.package_identification:_identify(beta_firmware/microros_ws/src/uros/micro-ROS-Agent/snap/local) by extension 'ros'
[3.613s] Level 1:colcon.colcon_core.package_identification:_identify(beta_firmware/microros_ws/src/uros/micro-ROS-Agent/snap/local) by extensions ['cmake', 'python']
[3.613s] Level 1:colcon.colcon_core.package_identification:_identify(beta_firmware/microros_ws/src/uros/micro-ROS-Agent/snap/local) by extension 'cmake'
[3.613s] Level 1:colcon.colcon_core.package_identification:_identify(beta_firmware/microros_ws/src/uros/micro-ROS-Agent/snap/local) by extension 'python'
[3.613s] Level 1:colcon.colcon_core.package_identification:_identify(beta_firmware/microros_ws/src/uros/micro-ROS-Agent/snap/local) by extensions ['python_setup_py']
[3.613s] Level 1:colcon.colcon_core.package_identification:_identify(beta_firmware/microros_ws/src/uros/micro-ROS-Agent/snap/local) by extension 'python_setup_py'
[3.613s] Level 1:colcon.colcon_core.package_identification:_identify(beta_firmware/microros_ws/src/uros/micro_ros_msgs) by extensions ['ignore', 'ignore_ament_install']
[3.614s] Level 1:colcon.colcon_core.package_identification:_identify(beta_firmware/microros_ws/src/uros/micro_ros_msgs) by extension 'ignore'
[3.614s] Level 1:colcon.colcon_core.package_identification:_identify(beta_firmware/microros_ws/src/uros/micro_ros_msgs) by extension 'ignore_ament_install'
[3.614s] Level 1:colcon.colcon_core.package_identification:_identify(beta_firmware/microros_ws/src/uros/micro_ros_msgs) by extensions ['colcon_pkg']
[3.614s] Level 1:colcon.colcon_core.package_identification:_identify(beta_firmware/microros_ws/src/uros/micro_ros_msgs) by extension 'colcon_pkg'
[3.614s] Level 1:colcon.colcon_core.package_identification:_identify(beta_firmware/microros_ws/src/uros/micro_ros_msgs) by extensions ['colcon_meta']
[3.614s] Level 1:colcon.colcon_core.package_identification:_identify(beta_firmware/microros_ws/src/uros/micro_ros_msgs) by extension 'colcon_meta'
[3.614s] Level 1:colcon.colcon_core.package_identification:_identify(beta_firmware/microros_ws/src/uros/micro_ros_msgs) by extensions ['ros']
[3.614s] Level 1:colcon.colcon_core.package_identification:_identify(beta_firmware/microros_ws/src/uros/micro_ros_msgs) by extension 'ros'
[3.625s] DEBUG:colcon.colcon_core.package_identification:Package 'beta_firmware/microros_ws/src/uros/micro_ros_msgs' with type 'ros.ament_cmake' and name 'micro_ros_msgs'
[3.625s] Level 1:colcon.colcon_core.package_identification:_identify(build) by extensions ['ignore', 'ignore_ament_install']
[3.626s] Level 1:colcon.colcon_core.package_identification:_identify(build) by extension 'ignore'
[3.626s] Level 1:colcon.colcon_core.package_identification:_identify(build) ignored
[3.626s] Level 1:colcon.colcon_core.package_identification:_identify(install) by extensions ['ignore', 'ignore_ament_install']
[3.626s] Level 1:colcon.colcon_core.package_identification:_identify(install) by extension 'ignore'
[3.626s] Level 1:colcon.colcon_core.package_identification:_identify(install) ignored
[3.626s] Level 1:colcon.colcon_core.package_identification:_identify(log) by extensions ['ignore', 'ignore_ament_install']
[3.626s] Level 1:colcon.colcon_core.package_identification:_identify(log) by extension 'ignore'
[3.627s] Level 1:colcon.colcon_core.package_identification:_identify(log) ignored
[3.627s] Level 1:colcon.colcon_core.package_identification:_identify(src) by extensions ['ignore', 'ignore_ament_install']
[3.627s] Level 1:colcon.colcon_core.package_identification:_identify(src) by extension 'ignore'
[3.627s] Level 1:colcon.colcon_core.package_identification:_identify(src) by extension 'ignore_ament_install'
[3.627s] Level 1:colcon.colcon_core.package_identification:_identify(src) by extensions ['colcon_pkg']
[3.627s] Level 1:colcon.colcon_core.package_identification:_identify(src) by extension 'colcon_pkg'
[3.627s] Level 1:colcon.colcon_core.package_identification:_identify(src) by extensions ['colcon_meta']
[3.627s] Level 1:colcon.colcon_core.package_identification:_identify(src) by extension 'colcon_meta'
[3.627s] Level 1:colcon.colcon_core.package_identification:_identify(src) by extensions ['ros']
[3.627s] Level 1:colcon.colcon_core.package_identification:_identify(src) by extension 'ros'
[3.628s] Level 1:colcon.colcon_core.package_identification:_identify(src) by extensions ['cmake', 'python']
[3.628s] Level 1:colcon.colcon_core.package_identification:_identify(src) by extension 'cmake'
[3.628s] Level 1:colcon.colcon_core.package_identification:_identify(src) by extension 'python'
[3.628s] Level 1:colcon.colcon_core.package_identification:_identify(src) by extensions ['python_setup_py']
[3.628s] Level 1:colcon.colcon_core.package_identification:_identify(src) by extension 'python_setup_py'
[3.628s] Level 1:colcon.colcon_core.package_identification:_identify(src/beta_controller) by extensions ['ignore', 'ignore_ament_install']
[3.628s] Level 1:colcon.colcon_core.package_identification:_identify(src/beta_controller) by extension 'ignore'
[3.628s] Level 1:colcon.colcon_core.package_identification:_identify(src/beta_controller) by extension 'ignore_ament_install'
[3.628s] Level 1:colcon.colcon_core.package_identification:_identify(src/beta_controller) by extensions ['colcon_pkg']
[3.628s] Level 1:colcon.colcon_core.package_identification:_identify(src/beta_controller) by extension 'colcon_pkg'
[3.628s] Level 1:colcon.colcon_core.package_identification:_identify(src/beta_controller) by extensions ['colcon_meta']
[3.628s] Level 1:colcon.colcon_core.package_identification:_identify(src/beta_controller) by extension 'colcon_meta'
[3.628s] Level 1:colcon.colcon_core.package_identification:_identify(src/beta_controller) by extensions ['ros']
[3.628s] Level 1:colcon.colcon_core.package_identification:_identify(src/beta_controller) by extension 'ros'
[3.629s] DEBUG:colcon.colcon_core.package_identification:Package 'src/beta_controller' with type 'ros.ament_python' and name 'beta_controller'
[3.629s] Level 1:colcon.colcon_core.package_discovery:discover_packages(recursive) using defaults
[3.629s] Level 1:colcon.colcon_core.package_discovery:discover_packages(ignore) discover
[3.629s] Level 1:colcon.colcon_core.package_discovery:discover_packages(ignore) using defaults
[3.629s] Level 1:colcon.colcon_core.package_discovery:discover_packages(path) discover
[3.629s] Level 1:colcon.colcon_core.package_discovery:discover_packages(path) using defaults
[3.694s] Level 1:colcon.colcon_core.package_discovery:discover_packages(prefix_path) check parameters
[3.694s] Level 1:colcon.colcon_core.package_discovery:discover_packages(prefix_path) discover
[3.751s] DEBUG:colcon.colcon_installed_package_information.package_discovery:Found 4 installed packages in /home/joaoferreira/beta/install
[3.756s] DEBUG:colcon.colcon_installed_package_information.package_discovery:Found 294 installed packages in /opt/ros/humble
[3.762s] Level 1:colcon.colcon_core.package_discovery:discover_packages(prefix_path) using defaults
[3.923s] Level 5:colcon.colcon_core.verb:set package 'beta_controller' build argument 'cmake_args' from command line to 'None'
[3.923s] Level 5:colcon.colcon_core.verb:set package 'beta_controller' build argument 'cmake_target' from command line to 'None'
[3.923s] Level 5:colcon.colcon_core.verb:set package 'beta_controller' build argument 'cmake_target_skip_unavailable' from command line to 'False'
[3.923s] Level 5:colcon.colcon_core.verb:set package 'beta_controller' build argument 'cmake_clean_cache' from command line to 'False'
[3.923s] Level 5:colcon.colcon_core.verb:set package 'beta_controller' build argument 'cmake_clean_first' from command line to 'False'
[3.923s] Level 5:colcon.colcon_core.verb:set package 'beta_controller' build argument 'cmake_force_configure' from command line to 'False'
[3.923s] Level 5:colcon.colcon_core.verb:set package 'beta_controller' build argument 'ament_cmake_args' from command line to 'None'
[3.923s] Level 5:colcon.colcon_core.verb:set package 'beta_controller' build argument 'catkin_cmake_args' from command line to 'None'
[3.923s] Level 5:colcon.colcon_core.verb:set package 'beta_controller' build argument 'catkin_skip_building_tests' from command line to 'False'
[3.923s] DEBUG:colcon.colcon_core.verb:Building package 'beta_controller' with the following arguments: {'ament_cmake_args': None, 'build_base': '/home/joaoferreira/beta/build/beta_controller', 'catkin_cmake_args': None, 'catkin_skip_building_tests': False, 'cmake_args': None, 'cmake_clean_cache': False, 'cmake_clean_first': False, 'cmake_force_configure': False, 'cmake_target': None, 'cmake_target_skip_unavailable': False, 'install_base': '/home/joaoferreira/beta/install/beta_controller', 'merge_install': False, 'path': '/home/joaoferreira/beta/src/beta_controller', 'symlink_install': False, 'test_result_base': None}
[3.923s] Level 5:colcon.colcon_core.verb:set package 'micro_ros_msgs' build argument 'cmake_args' from command line to 'None'
[3.924s] Level 5:colcon.colcon_core.verb:set package 'micro_ros_msgs' build argument 'cmake_target' from command line to 'None'
[3.924s] Level 5:colcon.colcon_core.verb:set package 'micro_ros_msgs' build argument 'cmake_target_skip_unavailable' from command line to 'False'
[3.924s] Level 5:colcon.colcon_core.verb:set package 'micro_ros_msgs' build argument 'cmake_clean_cache' from command line to 'False'
[3.924s] Level 5:colcon.colcon_core.verb:set package 'micro_ros_msgs' build argument 'cmake_clean_first' from command line to 'False'
[3.924s] Level 5:colcon.colcon_core.verb:set package 'micro_ros_msgs' build argument 'cmake_force_configure' from command line to 'False'
[3.924s] Level 5:colcon.colcon_core.verb:set package 'micro_ros_msgs' build argument 'ament_cmake_args' from command line to 'None'
[3.924s] Level 5:colcon.colcon_core.verb:set package 'micro_ros_msgs' build argument 'catkin_cmake_args' from command line to 'None'
[3.924s] Level 5:colcon.colcon_core.verb:set package 'micro_ros_msgs' build argument 'catkin_skip_building_tests' from command line to 'False'
[3.924s] DEBUG:colcon.colcon_core.verb:Building package 'micro_ros_msgs' with the following arguments: {'ament_cmake_args': None, 'build_base': '/home/joaoferreira/beta/build/micro_ros_msgs', 'catkin_cmake_args': None, 'catkin_skip_building_tests': False, 'cmake_args': None, 'cmake_clean_cache': False, 'cmake_clean_first': False, 'cmake_force_configure': False, 'cmake_target': None, 'cmake_target_skip_unavailable': False, 'install_base': '/home/joaoferreira/beta/install/micro_ros_msgs', 'merge_install': False, 'path': '/home/joaoferreira/beta/beta_firmware/microros_ws/src/uros/micro_ros_msgs', 'symlink_install': False, 'test_result_base': None}
[3.924s] Level 5:colcon.colcon_core.verb:set package 'micro_ros_setup' build argument 'cmake_args' from command line to 'None'
[3.924s] Level 5:colcon.colcon_core.verb:set package 'micro_ros_setup' build argument 'cmake_target' from command line to 'None'
[3.924s] Level 5:colcon.colcon_core.verb:set package 'micro_ros_setup' build argument 'cmake_target_skip_unavailable' from command line to 'False'
[3.924s] Level 5:colcon.colcon_core.verb:set package 'micro_ros_setup' build argument 'cmake_clean_cache' from command line to 'False'
[3.925s] Level 5:colcon.colcon_core.verb:set package 'micro_ros_setup' build argument 'cmake_clean_first' from command line to 'False'
[3.925s] Level 5:colcon.colcon_core.verb:set package 'micro_ros_setup' build argument 'cmake_force_configure' from command line to 'False'
[3.925s] Level 5:colcon.colcon_core.verb:set package 'micro_ros_setup' build argument 'ament_cmake_args' from command line to 'None'
[3.925s] Level 5:colcon.colcon_core.verb:set package 'micro_ros_setup' build argument 'catkin_cmake_args' from command line to 'None'
[3.925s] Level 5:colcon.colcon_core.verb:set package 'micro_ros_setup' build argument 'catkin_skip_building_tests' from command line to 'False'
[3.925s] DEBUG:colcon.colcon_core.verb:Building package 'micro_ros_setup' with the following arguments: {'ament_cmake_args': None, 'build_base': '/home/joaoferreira/beta/build/micro_ros_setup', 'catkin_cmake_args': None, 'catkin_skip_building_tests': False, 'cmake_args': None, 'cmake_clean_cache': False, 'cmake_clean_first': False, 'cmake_force_configure': False, 'cmake_target': None, 'cmake_target_skip_unavailable': False, 'install_base': '/home/joaoferreira/beta/install/micro_ros_setup', 'merge_install': False, 'path': '/home/joaoferreira/beta/beta_firmware/microros_ws/src/micro_ros_setup', 'symlink_install': False, 'test_result_base': None}
[3.925s] Level 5:colcon.colcon_core.verb:set package 'micro_ros_agent' build argument 'cmake_args' from command line to 'None'
[3.925s] Level 5:colcon.colcon_core.verb:set package 'micro_ros_agent' build argument 'cmake_target' from command line to 'None'
[3.925s] Level 5:colcon.colcon_core.verb:set package 'micro_ros_agent' build argument 'cmake_target_skip_unavailable' from command line to 'False'
[3.925s] Level 5:colcon.colcon_core.verb:set package 'micro_ros_agent' build argument 'cmake_clean_cache' from command line to 'False'
[3.925s] Level 5:colcon.colcon_core.verb:set package 'micro_ros_agent' build argument 'cmake_clean_first' from command line to 'False'
[3.925s] Level 5:colcon.colcon_core.verb:set package 'micro_ros_agent' build argument 'cmake_force_configure' from command line to 'False'
[3.925s] Level 5:colcon.colcon_core.verb:set package 'micro_ros_agent' build argument 'ament_cmake_args' from command line to 'None'
[3.925s] Level 5:colcon.colcon_core.verb:set package 'micro_ros_agent' build argument 'catkin_cmake_args' from command line to 'None'
[3.925s] Level 5:colcon.colcon_core.verb:set package 'micro_ros_agent' build argument 'catkin_skip_building_tests' from command line to 'False'
[3.926s] DEBUG:colcon.colcon_core.verb:Building package 'micro_ros_agent' with the following arguments: {'ament_cmake_args': None, 'build_base': '/home/joaoferreira/beta/build/micro_ros_agent', 'catkin_cmake_args': None, 'catkin_skip_building_tests': False, 'cmake_args': None, 'cmake_clean_cache': False, 'cmake_clean_first': False, 'cmake_force_configure': False, 'cmake_target': None, 'cmake_target_skip_unavailable': False, 'install_base': '/home/joaoferreira/beta/install/micro_ros_agent', 'merge_install': False, 'path': '/home/joaoferreira/beta/beta_firmware/microros_ws/src/uros/micro-ROS-Agent/micro_ros_agent', 'symlink_install': False, 'test_result_base': None}
[3.926s] INFO:colcon.colcon_core.executor:Executing jobs using 'parallel' executor
[3.927s] DEBUG:colcon.colcon_parallel_executor.executor.parallel:run_until_complete
[3.928s] INFO:colcon.colcon_ros.task.ament_cmake.build:Building ROS package in '/home/joaoferreira/beta/beta_firmware/microros_ws/src/uros/micro_ros_msgs' with build type 'ament_cmake'
[3.928s] INFO:colcon.colcon_cmake.task.cmake.build:Building CMake package in '/home/joaoferreira/beta/beta_firmware/microros_ws/src/uros/micro_ros_msgs'
[3.998s] INFO:colcon.colcon_core.plugin_system:Skipping extension 'colcon_core.shell.bat': Not used on non-Windows systems
[3.999s] INFO:colcon.colcon_core.shell:Skip shell extension 'powershell' for command environment: Not usable outside of PowerShell
[3.999s] DEBUG:colcon.colcon_core.shell:Skip shell extension 'dsv' for command environment
[4.047s] INFO:colcon.colcon_ros.task.ament_python.build:Building ROS package in '/home/joaoferreira/beta/src/beta_controller' with build type 'ament_python'
[4.048s] Level 1:colcon.colcon_core.shell:create_environment_hook('beta_controller', 'ament_prefix_path')
[4.049s] INFO:colcon.colcon_core.shell:Creating environment hook '/home/joaoferreira/beta/install/beta_controller/share/beta_controller/hook/ament_prefix_path.ps1'
[4.077s] INFO:colcon.colcon_core.shell:Creating environment descriptor '/home/joaoferreira/beta/install/beta_controller/share/beta_controller/hook/ament_prefix_path.dsv'
[4.079s] INFO:colcon.colcon_core.shell:Creating environment hook '/home/joaoferreira/beta/install/beta_controller/share/beta_controller/hook/ament_prefix_path.sh'
[4.082s] INFO:colcon.colcon_core.shell:Skip shell extension 'powershell' for command environment: Not usable outside of PowerShell
[4.082s] DEBUG:colcon.colcon_core.shell:Skip shell extension 'dsv' for command environment
[4.094s] INFO:colcon.colcon_ros.task.ament_cmake.build:Building ROS package in '/home/joaoferreira/beta/beta_firmware/microros_ws/src/micro_ros_setup' with build type 'ament_cmake'
[4.094s] INFO:colcon.colcon_cmake.task.cmake.build:Building CMake package in '/home/joaoferreira/beta/beta_firmware/microros_ws/src/micro_ros_setup'
[4.096s] INFO:colcon.colcon_core.shell:Skip shell extension 'powershell' for command environment: Not usable outside of PowerShell
[4.097s] DEBUG:colcon.colcon_core.shell:Skip shell extension 'dsv' for command environment
[4.150s] DEBUG:colcon.colcon_core.event_handler.log_command:Invoking command in '/home/joaoferreira/beta/build/micro_ros_msgs': CMAKE_PREFIX_PATH=${CMAKE_PREFIX_PATH}:/home/joaoferreira/beta/install/beta_controller:/opt/ros/humble /usr/bin/cmake --build /home/joaoferreira/beta/build/micro_ros_msgs -- -j4 -l4
[4.929s] INFO:colcon.colcon_core.task.python.build:Building Python package in '/home/joaoferreira/beta/src/beta_controller'
[4.930s] INFO:colcon.colcon_core.shell:Skip shell extension 'powershell' for command environment: Not usable outside of PowerShell
[4.930s] DEBUG:colcon.colcon_core.shell:Skip shell extension 'dsv' for command environment
[5.328s] DEBUG:colcon.colcon_core.event_handler.log_command:Invoking command in '/home/joaoferreira/beta/build/micro_ros_setup': CMAKE_PREFIX_PATH=${CMAKE_PREFIX_PATH}:/home/joaoferreira/beta/install/beta_controller:/opt/ros/humble /usr/bin/cmake --build /home/joaoferreira/beta/build/micro_ros_setup -- -j4 -l4
[9.757s] DEBUG:colcon.colcon_core.event_handler.log_command:Invoked command in '/home/joaoferreira/beta/build/micro_ros_setup' returned '0': CMAKE_PREFIX_PATH=${CMAKE_PREFIX_PATH}:/home/joaoferreira/beta/install/beta_controller:/opt/ros/humble /usr/bin/cmake --build /home/joaoferreira/beta/build/micro_ros_setup -- -j4 -l4
[9.821s] DEBUG:colcon.colcon_core.event_handler.log_command:Invoking command in '/home/joaoferreira/beta/build/micro_ros_setup': CMAKE_PREFIX_PATH=${CMAKE_PREFIX_PATH}:/home/joaoferreira/beta/install/beta_controller:/opt/ros/humble /usr/bin/cmake --install /home/joaoferreira/beta/build/micro_ros_setup
[9.969s] Level 1:colcon.colcon_core.environment:create_environment_scripts_only(micro_ros_setup)
[9.976s] DEBUG:colcon.colcon_core.event_handler.log_command:Invoked command in '/home/joaoferreira/beta/build/micro_ros_setup' returned '0': CMAKE_PREFIX_PATH=${CMAKE_PREFIX_PATH}:/home/joaoferreira/beta/install/beta_controller:/opt/ros/humble /usr/bin/cmake --install /home/joaoferreira/beta/build/micro_ros_setup
[10.476s] Level 1:colcon.colcon_core.environment:checking '/home/joaoferreira/beta/install/micro_ros_setup' for CMake module files
[10.479s] Level 1:colcon.colcon_core.environment:checking '/home/joaoferreira/beta/install/micro_ros_setup' for CMake config files
[10.480s] Level 1:colcon.colcon_core.shell:create_environment_hook('micro_ros_setup', 'cmake_prefix_path')
[10.481s] INFO:colcon.colcon_core.shell:Creating environment hook '/home/joaoferreira/beta/install/micro_ros_setup/share/micro_ros_setup/hook/cmake_prefix_path.ps1'
[10.482s] INFO:colcon.colcon_core.shell:Creating environment descriptor '/home/joaoferreira/beta/install/micro_ros_setup/share/micro_ros_setup/hook/cmake_prefix_path.dsv'
[10.483s] INFO:colcon.colcon_core.shell:Creating environment hook '/home/joaoferreira/beta/install/micro_ros_setup/share/micro_ros_setup/hook/cmake_prefix_path.sh'
[10.485s] Level 1:colcon.colcon_core.environment:checking '/home/joaoferreira/beta/install/micro_ros_setup/lib'
[10.486s] Level 1:colcon.colcon_core.environment:checking '/home/joaoferreira/beta/install/micro_ros_setup/bin'
[10.486s] Level 1:colcon.colcon_core.environment:checking '/home/joaoferreira/beta/install/micro_ros_setup/lib/pkgconfig/micro_ros_setup.pc'
[10.487s] Level 1:colcon.colcon_core.environment:checking '/home/joaoferreira/beta/install/micro_ros_setup/lib/python3.10/site-packages'
[10.488s] Level 1:colcon.colcon_core.environment:checking '/home/joaoferreira/beta/install/micro_ros_setup/bin'
[10.489s] INFO:colcon.colcon_core.shell:Creating package script '/home/joaoferreira/beta/install/micro_ros_setup/share/micro_ros_setup/package.ps1'
[10.611s] INFO:colcon.colcon_core.shell:Creating package descriptor '/home/joaoferreira/beta/install/micro_ros_setup/share/micro_ros_setup/package.dsv'
[10.628s] INFO:colcon.colcon_core.shell:Creating package script '/home/joaoferreira/beta/install/micro_ros_setup/share/micro_ros_setup/package.sh'
[10.631s] INFO:colcon.colcon_core.shell:Creating package script '/home/joaoferreira/beta/install/micro_ros_setup/share/micro_ros_setup/package.bash'
[10.696s] INFO:colcon.colcon_core.shell:Creating package script '/home/joaoferreira/beta/install/micro_ros_setup/share/micro_ros_setup/package.zsh'
[10.720s] Level 1:colcon.colcon_core.environment:create_file_with_runtime_dependencies(/home/joaoferreira/beta/install/micro_ros_setup/share/colcon-core/packages/micro_ros_setup)
[10.722s] Level 1:colcon.colcon_core.environment:create_environment_scripts_only(micro_ros_setup)
[10.723s] Level 1:colcon.colcon_core.environment:checking '/home/joaoferreira/beta/install/micro_ros_setup' for CMake module files
[10.725s] Level 1:colcon.colcon_core.environment:checking '/home/joaoferreira/beta/install/micro_ros_setup' for CMake config files
[10.726s] Level 1:colcon.colcon_core.shell:create_environment_hook('micro_ros_setup', 'cmake_prefix_path')
[10.727s] INFO:colcon.colcon_core.shell:Creating environment hook '/home/joaoferreira/beta/install/micro_ros_setup/share/micro_ros_setup/hook/cmake_prefix_path.ps1'
[10.728s] INFO:colcon.colcon_core.shell:Creating environment descriptor '/home/joaoferreira/beta/install/micro_ros_setup/share/micro_ros_setup/hook/cmake_prefix_path.dsv'
[10.729s] INFO:colcon.colcon_core.shell:Creating environment hook '/home/joaoferreira/beta/install/micro_ros_setup/share/micro_ros_setup/hook/cmake_prefix_path.sh'
[10.730s] Level 1:colcon.colcon_core.environment:checking '/home/joaoferreira/beta/install/micro_ros_setup/lib'
[10.731s] Level 1:colcon.colcon_core.environment:checking '/home/joaoferreira/beta/install/micro_ros_setup/bin'
[10.731s] Level 1:colcon.colcon_core.environment:checking '/home/joaoferreira/beta/install/micro_ros_setup/lib/pkgconfig/micro_ros_setup.pc'
[10.732s] Level 1:colcon.colcon_core.environment:checking '/home/joaoferreira/beta/install/micro_ros_setup/lib/python3.10/site-packages'
[10.732s] Level 1:colcon.colcon_core.environment:checking '/home/joaoferreira/beta/install/micro_ros_setup/bin'
[10.733s] INFO:colcon.colcon_core.shell:Creating package script '/home/joaoferreira/beta/install/micro_ros_setup/share/micro_ros_setup/package.ps1'
[10.735s] INFO:colcon.colcon_core.shell:Creating package descriptor '/home/joaoferreira/beta/install/micro_ros_setup/share/micro_ros_setup/package.dsv'
[10.802s] INFO:colcon.colcon_core.shell:Creating package script '/home/joaoferreira/beta/install/micro_ros_setup/share/micro_ros_setup/package.sh'
[10.805s] INFO:colcon.colcon_core.shell:Creating package script '/home/joaoferreira/beta/install/micro_ros_setup/share/micro_ros_setup/package.bash'
[10.807s] INFO:colcon.colcon_core.shell:Creating package script '/home/joaoferreira/beta/install/micro_ros_setup/share/micro_ros_setup/package.zsh'
[10.809s] Level 1:colcon.colcon_core.environment:create_file_with_runtime_dependencies(/home/joaoferreira/beta/install/micro_ros_setup/share/colcon-core/packages/micro_ros_setup)
[10.817s] DEBUG:colcon.colcon_core.event_handler.log_command:Invoking command in '/home/joaoferreira/beta/src/beta_controller': PYTHONPATH=/home/joaoferreira/beta/build/beta_controller/prefix_override:/usr/lib/python3/dist-packages/colcon_core/task/python/colcon_distutils_commands:/home/joaoferreira/beta/install/beta_controller/lib/python3.10/site-packages:${PYTHONPATH} /usr/bin/python3 -W ignore:setup.py install is deprecated -W ignore:easy_install command is deprecated setup.py egg_info --egg-base ../../build/beta_controller build --build-base /home/joaoferreira/beta/build/beta_controller/build install --record /home/joaoferreira/beta/build/beta_controller/install.log --single-version-externally-managed install_data
[11.492s] Level 1:colcon.colcon_core.environment:checking '/home/joaoferreira/beta/install/beta_controller' for CMake module files
[11.493s] DEBUG:colcon.colcon_core.event_handler.log_command:Invoked command in '/home/joaoferreira/beta/src/beta_controller' returned '0': PYTHONPATH=/home/joaoferreira/beta/build/beta_controller/prefix_override:/usr/lib/python3/dist-packages/colcon_core/task/python/colcon_distutils_commands:/home/joaoferreira/beta/install/beta_controller/lib/python3.10/site-packages:${PYTHONPATH} /usr/bin/python3 -W ignore:setup.py install is deprecated -W ignore:easy_install command is deprecated setup.py egg_info --egg-base ../../build/beta_controller build --build-base /home/joaoferreira/beta/build/beta_controller/build install --record /home/joaoferreira/beta/build/beta_controller/install.log --single-version-externally-managed install_data
[11.494s] Level 1:colcon.colcon_core.environment:checking '/home/joaoferreira/beta/install/beta_controller' for CMake config files
[11.495s] Level 1:colcon.colcon_core.environment:checking '/home/joaoferreira/beta/install/beta_controller/lib'
[11.495s] Level 1:colcon.colcon_core.environment:checking '/home/joaoferreira/beta/install/beta_controller/bin'
[11.495s] Level 1:colcon.colcon_core.environment:checking '/home/joaoferreira/beta/install/beta_controller/lib/pkgconfig/beta_controller.pc'
[11.495s] Level 1:colcon.colcon_core.environment:checking '/home/joaoferreira/beta/install/beta_controller/lib/python3.10/site-packages'
[11.496s] Level 1:colcon.colcon_core.shell:create_environment_hook('beta_controller', 'pythonpath')
[11.496s] INFO:colcon.colcon_core.shell:Creating environment hook '/home/joaoferreira/beta/install/beta_controller/share/beta_controller/hook/pythonpath.ps1'
[11.497s] INFO:colcon.colcon_core.shell:Creating environment descriptor '/home/joaoferreira/beta/install/beta_controller/share/beta_controller/hook/pythonpath.dsv'
[11.498s] INFO:colcon.colcon_core.shell:Creating environment hook '/home/joaoferreira/beta/install/beta_controller/share/beta_controller/hook/pythonpath.sh'
[11.499s] Level 1:colcon.colcon_core.environment:checking '/home/joaoferreira/beta/install/beta_controller/bin'
[11.499s] Level 1:colcon.colcon_core.environment:create_environment_scripts_only(beta_controller)
[11.500s] INFO:colcon.colcon_core.shell:Creating package script '/home/joaoferreira/beta/install/beta_controller/share/beta_controller/package.ps1'
[11.501s] INFO:colcon.colcon_core.shell:Creating package descriptor '/home/joaoferreira/beta/install/beta_controller/share/beta_controller/package.dsv'
[11.515s] INFO:colcon.colcon_core.shell:Creating package script '/home/joaoferreira/beta/install/beta_controller/share/beta_controller/package.sh'
[11.517s] INFO:colcon.colcon_core.shell:Creating package script '/home/joaoferreira/beta/install/beta_controller/share/beta_controller/package.bash'
[11.518s] INFO:colcon.colcon_core.shell:Creating package script '/home/joaoferreira/beta/install/beta_controller/share/beta_controller/package.zsh'
[11.519s] Level 1:colcon.colcon_core.environment:create_file_with_runtime_dependencies(/home/joaoferreira/beta/install/beta_controller/share/colcon-core/packages/beta_controller)
[11.972s] DEBUG:colcon.colcon_core.event_handler.log_command:Invoked command in '/home/joaoferreira/beta/build/micro_ros_msgs' returned '0': CMAKE_PREFIX_PATH=${CMAKE_PREFIX_PATH}:/home/joaoferreira/beta/install/beta_controller:/opt/ros/humble /usr/bin/cmake --build /home/joaoferreira/beta/build/micro_ros_msgs -- -j4 -l4
[12.009s] DEBUG:colcon.colcon_core.event_handler.log_command:Invoking command in '/home/joaoferreira/beta/build/micro_ros_msgs': CMAKE_PREFIX_PATH=${CMAKE_PREFIX_PATH}:/home/joaoferreira/beta/install/beta_controller:/opt/ros/humble /usr/bin/cmake --install /home/joaoferreira/beta/build/micro_ros_msgs
[12.835s] Level 1:colcon.colcon_core.environment:create_environment_scripts_only(micro_ros_msgs)
[12.835s] Level 1:colcon.colcon_core.environment:checking '/home/joaoferreira/beta/install/micro_ros_msgs' for CMake module files
[12.837s] DEBUG:colcon.colcon_core.event_handler.log_command:Invoked command in '/home/joaoferreira/beta/build/micro_ros_msgs' returned '0': CMAKE_PREFIX_PATH=${CMAKE_PREFIX_PATH}:/home/joaoferreira/beta/install/beta_controller:/opt/ros/humble /usr/bin/cmake --install /home/joaoferreira/beta/build/micro_ros_msgs
[12.838s] Level 1:colcon.colcon_core.environment:checking '/home/joaoferreira/beta/install/micro_ros_msgs' for CMake config files
[12.839s] Level 1:colcon.colcon_core.shell:create_environment_hook('micro_ros_msgs', 'cmake_prefix_path')
[12.839s] INFO:colcon.colcon_core.shell:Creating environment hook '/home/joaoferreira/beta/install/micro_ros_msgs/share/micro_ros_msgs/hook/cmake_prefix_path.ps1'
[12.840s] INFO:colcon.colcon_core.shell:Creating environment descriptor '/home/joaoferreira/beta/install/micro_ros_msgs/share/micro_ros_msgs/hook/cmake_prefix_path.dsv'
[12.841s] INFO:colcon.colcon_core.shell:Creating environment hook '/home/joaoferreira/beta/install/micro_ros_msgs/share/micro_ros_msgs/hook/cmake_prefix_path.sh'
[12.841s] Level 1:colcon.colcon_core.environment:checking '/home/joaoferreira/beta/install/micro_ros_msgs/lib'
[12.841s] Level 1:colcon.colcon_core.shell:create_environment_hook('micro_ros_msgs', 'ld_library_path_lib')
[12.842s] INFO:colcon.colcon_core.shell:Creating environment hook '/home/joaoferreira/beta/install/micro_ros_msgs/share/micro_ros_msgs/hook/ld_library_path_lib.ps1'
[12.843s] INFO:colcon.colcon_core.shell:Creating environment descriptor '/home/joaoferreira/beta/install/micro_ros_msgs/share/micro_ros_msgs/hook/ld_library_path_lib.dsv'
[12.843s] INFO:colcon.colcon_core.shell:Creating environment hook '/home/joaoferreira/beta/install/micro_ros_msgs/share/micro_ros_msgs/hook/ld_library_path_lib.sh'
[12.844s] Level 1:colcon.colcon_core.environment:checking '/home/joaoferreira/beta/install/micro_ros_msgs/bin'
[12.844s] Level 1:colcon.colcon_core.environment:checking '/home/joaoferreira/beta/install/micro_ros_msgs/lib/pkgconfig/micro_ros_msgs.pc'
[12.844s] Level 1:colcon.colcon_core.environment:checking '/home/joaoferreira/beta/install/micro_ros_msgs/lib/python3.10/site-packages'
[12.845s] Level 1:colcon.colcon_core.environment:checking '/home/joaoferreira/beta/install/micro_ros_msgs/bin'
[12.845s] INFO:colcon.colcon_core.shell:Creating package script '/home/joaoferreira/beta/install/micro_ros_msgs/share/micro_ros_msgs/package.ps1'
[12.846s] INFO:colcon.colcon_core.shell:Creating package descriptor '/home/joaoferreira/beta/install/micro_ros_msgs/share/micro_ros_msgs/package.dsv'
[12.846s] INFO:colcon.colcon_core.shell:Creating package script '/home/joaoferreira/beta/install/micro_ros_msgs/share/micro_ros_msgs/package.sh'
[12.847s] INFO:colcon.colcon_core.shell:Creating package script '/home/joaoferreira/beta/install/micro_ros_msgs/share/micro_ros_msgs/package.bash'
[12.855s] INFO:colcon.colcon_core.shell:Creating package script '/home/joaoferreira/beta/install/micro_ros_msgs/share/micro_ros_msgs/package.zsh'
[12.856s] Level 1:colcon.colcon_core.environment:create_file_with_runtime_dependencies(/home/joaoferreira/beta/install/micro_ros_msgs/share/colcon-core/packages/micro_ros_msgs)
[12.857s] Level 1:colcon.colcon_core.environment:create_environment_scripts_only(micro_ros_msgs)
[12.857s] Level 1:colcon.colcon_core.environment:checking '/home/joaoferreira/beta/install/micro_ros_msgs' for CMake module files
[12.859s] Level 1:colcon.colcon_core.environment:checking '/home/joaoferreira/beta/install/micro_ros_msgs' for CMake config files
[12.860s] Level 1:colcon.colcon_core.shell:create_environment_hook('micro_ros_msgs', 'cmake_prefix_path')
[12.861s] INFO:colcon.colcon_core.shell:Creating environment hook '/home/joaoferreira/beta/install/micro_ros_msgs/share/micro_ros_msgs/hook/cmake_prefix_path.ps1'
[12.861s] INFO:colcon.colcon_core.shell:Creating environment descriptor '/home/joaoferreira/beta/install/micro_ros_msgs/share/micro_ros_msgs/hook/cmake_prefix_path.dsv'
[12.862s] INFO:colcon.colcon_core.shell:Creating environment hook '/home/joaoferreira/beta/install/micro_ros_msgs/share/micro_ros_msgs/hook/cmake_prefix_path.sh'
[12.863s] Level 1:colcon.colcon_core.environment:checking '/home/joaoferreira/beta/install/micro_ros_msgs/lib'
[12.863s] Level 1:colcon.colcon_core.shell:create_environment_hook('micro_ros_msgs', 'ld_library_path_lib')
[12.863s] INFO:colcon.colcon_core.shell:Creating environment hook '/home/joaoferreira/beta/install/micro_ros_msgs/share/micro_ros_msgs/hook/ld_library_path_lib.ps1'
[12.864s] INFO:colcon.colcon_core.shell:Creating environment descriptor '/home/joaoferreira/beta/install/micro_ros_msgs/share/micro_ros_msgs/hook/ld_library_path_lib.dsv'
[12.882s] INFO:colcon.colcon_core.shell:Creating environment hook '/home/joaoferreira/beta/install/micro_ros_msgs/share/micro_ros_msgs/hook/ld_library_path_lib.sh'
[12.885s] Level 1:colcon.colcon_core.environment:checking '/home/joaoferreira/beta/install/micro_ros_msgs/bin'
[12.886s] Level 1:colcon.colcon_core.environment:checking '/home/joaoferreira/beta/install/micro_ros_msgs/lib/pkgconfig/micro_ros_msgs.pc'
[12.886s] Level 1:colcon.colcon_core.environment:checking '/home/joaoferreira/beta/install/micro_ros_msgs/lib/python3.10/site-packages'
[12.887s] Level 1:colcon.colcon_core.environment:checking '/home/joaoferreira/beta/install/micro_ros_msgs/bin'
[12.889s] INFO:colcon.colcon_core.shell:Creating package script '/home/joaoferreira/beta/install/micro_ros_msgs/share/micro_ros_msgs/package.ps1'
[12.890s] INFO:colcon.colcon_core.shell:Creating package descriptor '/home/joaoferreira/beta/install/micro_ros_msgs/share/micro_ros_msgs/package.dsv'
[12.892s] INFO:colcon.colcon_core.shell:Creating package script '/home/joaoferreira/beta/install/micro_ros_msgs/share/micro_ros_msgs/package.sh'
[12.894s] INFO:colcon.colcon_core.shell:Creating package script '/home/joaoferreira/beta/install/micro_ros_msgs/share/micro_ros_msgs/package.bash'
[12.895s] INFO:colcon.colcon_core.shell:Creating package script '/home/joaoferreira/beta/install/micro_ros_msgs/share/micro_ros_msgs/package.zsh'
[12.896s] Level 1:colcon.colcon_core.environment:create_file_with_runtime_dependencies(/home/joaoferreira/beta/install/micro_ros_msgs/share/colcon-core/packages/micro_ros_msgs)
[12.897s] INFO:colcon.colcon_ros.task.ament_cmake.build:Building ROS package in '/home/joaoferreira/beta/beta_firmware/microros_ws/src/uros/micro-ROS-Agent/micro_ros_agent' with build type 'ament_cmake'
[12.897s] INFO:colcon.colcon_cmake.task.cmake.build:Building CMake package in '/home/joaoferreira/beta/beta_firmware/microros_ws/src/uros/micro-ROS-Agent/micro_ros_agent'
[12.898s] INFO:colcon.colcon_core.shell:Skip shell extension 'powershell' for command environment: Not usable outside of PowerShell
[12.899s] DEBUG:colcon.colcon_core.shell:Skip shell extension 'dsv' for command environment
[13.129s] DEBUG:colcon.colcon_core.event_handler.log_command:Invoking command in '/home/joaoferreira/beta/build/micro_ros_agent': CMAKE_PREFIX_PATH=/home/joaoferreira/beta/install/micro_ros_msgs:/home/joaoferreira/beta/install/micro_ros_setup:/home/joaoferreira/beta/install/micro_ros_agent:/home/joaoferreira/beta/install/beta_controller:/opt/ros/humble LD_LIBRARY_PATH=/home/joaoferreira/beta/install/micro_ros_msgs/lib:/home/joaoferreira/beta/install/micro_ros_agent/lib:/opt/ros/humble/opt/rviz_ogre_vendor/lib:/opt/ros/humble/lib/x86_64-linux-gnu:/opt/ros/humble/lib /usr/bin/cmake --build /home/joaoferreira/beta/build/micro_ros_agent -- -j4 -l4
[14.418s] DEBUG:colcon.colcon_core.event_handler.log_command:Invoked command in '/home/joaoferreira/beta/build/micro_ros_agent' returned '0': CMAKE_PREFIX_PATH=/home/joaoferreira/beta/install/micro_ros_msgs:/home/joaoferreira/beta/install/micro_ros_setup:/home/joaoferreira/beta/install/micro_ros_agent:/home/joaoferreira/beta/install/beta_controller:/opt/ros/humble LD_LIBRARY_PATH=/home/joaoferreira/beta/install/micro_ros_msgs/lib:/home/joaoferreira/beta/install/micro_ros_agent/lib:/opt/ros/humble/opt/rviz_ogre_vendor/lib:/opt/ros/humble/lib/x86_64-linux-gnu:/opt/ros/humble/lib /usr/bin/cmake --build /home/joaoferreira/beta/build/micro_ros_agent -- -j4 -l4
[14.457s] DEBUG:colcon.colcon_core.event_handler.log_command:Invoking command in '/home/joaoferreira/beta/build/micro_ros_agent': CMAKE_PREFIX_PATH=/home/joaoferreira/beta/install/micro_ros_msgs:/home/joaoferreira/beta/install/micro_ros_setup:/home/joaoferreira/beta/install/micro_ros_agent:/home/joaoferreira/beta/install/beta_controller:/opt/ros/humble LD_LIBRARY_PATH=/home/joaoferreira/beta/install/micro_ros_msgs/lib:/home/joaoferreira/beta/install/micro_ros_agent/lib:/opt/ros/humble/opt/rviz_ogre_vendor/lib:/opt/ros/humble/lib/x86_64-linux-gnu:/opt/ros/humble/lib /usr/bin/cmake --install /home/joaoferreira/beta/build/micro_ros_agent
[14.631s] Level 1:colcon.colcon_core.environment:create_environment_scripts_only(micro_ros_agent)
[14.631s] Level 1:colcon.colcon_core.environment:checking '/home/joaoferreira/beta/install/micro_ros_agent' for CMake module files
[14.633s] DEBUG:colcon.colcon_core.event_handler.log_command:Invoked command in '/home/joaoferreira/beta/build/micro_ros_agent' returned '0': CMAKE_PREFIX_PATH=/home/joaoferreira/beta/install/micro_ros_msgs:/home/joaoferreira/beta/install/micro_ros_setup:/home/joaoferreira/beta/install/micro_ros_agent:/home/joaoferreira/beta/install/beta_controller:/opt/ros/humble LD_LIBRARY_PATH=/home/joaoferreira/beta/install/micro_ros_msgs/lib:/home/joaoferreira/beta/install/micro_ros_agent/lib:/opt/ros/humble/opt/rviz_ogre_vendor/lib:/opt/ros/humble/lib/x86_64-linux-gnu:/opt/ros/humble/lib /usr/bin/cmake --install /home/joaoferreira/beta/build/micro_ros_agent
[14.633s] Level 1:colcon.colcon_core.environment:checking '/home/joaoferreira/beta/install/micro_ros_agent' for CMake config files
[14.635s] Level 1:colcon.colcon_core.shell:create_environment_hook('micro_ros_agent', 'cmake_prefix_path')
[14.636s] INFO:colcon.colcon_core.shell:Creating environment hook '/home/joaoferreira/beta/install/micro_ros_agent/share/micro_ros_agent/hook/cmake_prefix_path.ps1'
[14.637s] INFO:colcon.colcon_core.shell:Creating environment descriptor '/home/joaoferreira/beta/install/micro_ros_agent/share/micro_ros_agent/hook/cmake_prefix_path.dsv'
[14.637s] INFO:colcon.colcon_core.shell:Creating environment hook '/home/joaoferreira/beta/install/micro_ros_agent/share/micro_ros_agent/hook/cmake_prefix_path.sh'
[14.638s] Level 1:colcon.colcon_core.environment:checking '/home/joaoferreira/beta/install/micro_ros_agent/lib'
[14.638s] Level 1:colcon.colcon_core.shell:create_environment_hook('micro_ros_agent', 'ld_library_path_lib')
[14.639s] INFO:colcon.colcon_core.shell:Creating environment hook '/home/joaoferreira/beta/install/micro_ros_agent/share/micro_ros_agent/hook/ld_library_path_lib.ps1'
[14.639s] INFO:colcon.colcon_core.shell:Creating environment descriptor '/home/joaoferreira/beta/install/micro_ros_agent/share/micro_ros_agent/hook/ld_library_path_lib.dsv'
[14.640s] INFO:colcon.colcon_core.shell:Creating environment hook '/home/joaoferreira/beta/install/micro_ros_agent/share/micro_ros_agent/hook/ld_library_path_lib.sh'
[14.640s] Level 1:colcon.colcon_core.environment:checking '/home/joaoferreira/beta/install/micro_ros_agent/bin'
[14.640s] Level 1:colcon.colcon_core.environment:checking '/home/joaoferreira/beta/install/micro_ros_agent/lib/pkgconfig/micro_ros_agent.pc'
[14.640s] Level 1:colcon.colcon_core.environment:checking '/home/joaoferreira/beta/install/micro_ros_agent/lib/python3.10/site-packages'
[14.641s] Level 1:colcon.colcon_core.environment:checking '/home/joaoferreira/beta/install/micro_ros_agent/bin'
[14.641s] INFO:colcon.colcon_core.shell:Creating package script '/home/joaoferreira/beta/install/micro_ros_agent/share/micro_ros_agent/package.ps1'
[14.642s] INFO:colcon.colcon_core.shell:Creating package descriptor '/home/joaoferreira/beta/install/micro_ros_agent/share/micro_ros_agent/package.dsv'
[14.642s] INFO:colcon.colcon_core.shell:Creating package script '/home/joaoferreira/beta/install/micro_ros_agent/share/micro_ros_agent/package.sh'
[14.643s] INFO:colcon.colcon_core.shell:Creating package script '/home/joaoferreira/beta/install/micro_ros_agent/share/micro_ros_agent/package.bash'
[14.643s] INFO:colcon.colcon_core.shell:Creating package script '/home/joaoferreira/beta/install/micro_ros_agent/share/micro_ros_agent/package.zsh'
[14.644s] Level 1:colcon.colcon_core.environment:create_file_with_runtime_dependencies(/home/joaoferreira/beta/install/micro_ros_agent/share/colcon-core/packages/micro_ros_agent)
[14.644s] Level 1:colcon.colcon_core.environment:create_environment_scripts_only(micro_ros_agent)
[14.645s] Level 1:colcon.colcon_core.environment:checking '/home/joaoferreira/beta/install/micro_ros_agent' for CMake module files
[14.645s] Level 1:colcon.colcon_core.environment:checking '/home/joaoferreira/beta/install/micro_ros_agent' for CMake config files
[14.646s] Level 1:colcon.colcon_core.shell:create_environment_hook('micro_ros_agent', 'cmake_prefix_path')
[14.647s] INFO:colcon.colcon_core.shell:Creating environment hook '/home/joaoferreira/beta/install/micro_ros_agent/share/micro_ros_agent/hook/cmake_prefix_path.ps1'
[14.666s] INFO:colcon.colcon_core.shell:Creating environment descriptor '/home/joaoferreira/beta/install/micro_ros_agent/share/micro_ros_agent/hook/cmake_prefix_path.dsv'
[14.666s] INFO:colcon.colcon_core.shell:Creating environment hook '/home/joaoferreira/beta/install/micro_ros_agent/share/micro_ros_agent/hook/cmake_prefix_path.sh'
[14.667s] Level 1:colcon.colcon_core.environment:checking '/home/joaoferreira/beta/install/micro_ros_agent/lib'
[14.667s] Level 1:colcon.colcon_core.shell:create_environment_hook('micro_ros_agent', 'ld_library_path_lib')
[14.668s] INFO:colcon.colcon_core.shell:Creating environment hook '/home/joaoferreira/beta/install/micro_ros_agent/share/micro_ros_agent/hook/ld_library_path_lib.ps1'
[14.669s] INFO:colcon.colcon_core.shell:Creating environment descriptor '/home/joaoferreira/beta/install/micro_ros_agent/share/micro_ros_agent/hook/ld_library_path_lib.dsv'
[14.670s] INFO:colcon.colcon_core.shell:Creating environment hook '/home/joaoferreira/beta/install/micro_ros_agent/share/micro_ros_agent/hook/ld_library_path_lib.sh'
[14.671s] Level 1:colcon.colcon_core.environment:checking '/home/joaoferreira/beta/install/micro_ros_agent/bin'
[14.672s] Level 1:colcon.colcon_core.environment:checking '/home/joaoferreira/beta/install/micro_ros_agent/lib/pkgconfig/micro_ros_agent.pc'
[14.672s] Level 1:colcon.colcon_core.environment:checking '/home/joaoferreira/beta/install/micro_ros_agent/lib/python3.10/site-packages'
[14.673s] Level 1:colcon.colcon_core.environment:checking '/home/joaoferreira/beta/install/micro_ros_agent/bin'
[14.674s] INFO:colcon.colcon_core.shell:Creating package script '/home/joaoferreira/beta/install/micro_ros_agent/share/micro_ros_agent/package.ps1'
[14.676s] INFO:colcon.colcon_core.shell:Creating package descriptor '/home/joaoferreira/beta/install/micro_ros_agent/share/micro_ros_agent/package.dsv'
[14.677s] INFO:colcon.colcon_core.shell:Creating package script '/home/joaoferreira/beta/install/micro_ros_agent/share/micro_ros_agent/package.sh'
[14.678s] INFO:colcon.colcon_core.shell:Creating package script '/home/joaoferreira/beta/install/micro_ros_agent/share/micro_ros_agent/package.bash'
[14.678s] INFO:colcon.colcon_core.shell:Creating package script '/home/joaoferreira/beta/install/micro_ros_agent/share/micro_ros_agent/package.zsh'
[14.678s] Level 1:colcon.colcon_core.environment:create_file_with_runtime_dependencies(/home/joaoferreira/beta/install/micro_ros_agent/share/colcon-core/packages/micro_ros_agent)
[14.679s] DEBUG:colcon.colcon_parallel_executor.executor.parallel:closing loop
[14.680s] DEBUG:colcon.colcon_parallel_executor.executor.parallel:loop closed
[14.680s] DEBUG:colcon.colcon_parallel_executor.executor.parallel:run_until_complete finished with '0'
[14.680s] DEBUG:colcon.colcon_core.event_reactor:joining thread
[14.883s] INFO:colcon.colcon_core.plugin_system:Skipping extension 'colcon_notification.desktop_notification.terminal_notifier': Not used on non-Darwin systems
[14.883s] INFO:colcon.colcon_core.plugin_system:Skipping extension 'colcon_notification.desktop_notification.win32': Not used on non-Windows systems
[14.884s] INFO:colcon.colcon_notification.desktop_notification:Sending desktop notification using 'notify2'
[14.923s] DEBUG:colcon.colcon_core.event_reactor:joined thread
[14.924s] INFO:colcon.colcon_core.shell:Creating prefix script '/home/joaoferreira/beta/install/local_setup.ps1'
[14.978s] INFO:colcon.colcon_core.shell:Creating prefix util module '/home/joaoferreira/beta/install/_local_setup_util_ps1.py'
[14.997s] INFO:colcon.colcon_core.shell:Creating prefix chain script '/home/joaoferreira/beta/install/setup.ps1'
[15.006s] INFO:colcon.colcon_core.shell:Creating prefix script '/home/joaoferreira/beta/install/local_setup.sh'
[15.029s] INFO:colcon.colcon_core.shell:Creating prefix util module '/home/joaoferreira/beta/install/_local_setup_util_sh.py'
[15.031s] INFO:colcon.colcon_core.shell:Creating prefix chain script '/home/joaoferreira/beta/install/setup.sh'
[15.035s] INFO:colcon.colcon_core.shell:Creating prefix script '/home/joaoferreira/beta/install/local_setup.bash'
[15.084s] INFO:colcon.colcon_core.shell:Creating prefix chain script '/home/joaoferreira/beta/install/setup.bash'
[15.110s] INFO:colcon.colcon_core.shell:Creating prefix script '/home/joaoferreira/beta/install/local_setup.zsh'
[15.141s] INFO:colcon.colcon_core.shell:Creating prefix chain script '/home/joaoferreira/beta/install/setup.zsh'
